timestamp,client_id,op_type,count,max,min,avg,50p,90p,99p,99.9p
1730850657036,0,INSERT,488,18579.46,48.77,499.90,52.32,61.28,13819.90,18579.46
1730850657537,0,INSERT,501,106.56,49.34,54.32,53.18,58.27,71.42,102.08
1730850658038,0,INSERT,6378,30261.25,46.94,715.89,58.40,149.76,16891.90,17022.97
1730850658540,0,INSERT,5871,11362.30,40.38,122.96,97.28,152.70,843.26,2398.21
1730850659041,0,INSERT,6989,27951.10,40.70,87.85,56.99,133.76,172.29,787.97
1730850659542,0,INSERT,6577,26984.45,41.47,782.88,59.74,152.06,13729.79,14237.69
1730850660043,0,INSERT,6596,16023.55,41.31,388.90,59.36,147.97,5812.22,11001.85
1730850660544,0,INSERT,6970,25542.65,40.99,96.74,52.09,134.53,752.64,7532.54
1730850661045,0,INSERT,6751,30883.84,41.41,170.77,55.68,135.81,5095.42,5820.41
1730850661546,0,INSERT,6876,19251.20,41.25,202.75,55.74,144.64,4902.91,7766.02
1730850662047,0,INSERT,4635,359137.28,41.66,29223.65,26148.86,66813.95,76218.37,77594.62
1730850662548,0,INSERT,5119,595066.88,42.98,128879.87,168296.45,190971.90,219807.74,221642.75
1730850663049,0,INSERT,594,79298.56,44.64,3487.61,56.54,14884.86,15482.88,79036.41
1730850663550,0,INSERT,481,796.16,44.45,57.22,51.55,66.24,93.57,796.16
1730850664051,0,INSERT,500,73.41,48.80,55.30,54.49,60.67,69.12,72.51
1730850664552,0,INSERT,500,65.12,48.90,53.48,53.22,56.93,60.96,62.24
1730850665053,0,INSERT,500,107.45,49.50,54.61,54.24,57.92,65.15,93.82
1730850665554,0,INSERT,500,99.20,49.22,54.55,54.11,57.70,61.98,99.20
1730850666055,0,INSERT,489,158.08,49.31,56.82,54.85,64.48,78.91,158.08
1730850666557,0,INSERT,490,93.50,44.26,53.28,51.36,59.49,75.78,93.50
1730850667058,0,INSERT,501,88.70,43.52,49.53,48.80,53.82,61.05,64.93
1730850667559,0,INSERT,501,98.30,43.62,48.86,47.55,52.35,67.52,85.38
1730850668060,0,INSERT,501,76.67,43.68,50.16,48.16,57.98,70.78,73.98
1730850668561,0,INSERT,500,146.05,43.33,52.79,48.32,64.96,83.39,146.05
1730850669062,0,INSERT,501,112.00,48.48,56.20,55.04,61.98,72.77,87.49
1730850669563,0,INSERT,501,107.97,49.06,55.60,54.59,60.06,73.92,102.72
1730850670064,0,INSERT,482,142.59,48.74,57.91,55.26,70.02,85.18,142.59
1730850670565,0,INSERT,499,99.90,43.23,49.44,47.97,55.33,80.19,99.90
1730850671066,0,INSERT,501,95.61,43.58,48.29,46.91,51.30,81.28,95.30
1730850671567,0,INSERT,500,97.47,42.82,46.81,46.49,49.57,54.43,62.21
1730850672069,0,INSERT,501,95.04,43.42,48.10,47.39,51.36,60.41,93.76
1730850672570,0,INSERT,500,97.22,43.36,48.88,47.68,53.31,74.94,92.80
1730850673071,0,INSERT,500,100.80,43.46,48.38,47.23,51.77,67.39,95.81
1730850673572,0,INSERT,500,93.38,43.30,47.44,46.81,50.24,60.13,93.38
1730850674073,0,INSERT,484,221.95,43.23,53.06,49.44,63.97,81.73,221.95
1730850674574,0,INSERT,500,101.57,43.33,47.18,46.46,49.76,61.57,83.84
1730850675075,0,INSERT,500,135.17,43.58,56.00,53.85,62.91,92.61,135.17
1730850675576,0,INSERT,501,145.79,48.19,53.47,52.70,56.35,62.40,98.81
1730850676077,0,INSERT,501,113.15,48.26,53.47,52.67,56.35,67.90,101.57
1730850676578,0,INSERT,499,106.88,48.42,55.04,53.60,59.68,94.33,106.88
1730850677080,0,INSERT,501,117.76,48.83,55.58,54.21,60.03,96.64,108.99
1730850677581,0,INSERT,500,107.07,49.18,53.93,53.38,56.93,65.60,68.73
1730850678082,0,INSERT,487,162.81,48.38,58.09,55.07,71.30,94.85,162.81
1730850678584,0,INSERT,502,90.69,42.88,47.46,46.72,50.88,61.60,88.45
1730850679085,0,INSERT,501,56.19,43.74,47.52,47.30,50.11,53.73,56.00
1730850679586,0,INSERT,501,95.55,43.36,48.73,47.94,51.87,66.62,83.45
1730850680087,0,INSERT,501,98.88,43.94,48.48,47.94,51.55,59.20,90.94
1730850680588,0,INSERT,501,96.32,43.94,49.79,48.70,53.76,65.60,92.86
1730850681089,0,INSERT,501,94.59,43.62,49.33,48.41,53.28,67.78,93.82
1730850681590,0,INSERT,500,135.81,43.55,49.89,48.03,53.02,93.69,135.81
1730850682091,0,INSERT,468,148.61,49.79,62.06,59.13,72.96,88.83,148.61
1730850682592,0,INSERT,501,61.18,42.66,48.00,47.33,52.29,58.59,60.26
1730850683093,0,INSERT,501,98.24,42.91,48.55,47.23,52.35,86.46,95.17
1730850683594,0,INSERT,501,97.86,42.98,48.86,47.87,51.87,64.54,97.15
1730850684095,0,INSERT,496,5427.20,43.20,59.04,47.04,54.66,63.13,5427.20
1730850684596,0,INSERT,501,95.10,43.14,49.91,48.38,55.74,72.96,89.98
1730850685097,0,INSERT,501,84.48,42.69,51.42,51.33,57.53,67.01,76.03
1730850685598,0,INSERT,501,102.46,43.58,51.05,51.07,56.96,64.93,69.89
1730850686100,0,INSERT,485,211.46,42.91,54.13,52.96,65.60,81.73,211.46
1730850686601,0,INSERT,501,109.25,42.50,47.57,46.37,51.42,62.94,99.20
1730850687102,0,INSERT,501,103.61,43.30,47.33,46.27,50.88,59.65,79.87
1730850687603,0,INSERT,501,120.25,43.14,50.95,47.94,58.08,86.46,97.60
1730850688104,0,INSERT,501,100.42,43.33,49.66,47.36,57.34,79.04,94.85
1730850688605,0,INSERT,501,99.84,43.10,47.89,47.07,50.72,64.22,90.43
1730850689106,0,INSERT,501,99.26,43.78,47.84,47.07,50.91,60.32,90.05
1730850689607,0,INSERT,501,98.56,43.20,48.70,47.87,51.77,72.13,98.05
1730850690108,0,INSERT,479,152.83,42.98,52.33,48.80,63.45,92.99,152.83
1730850690609,0,INSERT,501,104.38,48.26,55.05,53.38,61.28,92.29,102.02
1730850691110,0,INSERT,501,61.66,47.55,52.28,51.94,55.07,58.88,59.49
1730850691612,0,INSERT,501,60.26,48.80,52.27,51.94,55.17,58.40,59.97
1730850692113,0,INSERT,501,63.26,48.03,52.35,52.22,55.10,57.95,59.62
1730850692614,0,INSERT,501,106.43,48.48,53.19,52.73,56.29,62.91,73.79
1730850693115,0,INSERT,501,105.34,48.70,54.43,53.57,58.24,67.39,102.40
1730850693616,0,INSERT,501,109.31,49.12,55.03,54.14,58.43,72.19,107.01
1730850694117,0,INSERT,483,143.87,43.42,55.97,53.98,70.91,79.74,143.87
1730850694618,0,INSERT,500,99.45,43.26,47.22,46.69,49.60,61.44,99.45
1730850695119,0,INSERT,500,103.74,43.87,48.34,47.81,51.13,63.65,103.74
1730850695621,0,INSERT,502,98.24,43.74,48.30,47.39,51.36,63.90,93.31
1730850696122,0,INSERT,501,59.23,43.74,47.93,47.55,50.98,54.08,57.25
1730850696623,0,INSERT,501,61.31,43.30,48.21,47.77,51.13,59.42,60.77
1730850697124,0,INSERT,501,93.06,44.10,49.21,48.51,52.54,61.44,89.47
1730850697625,0,INSERT,501,103.04,44.51,49.84,48.73,53.31,82.94,95.10
1730850698126,0,INSERT,485,809.47,43.65,55.93,51.97,65.79,86.53,809.47
1730850698627,0,INSERT,501,89.34,43.17,46.85,46.34,49.34,58.94,86.46
1730850699128,0,INSERT,501,93.25,43.33,47.40,46.59,50.08,59.33,90.81
1730850699629,0,INSERT,501,95.61,43.10,46.89,46.37,49.44,54.14,61.82
1730850700130,0,INSERT,501,93.18,43.20,47.43,46.62,50.49,56.83,90.37
1730850700631,0,INSERT,500,137.09,43.39,51.64,47.55,65.25,96.32,111.04
1730850701132,0,INSERT,500,114.94,48.67,56.45,55.36,62.21,75.52,105.41
1730850701633,0,INSERT,500,100.73,48.74,54.59,53.79,58.56,68.93,99.58
1730850702134,0,INSERT,467,148.86,43.04,56.52,53.89,71.30,98.37,148.86
1730850702635,0,INSERT,501,99.45,42.98,47.71,46.40,50.34,70.14,99.20
1730850703136,0,INSERT,501,63.36,43.20,46.17,45.85,48.32,51.94,60.06
1730850703637,0,INSERT,501,63.17,42.98,46.44,45.98,48.80,54.81,59.01
1730850704138,0,INSERT,501,79.17,43.74,49.62,49.31,52.93,56.16,58.53
1730850704639,0,INSERT,501,138.11,43.71,49.20,48.61,51.74,59.94,92.29
1730850705140,0,INSERT,501,101.38,43.39,48.43,47.71,51.20,60.22,90.17
1730850705641,0,INSERT,501,63.52,43.68,47.40,47.20,50.08,53.79,57.73
1730850706142,0,INSERT,485,135.04,43.07,50.98,47.65,63.84,82.62,135.04
1730850706644,0,INSERT,2196,145.53,41.54,47.73,43.84,50.30,99.26,102.72
1730850707146,0,INSERT,6700,10895.36,41.73,166.32,64.16,146.94,5148.67,5533.69
1730850707647,0,INSERT,6949,21839.87,41.38,169.54,54.78,143.74,5312.51,5730.30
1730850708148,0,INSERT,6887,19382.27,41.60,139.56,64.22,145.02,4202.49,4628.48
1730850708649,0,INSERT,5968,32620.54,41.54,4552.46,85.76,21430.27,30801.92,32587.78
1730850709150,0,INSERT,5377,515375.10,41.82,43472.77,50135.04,83427.33,105250.82,122683.39
1730850709651,0,INSERT,4502,180748.29,41.89,33333.62,35454.97,67698.69,74907.65,75563.01
1730850710152,0,INSERT,5124,487587.84,42.37,104366.55,150208.51,170262.53,199229.44,202637.31
1730850710653,0,INSERT,3977,565182.46,21577.73,120753.81,132644.86,188874.75,199229.44,204341.25
1730850711154,0,INSERT,6734,182976.51,41.60,27573.81,95.17,131727.36,152436.73,155320.32
1730850711655,0,INSERT,4222,66224.13,41.92,30951.29,31260.67,59244.54,65536.00,66060.29
1730850712156,0,INSERT,5417,583008.26,41.92,44863.21,23199.74,104202.24,137494.53,140115.97
1730850712657,0,INSERT,4247,358088.70,44.77,67025.40,67895.29,88604.67,109969.41,245760.00
1730850713158,0,INSERT,484,698.37,43.84,56.17,51.39,65.06,70.59,698.37
1730850713659,0,INSERT,496,104.00,43.46,51.27,49.47,59.04,81.60,104.00
1730850714160,0,INSERT,501,90.17,43.55,48.80,47.94,52.54,66.88,88.58
1730850714661,0,INSERT,501,106.24,44.19,52.41,50.17,61.15,77.12,92.54
1730850715162,0,INSERT,490,141.18,43.52,56.38,55.01,63.20,79.94,141.18
1730850715663,0,INSERT,489,101.38,43.36,54.79,53.41,66.81,84.29,101.38
1730850716164,0,INSERT,501,113.53,43.58,49.27,48.13,54.56,65.73,85.31
1730850716665,0,INSERT,501,97.66,44.45,51.94,51.33,56.58,76.22,93.06
1730850717166,0,INSERT,501,98.56,43.71,51.53,50.49,57.05,71.17,95.04
1730850717667,0,INSERT,501,96.89,43.62,47.92,47.49,50.72,58.72,61.02
1730850718169,0,INSERT,501,59.49,43.10,47.80,47.33,51.10,55.45,58.43
1730850718670,0,INSERT,501,91.01,43.55,48.97,48.03,52.45,67.90,90.62
1730850719171,0,INSERT,496,132.74,43.84,50.23,48.83,55.01,72.77,132.74
1730850719672,0,INSERT,493,90.05,43.01,49.54,48.06,55.55,67.71,90.05
1730850720173,0,INSERT,501,57.38,43.10,46.92,46.62,49.79,53.25,55.39
1730850720674,0,INSERT,501,89.47,43.39,47.76,47.17,50.43,57.92,86.21
1730850721175,0,INSERT,501,55.39,43.26,47.51,47.23,50.37,53.73,55.17
1730850721676,0,INSERT,501,56.16,43.65,48.12,47.74,51.42,54.94,55.42
1730850722177,0,INSERT,501,56.77,44.22,48.40,48.22,51.74,54.62,55.23
1730850722678,0,INSERT,501,93.25,43.90,49.45,48.45,52.48,85.25,92.73
1730850723179,0,INSERT,492,138.11,43.68,51.30,48.90,59.20,89.02,138.11
1730850723680,0,INSERT,494,83.65,43.36,49.92,48.03,57.41,79.81,83.65
1730850724181,0,INSERT,500,117.18,43.84,50.70,49.41,57.12,65.34,117.18
1730850724683,0,INSERT,502,97.53,44.22,52.49,52.03,57.66,80.45,92.16
1730850725184,0,INSERT,501,88.06,43.68,49.59,48.51,54.49,62.49,87.61
1730850725685,0,INSERT,501,102.02,43.55,51.32,50.40,56.19,88.19,96.51
1730850726186,0,INSERT,501,102.72,43.87,51.73,51.39,56.86,66.88,95.61
1730850726687,0,INSERT,501,99.14,43.49,52.08,51.71,56.51,65.41,97.02
1730850727188,0,INSERT,491,182.91,43.94,55.26,53.34,64.16,93.57,182.91
1730850727689,0,INSERT,495,134.14,43.68,51.07,49.38,57.79,72.83,134.14
1730850728190,0,INSERT,501,65.38,43.39,47.62,47.13,51.10,57.34,61.31
1730850728691,0,INSERT,501,110.91,42.98,48.61,47.68,52.13,63.68,97.15
1730850729192,0,INSERT,501,56.90,43.68,48.37,47.97,51.52,56.00,56.77
1730850729693,0,INSERT,501,101.44,43.84,51.31,49.18,59.58,84.03,98.62
1730850730194,0,INSERT,501,77.25,43.94,51.05,48.73,59.26,75.14,76.67
1730850730695,0,INSERT,501,95.23,43.84,51.92,50.05,60.19,77.69,93.89
1730850731196,0,INSERT,483,142.34,43.65,56.05,53.92,67.97,86.97,142.34
1730850731697,0,INSERT,501,100.86,42.98,48.03,47.42,51.33,58.85,86.46
1730850732198,0,INSERT,501,95.04,43.30,49.74,48.51,55.52,65.73,89.73
1730850732699,0,INSERT,501,102.59,43.36,50.38,48.41,57.02,72.19,99.65
1730850733200,0,INSERT,501,100.29,43.52,50.15,47.97,56.45,88.00,95.68
1730850733701,0,INSERT,501,109.06,43.52,47.60,47.04,50.40,58.66,65.41
1730850734203,0,INSERT,501,66.50,42.98,47.51,47.13,50.56,55.07,60.67
1730850734704,0,INSERT,501,99.20,44.00,50.31,48.70,55.26,89.92,93.63
1730850735205,0,INSERT,485,134.01,42.98,52.26,50.08,62.88,80.64,134.01
1730850735706,0,INSERT,501,95.49,42.75,47.58,46.40,50.02,87.10,93.25
1730850736207,0,INSERT,501,100.42,43.17,47.37,46.69,50.43,58.91,95.55
1730850736708,0,INSERT,498,92.86,43.04,47.23,46.43,50.02,59.58,92.86
1730850737209,0,INSERT,501,99.58,43.14,47.44,46.91,50.17,56.58,61.41
1730850737710,0,INSERT,500,110.97,43.42,48.49,47.04,53.18,75.58,94.85
1730850738211,0,INSERT,501,98.50,43.26,50.08,47.71,57.57,75.45,77.06
1730850738712,0,INSERT,500,155.78,43.07,48.94,47.71,51.84,70.53,100.42
1730850739213,0,INSERT,481,141.06,42.94,51.52,48.80,63.62,75.26,141.06
1730850739714,0,INSERT,501,74.43,42.56,47.45,46.08,54.05,63.20,73.41
1730850740215,0,INSERT,501,65.53,43.01,46.46,45.89,49.02,57.50,64.45
1730850740716,0,INSERT,499,118.21,43.17,50.66,49.12,57.12,70.78,118.21
1730850741218,0,INSERT,501,100.80,43.87,50.12,48.83,54.81,83.01,100.48
1730850741719,0,INSERT,501,102.08,44.00,51.24,51.04,56.06,66.69,93.82
1730850742220,0,INSERT,501,105.86,43.20,51.16,50.91,56.00,64.83,100.29
1730850742721,0,INSERT,501,92.35,43.68,50.65,50.66,54.69,59.26,89.98
1730850743222,0,INSERT,477,196.86,43.20,53.90,51.97,68.03,85.12,196.86
1730850743723,0,INSERT,500,90.50,42.62,46.42,45.85,48.96,57.02,89.92
1730850744224,0,INSERT,500,104.89,42.85,47.04,46.34,49.41,59.52,96.38
1730850744725,0,INSERT,500,94.02,43.23,49.15,47.49,54.08,89.15,92.99
1730850745226,0,INSERT,501,108.29,43.62,49.15,48.19,52.61,67.52,95.61
1730850745728,0,INSERT,501,110.27,43.84,48.55,47.81,51.62,64.25,92.03
1730850746229,0,INSERT,501,56.22,43.68,47.53,47.26,50.27,54.46,56.19
1730850746730,0,INSERT,501,99.71,43.07,48.25,47.58,51.17,59.07,89.79
1730850747231,0,INSERT,481,159.49,43.52,51.27,48.38,63.71,78.59,159.49
1730850747732,0,INSERT,501,90.62,42.98,47.54,46.88,50.14,61.66,90.05
1730850748233,0,INSERT,501,55.20,43.07,47.39,47.17,50.08,53.63,53.89
1730850748734,0,INSERT,501,90.50,43.49,47.67,47.17,50.34,56.83,83.90
1730850749235,0,INSERT,501,92.54,43.49,49.27,48.67,52.86,60.13,88.06
1730850749736,0,INSERT,501,102.14,43.81,49.68,48.73,53.50,65.60,90.05
1730850750237,0,INSERT,499,120.19,44.13,50.42,48.99,54.40,90.37,120.19
1730850750738,0,INSERT,501,99.01,44.38,56.53,55.17,65.73,78.78,91.84
1730850751239,0,INSERT,475,139.90,43.65,57.36,55.07,69.57,86.46,139.90
1730850751740,0,INSERT,501,93.12,42.98,48.59,47.87,52.22,61.02,83.84
1730850752241,0,INSERT,501,60.00,43.68,48.34,48.00,51.45,55.84,58.94
1730850752742,0,INSERT,501,96.58,43.42,48.88,48.03,52.32,65.09,93.57
1730850753243,0,INSERT,501,58.66,43.71,47.72,47.49,50.40,53.73,56.90
1730850753744,0,INSERT,501,56.29,43.68,47.88,47.68,50.69,54.40,55.71
1730850754245,0,INSERT,501,65.86,43.55,47.92,47.65,51.07,54.40,58.46
1730850754746,0,INSERT,501,99.84,43.52,48.82,48.03,52.38,65.06,86.53
1730850755247,0,INSERT,486,137.47,43.52,51.45,49.15,62.11,70.66,137.47
1730850755748,0,INSERT,501,57.15,42.46,45.78,45.44,48.22,52.86,56.67
1730850756249,0,INSERT,501,54.46,43.14,46.23,46.05,48.54,52.45,53.95
1730850756751,0,INSERT,3479,6889.47,41.66,106.42,45.47,98.75,2906.11,5120.00
1730850757252,0,INSERT,6847,21774.33,41.57,100.03,53.31,136.32,762.88,2541.57
1730850757753,0,INSERT,6869,31932.42,41.31,360.62,51.49,124.42,10387.45,10559.49
1730850758254,0,INSERT,6841,24559.62,41.66,165.34,52.96,142.46,4890.62,9961.47
1730850758755,0,INSERT,7036,23363.58,41.47,165.56,50.66,115.97,5341.18,5722.11
1730850759256,0,INSERT,7131,19038.21,41.60,363.29,51.23,146.30,7184.38,13148.16
1730850759757,0,INSERT,5372,155713.54,41.89,11853.03,6098.94,31539.20,45187.07,47349.76
1730850760258,0,INSERT,2447,379060.22,46465.02,74569.09,74514.43,93650.94,98304.00,99352.57
1730850760759,0,INSERT,6104,715128.83,158597.12,244851.10,254672.89,287309.82,307232.77,311164.93
1730850761260,0,INSERT,4278,915406.85,184811.52,262906.24,261750.78,342360.06,367263.74,368050.17
1730850761761,0,INSERT,4752,327155.71,180879.36,242356.69,256114.69,294387.71,324009.98,327155.71
1730850762262,0,INSERT,4780,691535.87,239075.33,342306.46,331350.02,414711.81,437256.19,498597.89
1730850762763,0,INSERT,3892,454033.41,304873.47,361700.55,349700.09,426770.43,450887.68,454033.41
1730850763264,0,INSERT,2050,805830.66,45.22,251041.49,309067.78,353632.26,365166.59,788529.15
1730850763765,0,INSERT,490,88.51,44.22,53.25,50.78,63.52,81.53,88.51
1730850764267,0,INSERT,499,133.63,43.81,52.10,49.44,61.70,79.17,133.63
1730850764769,0,INSERT,501,133.63,45.09,57.17,56.22,64.70,94.59,122.50
1730850765270,0,INSERT,487,161.79,44.58,55.22,53.66,64.48,78.40,161.79
1730850765771,0,INSERT,497,88.58,43.81,50.74,48.48,58.34,73.92,88.58
1730850766272,0,INSERT,501,58.75,43.52,47.84,47.49,50.69,54.59,56.41
1730850766773,0,INSERT,499,89.79,43.74,48.98,48.03,52.32,65.73,89.79
1730850767274,0,INSERT,501,62.17,43.87,48.38,47.84,51.55,55.77,58.21
1730850767775,0,INSERT,501,91.97,44.13,49.29,48.35,52.90,67.84,91.52
1730850768276,0,INSERT,501,94.72,44.13,49.36,48.26,52.90,66.05,88.19
1730850768777,0,INSERT,501,103.04,44.00,53.79,53.89,59.90,70.08,102.21
1730850769278,0,INSERT,492,146.69,50.11,58.58,56.64,65.53,83.84,146.69
1730850769779,0,INSERT,497,102.97,43.46,52.73,51.45,59.68,79.81,102.97
1730850770280,0,INSERT,501,58.27,43.17,47.33,47.07,49.98,54.53,55.84
1730850770781,0,INSERT,501,90.88,43.04,48.00,47.62,51.04,56.22,62.53
1730850771282,0,INSERT,501,59.36,43.30,48.33,48.00,51.77,56.96,59.04
1730850771783,0,INSERT,500,92.48,43.39,49.83,48.99,53.95,68.09,89.79
1730850772284,0,INSERT,500,102.53,44.06,49.48,48.80,53.34,60.61,88.45
1730850772785,0,INSERT,500,91.07,43.30,49.47,48.80,53.15,62.56,87.23
1730850773286,0,INSERT,490,133.25,43.55,51.70,49.31,62.98,76.54,133.25
1730850773787,0,INSERT,499,96.51,43.23,49.70,48.45,55.36,75.78,96.51
1730850774289,0,INSERT,500,56.67,43.87,47.55,47.36,50.62,53.63,54.81
1730850774790,0,INSERT,500,105.86,43.42,51.87,48.96,62.69,86.85,104.25
1730850775291,0,INSERT,500,156.41,48.32,61.30,59.62,68.54,88.89,129.66
1730850775792,0,INSERT,500,168.45,44.54,55.27,54.37,61.15,76.16,111.42
1730850776293,0,INSERT,500,89.60,44.03,52.36,52.38,57.25,62.30,72.13
1730850776794,0,INSERT,501,125.50,43.71,53.51,52.86,58.98,77.44,100.99
1730850777295,0,INSERT,489,181.12,44.13,55.61,53.38,65.12,95.61,181.12
1730850777796,0,INSERT,500,88.13,43.55,50.03,48.19,56.41,80.64,88.13
1730850778297,0,INSERT,501,97.53,43.90,48.42,47.71,51.55,59.68,88.58
1730850778798,0,INSERT,501,156.54,43.97,48.72,47.94,52.03,61.38,91.84
1730850779299,0,INSERT,501,92.80,43.90,48.83,48.45,51.94,58.02,62.02
1730850779800,0,INSERT,501,93.38,43.97,49.79,48.61,54.17,76.48,86.97
1730850780301,0,INSERT,501,94.27,43.94,49.46,48.73,53.44,62.43,92.93
1730850780802,0,INSERT,501,91.71,43.94,49.79,48.99,53.38,64.89,88.77
1730850781303,0,INSERT,487,136.19,43.55,53.23,50.59,65.02,80.96,136.19
1730850781804,0,INSERT,500,88.64,43.42,48.16,47.62,51.55,58.56,83.07
1730850782305,0,INSERT,500,57.89,43.49,47.88,47.58,50.88,55.01,57.44
1730850782807,0,INSERT,501,94.02,43.78,48.67,47.94,52.00,60.26,89.02
1730850783308,0,INSERT,501,59.30,43.55,48.16,48.00,51.36,54.91,59.13
1730850783809,0,INSERT,501,91.33,43.55,50.03,48.83,54.05,83.71,90.56
1730850784310,0,INSERT,501,61.41,44.03,48.47,48.26,51.30,55.65,57.66
1730850784811,0,INSERT,501,95.10,43.68,49.61,48.61,53.44,71.30,92.29
1730850785312,0,INSERT,487,141.69,43.33,53.35,51.10,66.05,83.07,141.69
1730850785813,0,INSERT,500,139.01,43.20,48.48,47.55,51.62,69.82,88.58
1730850786314,0,INSERT,500,90.30,43.30,47.77,47.65,50.69,56.54,59.52
1730850786815,0,INSERT,500,89.09,43.81,48.29,47.94,51.36,57.25,63.07
1730850787316,0,INSERT,500,93.63,43.68,49.16,48.73,52.41,60.45,91.45
1730850787817,0,INSERT,500,95.17,44.42,49.72,48.73,53.63,80.96,94.33
1730850788318,0,INSERT,499,123.71,44.96,53.21,52.48,58.66,81.02,123.71
1730850788820,0,INSERT,501,105.60,44.80,53.71,53.18,59.36,70.85,101.95
1730850789321,0,INSERT,481,153.73,43.87,55.98,54.24,67.20,80.89,153.73
1730850789822,0,INSERT,501,129.41,43.78,48.52,47.52,51.97,63.39,91.26
1730850790323,0,INSERT,501,57.28,43.68,47.90,47.65,50.85,54.72,56.00
1730850790824,0,INSERT,501,93.31,43.49,48.93,48.29,51.87,62.46,90.05
1730850791325,0,INSERT,501,90.69,44.03,48.90,48.38,52.32,57.73,59.90
1730850791827,0,INSERT,501,97.66,44.35,49.68,49.02,52.99,60.77,89.73
1730850792328,0,INSERT,501,57.09,44.32,48.75,48.48,51.71,55.07,56.54
1730850792829,0,INSERT,501,102.97,43.90,48.90,48.16,52.09,61.66,81.22
1730850793330,0,INSERT,495,148.86,43.14,51.75,48.58,63.90,96.96,148.86
1730850793831,0,INSERT,500,92.54,42.82,47.87,46.81,51.01,76.29,92.54
1730850794332,0,INSERT,501,93.69,43.17,47.02,46.72,49.18,53.98,57.41
1730850794833,0,INSERT,501,102.72,43.10,48.38,47.17,51.36,67.33,93.89
1730850795334,0,INSERT,501,61.92,43.20,47.45,47.20,50.08,53.82,58.02
1730850795835,0,INSERT,501,92.73,43.78,48.70,47.62,52.00,65.09,92.61
1730850796336,0,INSERT,500,89.28,43.55,48.33,47.68,51.07,60.32,89.28
1730850796837,0,INSERT,498,154.62,43.81,50.62,48.51,55.87,90.17,154.62
1730850797338,0,INSERT,496,171.78,43.20,52.64,48.51,66.05,81.02,171.78
1730850797839,0,INSERT,501,93.44,43.30,47.69,46.88,50.85,60.29,92.99
1730850798340,0,INSERT,501,103.30,43.01,48.12,47.20,51.36,61.31,102.14
1730850798841,0,INSERT,501,104.06,43.39,47.77,47.04,50.81,61.02,93.63
1730850799343,0,INSERT,501,59.55,43.46,47.45,47.23,50.21,55.58,58.43
1730850799844,0,INSERT,501,110.14,43.10,49.25,48.06,52.86,86.85,99.58
1730850800345,0,INSERT,501,102.27,43.46,48.72,47.77,52.35,66.05,95.94
1730850800846,0,INSERT,499,143.36,42.94,51.16,48.61,59.33,90.50,143.36
1730850801347,0,INSERT,494,79.81,43.01,49.33,47.33,60.13,70.46,79.81
1730850801848,0,INSERT,501,54.62,43.39,47.15,46.88,49.92,53.28,54.43
1730850802349,0,INSERT,501,121.28,43.26,51.80,49.34,60.93,75.97,93.69
1730850802850,0,INSERT,501,171.39,43.71,56.85,56.38,63.26,80.70,145.15
1730850803351,0,INSERT,501,102.46,44.42,53.85,53.22,59.36,71.81,98.37
1730850803852,0,INSERT,501,104.96,47.01,54.41,53.95,58.11,63.39,68.22
1730850804353,0,INSERT,501,74.50,43.84,52.49,53.18,58.11,65.34,71.30
1730850804854,0,INSERT,497,160.90,44.54,58.09,55.77,70.78,89.34,160.90
1730850805355,0,INSERT,490,99.20,43.42,55.17,52.99,66.43,83.97,99.20
1730850805856,0,INSERT,501,85.31,43.68,47.98,47.62,50.91,55.23,59.52
1730850806357,0,INSERT,501,77.18,43.42,47.99,47.74,50.81,54.66,67.20
1730850806859,0,INSERT,4904,29048.83,41.66,869.07,49.38,146.18,14696.45,14901.25
1730850807360,0,INSERT,6960,30277.63,41.60,343.50,63.33,147.84,6959.10,12443.65
1730850807861,0,INSERT,6319,79495.17,41.54,2439.42,84.61,11190.27,20594.69,21970.94
1730850808362,0,INSERT,3946,136839.17,41.95,48702.85,51380.22,90046.46,98041.85,98959.36
1730850808863,0,INSERT,4215,704118.78,302252.03,318327.90,314834.94,337903.61,358612.99,362545.15
1730850809364,0,INSERT,3693,609746.94,290455.55,352458.39,342097.92,417071.10,440139.78,442236.93
1730850809865,0,INSERT,5734,596639.74,180355.07,315273.64,310640.64,404750.34,430964.73,432275.46
1730850810366,0,INSERT,6119,775421.95,41.86,146657.58,189792.26,236453.89,246153.21,247726.08
1730850810867,0,INSERT,5088,245366.78,41.95,20466.56,17661.95,49152.00,57868.29,75366.40
1730850811368,0,INSERT,2823,295174.14,37289.98,81319.33,81985.54,114950.14,119668.74,166461.44
1730850811870,0,INSERT,5173,571998.21,330825.73,357183.74,346292.22,397672.45,429916.16,432537.60
1730850812371,0,INSERT,2733,593494.02,356515.84,417878.25,404750.34,483917.82,501481.47,503316.48
1730850812872,0,INSERT,5893,1066926.08,424935.42,495968.86,491782.14,555220.99,584581.12,587726.85
1730850813373,0,INSERT,2675,1074790.40,44.83,540510.50,598212.61,658505.73,728760.32,729284.61
1730850813874,0,INSERT,490,71.94,43.07,51.91,49.98,63.52,68.42,71.94
1730850814375,0,INSERT,493,90.62,43.68,50.81,49.09,58.94,72.77,90.62
1730850814876,0,INSERT,501,96.38,43.78,48.51,47.97,51.17,64.22,94.02
1730850815377,0,INSERT,500,99.84,43.84,48.77,48.19,51.77,62.66,92.80
1730850815878,0,INSERT,500,91.58,43.97,48.29,47.94,51.13,56.77,64.99
1730850816379,0,INSERT,500,57.60,43.81,48.01,47.81,50.85,55.04,57.53
1730850816880,0,INSERT,489,137.47,43.94,50.99,49.22,61.53,76.29,137.47
1730850817381,0,INSERT,494,82.69,43.33,48.34,47.07,53.34,69.50,82.69
1730850817882,0,INSERT,500,530.94,43.14,49.18,46.69,49.31,55.04,440.06
1730850818383,0,INSERT,501,56.77,43.30,46.93,46.72,49.28,52.67,54.21
1730850818885,0,INSERT,501,93.06,43.07,47.87,47.30,50.66,59.45,86.66
1730850819386,0,INSERT,501,91.78,43.78,48.00,47.68,50.56,56.96,59.45
1730850819887,0,INSERT,501,91.97,43.49,48.40,47.87,51.23,61.95,87.87
1730850820388,0,INSERT,500,102.27,43.78,49.25,48.58,52.77,62.81,102.27
1730850820890,0,INSERT,491,144.90,43.68,52.76,50.27,64.06,83.01,144.90
1730850821391,0,INSERT,498,91.14,43.90,51.56,49.41,58.43,74.69,91.14
1730850821892,0,INSERT,501,98.75,43.42,48.68,47.71,52.96,61.63,71.81
1730850822393,0,INSERT,501,100.48,43.23,47.78,47.42,50.69,56.73,62.69
1730850822894,0,INSERT,501,97.92,43.71,49.91,48.54,54.14,88.77,97.15
1730850823395,0,INSERT,501,144.38,43.87,49.10,48.06,52.41,67.07,92.80
1730850823896,0,INSERT,501,94.14,43.97,48.97,48.22,52.83,61.25,93.82
1730850824398,0,INSERT,501,155.78,43.58,48.63,47.77,51.45,61.25,100.22
1730850824899,0,INSERT,484,148.22,43.71,52.99,49.89,66.37,83.71,148.22
1730850825400,0,INSERT,499,84.67,43.39,47.85,46.94,51.45,66.17,84.67
1730850825901,0,INSERT,501,87.74,43.04,47.46,47.04,49.89,55.55,84.09
1730850826402,0,INSERT,501,66.62,43.07,47.15,46.88,49.66,54.02,56.16
1730850826903,0,INSERT,499,92.29,42.88,48.29,47.52,50.91,61.12,92.29
1730850827404,0,INSERT,501,56.54,43.17,47.63,47.39,50.34,54.30,56.22
1730850827905,0,INSERT,501,137.34,43.81,49.82,48.38,53.02,84.80,99.65
1730850828406,0,INSERT,500,340.74,43.74,49.17,47.90,51.42,65.12,98.05
1730850828907,0,INSERT,485,146.56,43.68,51.90,49.25,63.97,78.08,146.56
1730850829408,0,INSERT,501,54.30,42.91,46.93,46.85,49.25,51.97,54.08
1730850829909,0,INSERT,501,106.30,43.10,48.17,47.26,51.01,63.07,88.25
1730850830410,0,INSERT,501,105.02,43.68,51.30,48.51,59.17,87.30,100.54
1730850830911,0,INSERT,501,101.63,43.17,50.28,48.29,57.31,75.20,93.50
1730850831412,0,INSERT,501,68.35,43.20,47.65,47.36,50.21,54.59,64.73
1730850831913,0,INSERT,501,95.30,43.58,47.72,47.26,50.27,58.75,61.12
1730850832414,0,INSERT,501,57.63,43.23,47.66,47.42,50.53,54.59,57.60
1730850832915,0,INSERT,489,308.22,43.68,52.11,49.18,64.38,77.25,308.22
1730850833416,0,INSERT,501,57.57,43.10,46.55,46.43,48.73,52.32,56.26
1730850833917,0,INSERT,501,92.86,43.23,47.58,46.94,50.37,60.41,90.24
1730850834418,0,INSERT,501,55.23,43.33,46.86,46.69,49.22,51.65,54.66
1730850834919,0,INSERT,501,97.60,43.74,48.74,47.55,52.06,68.61,97.34
1730850835420,0,INSERT,501,93.89,44.03,48.99,48.26,51.94,62.62,93.50
1730850835921,0,INSERT,501,99.52,43.62,47.65,47.26,49.95,58.21,61.82
1730850836423,0,INSERT,501,100.29,43.94,48.98,47.94,52.13,66.88,94.91
1730850836924,0,INSERT,485,122.24,43.78,51.37,48.93,62.17,80.45,122.24
1730850837425,0,INSERT,499,118.91,43.36,51.24,50.14,58.14,69.50,118.91
1730850837926,0,INSERT,500,88.83,44.10,52.73,52.09,61.02,67.20,77.57
1730850838427,0,INSERT,500,478.72,43.07,52.91,51.49,59.97,68.22,113.47
1730850838928,0,INSERT,500,104.19,44.03,52.19,51.55,56.86,80.25,99.01
1730850839429,0,INSERT,500,109.89,43.71,51.08,51.26,55.45,61.31,73.47
1730850839930,0,INSERT,500,89.09,43.39,51.05,51.26,55.62,61.22,80.70
1730850840431,0,INSERT,500,65.38,44.10,53.09,53.12,56.93,61.73,63.26
1730850840932,0,INSERT,485,144.90,43.90,56.73,54.81,71.42,85.38,144.90
1730850841433,0,INSERT,500,101.25,43.46,48.22,47.36,51.45,64.29,92.16
1730850841934,0,INSERT,501,91.07,43.17,48.82,47.68,52.16,78.97,88.83
1730850842435,0,INSERT,501,59.17,43.55,47.74,47.39,50.59,54.53,55.58
1730850842936,0,INSERT,501,66.88,43.71,47.22,47.04,49.66,53.22,55.10
1730850843437,0,INSERT,501,96.25,43.26,48.32,47.55,51.13,62.08,94.02
1730850843938,0,INSERT,501,94.14,43.30,48.00,47.33,50.69,58.98,87.30
1730850844439,0,INSERT,501,61.15,43.33,47.78,47.52,50.46,55.49,59.97
1730850844940,0,INSERT,485,135.68,43.26,53.23,50.81,66.50,84.03,135.68
1730850845441,0,INSERT,501,89.02,43.42,47.66,47.26,50.43,56.77,62.08
1730850845943,0,INSERT,501,95.68,42.85,47.88,47.10,50.78,66.50,87.87
1730850846444,0,INSERT,501,95.61,43.20,48.72,47.62,51.87,82.05,91.26
1730850846945,0,INSERT,501,89.41,43.49,47.31,47.01,49.57,54.88,66.43
1730850847446,0,INSERT,501,109.95,43.49,47.68,47.17,49.98,58.59,89.86
1730850847947,0,INSERT,501,91.20,43.49,47.70,47.36,50.40,56.83,65.66
1730850848448,0,INSERT,501,57.57,43.52,47.83,47.58,50.69,53.95,55.94
1730850848949,0,INSERT,489,134.01,42.91,50.94,48.22,63.17,73.53,134.01
1730850849450,0,INSERT,501,82.56,43.14,46.78,46.53,49.25,53.92,62.11
1730850849951,0,INSERT,501,89.73,42.82,47.56,46.85,50.37,64.03,88.38
1730850850452,0,INSERT,501,89.15,43.30,47.49,47.17,49.98,55.10,66.88
1730850850953,0,INSERT,501,99.84,43.30,47.11,46.69,49.57,59.58,81.28
1730850851454,0,INSERT,501,57.63,43.20,46.89,46.75,49.25,51.97,53.12
1730850851955,0,INSERT,501,90.94,43.10,47.76,47.30,50.37,59.77,83.07
1730850852456,0,INSERT,497,148.22,42.88,47.96,46.78,50.98,69.82,148.22
1730850852957,0,INSERT,488,714.24,43.10,49.89,46.69,60.41,69.82,714.24
1730850853458,0,INSERT,500,89.79,43.04,46.61,46.21,49.09,55.17,59.04
1730850853959,0,INSERT,500,57.82,43.46,46.64,46.53,49.12,53.12,55.58
1730850854460,0,INSERT,499,124.73,43.58,52.14,49.70,60.64,81.02,124.73
1730850854962,0,INSERT,502,118.78,43.78,52.11,49.98,60.19,71.87,90.69
1730850855463,0,INSERT,501,99.52,43.26,49.26,48.64,52.83,61.44,94.27
1730850855964,0,INSERT,501,96.06,43.55,48.15,47.65,51.01,56.19,80.96
1730850856465,0,INSERT,494,139.65,43.55,49.83,48.54,54.17,71.10,139.65
1730850856966,0,INSERT,5957,12451.84,41.70,216.84,53.85,142.97,5869.57,7163.90
1730850857467,0,INSERT,6761,22921.22,41.15,99.24,62.05,144.90,732.16,1091.58
1730850857968,0,INSERT,7121,20070.40,41.18,86.61,50.34,123.78,711.17,1043.97
1730850858469,0,INSERT,6950,29442.05,41.47,96.93,53.31,142.59,729.09,969.73
1730850858970,0,INSERT,6922,24133.63,41.28,220.82,52.13,132.61,6574.08,6701.06
1730850859472,0,INSERT,6438,56197.12,41.50,1687.60,57.89,8130.56,15867.90,18350.08
1730850859973,0,INSERT,5241,447217.66,41.44,32235.35,34996.22,66650.11,70975.49,72155.13
1730850860474,0,INSERT,6468,70778.88,41.66,1963.97,61.57,8945.66,15048.70,16588.80
1730850860975,0,INSERT,5118,459014.14,41.60,39946.55,43384.83,78118.91,84017.15,91029.50
1730850861476,0,INSERT,6574,82247.68,41.31,1712.78,54.66,7626.75,16572.42,17678.33
1730850861977,0,INSERT,4864,463732.73,41.70,32578.12,37519.36,57409.54,62586.88,63635.46
1730850862478,0,INSERT,6726,77856.77,41.60,1388.96,52.22,6086.65,15106.05,16171.01
1730850862979,0,INSERT,1194,100794.37,43.87,13669.82,14671.87,26951.68,28262.40,99811.33
1730850863480,0,INSERT,488,3835.90,44.61,59.86,50.30,63.77,72.06,3835.90
1730850863981,0,INSERT,500,86.02,44.03,48.21,47.74,51.10,60.26,85.18
1730850864482,0,INSERT,500,57.22,43.30,47.42,47.33,50.08,55.49,56.73
1730850864983,0,INSERT,500,91.07,43.71,48.73,47.74,51.58,80.64,89.86
1730850865484,0,INSERT,500,134.66,43.52,48.53,47.84,51.68,64.80,95.49
1730850865985,0,INSERT,489,147.58,43.84,52.26,49.12,63.30,84.73,147.58
1730850866486,0,INSERT,500,91.97,43.26,47.44,46.88,50.02,63.90,91.97
1730850866987,0,INSERT,501,97.98,43.26,48.13,47.07,50.81,79.10,91.52
1730850867488,0,INSERT,501,87.61,43.26,47.33,47.01,49.85,55.36,64.54
1730850867989,0,INSERT,501,93.50,43.49,48.65,47.55,51.42,84.99,92.29
1730850868490,0,INSERT,501,100.61,43.30,48.59,47.77,51.39,62.21,95.42
1730850868991,0,INSERT,501,93.25,43.74,49.36,47.94,53.76,88.13,91.84
1730850869493,0,INSERT,501,64.64,43.58,48.04,47.81,50.91,56.45,63.39
1730850869994,0,INSERT,485,144.25,43.33,53.06,50.59,63.77,84.61,144.25
1730850870495,0,INSERT,500,167.29,43.26,49.38,48.77,52.86,63.26,82.50
1730850870996,0,INSERT,500,96.06,43.23,47.51,46.75,50.05,79.49,87.94
1730850871497,0,INSERT,500,96.58,43.42,48.74,47.52,54.56,69.18,92.03
1730850871998,0,INSERT,500,105.02,43.33,50.61,48.38,57.73,85.69,102.02
1730850872499,0,INSERT,500,76.42,42.94,47.45,46.98,50.66,58.62,62.27
1730850873000,0,INSERT,500,163.46,43.74,49.47,48.03,53.09,81.66,116.99
1730850873501,0,INSERT,500,60.61,43.78,47.72,47.49,50.46,54.37,56.32
1730850874002,0,INSERT,486,656.89,43.07,54.05,49.76,64.93,88.89,656.89
1730850874503,0,INSERT,501,122.05,42.27,49.17,47.23,54.49,74.24,107.39
1730850875004,0,INSERT,501,137.22,43.94,53.03,51.26,58.75,86.53,118.14
1730850875505,0,INSERT,501,90.43,43.10,48.02,47.33,51.45,61.05,71.17
1730850876006,0,INSERT,501,101.12,42.91,48.04,47.17,50.75,65.31,97.86
1730850876507,0,INSERT,501,90.69,43.33,49.65,47.97,56.09,61.70,90.56
1730850877008,0,INSERT,501,92.86,43.01,49.81,47.97,56.06,80.64,86.14
1730850877509,0,INSERT,501,165.63,43.46,48.65,47.77,52.00,62.62,99.07
1730850878010,0,INSERT,486,132.48,43.65,52.07,49.60,64.58,76.93,132.48
1730850878511,0,INSERT,501,83.52,43.01,48.97,48.51,52.96,61.92,79.42
1730850879012,0,INSERT,501,110.53,43.62,50.18,48.77,55.55,78.14,106.62
1730850879513,0,INSERT,501,193.79,44.13,50.05,48.51,53.76,72.64,157.95
1730850880015,0,INSERT,501,119.74,44.13,49.35,48.41,53.05,61.02,99.39
1730850880516,0,INSERT,501,92.80,44.16,51.28,49.44,58.94,73.15,89.22
1730850881017,0,INSERT,501,84.48,44.06,51.18,48.99,58.85,75.39,81.86
1730850881518,0,INSERT,501,147.58,43.90,50.35,48.77,55.30,77.69,94.14
1730850882019,0,INSERT,485,105.60,43.74,51.96,49.34,63.74,78.46,105.60
1730850882520,0,INSERT,501,89.41,43.36,48.00,47.49,51.62,57.12,59.39
1730850883021,0,INSERT,501,92.99,43.46,49.62,48.19,54.59,84.29,92.03
1730850883522,0,INSERT,501,99.52,43.39,48.06,47.30,51.20,59.94,89.47
1730850884023,0,INSERT,501,84.42,43.01,48.08,47.23,51.10,75.52,81.79
1730850884524,0,INSERT,501,58.37,43.33,47.79,47.58,50.91,54.40,55.94
1730850885025,0,INSERT,501,89.73,43.90,48.38,47.74,51.33,57.12,84.67
1730850885526,0,INSERT,496,143.10,43.55,49.38,48.19,53.09,67.01,143.10
1730850886027,0,INSERT,491,716.80,43.17,51.37,47.97,61.38,78.46,716.80
1730850886528,0,INSERT,501,86.91,42.91,47.01,46.53,49.98,55.04,66.62
1730850887029,0,INSERT,499,98.11,43.04,48.65,47.65,52.51,81.34,98.11
1730850887530,0,INSERT,501,82.56,43.49,47.72,47.39,50.56,55.45,57.18
1730850888031,0,INSERT,500,89.66,43.42,48.88,47.71,52.45,80.96,87.61
1730850888532,0,INSERT,500,95.61,43.81,48.38,47.81,51.62,60.48,92.29
1730850889033,0,INSERT,500,130.69,43.39,48.82,47.84,51.55,86.33,97.53
1730850889535,0,INSERT,494,869.89,43.36,53.83,50.24,61.63,78.33,869.89
1730850890036,0,INSERT,491,87.36,43.01,49.81,47.84,56.48,72.00,87.36
1730850890537,0,INSERT,501,81.53,42.78,47.26,46.91,50.05,55.62,58.88
1730850891038,0,INSERT,501,90.69,43.26,47.85,47.04,50.72,63.49,88.25
1730850891539,0,INSERT,501,92.42,43.14,47.24,46.88,49.47,55.90,89.73
1730850892040,0,INSERT,501,82.17,43.52,47.95,47.42,51.13,57.82,82.11
1730850892541,0,INSERT,501,95.61,43.84,48.23,47.71,51.33,57.09,82.62
1730850893042,0,INSERT,501,86.59,43.46,48.19,47.55,51.04,59.68,82.62
1730850893543,0,INSERT,494,142.21,43.65,49.80,48.09,54.08,72.89,142.21
1730850894044,0,INSERT,494,102.72,43.07,48.93,47.39,55.07,70.78,102.72
1730850894545,0,INSERT,501,87.81,43.20,47.35,46.72,50.27,56.67,87.68
1730850895046,0,INSERT,501,90.05,43.07,47.94,47.10,50.94,63.68,84.35
1730850895547,0,INSERT,501,94.78,43.68,48.87,47.77,52.32,84.48,92.86
1730850896048,0,INSERT,501,55.94,43.23,47.20,47.01,50.08,53.76,55.65
1730850896549,0,INSERT,501,90.69,44.13,49.25,48.16,52.93,80.64,89.92
1730850897050,0,INSERT,501,88.83,43.26,48.51,47.68,52.22,60.45,86.53
1730850897551,0,INSERT,492,142.97,43.81,51.30,48.90,59.10,90.62,142.97
1730850898052,0,INSERT,494,101.38,43.42,50.22,48.16,59.30,80.89,101.38
1730850898553,0,INSERT,501,86.33,43.49,47.97,46.85,51.17,79.30,85.57
1730850899054,0,INSERT,501,93.89,43.30,47.92,47.13,50.72,64.22,90.30
1730850899555,0,INSERT,499,133.25,43.30,52.26,50.40,59.52,88.38,133.25
1730850900057,0,INSERT,502,105.09,44.35,52.77,52.48,58.46,64.80,93.25
1730850900559,0,INSERT,501,98.88,44.13,52.75,52.03,59.10,71.81,95.61
1730850901060,0,INSERT,501,66.81,43.39,51.27,51.39,55.97,61.60,66.37
1730850901561,0,INSERT,487,144.25,44.38,54.15,52.22,64.64,78.27,144.25
1730850902062,0,INSERT,497,81.28,43.30,49.17,47.36,56.13,72.70,81.28
1730850902563,0,INSERT,501,84.22,43.46,47.44,46.81,50.53,57.85,82.75
1730850903064,0,INSERT,501,92.09,42.91,47.92,47.23,51.77,58.94,89.22
1730850903565,0,INSERT,501,89.22,43.58,47.95,47.39,51.10,56.80,88.19
1730850904066,0,INSERT,501,91.01,43.36,48.97,47.97,53.85,59.94,89.92
1730850904567,0,INSERT,501,120.25,43.33,50.00,49.92,54.37,59.33,64.54
1730850905068,0,INSERT,501,96.25,43.17,51.09,50.56,55.94,68.42,95.36
1730850905569,0,INSERT,491,156.29,43.58,54.74,52.96,65.18,82.88,156.29
1730850906070,0,INSERT,499,316.93,42.72,47.72,46.21,50.14,69.89,316.93
1730850906571,0,INSERT,945,112.25,41.60,45.30,44.80,48.45,56.80,76.42
1730850907072,0,INSERT,7342,19349.50,41.22,85.13,48.90,124.80,715.77,1219.58
1730850907573,0,INSERT,7024,22380.54,41.57,202.57,51.26,133.63,5505.02,8130.56
1730850908074,0,INSERT,7026,22986.75,41.38,136.84,50.94,137.09,3909.63,7462.91
1730850908575,0,INSERT,7162,27066.37,41.50,458.96,50.40,109.18,7081.98,12599.30
1730850909076,0,INSERT,6096,115539.97,41.60,4799.81,94.21,19365.89,28016.64,29114.37
1730850909577,0,INSERT,3206,419692.54,22839.30,65472.48,67239.93,92143.62,97386.49,134348.80
1730850910078,0,INSERT,5555,358350.85,120586.24,223073.76,234881.02,260833.28,283377.66,287047.68
1730850910580,0,INSERT,4515,812122.11,141033.47,211912.77,209584.13,274202.62,297009.15,299630.59
1730850911081,0,INSERT,4972,312999.93,38240.26,121416.61,101187.58,210763.77,217710.59,237240.32
1730850911582,0,INSERT,6556,564658.18,41.38,33578.32,141.82,120127.49,129499.13,132382.72
1730850912083,0,INSERT,4961,138543.10,41.95,22488.30,11296.77,62914.56,75431.93,123469.82
1730850912584,0,INSERT,5992,287571.97,41.66,24320.88,97.92,85524.48,91422.72,105578.49
1730850913085,0,INSERT,473,721.92,43.84,55.24,51.39,65.86,75.71,721.92
1730850913586,0,INSERT,489,132.74,43.52,51.46,48.16,63.68,87.17,132.74
1730850914087,0,INSERT,500,58.34,43.71,47.49,47.30,50.05,53.47,58.34
1730850914588,0,INSERT,500,92.67,43.62,47.83,47.33,50.66,56.51,91.39
1730850915089,0,INSERT,500,93.31,43.58,48.24,47.65,50.78,57.92,89.34
1730850915590,0,INSERT,500,112.45,44.03,49.29,48.00,52.58,85.50,97.73
1730850916091,0,INSERT,484,133.50,42.94,51.12,48.83,63.04,74.05,133.50
1730850916592,0,INSERT,500,87.61,43.07,47.24,46.62,49.60,61.05,87.61
1730850917093,0,INSERT,501,61.70,43.36,47.19,46.98,49.76,54.24,55.68
1730850917594,0,INSERT,501,85.82,43.20,47.30,46.85,49.92,55.65,73.86
1730850918095,0,INSERT,501,56.70,43.33,47.07,46.94,49.47,53.22,55.20
1730850918596,0,INSERT,501,106.05,43.62,48.07,47.42,50.40,61.50,92.67
1730850919097,0,INSERT,501,95.42,43.78,49.03,48.45,51.94,63.71,92.93
1730850919598,0,INSERT,501,107.07,44.10,49.17,48.48,52.06,60.73,93.89
1730850920099,0,INSERT,486,702.98,43.07,52.59,48.73,63.52,80.13,702.98
1730850920600,0,INSERT,501,129.79,43.46,49.15,47.42,53.31,79.30,128.32
1730850921101,0,INSERT,501,124.61,43.26,47.85,46.62,51.49,60.48,87.42
1730850921602,0,INSERT,501,109.25,43.33,49.55,48.96,53.47,70.78,91.65
1730850922103,0,INSERT,501,95.68,43.42,47.60,47.23,50.11,54.43,61.98
1730850922604,0,INSERT,501,104.32,43.33,48.60,47.94,51.65,61.98,92.99
1730850923105,0,INSERT,501,109.69,43.81,50.94,48.90,57.95,79.68,97.09
1730850923607,0,INSERT,500,131.97,44.13,51.74,48.93,59.04,87.42,131.97
1730850924108,0,INSERT,490,90.56,42.88,50.72,48.32,62.78,77.69,90.56
1730850924609,0,INSERT,501,105.53,43.17,47.79,47.13,50.34,65.15,93.38
1730850925110,0,INSERT,501,96.06,43.36,48.09,47.52,50.66,60.86,92.42
1730850925611,0,INSERT,501,89.15,42.82,48.16,47.45,50.91,68.03,84.67
1730850926112,0,INSERT,501,106.37,43.74,48.20,47.52,50.59,63.84,81.15
1730850926613,0,INSERT,501,100.16,43.49,48.70,47.81,51.62,63.74,89.79
1730850927114,0,INSERT,501,94.08,43.90,48.57,48.03,51.13,59.07,92.86
1730850927615,0,INSERT,497,128.25,43.07,49.54,48.00,53.92,70.78,128.25
1730850928116,0,INSERT,493,74.88,43.14,49.24,47.65,56.06,68.67,74.88
1730850928617,0,INSERT,501,136.19,42.94,47.10,46.46,49.25,56.96,93.12
1730850929118,0,INSERT,501,104.00,43.33,47.84,47.07,50.40,66.11,84.93
1730850929619,0,INSERT,501,86.33,43.26,48.12,47.30,52.16,60.13,83.78
1730850930120,0,INSERT,501,63.04,43.30,47.72,47.26,50.75,56.45,59.74
1730850930621,0,INSERT,500,565.25,43.68,50.54,48.06,53.63,91.33,156.54
1730850931122,0,INSERT,501,65.22,43.87,47.83,47.45,50.81,55.45,59.17
1730850931623,0,INSERT,494,144.51,43.65,50.20,48.06,54.91,85.18,144.51
1730850932124,0,INSERT,493,84.35,43.39,49.82,47.71,57.09,76.16,84.35
1730850932625,0,INSERT,501,92.80,43.23,48.59,47.07,52.51,87.30,90.88
1730850933126,0,INSERT,501,97.22,43.30,46.64,46.24,48.83,53.89,60.93
1730850933627,0,INSERT,501,90.11,43.26,47.67,46.66,50.43,80.32,87.49
1730850934128,0,INSERT,501,89.09,42.88,47.59,47.20,50.17,56.86,85.50
1730850934629,0,INSERT,501,93.38,43.33,48.31,47.20,51.04,84.67,90.88
1730850935130,0,INSERT,501,106.94,43.97,48.53,47.74,51.39,61.79,92.03
1730850935631,0,INSERT,494,146.05,44.16,51.76,49.25,58.72,88.13,146.05
1730850936133,0,INSERT,493,76.80,43.39,48.81,47.10,54.78,69.38,76.80
1730850936634,0,INSERT,500,108.03,43.07,48.73,47.26,51.81,90.11,108.03
1730850937135,0,INSERT,501,99.20,43.49,48.31,47.36,52.80,61.98,96.89
1730850937636,0,INSERT,501,90.56,43.62,50.16,48.19,57.22,72.19,88.45
1730850938137,0,INSERT,500,62.59,43.17,48.57,47.49,54.98,60.51,62.59
1730850938638,0,INSERT,501,103.61,43.23,48.53,47.74,51.55,63.33,92.73
1730850939139,0,INSERT,501,87.42,43.30,47.87,47.49,50.11,59.20,65.60
1730850939640,0,INSERT,496,134.53,43.74,50.27,48.16,57.09,77.82,134.53
1730850940141,0,INSERT,496,101.12,43.04,48.92,47.10,54.94,75.97,101.12
1730850940642,0,INSERT,500,94.66,43.23,47.88,47.17,50.56,60.13,94.66
1730850941143,0,INSERT,500,91.78,43.30,47.59,47.01,50.49,59.55,91.78
1730850941644,0,INSERT,500,95.23,43.52,47.73,46.94,50.40,61.41,95.23
1730850942145,0,INSERT,501,89.28,43.20,47.36,46.91,49.79,56.00,79.94
1730850942646,0,INSERT,501,97.09,43.23,48.02,47.04,50.66,83.20,94.21
1730850943147,0,INSERT,500,62.08,43.33,46.69,46.53,48.86,53.63,60.09
1730850943648,0,INSERT,488,139.01,43.26,50.89,47.87,63.26,76.99,139.01
1730850944149,0,INSERT,497,88.06,42.88,47.69,46.53,51.23,66.43,88.06
1730850944650,0,INSERT,501,90.56,42.78,47.19,46.43,49.57,61.05,89.73
1730850945151,0,INSERT,501,57.79,43.46,46.72,46.46,49.18,53.28,56.19
1730850945652,0,INSERT,501,87.30,43.62,47.18,46.75,49.70,56.26,86.46
1730850946153,0,INSERT,501,60.22,43.42,47.21,46.91,49.60,54.56,57.73
1730850946654,0,INSERT,500,121.66,43.52,48.43,47.10,52.80,65.12,121.66
1730850947155,0,INSERT,501,58.78,43.10,47.01,46.85,49.44,53.25,56.77
1730850947656,0,INSERT,494,669.70,43.52,52.37,47.71,61.28,81.79,669.70
1730850948157,0,INSERT,500,96.96,42.75,48.28,46.75,52.61,75.65,96.96
1730850948658,0,INSERT,501,189.69,43.26,49.23,47.42,54.91,68.09,112.83
1730850949160,0,INSERT,500,90.17,45.06,50.63,49.95,53.92,63.36,90.17
1730850949661,0,INSERT,500,96.25,43.23,47.91,47.20,51.07,59.90,96.25
1730850950162,0,INSERT,500,88.58,43.33,47.53,46.88,50.62,61.53,85.57
1730850950663,0,INSERT,500,95.36,43.46,49.02,47.58,54.72,77.89,90.56
1730850951164,0,INSERT,500,476.67,43.23,48.68,46.88,49.73,56.48,476.67
1730850951665,0,INSERT,484,705.53,43.17,52.77,48.58,63.36,80.83,705.53
1730850952166,0,INSERT,501,85.44,42.56,46.32,45.98,48.51,57.12,83.97
1730850952667,0,INSERT,500,97.09,43.14,46.84,46.46,49.50,55.01,85.38
1730850953168,0,INSERT,500,63.49,43.14,46.92,46.85,49.89,53.60,56.26
1730850953669,0,INSERT,500,142.34,43.39,47.79,47.04,50.66,65.15,85.25
1730850954170,0,INSERT,500,87.55,42.91,47.00,46.72,49.73,57.73,60.83
1730850954671,0,INSERT,500,94.33,43.52,48.20,47.30,51.55,83.01,93.63
1730850955172,0,INSERT,500,63.77,43.36,47.05,46.81,49.70,55.68,63.45
1730850955673,0,INSERT,488,677.38,43.17,52.43,48.45,62.46,82.37,677.38
1730850956174,0,INSERT,501,85.31,42.85,46.54,46.11,48.64,57.15,78.14
1730850956675,0,INSERT,2747,135.55,41.60,50.31,43.45,85.12,95.49,121.66
1730850957176,0,INSERT,7410,32407.55,41.15,764.52,46.02,100.67,16449.53,16859.13
1730850957677,0,INSERT,7009,24248.32,41.15,89.65,51.36,133.38,692.74,1156.10
1730850958178,0,INSERT,6640,30294.01,41.38,2310.01,63.42,10264.58,27377.66,28573.69
1730850958679,0,INSERT,5417,134479.87,41.66,15767.24,1002.50,50135.04,60850.18,61997.06
1730850959180,0,INSERT,5944,506724.35,41.18,31301.88,3483.65,77660.16,88539.13,94961.66
1730850959681,0,INSERT,3994,258080.77,41.79,20237.52,15884.29,56557.57,74252.29,133038.08
1730850960183,0,INSERT,5707,212074.49,41.57,19055.25,978.94,53215.23,60882.94,62619.65
1730850960684,0,INSERT,5097,604504.06,42.94,118365.57,143523.84,170655.74,192937.98,198443.01
1730850961185,0,INSERT,4300,110624.77,41.73,48946.34,48889.86,98959.36,109772.80,110624.77
1730850961686,0,INSERT,7096,414711.81,41.25,16159.71,86.33,77660.16,110166.01,112852.99
1730850962187,0,INSERT,4526,95944.70,41.44,37628.10,35586.05,85458.94,94240.77,95944.70
1730850962688,0,INSERT,4695,564133.89,41.70,56067.97,89980.93,126222.34,151126.02,153616.38
1730850963189,0,INSERT,487,145.15,43.62,57.30,54.66,72.51,90.50,145.15
1730850963690,0,INSERT,490,89.98,43.46,52.11,49.47,63.20,79.23,89.98
1730850964191,0,INSERT,501,61.70,43.10,46.72,46.49,48.96,54.21,57.31
1730850964692,0,INSERT,501,95.17,42.85,48.31,47.17,51.26,85.06,90.17
1730850965193,0,INSERT,501,89.09,43.10,47.17,46.85,49.44,56.67,62.21
1730850965694,0,INSERT,501,89.66,43.58,48.00,47.07,50.75,75.78,89.09
1730850966195,0,INSERT,501,57.22,43.10,46.50,46.27,48.90,51.90,53.73
1730850966696,0,INSERT,483,148.61,43.17,51.02,48.38,62.46,76.35,148.61
1730850967197,0,INSERT,501,75.65,43.46,49.83,49.12,53.18,60.48,73.53
1730850967698,0,INSERT,501,139.78,42.91,46.92,46.08,48.77,60.80,127.68
1730850968199,0,INSERT,501,64.54,43.23,48.25,46.72,54.98,61.57,64.48
1730850968700,0,INSERT,501,135.29,42.91,49.75,47.45,56.99,75.26,91.20
1730850969201,0,INSERT,501,93.69,43.36,47.29,46.69,49.85,59.42,83.97
1730850969702,0,INSERT,501,93.63,42.98,47.89,46.98,50.56,63.49,93.06
1730850970203,0,INSERT,501,151.55,43.17,47.13,46.49,49.22,56.54,72.96
1730850970704,0,INSERT,489,755.71,43.30,52.78,48.80,62.62,77.69,755.71
1730850971205,0,INSERT,501,83.65,42.69,46.80,45.85,51.94,58.78,67.65
1730850971706,0,INSERT,501,88.25,42.91,46.35,45.82,48.54,58.02,83.33
1730850972207,0,INSERT,501,77.12,43.17,46.82,46.72,49.09,54.56,56.00
1730850972708,0,INSERT,501,80.06,43.07,46.95,46.69,49.34,54.02,79.74
1730850973210,0,INSERT,501,92.29,43.01,47.31,46.53,50.11,62.30,86.91
1730850973711,0,INSERT,501,91.20,43.42,47.18,46.46,48.96,75.01,86.97
1730850974212,0,INSERT,501,91.97,42.88,47.03,46.53,49.66,55.23,61.12
1730850974713,0,INSERT,489,140.29,43.36,51.84,49.25,64.03,80.32,140.29
1730850975214,0,INSERT,500,101.95,43.07,46.80,46.53,49.22,55.81,61.89
1730850975715,0,INSERT,500,98.81,42.94,48.21,46.69,51.90,84.35,98.81
1730850976216,0,INSERT,500,62.81,42.82,46.06,45.95,48.13,52.54,62.81
1730850976717,0,INSERT,498,116.09,42.91,48.67,46.91,53.15,90.37,116.09
1730850977219,0,INSERT,501,90.43,43.10,49.71,47.90,56.54,67.52,75.20
1730850977720,0,INSERT,500,93.12,43.52,49.77,47.65,56.70,83.14,92.22
1730850978221,0,INSERT,500,57.76,43.46,47.27,47.07,50.30,55.20,56.99
1730850978722,0,INSERT,487,673.79,42.91,54.51,49.57,63.26,101.12,673.79
1730850979223,0,INSERT,501,95.49,43.30,48.60,47.23,52.73,86.46,95.36
1730850979724,0,INSERT,501,89.41,42.91,47.74,46.56,51.10,81.79,88.89
1730850980225,0,INSERT,501,60.58,43.23,46.67,46.40,49.28,52.90,54.81
1730850980726,0,INSERT,501,107.01,42.98,47.63,46.62,50.62,72.13,100.35
1730850981227,0,INSERT,501,59.49,43.26,46.52,46.24,48.90,53.15,58.40
1730850981728,0,INSERT,501,81.15,43.14,47.66,46.78,51.55,60.93,80.32
1730850982229,0,INSERT,501,63.74,43.17,47.35,46.72,50.88,60.48,62.14
1730850982730,0,INSERT,488,134.53,43.01,51.03,48.67,62.08,78.53,134.53
1730850983231,0,INSERT,501,76.67,42.91,46.66,46.40,49.09,52.83,56.93
1730850983732,0,INSERT,501,98.94,43.17,47.14,46.30,49.50,65.38,87.49
1730850984233,0,INSERT,501,89.15,43.52,47.22,46.49,49.76,63.81,88.45
1730850984734,0,INSERT,501,96.58,43.58,47.75,46.81,50.05,79.74,93.44
1730850985235,0,INSERT,501,109.82,43.39,47.24,46.43,49.63,61.70,89.47
1730850985736,0,INSERT,501,141.06,43.36,49.23,47.58,53.22,81.79,115.65
1730850986237,0,INSERT,501,140.29,46.11,50.92,49.89,55.23,68.86,80.70
1730850986738,0,INSERT,489,686.59,42.69,51.19,47.42,60.93,75.78,686.59
1730850987240,0,INSERT,500,59.45,42.56,45.92,45.53,48.45,55.87,59.45
1730850987741,0,INSERT,500,162.56,42.91,49.13,47.74,53.89,78.02,99.07
1730850988242,0,INSERT,500,129.41,42.43,48.73,47.77,52.13,67.58,121.41
1730850988743,0,INSERT,500,117.31,43.04,46.78,46.21,49.18,59.65,94.72
1730850989244,0,INSERT,500,104.38,42.78,48.10,46.56,55.17,64.67,96.89
1730850989745,0,INSERT,500,115.14,42.91,49.67,47.58,56.38,70.72,93.38
1730850990246,0,INSERT,497,134.66,42.91,48.08,46.62,53.38,69.82,134.66
1730850990747,0,INSERT,489,86.59,42.82,49.17,47.20,59.62,71.23,86.59
1730850991248,0,INSERT,501,54.66,43.20,45.93,45.73,48.09,52.13,53.15
1730850991749,0,INSERT,501,94.78,43.26,47.76,47.10,50.43,65.25,91.58
1730850992250,0,INSERT,501,103.49,43.23,47.19,46.81,50.14,56.83,61.73
1730850992751,0,INSERT,501,120.38,43.30,47.67,46.85,50.30,76.99,86.08
1730850993252,0,INSERT,501,55.74,42.78,46.25,46.05,48.41,53.12,55.52
1730850993753,0,INSERT,501,112.89,43.33,47.47,46.66,49.70,76.29,90.17
1730850994254,0,INSERT,494,155.78,43.17,48.83,46.75,54.56,74.11,155.78
1730850994755,0,INSERT,493,95.23,42.98,49.48,47.74,57.73,81.02,95.23
1730850995256,0,INSERT,501,56.19,43.10,46.65,46.56,49.15,52.83,54.98
1730850995757,0,INSERT,501,95.23,42.78,47.88,47.04,50.30,77.69,94.78
1730850996258,0,INSERT,501,60.16,43.17,46.58,46.24,49.02,53.31,56.67
1730850996759,0,INSERT,501,118.40,43.07,47.07,46.59,49.25,55.55,82.17
1730850997260,0,INSERT,501,75.58,43.07,46.57,46.37,48.67,51.94,54.56
1730850997761,0,INSERT,501,94.27,43.39,47.83,46.78,50.43,79.81,91.52
1730850998263,0,INSERT,493,145.92,43.49,49.38,47.36,54.66,73.41,145.92
1730850998764,0,INSERT,495,93.95,42.66,50.80,48.48,60.70,78.33,93.95
1730850999265,0,INSERT,501,69.95,42.78,45.92,45.70,47.90,51.90,62.43
1730850999766,0,INSERT,501,124.73,43.17,46.76,46.14,49.02,57.47,91.20
1730851000267,0,INSERT,501,96.38,43.20,46.85,46.30,48.77,59.13,90.30
1730851000768,0,INSERT,501,91.26,43.04,47.31,46.72,49.63,56.51,89.34
1730851001269,0,INSERT,501,151.17,43.33,48.01,46.72,50.56,81.92,91.01
1730851001770,0,INSERT,501,118.08,43.23,47.38,46.27,50.02,80.06,87.87
1730851002271,0,INSERT,490,675.33,43.46,51.46,47.84,60.19,76.48,675.33
1730851002772,0,INSERT,496,115.14,43.17,48.50,46.81,53.25,70.72,115.14
1730851003273,0,INSERT,501,101.63,43.23,48.32,46.81,52.22,85.76,94.21
1730851003774,0,INSERT,501,105.22,42.91,47.00,46.08,49.25,81.47,93.89
1730851004275,0,INSERT,501,60.73,42.98,46.15,45.82,48.19,55.49,57.82
1730851004776,0,INSERT,501,130.05,43.55,50.95,49.02,56.41,100.73,119.49
1730851005277,0,INSERT,501,82.75,46.43,50.11,49.57,52.73,58.34,76.67
1730851005778,0,INSERT,501,92.09,43.39,48.20,47.33,51.52,62.75,91.20
1730851006279,0,INSERT,492,150.14,43.04,48.97,47.01,55.55,70.14,150.14
1730851006780,0,INSERT,4143,29147.13,41.47,1037.55,43.49,94.27,14827.52,15032.32
1730851007281,0,INSERT,7713,29786.11,41.38,79.10,44.58,95.49,162.30,1266.69
1730851007782,0,INSERT,7145,46465.02,41.38,1300.99,49.79,6447.10,15327.23,16351.23
1730851008283,0,INSERT,4310,335806.46,41.63,53915.90,52756.48,107610.11,119996.41,121700.35
1730851008784,0,INSERT,4843,453509.12,121110.53,252415.13,249954.30,285736.96,302252.03,305135.61
1730851009285,0,INSERT,3273,237895.68,145358.85,191984.86,190971.90,228589.57,235929.60,237895.68
1730851009786,0,INSERT,5459,938475.52,318767.10,362687.82,357826.56,413663.23,432275.46,435159.04
1730851010288,0,INSERT,2776,1006632.96,321912.83,396297.84,365166.59,543686.66,555220.99,556269.57
1730851010789,0,INSERT,5981,1033895.94,399245.31,473439.52,474218.49,533725.18,557842.43,562036.73
1730851011290,0,INSERT,4793,1001914.37,474480.64,545141.77,549978.11,602406.91,618135.55,621281.28
1730851011791,0,INSERT,4459,793772.03,449314.82,528079.33,510394.37,622854.14,650641.41,653262.85
1730851012292,0,INSERT,4661,938999.81,543686.66,606949.15,601358.33,671612.93,719847.42,748683.26
1730851012793,0,INSERT,3495,758120.45,553648.13,641209.85,637009.92,733478.91,754974.72,757071.87
1730851013294,0,INSERT,5254,1249902.59,133562.37,739740.70,715653.12,942145.54,948436.99,964165.63
1730851013795,0,INSERT,602,834666.49,44.00,18565.53,52.06,73793.54,130088.96,833617.92
1730851014296,0,INSERT,487,79.36,43.68,51.10,49.09,62.98,67.45,79.36
1730851014797,0,INSERT,501,96.83,43.10,48.00,46.75,50.62,84.35,93.76
1730851015298,0,INSERT,501,65.60,43.26,46.60,46.34,48.93,52.70,60.03
1730851015799,0,INSERT,501,83.65,43.04,46.47,45.98,48.70,54.27,66.81
1730851016300,0,INSERT,488,134.27,43.17,51.20,49.12,62.05,74.94,134.27
1730851016801,0,INSERT,501,142.97,42.82,51.62,49.44,56.80,94.85,118.08
1730851017302,0,INSERT,501,61.25,45.82,49.28,49.02,51.62,57.41,58.59
1730851017803,0,INSERT,501,105.66,42.91,49.17,47.84,54.69,70.66,88.89
1730851018304,0,INSERT,501,64.77,43.14,48.39,46.66,55.58,59.84,62.59
1730851018805,0,INSERT,501,129.15,43.14,47.44,46.59,49.82,61.89,95.17
1730851019307,0,INSERT,501,74.62,43.17,46.49,46.24,48.73,52.61,57.89
1730851019808,0,INSERT,501,126.02,43.36,47.98,46.81,50.81,77.06,103.17
1730851020309,0,INSERT,488,128.13,43.10,50.72,48.32,61.76,72.58,128.13
1730851020810,0,INSERT,500,100.48,43.30,49.24,47.30,56.32,72.83,93.12
1730851021311,0,INSERT,500,73.47,42.75,47.10,45.89,53.98,61.70,72.00
1730851021812,0,INSERT,500,84.09,43.04,46.90,46.14,49.28,64.16,83.65
1730851022313,0,INSERT,500,89.22,43.17,46.22,46.14,48.45,51.33,56.61
1730851022814,0,INSERT,500,89.98,43.10,46.63,46.11,48.96,60.61,86.33
1730851023315,0,INSERT,500,59.94,43.07,46.30,46.14,48.77,52.93,54.43
1730851023816,0,INSERT,498,145.02,42.98,47.42,46.49,49.92,66.62,145.02
1730851024317,0,INSERT,488,82.94,43.07,49.29,47.20,61.09,68.35,82.94
1730851024818,0,INSERT,501,110.33,42.98,47.37,46.11,49.70,83.01,93.69
1730851025319,0,INSERT,501,103.30,42.94,47.29,46.56,49.89,58.91,101.38
1730851025820,0,INSERT,501,119.49,43.23,49.08,47.65,53.66,71.94,115.07
1730851026321,0,INSERT,501,67.26,45.92,49.82,49.25,52.77,61.02,63.62
1730851026822,0,INSERT,501,91.45,43.10,47.81,46.69,50.98,80.83,87.42
1730851027323,0,INSERT,501,57.38,43.04,46.28,45.98,48.38,51.87,54.59
1730851027824,0,INSERT,494,142.72,43.10,48.85,46.53,55.17,79.68,142.72
1730851028325,0,INSERT,491,67.45,42.88,48.15,46.85,52.83,64.83,67.45
1730851028826,0,INSERT,501,91.52,42.91,47.44,46.24,50.02,82.37,90.43
1730851029327,0,INSERT,501,62.02,42.82,46.08,45.95,48.22,51.55,53.34
1730851029828,0,INSERT,501,124.54,43.23,47.52,46.37,50.30,83.20,94.33
1730851030329,0,INSERT,501,92.42,43.17,46.64,46.30,48.90,54.78,66.11
1730851030830,0,INSERT,501,86.91,43.07,46.63,46.40,48.83,53.76,56.00
1730851031331,0,INSERT,501,55.94,43.01,46.57,46.40,48.86,51.33,54.56
1730851031832,0,INSERT,495,120.58,43.14,48.46,46.75,53.25,71.55,120.58
1730851032333,0,INSERT,493,72.83,43.10,47.98,46.72,52.80,65.41,72.83
1730851032835,0,INSERT,501,92.42,43.30,46.90,46.30,49.12,59.84,92.29
1730851033336,0,INSERT,501,81.79,42.98,46.01,45.66,48.06,52.32,66.88
1730851033837,0,INSERT,501,83.78,43.04,46.59,46.24,48.67,54.88,82.11
1730851034338,0,INSERT,501,82.81,43.04,46.86,46.46,49.18,55.58,81.34
1730851034839,0,INSERT,501,114.62,43.23,47.32,46.75,49.92,58.72,88.51
1730851035340,0,INSERT,501,72.89,43.30,46.73,46.49,49.15,52.32,54.43
1730851035841,0,INSERT,497,152.19,43.26,50.56,47.84,60.48,84.35,152.19
1730851036342,0,INSERT,497,84.48,42.69,49.08,46.94,55.97,68.86,84.48
1730851036843,0,INSERT,499,110.21,42.98,47.91,46.43,52.61,83.90,110.21
1730851037344,0,INSERT,501,57.57,42.88,46.00,45.70,48.29,53.18,53.95
1730851037845,0,INSERT,501,113.47,43.14,46.67,46.11,48.96,58.30,86.02
1730851038346,0,INSERT,501,66.50,43.14,46.33,46.02,48.67,53.02,56.00
1730851038847,0,INSERT,501,87.10,43.14,46.72,46.08,49.12,56.86,86.53
1730851039348,0,INSERT,501,96.58,42.98,47.09,46.49,49.50,57.25,92.22
1730851039849,0,INSERT,495,139.90,43.33,49.63,47.71,56.99,72.45,139.90
1730851040350,0,INSERT,498,101.25,42.94,47.99,46.75,51.45,65.92,101.25
1730851040851,0,INSERT,501,104.25,42.75,47.87,46.49,52.70,73.73,90.37
1730851041352,0,INSERT,501,69.44,43.01,49.86,49.31,53.70,61.70,69.18
1730851041853,0,INSERT,501,89.92,43.14,48.77,48.32,51.81,62.59,89.86
1730851042355,0,INSERT,501,64.13,42.91,46.27,46.08,48.26,52.90,57.70
1730851042856,0,INSERT,501,100.09,43.01,48.38,46.75,54.62,72.64,91.78
1730851043357,0,INSERT,501,130.75,43.33,49.32,47.26,56.26,73.66,101.12
1730851043858,0,INSERT,496,142.59,42.98,49.60,47.45,59.52,69.76,142.59
1730851044359,0,INSERT,498,77.18,42.69,46.87,46.11,49.70,62.27,77.18
1730851044860,0,INSERT,501,89.86,42.82,46.91,46.11,49.66,58.62,88.89
1730851045361,0,INSERT,501,87.42,42.46,46.43,46.17,48.58,54.43,60.96
1730851045862,0,INSERT,501,97.53,43.04,46.47,45.95,48.70,55.23,87.04
1730851046363,0,INSERT,501,87.55,43.36,46.26,45.82,48.26,56.16,67.26
1730851046864,0,INSERT,501,94.72,43.01,46.61,45.82,48.48,60.09,87.74
1730851047365,0,INSERT,501,75.26,42.78,46.30,46.11,48.48,53.89,61.79
1730851047866,0,INSERT,492,135.94,43.30,49.72,47.45,60.51,70.97,135.94
1730851048367,0,INSERT,500,63.68,42.82,46.32,45.98,48.70,58.85,63.68
1730851048868,0,INSERT,501,111.74,42.78,47.53,46.08,50.08,80.45,91.97
1730851049369,0,INSERT,501,56.58,43.01,46.22,45.89,48.54,52.06,54.59
1730851049870,0,INSERT,501,98.88,43.17,47.43,46.40,50.02,77.06,93.76
1730851050371,0,INSERT,501,94.46,42.85,47.14,46.49,49.47,59.17,91.14
1730851050872,0,INSERT,501,92.86,42.85,46.97,46.37,49.05,60.64,91.71
1730851051373,0,INSERT,501,52.58,43.10,46.00,45.73,48.19,51.26,52.45
1730851051874,0,INSERT,489,128.13,42.98,50.34,48.09,60.86,79.87,128.13
1730851052375,0,INSERT,500,71.17,42.59,45.47,45.18,47.42,50.49,61.85
1730851052876,0,INSERT,500,108.73,42.59,46.51,45.70,49.22,59.49,80.64
1730851053378,0,INSERT,500,87.04,42.75,46.04,45.79,48.29,55.20,61.60
1730851053878,0,INSERT,500,85.82,42.85,47.06,46.24,49.38,71.17,85.82
1730851054379,0,INSERT,500,90.94,43.01,46.02,45.76,48.16,51.26,90.94
1730851054880,0,INSERT,501,96.45,43.14,46.52,45.95,48.67,55.71,85.38
1730851055381,0,INSERT,501,84.61,43.17,46.07,45.63,48.09,53.53,58.14
1730851055882,0,INSERT,493,721.92,42.78,51.99,48.06,61.15,82.62,721.92
1730851056383,0,INSERT,501,89.02,42.69,46.16,45.66,48.29,58.98,80.06
1730851056884,0,INSERT,5663,26509.31,41.22,676.36,43.62,94.02,13639.68,13991.93
1730851057385,0,INSERT,7348,31768.58,41.06,92.98,49.76,105.98,683.52,3121.15
1730851057886,0,INSERT,7307,32735.23,41.15,324.66,49.05,135.29,7385.09,8863.74
1730851058387,0,INSERT,5218,87162.88,41.57,22275.93,2404.35,69599.23,84934.65,86573.05
1730851058888,0,INSERT,5823,533463.04,41.66,58744.79,87556.10,124911.62,146931.71,149553.15
1730851059389,0,INSERT,4078,562561.02,17448.96,77095.10,76414.98,130154.49,154271.74,156106.75
1730851059890,0,INSERT,5605,171966.46,41.63,39950.66,30638.08,99680.26,109379.58,125239.29
1730851060391,0,INSERT,5421,581959.68,41.47,100073.26,116326.40,164102.14,193593.34,197001.21
1730851060892,0,INSERT,4059,482344.96,42.53,61694.79,61833.21,111607.81,122486.78,123797.50
1730851061393,0,INSERT,5382,189399.04,41.73,62906.38,57540.61,140247.04,164495.36,172490.75
1730851061894,0,INSERT,4635,451674.11,102301.70,224122.86,239730.69,279183.36,290193.41,311164.93
1730851062395,0,INSERT,6026,308281.34,41.60,89407.28,67895.29,215351.30,229113.86,248905.73
1730851062896,0,INSERT,2112,255852.54,43.97,33465.56,33587.20,61472.77,67305.47,176422.91
1730851063397,0,INSERT,487,84.29,43.71,50.83,49.09,61.85,68.67,84.29
1730851063898,0,INSERT,494,639.49,43.36,49.72,47.36,53.70,67.20,639.49
1730851064399,0,INSERT,500,56.54,43.20,46.25,46.21,48.48,51.52,55.68
1730851064900,0,INSERT,491,117.57,43.39,51.66,48.58,63.10,86.85,117.57
1730851065401,0,INSERT,500,88.19,42.72,45.91,45.47,48.03,57.12,88.19
1730851065902,0,INSERT,501,89.53,43.23,46.86,46.27,48.80,62.11,84.86
1730851066404,0,INSERT,501,76.93,43.10,46.13,45.85,48.35,52.96,53.85
1730851066905,0,INSERT,500,126.08,42.66,47.70,46.37,51.39,76.80,126.08
1730851067406,0,INSERT,501,120.06,42.91,47.62,46.88,50.56,60.32,91.97
1730851067907,0,INSERT,501,114.30,43.17,48.01,46.91,51.17,61.95,91.33
1730851068407,0,INSERT,501,95.74,43.65,48.37,47.42,51.55,63.55,90.43
1730851068908,0,INSERT,491,645.63,43.30,52.53,48.90,62.11,89.79,645.63
1730851069409,0,INSERT,500,81.66,42.59,46.24,45.66,48.90,55.45,81.66
1730851069910,0,INSERT,501,101.69,43.10,47.07,46.30,50.08,57.02,100.67
1730851070411,0,INSERT,501,65.02,42.94,46.85,46.24,49.98,56.16,60.35
1730851070912,0,INSERT,501,98.69,43.10,49.88,48.86,54.34,70.66,94.40
1730851071413,0,INSERT,501,80.25,43.23,46.92,46.56,49.89,54.69,63.65
1730851071914,0,INSERT,501,94.72,43.17,48.42,46.78,54.17,74.17,91.52
1730851072415,0,INSERT,501,90.43,42.94,47.71,47.01,50.56,61.66,90.37
1730851072916,0,INSERT,487,142.72,42.34,51.06,48.58,62.02,81.22,142.72
1730851073417,0,INSERT,500,94.97,42.91,46.64,46.21,49.25,58.72,85.82
1730851073918,0,INSERT,500,89.15,42.98,46.59,46.11,48.90,56.61,89.15
1730851074419,0,INSERT,500,57.12,43.01,46.02,45.85,48.22,51.52,57.12
1730851074920,0,INSERT,501,86.91,43.23,47.64,46.43,50.53,79.68,86.33
1730851075421,0,INSERT,501,93.12,42.98,47.26,46.66,49.60,61.50,88.13
1730851075922,0,INSERT,501,96.32,43.62,48.33,47.17,51.71,79.17,94.97
1730851076423,0,INSERT,501,138.88,43.46,47.10,46.56,49.41,54.14,57.82
1730851076924,0,INSERT,491,421.38,42.98,52.35,48.86,63.62,83.84,421.38
1730851077425,0,INSERT,501,82.24,43.04,46.37,46.05,48.67,54.34,56.45
1730851077926,0,INSERT,501,89.73,43.01,47.11,46.56,49.44,56.96,84.93
1730851078427,0,INSERT,501,77.18,43.14,46.61,46.30,48.80,53.18,59.30
1730851078928,0,INSERT,501,96.06,43.17,47.28,46.59,49.82,57.47,92.09
1730851079429,0,INSERT,501,91.01,42.78,46.77,46.34,48.86,56.29,71.36
1730851079930,0,INSERT,501,94.02,43.55,48.88,47.74,52.26,77.12,93.63
1730851080431,0,INSERT,500,140.03,43.49,48.38,47.33,51.39,67.97,140.03
1730851080932,0,INSERT,491,98.05,43.36,51.24,49.31,60.64,72.25,98.05
1730851081433,0,INSERT,500,61.34,43.62,47.57,47.33,50.98,57.50,59.74
1730851081934,0,INSERT,500,110.85,43.81,48.63,47.94,52.19,62.37,97.47
1730851082435,0,INSERT,500,92.22,43.23,47.47,47.07,50.46,59.68,72.77
1730851082936,0,INSERT,500,99.26,43.65,49.34,48.09,53.22,88.25,99.26
1730851083437,0,INSERT,500,91.45,43.46,48.67,47.74,51.97,66.50,91.45
1730851083938,0,INSERT,501,87.74,43.23,48.39,47.71,51.65,58.91,84.42
1730851084439,0,INSERT,498,660.48,43.39,51.44,48.00,57.12,76.86,660.48
1730851084940,0,INSERT,494,674.82,42.98,52.23,48.73,59.36,75.84,674.82
1730851085441,0,INSERT,501,56.80,43.10,46.16,45.95,48.32,52.54,56.48
1730851085942,0,INSERT,501,97.73,42.94,46.66,46.27,48.96,56.09,81.28
1730851086443,0,INSERT,501,89.98,42.91,46.31,45.98,48.41,55.49,58.08
1730851086944,0,INSERT,501,89.53,43.14,47.09,46.40,49.44,59.39,86.97
1730851087445,0,INSERT,500,113.79,43.58,48.01,47.10,50.43,60.19,96.32
1730851087946,0,INSERT,501,129.02,42.98,48.20,47.13,51.10,77.57,94.97
1730851088447,0,INSERT,495,145.53,43.07,49.73,47.45,56.70,71.04,145.53
1730851088948,0,INSERT,494,91.71,43.01,48.78,47.07,54.56,76.86,91.71
1730851089449,0,INSERT,500,90.24,42.88,47.04,46.43,49.50,58.43,90.24
1730851089950,0,INSERT,501,91.52,42.82,47.18,46.62,49.53,63.62,84.35
1730851090451,0,INSERT,501,80.58,43.26,46.61,46.40,48.64,52.13,55.84
1730851090952,0,INSERT,501,97.41,42.91,47.09,46.69,49.50,57.76,82.30
1730851091453,0,INSERT,501,57.47,42.98,46.60,46.43,48.86,51.68,52.93
1730851091953,0,INSERT,501,90.62,42.91,46.73,46.37,48.90,58.37,81.41
1730851092455,0,INSERT,494,133.89,42.98,48.65,47.20,53.92,65.60,133.89
1730851092955,0,INSERT,497,89.22,43.04,48.15,46.66,53.76,78.21,89.22
1730851093456,0,INSERT,500,59.36,42.34,45.56,45.50,47.68,50.85,52.22
1730851093957,0,INSERT,500,167.04,43.17,47.89,46.69,50.34,80.38,114.50
1730851094458,0,INSERT,500,71.04,43.07,46.38,46.08,48.61,54.17,71.04
1730851094959,0,INSERT,501,133.12,43.33,47.17,46.40,49.47,60.90,99.90
1730851095460,0,INSERT,501,134.91,43.14,49.62,48.32,54.24,69.57,106.88
1730851095961,0,INSERT,501,116.29,43.20,47.57,46.40,51.42,64.25,103.94
1730851096462,0,INSERT,492,599.55,43.14,50.16,47.36,59.04,70.46,599.55
1730851096963,0,INSERT,496,85.50,42.88,46.88,45.92,49.73,62.53,85.50
1730851097464,0,INSERT,500,90.17,43.07,46.72,46.17,49.22,57.18,90.17
1730851097965,0,INSERT,501,88.00,42.82,46.82,46.30,49.05,64.25,85.38
1730851098466,0,INSERT,501,94.14,42.94,47.60,46.66,50.14,64.83,94.08
1730851098967,0,INSERT,501,85.76,43.17,47.45,46.53,49.44,82.17,84.73
1730851099468,0,INSERT,501,108.03,43.36,47.36,46.59,49.47,66.50,100.99
1730851099969,0,INSERT,501,174.97,43.10,47.80,46.59,50.21,62.21,109.63
1730851100470,0,INSERT,490,696.32,43.49,52.03,48.58,61.09,73.86,696.32
1730851100971,0,INSERT,500,98.24,42.66,47.46,46.08,50.66,79.55,98.24
1730851101472,0,INSERT,501,94.97,42.88,46.50,45.92,48.67,56.58,86.85
1730851101973,0,INSERT,501,89.98,42.82,47.14,46.49,49.25,61.82,82.30
1730851102474,0,INSERT,501,56.48,43.04,46.54,46.43,48.77,54.14,55.42
1730851102975,0,INSERT,501,89.22,43.26,47.34,46.49,49.95,62.88,85.82
1730851103476,0,INSERT,501,91.52,43.07,46.65,46.43,48.86,52.45,60.51
1730851103977,0,INSERT,501,90.05,43.17,47.34,46.59,49.98,61.76,85.06
1730851104478,0,INSERT,490,627.20,43.39,51.68,48.35,60.35,71.87,627.20
1730851104979,0,INSERT,501,107.33,43.07,49.28,47.04,56.19,83.65,106.05
1730851105480,0,INSERT,501,96.00,42.98,47.40,46.46,49.92,63.36,89.02
1730851105981,0,INSERT,500,91.20,42.82,46.72,46.14,48.80,59.68,80.32
1730851106482,0,INSERT,500,89.15,42.78,46.30,46.11,48.61,53.47,57.31
1730851106983,0,INSERT,6728,24264.70,41.38,75.31,44.32,99.65,623.62,827.39
1730851107484,0,INSERT,7339,30687.23,41.18,365.75,48.93,108.03,6656.00,10493.95
1730851107985,0,INSERT,7334,30605.31,41.50,88.90,49.41,115.20,657.41,1212.41
1730851108486,0,INSERT,5815,54198.27,41.50,8874.33,87.55,37388.29,52297.73,53346.30
1730851108987,0,INSERT,6245,442761.22,41.15,30863.98,109.18,86310.91,96403.46,97779.71
1730851109488,0,INSERT,5668,151257.09,41.31,10947.24,94.97,40108.03,55476.22,57606.14
1730851109989,0,INSERT,6018,482082.82,41.38,40380.03,7372.80,97517.57,108593.15,109903.87
1730851110490,0,INSERT,5556,92864.51,41.60,8839.58,106.30,30703.62,44924.93,47316.99
1730851110991,0,INSERT,5919,481820.67,41.50,43004.43,55083.01,94699.52,104660.99,105381.89
1730851111492,0,INSERT,5731,102367.23,41.57,7325.24,94.14,24952.83,38502.40,40304.64
1730851111993,0,INSERT,5529,342622.21,41.73,42138.26,51740.67,85590.01,92864.51,110821.38
1730851112494,0,INSERT,5863,110493.70,41.63,4284.26,93.89,15032.32,26247.17,28442.62
1730851112995,0,INSERT,1296,225443.84,43.78,29469.83,36044.80,50921.47,54034.43,225443.84
1730851113496,0,INSERT,490,81.28,43.26,48.95,47.55,55.20,67.71,144.77
1730851113997,0,INSERT,500,149.50,43.58,47.51,46.46,49.95,66.05,94.02
1730851114498,0,INSERT,500,101.06,43.30,47.43,46.88,49.73,61.82,89.79
1730851114999,0,INSERT,494,138.24,43.30,49.89,47.97,59.90,74.88,138.24
1730851115500,0,INSERT,499,95.68,42.56,46.78,46.14,49.28,63.62,135.42
1730851116001,0,INSERT,500,92.35,42.75,47.36,46.40,50.11,73.22,89.02
1730851116502,0,INSERT,500,56.70,42.53,45.82,45.63,48.13,51.33,53.85
1730851117003,0,INSERT,500,92.03,42.98,48.22,46.88,52.26,82.37,90.81
1730851117504,0,INSERT,500,91.65,43.10,47.24,46.43,49.70,60.58,91.65
1730851118005,0,INSERT,501,87.17,42.75,47.41,46.62,49.47,78.85,86.97
1730851118506,0,INSERT,501,104.58,43.36,46.94,46.56,49.18,55.90,60.99
1730851119007,0,INSERT,494,129.53,43.30,50.89,48.48,61.95,80.00,129.53
1730851119508,0,INSERT,500,92.67,42.88,47.48,46.37,50.72,65.60,92.67
1730851120009,0,INSERT,501,88.13,42.94,46.76,46.02,48.83,59.26,84.80
1730851120510,0,INSERT,501,55.84,42.91,45.88,45.60,48.13,52.61,55.07
1730851121011,0,INSERT,501,85.82,43.14,46.61,46.24,48.83,55.49,78.21
1730851121512,0,INSERT,501,100.03,42.98,46.80,46.24,49.28,57.18,84.42
1730851122013,0,INSERT,501,92.42,42.72,47.38,46.78,49.70,59.52,83.84
1730851122514,0,INSERT,501,56.80,43.20,46.85,46.72,49.31,52.83,53.92
1730851123015,0,INSERT,493,704.00,43.46,52.89,48.93,62.08,82.75,704.00
1730851123516,0,INSERT,501,91.52,43.04,46.47,45.73,48.96,60.38,80.70
1730851124017,0,INSERT,501,90.17,42.98,46.60,45.79,49.05,63.17,85.12
1730851124518,0,INSERT,501,83.78,42.59,45.91,45.57,48.06,52.61,54.85
1730851125019,0,INSERT,501,84.35,42.75,46.94,46.24,48.90,78.72,83.26
1730851125520,0,INSERT,501,89.98,43.33,46.68,46.40,48.93,55.01,61.50
1730851126021,0,INSERT,501,95.17,43.07,47.12,46.53,49.15,63.36,89.98
1730851126522,0,INSERT,500,93.31,43.49,47.09,46.62,49.73,56.64,92.99
1730851127023,0,INSERT,489,120.70,43.26,51.38,48.61,62.46,83.71,120.70
1730851127524,0,INSERT,500,68.80,42.59,45.92,45.85,48.16,52.29,59.52
1730851128025,0,INSERT,500,88.45,42.91,46.79,46.11,49.02,76.16,80.45
1730851128525,0,INSERT,500,89.66,43.33,47.51,46.81,50.05,62.02,87.68
1730851129026,0,INSERT,500,93.31,43.01,47.04,46.62,49.15,57.76,91.33
1730851129527,0,INSERT,500,72.00,43.14,47.17,46.75,49.89,55.52,72.00
1730851130028,0,INSERT,500,96.32,43.30,50.79,50.05,55.84,67.52,96.32
1730851130529,0,INSERT,500,146.30,43.71,50.65,50.08,53.50,63.07,146.30
1730851131030,0,INSERT,492,136.96,43.26,50.25,47.87,60.45,72.19,136.96
1730851131531,0,INSERT,501,55.58,43.07,46.16,45.95,48.64,51.17,54.02
1730851132032,0,INSERT,501,93.44,43.17,47.44,46.49,49.73,80.58,88.51
1730851132533,0,INSERT,501,90.69,43.39,46.87,46.17,49.09,58.62,82.69
1730851133034,0,INSERT,501,85.57,43.39,47.28,46.59,49.98,58.56,84.35
1730851133535,0,INSERT,501,64.22,43.58,48.91,49.09,52.96,56.38,57.73
1730851134036,0,INSERT,500,101.89,43.65,51.30,51.13,55.65,86.14,97.53
1730851134537,0,INSERT,500,65.92,43.52,49.80,50.11,54.30,58.72,64.29
1730851135038,0,INSERT,487,139.01,42.75,53.20,50.27,66.11,87.94,139.01
1730851135539,0,INSERT,500,56.70,42.75,46.09,45.95,48.06,52.77,56.70
1730851136040,0,INSERT,501,98.81,43.23,48.09,47.07,51.33,80.64,97.34
1730851136541,0,INSERT,501,103.49,43.10,49.39,47.74,54.24,82.81,102.33
1730851137042,0,INSERT,501,112.45,43.17,52.12,50.75,58.17,88.32,99.84
1730851137543,0,INSERT,501,98.94,43.46,49.18,48.09,53.73,70.33,87.94
1730851138044,0,INSERT,501,156.80,43.42,49.86,47.68,56.93,86.08,97.98
1730851138545,0,INSERT,500,141.18,43.10,49.08,47.20,55.68,75.14,141.18
1730851139046,0,INSERT,492,88.70,42.82,50.41,47.97,61.89,79.81,88.70
1730851139547,0,INSERT,501,95.23,42.78,46.56,45.66,50.08,58.46,94.02
1730851140048,0,INSERT,501,166.01,45.76,51.31,49.66,55.68,74.50,106.11
1730851140549,0,INSERT,501,98.88,43.49,49.24,48.54,53.09,60.61,68.35
1730851141050,0,INSERT,501,149.12,43.23,47.74,46.88,50.34,60.96,85.44
1730851141551,0,INSERT,501,63.49,43.23,47.79,47.04,52.48,60.54,62.75
1730851142052,0,INSERT,501,91.90,43.46,49.08,47.30,55.45,61.79,75.84
1730851142553,0,INSERT,496,136.45,43.58,49.78,47.62,56.26,67.78,136.45
1730851143054,0,INSERT,493,92.80,43.04,49.48,47.52,59.55,79.61,92.80
1730851143555,0,INSERT,500,92.22,42.91,47.43,46.53,50.05,79.30,87.55
1730851144056,0,INSERT,500,87.17,43.10,46.63,46.37,48.80,55.84,68.09
1730851144557,0,INSERT,500,92.03,43.23,47.12,46.62,49.05,57.60,92.03
1730851145058,0,INSERT,501,83.78,43.55,47.09,46.75,49.57,55.01,60.96
1730851145559,0,INSERT,501,90.69,43.74,47.97,47.23,50.78,60.06,87.55
1730851146060,0,INSERT,501,90.30,43.68,47.67,47.07,50.37,58.05,90.30
1730851146561,0,INSERT,496,142.72,43.68,49.15,47.10,54.85,72.13,142.72
1730851147062,0,INSERT,496,86.59,42.72,48.95,46.85,56.73,70.08,86.59
1730851147563,0,INSERT,501,88.96,42.75,48.73,46.62,55.52,70.33,85.69
1730851148064,0,INSERT,500,96.51,42.82,47.02,45.79,51.49,67.26,92.99
1730851148565,0,INSERT,500,90.11,42.88,46.49,46.02,48.58,58.11,87.81
1730851149066,0,INSERT,500,97.15,43.20,46.97,46.37,49.57,62.43,94.72
1730851149567,0,INSERT,500,94.27,43.20,47.83,47.20,50.02,63.39,94.27
1730851150068,0,INSERT,501,92.86,43.46,47.32,46.91,49.60,57.79,58.69
1730851150569,0,INSERT,495,144.51,43.42,49.94,48.09,59.68,74.37,144.51
1730851151070,0,INSERT,497,105.15,43.84,51.87,50.46,60.13,73.92,105.15
1730851151571,0,INSERT,500,104.64,43.17,47.39,46.78,50.30,60.51,88.06
1730851152072,0,INSERT,500,91.78,43.49,49.00,47.39,55.62,75.45,91.78
1730851152573,0,INSERT,500,95.68,43.20,50.18,48.06,57.25,70.91,95.68
1730851153074,0,INSERT,501,93.12,42.82,46.95,46.49,49.38,55.45,67.58
1730851153575,0,INSERT,501,82.88,43.17,47.02,46.78,49.28,54.08,82.05
1730851154076,0,INSERT,501,95.04,43.26,47.70,47.04,50.21,60.99,88.13
1730851154576,0,INSERT,492,135.94,43.49,49.82,47.77,58.66,75.90,135.94
1730851155077,0,INSERT,497,118.85,42.75,48.18,46.40,53.47,76.16,118.85
1730851155578,0,INSERT,501,85.18,42.82,46.64,46.17,49.15,58.49,81.09
1730851156079,0,INSERT,501,82.24,42.98,46.58,46.27,48.70,54.11,58.91
1730851156580,0,INSERT,1112,89.41,41.73,45.79,44.64,49.15,72.32,86.02
1730851157081,0,INSERT,7333,19824.64,41.41,189.24,47.68,109.89,6348.80,11370.50
1730851157582,0,INSERT,7534,22003.71,41.12,308.92,44.80,99.65,6823.94,12451.84
1730851158083,0,INSERT,6950,58523.65,41.38,2434.99,49.57,9453.57,29376.51,31490.05
1730851158584,0,INSERT,5352,194641.92,41.60,25027.91,24018.94,62652.42,79495.17,81395.71
1730851159085,0,INSERT,2746,751828.99,81264.64,209866.33,126812.16,371982.34,384303.10,402653.18
1730851159586,0,INSERT,5497,476577.79,313786.37,360524.98,336068.61,438304.77,473432.06,476577.79
1730851160087,0,INSERT,4079,1030750.21,340525.06,462155.66,481296.38,552075.26,570425.34,576192.51
1730851160588,0,INSERT,4636,639107.07,398196.74,498287.80,484966.40,605552.64,635437.06,638582.78
1730851161089,0,INSERT,4808,1052770.30,492568.58,580627.86,575668.22,652738.56,675807.23,675807.23
1730851161590,0,INSERT,3587,857210.88,516947.97,608346.19,604504.06,703070.21,724566.02,727711.74
1730851162091,0,INSERT,5165,1193279.49,612368.38,693434.91,666370.05,824705.02,920649.73,921174.02
1730851162592,0,INSERT,2741,800063.49,643825.66,711143.31,705691.65,780664.83,797966.33,800063.49
1730851163093,0,INSERT,5997,1287651.33,734003.20,837747.44,786432.00,981467.14,988282.88,1012400.13
1730851163594,0,INSERT,3325,1436549.12,795869.18,921036.10,850395.14,1056440.32,1060110.33,1083179.01
1730851164095,0,INSERT,1278,1087373.31,43.33,383057.94,301989.89,1043857.41,1053818.88,1080033.28
1730851164596,0,INSERT,492,93.44,43.46,50.66,48.73,61.44,76.61,93.44
1730851165097,0,INSERT,501,92.93,43.71,47.63,47.23,50.14,56.96,85.12
1730851165598,0,INSERT,493,701.95,42.91,51.01,47.65,59.30,76.86,701.95
1730851166099,0,INSERT,496,720.89,42.88,48.68,46.37,50.08,64.70,720.89
1730851166600,0,INSERT,501,88.19,42.66,46.73,46.14,48.86,58.53,85.57
1730851167101,0,INSERT,501,62.24,43.17,46.41,46.21,48.83,52.58,53.63
1730851167602,0,INSERT,501,84.29,43.10,46.85,46.53,49.12,53.95,83.52
1730851168103,0,INSERT,500,55.94,43.46,46.40,46.24,48.93,52.45,54.11
1730851168604,0,INSERT,500,121.53,43.04,48.03,47.04,50.94,77.31,121.53
1730851169105,0,INSERT,501,160.90,43.46,49.86,48.00,55.62,71.68,128.38
1730851169606,0,INSERT,494,198.01,43.78,52.60,50.14,61.70,79.87,198.01
1730851170107,0,INSERT,498,65.79,43.14,47.29,46.53,50.34,63.42,65.79
1730851170608,0,INSERT,501,87.49,43.04,47.71,46.62,51.04,80.45,83.39
1730851171109,0,INSERT,501,75.84,42.85,46.37,45.98,48.61,54.85,59.94
1730851171610,0,INSERT,501,84.16,43.36,47.28,46.69,50.24,57.57,82.94
1730851172111,0,INSERT,501,88.19,43.17,47.57,46.88,50.49,59.81,88.19
1730851172612,0,INSERT,501,86.85,43.14,47.25,46.53,50.02,59.87,85.44
1730851173113,0,INSERT,501,85.76,43.55,47.18,46.69,49.47,55.58,76.67
1730851173614,0,INSERT,491,142.08,43.17,50.69,48.32,60.99,76.73,142.08
1730851174115,0,INSERT,500,57.70,42.18,45.83,45.47,48.09,51.90,57.70
1730851174616,0,INSERT,501,92.03,42.88,46.91,46.30,49.57,57.76,84.16
1730851175117,0,INSERT,501,83.33,42.56,46.55,46.11,48.64,55.84,69.82
1730851175618,0,INSERT,501,88.51,42.98,46.83,46.27,48.54,60.41,83.65
1730851176119,0,INSERT,501,84.03,43.20,46.79,46.30,49.34,56.16,84.03
1730851176620,0,INSERT,501,89.09,43.33,46.90,46.56,49.02,56.90,82.50
1730851177121,0,INSERT,501,87.36,43.30,47.30,46.88,49.53,57.70,85.82
1730851177622,0,INSERT,493,140.54,43.46,52.01,49.22,63.45,83.14,140.54
1730851178123,0,INSERT,500,73.22,42.59,46.09,45.76,48.32,56.45,60.26
1730851178624,0,INSERT,500,86.46,42.82,46.92,46.30,49.31,59.17,86.46
1730851179125,0,INSERT,501,92.03,43.04,46.95,46.21,49.57,60.22,88.64
1730851179626,0,INSERT,501,93.69,43.46,47.49,46.78,50.11,62.78,90.17
1730851180127,0,INSERT,501,88.06,43.17,46.62,46.34,48.67,56.45,73.22
1730851180628,0,INSERT,501,145.79,43.01,47.58,46.72,49.76,63.90,102.27
1730851181129,0,INSERT,501,60.32,43.17,46.38,46.14,48.58,51.77,57.73
1730851181630,0,INSERT,492,139.65,42.75,50.05,48.13,60.58,66.81,139.65
1730851182131,0,INSERT,501,55.20,42.59,45.79,45.60,47.65,51.07,54.37
1730851182632,0,INSERT,501,98.62,42.72,46.58,46.14,48.96,56.22,86.72
1730851183133,0,INSERT,501,92.29,43.23,47.30,46.88,49.89,57.66,87.55
1730851183634,0,INSERT,501,88.51,43.52,47.51,46.91,49.98,59.17,87.23
1730851184135,0,INSERT,501,94.66,43.49,48.17,47.17,51.01,79.74,92.80
1730851184636,0,INSERT,501,95.87,43.17,47.97,46.94,51.42,84.93,91.90
1730851185137,0,INSERT,501,60.41,42.98,46.58,46.40,48.86,53.79,57.63
1730851185638,0,INSERT,491,726.53,42.69,52.99,48.64,60.22,76.86,726.53
1730851186139,0,INSERT,500,60.19,42.91,45.79,45.70,47.74,53.12,57.85
1730851186640,0,INSERT,499,119.10,42.78,49.22,47.45,54.53,82.05,119.10
1730851187141,0,INSERT,501,84.86,42.91,46.79,46.27,49.15,58.49,80.13
1730851187642,0,INSERT,501,89.53,43.01,47.14,46.53,49.57,61.31,86.40
1730851188143,0,INSERT,501,90.11,43.14,47.34,46.81,49.31,60.48,88.77
1730851188644,0,INSERT,501,93.57,43.94,49.07,47.52,52.99,83.01,91.71
1730851189145,0,INSERT,500,59.04,43.10,46.59,46.62,48.90,52.86,59.04
1730851189645,0,INSERT,490,88.70,43.17,50.39,48.19,61.38,74.75,88.70
1730851190146,0,INSERT,501,60.58,42.78,45.80,45.76,47.84,50.37,53.09
1730851190647,0,INSERT,501,87.17,42.91,47.05,46.59,49.41,59.62,85.12
1730851191148,0,INSERT,501,94.85,42.88,46.46,45.85,48.80,57.38,89.53
1730851191649,0,INSERT,501,87.30,42.88,47.08,46.46,49.98,60.64,80.06
1730851192150,0,INSERT,501,81.34,42.56,46.54,46.17,48.73,55.33,72.89
1730851192651,0,INSERT,501,91.78,43.26,47.41,46.62,49.82,61.50,89.47
1730851193152,0,INSERT,499,169.85,43.33,48.22,46.62,51.39,72.83,169.85
1730851193653,0,INSERT,494,308.22,43.26,49.89,47.55,60.29,77.82,308.22
1730851194154,0,INSERT,501,134.40,42.98,47.35,46.34,49.85,63.81,87.94
1730851194655,0,INSERT,501,85.06,43.33,47.11,46.56,49.73,54.94,83.71
1730851195156,0,INSERT,501,76.54,42.69,46.36,46.08,48.45,51.94,55.52
1730851195657,0,INSERT,501,88.25,43.17,46.38,46.21,48.35,52.67,76.54
1730851196158,0,INSERT,501,69.57,43.23,46.27,45.98,48.58,51.71,54.46
1730851196659,0,INSERT,501,97.53,43.01,47.27,46.56,49.63,61.50,92.48
1730851197160,0,INSERT,496,142.85,43.20,48.27,46.81,52.67,69.50,142.85
1730851197661,0,INSERT,493,79.74,43.14,48.25,47.04,53.02,68.93,79.74
1730851198162,0,INSERT,501,74.43,42.78,46.12,45.85,48.16,51.42,71.74
1730851198663,0,INSERT,501,96.64,43.17,46.85,46.14,49.22,59.36,92.22
1730851199164,0,INSERT,501,116.67,43.04,49.07,48.03,53.60,63.81,79.61
1730851199665,0,INSERT,501,134.40,46.53,53.31,50.85,59.49,106.94,134.14
1730851200166,0,INSERT,501,77.25,43.55,49.34,48.90,52.26,63.90,71.49
1730851200667,0,INSERT,501,87.36,43.62,48.77,47.26,55.26,64.73,86.08
1730851201168,0,INSERT,495,621.05,43.49,52.34,48.58,59.13,75.78,621.05
1730851201669,0,INSERT,495,139.26,43.14,49.17,47.52,54.56,67.78,139.26
1730851202170,0,INSERT,501,80.64,43.23,48.00,46.49,54.34,61.25,72.19
1730851202671,0,INSERT,501,89.02,43.10,48.86,46.85,55.36,78.21,85.95
1730851203172,0,INSERT,501,92.42,43.26,47.86,46.85,50.21,81.92,88.25
1730851203673,0,INSERT,501,94.59,43.26,47.97,46.94,51.23,80.64,92.35
1730851204174,0,INSERT,501,59.52,43.23,46.93,46.75,49.22,55.23,59.10
1730851204675,0,INSERT,501,94.08,43.36,47.56,46.81,49.92,63.39,86.97
1730851205176,0,INSERT,495,145.41,43.17,49.46,47.45,55.94,71.10,145.41
1730851205677,0,INSERT,497,87.49,42.98,47.92,46.62,51.30,64.58,87.49
1730851206178,0,INSERT,501,87.10,42.75,47.04,46.34,49.50,58.14,83.14
1730851206679,0,INSERT,2785,203.01,41.63,52.05,43.71,86.78,96.19,109.50
1730851207180,0,INSERT,7666,29949.95,41.22,641.49,44.54,96.96,15474.69,15843.33
1730851207681,0,INSERT,7219,39976.96,41.47,406.69,51.33,142.08,8683.52,10100.74
1730851208182,0,INSERT,4467,142737.41,41.89,44444.46,42795.01,93585.41,102760.45,104595.46
1730851208683,0,INSERT,5205,529530.88,41.76,127190.27,167378.94,196083.71,226099.20,229507.07
1730851209184,0,INSERT,3107,195952.64,27787.26,80680.24,80412.67,121700.35,130482.18,130809.85
1730851209685,0,INSERT,5437,696254.46,230555.65,289123.16,277610.49,330563.58,356777.98,359137.28
1730851210186,0,INSERT,3143,966787.07,219021.31,295050.07,264241.15,444596.22,457703.42,518258.69
1730851210687,0,INSERT,5781,504627.20,338952.19,396591.61,390332.41,463470.59,500170.75,503578.62
1730851211188,0,INSERT,3956,1032847.36,361234.43,477159.25,500170.75,569376.77,585105.41,605552.64
1730851211689,0,INSERT,4826,646971.39,418643.97,505178.85,481296.38,613941.25,644349.95,646971.39
1730851212190,0,INSERT,4596,1118830.59,540016.64,631455.42,627572.73,687341.57,740818.94,740818.94
1730851212691,0,INSERT,3880,780664.83,574095.36,659133.52,645922.81,754450.43,778567.68,780664.83
1730851213192,0,INSERT,4914,1256194.05,710934.53,806206.80,754450.43,957349.89,962592.77,978321.41
1730851213693,0,INSERT,1965,1053818.88,44.70,545269.14,750256.13,774897.66,780664.83,1040187.39
1730851214195,0,INSERT,487,82.69,43.71,53.01,50.69,62.62,77.89,82.69
1730851214695,0,INSERT,501,89.02,43.52,47.68,46.88,50.02,81.22,83.84
1730851215196,0,INSERT,489,132.74,43.17,50.30,48.13,61.57,69.44,132.74
1730851215697,0,INSERT,501,85.69,42.72,46.31,45.92,48.80,53.63,77.95
1730851216198,0,INSERT,501,62.46,42.91,46.22,46.11,48.16,53.41,60.06
1730851216699,0,INSERT,499,96.45,43.39,47.38,46.49,49.76,79.10,96.45
1730851217200,0,INSERT,500,60.51,43.04,46.31,46.21,48.58,54.49,56.80
1730851217701,0,INSERT,500,95.17,43.39,47.59,46.88,50.37,62.88,85.76
1730851218203,0,INSERT,500,106.11,43.36,47.95,46.81,50.56,77.38,94.08
1730851218704,0,INSERT,500,446.21,43.74,55.69,50.53,66.43,113.98,131.46
1730851219205,0,INSERT,493,150.27,43.30,49.75,47.39,60.06,71.42,150.27
1730851219706,0,INSERT,500,94.33,42.98,47.89,46.30,54.53,80.19,94.33
1730851220207,0,INSERT,500,75.26,42.66,48.41,46.59,55.33,63.81,75.26
1730851220708,0,INSERT,500,90.05,43.20,47.82,46.53,53.60,62.85,90.05
1730851221209,0,INSERT,501,61.25,42.88,46.19,45.95,48.35,51.52,55.17
1730851221710,0,INSERT,501,96.25,43.23,47.82,46.62,50.78,87.42,96.06
1730851222211,0,INSERT,501,86.53,42.98,46.73,46.34,49.02,54.40,59.77
1730851222712,0,INSERT,497,131.20,42.88,48.15,46.53,51.30,82.30,131.20
1730851223213,0,INSERT,491,83.20,42.75,49.05,47.30,59.45,68.16,83.20
1730851223714,0,INSERT,501,93.50,43.01,48.47,46.53,54.08,80.25,92.16
1730851224215,0,INSERT,501,95.36,43.26,47.11,46.40,49.73,59.13,88.25
1730851224716,0,INSERT,501,80.83,43.20,46.61,46.30,48.93,52.96,54.30
1730851225217,0,INSERT,501,56.54,43.42,46.49,46.21,48.70,52.35,56.54
1730851225718,0,INSERT,501,94.14,43.52,48.16,47.01,51.23,83.01,91.97
1730851226219,0,INSERT,501,69.25,43.17,47.10,46.78,49.34,55.65,58.53
1730851226720,0,INSERT,498,139.90,43.36,48.63,47.01,52.83,69.82,139.90
1730851227221,0,INSERT,498,79.10,43.33,50.80,48.96,59.87,67.65,79.10
1730851227722,0,INSERT,501,94.97,43.23,51.13,49.15,57.73,78.40,90.24
1730851228223,0,INSERT,501,85.25,43.07,47.09,46.17,51.42,59.45,71.74
1730851228724,0,INSERT,501,93.06,43.14,47.00,46.30,49.38,61.53,87.68
1730851229225,0,INSERT,501,93.18,42.88,46.89,46.56,49.02,56.54,74.56
1730851229725,0,INSERT,501,96.58,43.20,48.28,47.10,51.81,81.73,91.90
1730851230226,0,INSERT,501,94.21,43.10,47.01,46.40,49.57,58.78,89.09
1730851230727,0,INSERT,495,133.12,43.52,50.23,47.71,59.01,86.59,133.12
1730851231228,0,INSERT,496,675.84,43.23,49.27,47.04,51.84,62.02,675.84
1730851231729,0,INSERT,501,140.41,42.78,47.00,46.21,49.47,64.64,91.20
1730851232230,0,INSERT,501,56.06,42.88,46.32,45.98,48.64,52.48,54.85
1730851232731,0,INSERT,501,92.35,43.33,47.35,46.53,49.50,61.09,90.30
1730851233232,0,INSERT,501,59.90,43.14,46.50,46.14,48.86,53.05,57.47
1730851233733,0,INSERT,501,114.37,43.39,47.49,46.62,49.89,63.87,91.01
1730851234234,0,INSERT,501,97.15,43.36,47.31,46.56,49.66,60.58,86.33
1730851234735,0,INSERT,493,139.13,43.42,49.25,47.07,57.85,70.91,139.13
1730851235236,0,INSERT,496,79.42,42.91,47.32,46.43,49.92,63.36,79.42
1730851235737,0,INSERT,501,107.58,43.36,47.75,46.75,50.43,85.12,90.30
1730851236238,0,INSERT,501,90.81,43.01,46.64,46.14,49.44,55.97,61.09
1730851236739,0,INSERT,501,88.19,43.07,47.04,46.43,49.73,62.40,87.17
1730851237240,0,INSERT,501,59.20,43.04,46.58,46.40,49.31,54.11,58.46
1730851237741,0,INSERT,501,112.96,42.88,47.29,46.27,49.95,67.07,90.94
1730851238242,0,INSERT,501,54.37,42.21,46.42,46.14,48.96,53.50,53.92
1730851238743,0,INSERT,494,675.33,43.33,51.79,48.06,60.70,82.37,675.33
1730851239244,0,INSERT,499,90.43,43.23,49.70,47.71,57.50,72.58,90.43
1730851239745,0,INSERT,501,104.38,42.85,48.71,47.01,54.66,79.68,94.46
1730851240246,0,INSERT,501,57.79,43.01,46.41,46.14,48.73,53.28,55.30
1730851240747,0,INSERT,501,96.19,43.26,47.27,46.59,49.70,63.26,87.74
1730851241248,0,INSERT,501,69.89,43.04,46.44,46.21,48.48,52.70,65.25
1730851241749,0,INSERT,501,92.35,43.20,47.38,46.62,50.08,62.72,85.63
1730851242250,0,INSERT,501,56.67,43.04,46.49,46.40,48.86,52.67,55.65
1730851242751,0,INSERT,491,146.56,43.07,50.22,47.90,61.31,75.07,146.56
1730851243252,0,INSERT,499,92.09,43.01,47.97,46.81,51.74,64.54,92.09
1730851243753,0,INSERT,501,95.61,43.42,47.78,46.46,50.78,79.49,91.78
1730851244254,0,INSERT,501,60.61,43.01,46.38,46.17,48.77,53.09,59.49
1730851244755,0,INSERT,500,94.27,43.17,46.94,46.37,49.41,56.35,84.09
1730851245256,0,INSERT,500,86.85,43.39,47.58,47.04,50.37,59.65,80.96
1730851245757,0,INSERT,500,89.86,43.65,47.77,47.10,50.62,62.05,89.41
1730851246258,0,INSERT,500,91.52,43.04,46.79,46.37,48.83,56.45,91.52
1730851246759,0,INSERT,492,138.62,43.42,50.35,48.13,60.80,73.98,138.62
1730851247260,0,INSERT,500,63.97,43.07,46.62,46.14,49.34,60.22,63.97
1730851247761,0,INSERT,501,92.29,43.17,47.06,46.43,49.85,57.60,82.50
1730851248262,0,INSERT,501,92.93,43.23,47.53,46.69,50.91,58.69,91.14
1730851248763,0,INSERT,501,150.91,43.23,50.12,47.07,56.38,89.28,146.94
1730851249264,0,INSERT,501,59.26,43.33,46.60,46.40,48.73,53.28,59.17
1730851249765,0,INSERT,501,91.97,43.14,47.18,46.59,49.57,58.62,89.02
1730851250266,0,INSERT,501,54.27,43.26,46.59,46.43,48.80,51.07,53.79
1730851250767,0,INSERT,492,137.22,43.14,50.52,47.94,61.09,77.44,137.22
1730851251268,0,INSERT,500,53.79,42.91,45.57,45.60,47.49,50.85,53.73
1730851251769,0,INSERT,500,102.97,42.98,47.05,46.27,49.34,61.79,102.97
1730851252270,0,INSERT,500,117.57,43.10,46.74,46.21,48.80,54.88,117.57
1730851252771,0,INSERT,501,88.19,43.62,47.22,46.66,49.38,56.96,86.33
1730851253272,0,INSERT,500,89.92,43.17,47.46,46.59,50.05,61.22,89.92
1730851253773,0,INSERT,501,101.06,42.66,48.22,46.98,51.17,84.22,87.30
1730851254274,0,INSERT,501,89.92,42.98,47.01,46.62,49.38,55.87,85.18
1730851254775,0,INSERT,490,141.82,43.20,51.57,48.83,62.30,78.85,141.82
1730851255276,0,INSERT,500,60.35,42.75,45.89,45.79,47.87,51.04,60.35
1730851255777,0,INSERT,501,88.70,42.88,46.69,46.21,49.09,55.77,87.23
1730851256278,0,INSERT,501,93.38,42.56,46.83,46.37,49.31,56.80,71.74
1730851256779,0,INSERT,3870,15876.09,41.44,357.16,44.61,98.56,7753.73,8683.52
1730851257280,0,INSERT,7412,21610.49,41.47,78.25,49.70,104.13,161.66,792.58
1730851257781,0,INSERT,7097,31195.13,41.47,900.68,49.22,146.69,15638.53,17219.58
1730851258282,0,INSERT,5463,220594.17,41.38,17185.71,6180.86,50167.81,65667.07,67076.10
1730851258783,0,INSERT,3432,451936.26,67239.94,176920.66,122683.39,297795.58,312213.50,356253.70
1730851259284,0,INSERT,5382,304611.33,158334.98,231907.43,251789.31,268697.60,302252.03,304611.33
1730851259785,0,INSERT,4794,922746.88,204472.32,289733.37,282591.23,360448.00,386924.54,388497.41
1730851260286,0,INSERT,4132,722468.86,220200.96,281062.62,278134.78,338690.05,364904.45,366477.31
1730851260787,0,INSERT,4712,963641.34,353370.11,400282.47,395575.29,452460.54,473432.06,475529.22
1730851261288,0,INSERT,3191,585105.41,397934.59,454729.68,445382.66,517472.26,538443.78,540016.64
1730851261789,0,INSERT,5642,1049100.29,456130.56,516211.48,510656.51,575143.94,602406.91,615514.11
1730851262290,0,INSERT,2620,1160773.63,549453.82,652284.53,639631.36,795869.18,848822.27,848822.27
1730851262791,0,INSERT,5974,1070596.09,602931.20,658226.65,655360.00,702545.92,779616.26,780140.54
1730851263292,0,INSERT,3763,1299185.66,701497.34,885966.00,935329.79,998768.64,1002962.94,1030750.21
1730851263793,0,INSERT,1837,935329.79,44.22,524192.90,725614.59,814219.26,871890.94,884998.14
1730851264294,0,INSERT,489,710.65,43.33,51.70,48.48,60.83,67.78,710.65
1730851264795,0,INSERT,494,82.69,43.23,48.81,47.49,54.62,66.17,82.69
1730851265296,0,INSERT,501,88.25,43.14,46.77,46.27,48.93,54.66,84.03
1730851265797,0,INSERT,501,116.73,43.55,48.14,46.88,51.39,80.51,89.47
1730851266298,0,INSERT,501,91.71,43.04,46.81,46.49,48.96,53.25,85.69
1730851266799,0,INSERT,501,89.47,43.55,47.93,46.98,51.04,78.85,87.55
1730851267300,0,INSERT,501,90.30,43.33,47.17,46.75,49.57,56.80,62.40
1730851267801,0,INSERT,499,702.46,43.65,50.35,47.58,53.38,70.14,702.46
1730851268302,0,INSERT,496,80.00,43.01,47.93,46.91,51.90,64.77,80.00
1730851268803,0,INSERT,500,93.69,42.91,47.22,46.37,49.82,78.66,93.50
1730851269304,0,INSERT,500,89.22,43.26,46.95,46.75,49.47,54.14,60.03
1730851269805,0,INSERT,500,96.83,43.39,47.65,46.94,49.92,81.53,89.92
1730851270306,0,INSERT,500,59.90,43.49,46.72,46.66,48.96,54.24,56.38
1730851270807,0,INSERT,500,142.85,43.04,47.70,47.01,49.60,58.49,142.85
1730851271308,0,INSERT,501,94.85,43.49,48.25,47.68,50.98,57.34,74.05
1730851271809,0,INSERT,493,717.82,43.49,52.18,48.83,60.32,86.59,717.82
1730851272310,0,INSERT,496,72.83,43.39,48.83,47.58,53.85,68.73,72.83
1730851272811,0,INSERT,501,111.49,43.07,48.44,47.13,51.58,88.89,106.62
1730851273312,0,INSERT,501,62.17,43.49,47.48,47.13,50.14,54.56,60.26
1730851273813,0,INSERT,501,93.25,43.30,48.81,47.65,52.22,81.02,89.92
1730851274314,0,INSERT,501,59.65,42.78,47.37,47.04,50.43,54.56,57.22
1730851274815,0,INSERT,501,90.43,42.88,48.13,47.33,51.33,63.58,88.64
1730851275316,0,INSERT,501,59.30,42.85,46.90,46.75,49.44,52.38,57.79
1730851275817,0,INSERT,495,141.31,43.46,50.41,47.87,61.15,81.22,141.31
1730851276318,0,INSERT,498,66.11,43.04,47.68,46.88,50.43,62.72,66.11
1730851276819,0,INSERT,500,87.17,43.26,47.21,46.49,49.79,60.26,87.17
1730851277320,0,INSERT,501,85.82,43.01,46.72,46.43,49.12,53.47,56.22
1730851277821,0,INSERT,501,88.83,43.42,47.32,46.72,50.08,58.49,81.73
1730851278322,0,INSERT,501,57.18,43.10,47.07,46.59,49.85,54.62,57.15
1730851278823,0,INSERT,501,93.57,43.55,48.02,47.17,50.94,67.07,87.55
1730851279324,0,INSERT,501,58.53,43.55,47.07,46.81,49.57,52.90,57.41
1730851279825,0,INSERT,496,128.32,43.30,49.75,47.71,58.46,81.28,128.32
1730851280326,0,INSERT,499,66.69,42.66,47.14,46.49,50.53,61.53,66.69
1730851280827,0,INSERT,501,93.38,43.14,47.40,46.59,49.79,65.18,85.12
1730851281328,0,INSERT,501,85.82,43.68,48.11,47.30,51.10,63.87,83.71
1730851281829,0,INSERT,500,87.74,43.62,47.92,47.20,50.69,60.99,83.20
1730851282330,0,INSERT,500,63.97,43.07,46.72,46.56,49.12,53.85,55.65
1730851282831,0,INSERT,500,99.45,43.90,48.62,47.39,51.77,88.32,95.81
1730851283332,0,INSERT,500,462.85,43.62,53.24,50.91,59.39,97.41,112.89
1730851283833,0,INSERT,378,275513.34,43.23,785.19,50.81,66.81,146.81,275513.34
1730851284334,0,INSERT,497,373.76,43.71,54.12,50.37,59.33,97.98,373.76
1730851284835,0,INSERT,500,119.87,43.33,48.09,47.01,51.30,74.24,119.87
1730851285336,0,INSERT,501,62.62,43.10,46.22,46.05,48.22,52.29,55.94
1730851285837,0,INSERT,501,88.70,43.20,47.08,46.37,49.63,56.64,85.63
1730851286337,0,INSERT,501,57.22,43.20,46.56,46.27,48.96,52.64,55.13
1730851286838,0,INSERT,501,113.66,43.55,48.45,47.23,51.62,85.76,93.76
1730851287339,0,INSERT,501,93.12,43.17,47.88,47.10,50.88,59.10,92.61
1730851287840,0,INSERT,496,638.46,43.30,51.52,48.13,60.22,82.62,638.46
1730851288341,0,INSERT,498,66.43,42.98,46.95,45.98,49.95,62.88,66.43
1730851288842,0,INSERT,500,104.89,42.85,47.70,46.59,50.02,86.14,104.89
1730851289343,0,INSERT,501,66.05,43.07,46.89,46.46,49.82,56.00,59.45
1730851289844,0,INSERT,501,128.19,43.74,49.87,48.64,54.27,76.61,116.61
1730851290345,0,INSERT,501,79.42,43.39,47.02,46.56,49.70,57.79,76.03
1730851290846,0,INSERT,501,92.42,43.30,48.66,46.88,55.23,72.45,90.17
1730851291347,0,INSERT,501,81.28,43.46,48.98,47.13,56.70,60.13,75.33
1730851291848,0,INSERT,494,713.73,43.49,51.18,48.00,59.52,68.93,713.73
1730851292349,0,INSERT,499,63.58,43.10,47.18,46.46,50.27,61.38,63.58
1730851292850,0,INSERT,501,92.09,42.98,47.74,46.91,50.17,83.45,90.50
1730851293351,0,INSERT,501,93.50,43.01,47.94,46.98,50.72,65.86,92.16
1730851293852,0,INSERT,501,91.58,43.42,47.84,46.98,50.17,81.47,87.49
1730851294353,0,INSERT,501,57.92,43.30,46.54,46.37,48.70,50.81,54.05
1730851294854,0,INSERT,501,90.30,43.17,47.99,46.94,50.17,83.26,89.22
1730851295355,0,INSERT,501,77.44,43.58,47.23,46.85,49.60,53.95,72.45
1730851295856,0,INSERT,492,136.32,43.36,50.89,48.13,61.66,80.58,136.32
1730851296357,0,INSERT,499,93.95,43.10,53.55,52.03,60.93,86.02,93.95
