timestamp,client_id,op_type,count,max,min,avg,50p,90p,99p,99.9p
1730756367361,0,INSERT,1586,9830.40,49.98,165.27,57.95,80.25,4603.90,7532.54
1730756367862,0,INSERT,2252,225.28,52.58,60.26,59.07,64.93,85.89,105.92
1730756368363,0,INSERT,2064,808.45,52.06,61.78,59.04,70.40,89.41,193.41
1730756368863,0,INSERT,2174,320.77,52.51,61.34,59.17,67.84,91.07,236.29
1730756369364,0,INSERT,2078,926.72,51.10,60.11,57.63,68.03,83.97,105.98
1730756369865,0,INSERT,2163,724.48,52.03,59.98,57.47,65.60,85.44,196.86
1730756370366,0,INSERT,2155,824.32,51.14,60.11,57.25,66.24,85.38,770.56
1730756370868,0,INSERT,2134,832.51,52.03,60.45,57.95,67.58,86.97,158.34
1730756371369,0,INSERT,2186,136.70,52.32,60.93,58.85,68.29,89.34,116.09
1730756371870,0,INSERT,2078,1429.50,51.20,63.94,59.23,68.54,89.15,911.36
1730756372371,0,INSERT,2080,28737.53,51.07,923.64,56.99,68.03,23756.80,28409.85
1730756372871,0,INSERT,998,289669.12,29163.52,148870.10,145752.06,254279.68,286785.53,289406.97
1730756373372,0,INSERT,752,601882.62,290193.41,435611.69,423624.70,568852.48,598736.90,601882.62
1730756373873,0,INSERT,676,921698.30,601882.62,760107.47,759169.02,889192.45,919076.86,921174.02
1730756374374,0,INSERT,679,1254096.90,922222.59,1086112.78,1086324.74,1219493.89,1250951.17,1254096.90
1730756374875,0,INSERT,677,1601175.55,1254096.90,1427729.16,1429209.09,1566572.54,1598029.82,1601175.55
1730756375376,0,INSERT,677,1947205.63,1601175.55,1774248.50,1775239.17,1913651.20,1945108.48,1947205.63
1730756375877,0,INSERT,593,2313158.65,1947205.63,2116679.74,2107637.76,2271215.62,2308964.35,2313158.65
1730756376378,0,INSERT,440,2711617.54,2311061.50,2502160.92,2508193.79,2671771.65,2709520.38,2711617.54
1730756376878,0,INSERT,433,3114270.72,2711617.54,2912946.55,2912944.13,3074424.83,3110076.42,3114270.72
1730756377380,0,INSERT,434,3516923.90,3112173.57,3314524.58,3313500.16,3474980.86,3512729.60,3516923.90
1730756377881,0,INSERT,434,3917479.94,3514826.75,3716399.78,3716153.34,3877634.05,3913285.63,3917479.94
1730756378382,0,INSERT,434,4320133.12,3917479.94,4110135.24,4120903.68,4282384.38,4320133.12,0.01
1730756378883,0,INSERT,432,4722786.30,4320133.12,4521034.48,4521459.71,4685037.57,4718592.00,4722786.30
1730756379384,0,INSERT,433,5125439.49,4722786.30,4922471.01,4924112.89,5083496.45,5121245.18,5125439.49
1730756379885,0,INSERT,434,5523898.37,5121245.18,5323857.13,5326766.08,5486149.63,5523898.37,5523898.37
1730756380386,0,INSERT,373,7952400.38,5523898.37,5770902.50,5716836.35,5909774.33,7939817.47,7952400.38
1730756380887,0,INSERT,285,6375342.08,5939134.46,6157142.61,6161432.58,6341787.65,6375342.08,6375342.08
1730756381387,0,INSERT,275,6811549.70,6383730.69,6597220.76,6601834.50,6773800.96,6807355.39,6811549.70
1730756381888,0,INSERT,278,7256145.92,6815744.00,7033244.31,7033847.81,7205814.27,7251951.62,7256145.92
1730756382390,0,INSERT,282,7692353.54,7256145.92,7474963.65,7478444.03,7658799.10,7692353.54,7692353.54
1730756382891,0,INSERT,275,8124366.85,7700742.14,7913744.15,7918845.95,8090812.42,8124366.85,8124366.85
1730756383392,0,INSERT,275,8560574.46,8132755.46,8347084.39,8350859.26,8522825.73,8560574.46,8560574.46
1730756383893,0,INSERT,279,9009364.99,8564768.77,8783240.89,8782872.57,8959033.34,9000976.38,9009364.99
1730756384394,0,INSERT,275,9437184.00,9000976.38,9186513.55,9219080.19,9395240.96,9437184.00,9445572.61
1730756384895,0,INSERT,280,9873391.62,9437184.00,9658733.13,9663676.41,9839837.18,9873391.62,9873391.62
1730756385396,0,INSERT,275,10309599.23,9881780.22,10095659.22,10099884.03,10276044.80,10309599.23,10309599.23
1730756385896,0,INSERT,279,10754195.46,10309599.23,10531686.88,10536091.65,10712252.41,10754195.46,10754195.46
1730756386397,0,INSERT,275,11190403.07,10754195.46,10967982.94,10972299.26,11140071.42,11182014.46,11190403.07
1730756386898,0,INSERT,281,11626610.69,11182014.46,11406641.09,11408506.88,11584667.65,11626610.69,11626610.69
1730756387399,0,INSERT,242,12071206.91,11626610.69,11836637.86,11827937.28,12029263.87,12071206.91,12071206.91
1730756387900,0,INSERT,181,12524191.74,12071206.91,12291326.77,12297699.33,12482248.70,12524191.74,12524191.74
1730756388401,0,INSERT,182,12993953.79,12524191.74,12759948.50,12767461.38,12952010.75,12993953.79,12993953.79
1730756388903,0,INSERT,176,13446938.62,13002342.40,13224020.90,13220446.21,13404995.58,13446938.62,13446938.62
1730756389404,0,INSERT,176,13908312.06,13455327.23,13679770.16,13673431.04,13866369.02,13899923.46,13908312.06
1730756389905,0,INSERT,181,14378074.11,13908312.06,14142289.34,14143193.09,14327742.46,14378074.11,14378074.11
1730756390406,0,INSERT,176,14822670.34,14378074.11,14603422.63,14604566.53,14780727.29,14822670.34,14822670.34
1730756390906,0,INSERT,176,15275655.17,14831058.94,15050020.68,15049162.75,15225323.52,15267266.56,15275655.17
1730756391407,0,INSERT,182,15728640.00,15275655.17,15503023.32,15502147.58,15686696.96,15728640.00,15728640.00
1730756391908,0,INSERT,176,16181624.83,15737028.61,15961471.53,15955132.41,16139681.79,16181624.83,16181624.83
1730756392409,0,INSERT,176,16634609.66,16190013.44,16413074.15,16408117.25,16592666.62,16634609.66,16634609.66
1730756392910,0,INSERT,176,17087594.50,16642998.27,16865010.41,16861102.08,17045651.45,17087594.50,17087594.50
1730756393411,0,INSERT,181,17565745.15,17095983.10,17323471.96,17330864.13,17515413.50,17565745.15,17565745.15
1730756393912,0,INSERT,176,18018729.98,17548967.94,17781275.18,17783848.96,17968398.34,18018729.98,18018729.98
1730756394413,0,INSERT,176,18471714.82,18001952.77,18235117.94,18236833.79,18421383.17,18471714.82,18471714.82
1730756394914,0,INSERT,182,18941476.86,18454937.60,18699589.97,18706595.84,18891145.21,18941476.86,18941476.86
1730756395416,0,INSERT,176,19394461.70,18941476.86,19164060.95,19159580.67,19344130.05,19394461.70,19394461.70
1730756395916,0,INSERT,176,19864223.74,19394461.70,19625265.58,19629342.72,19813892.09,19864223.74,19864223.74
1730756396417,0,INSERT,176,20317208.57,19864223.74,20091097.46,20099104.77,20283654.14,20317208.57,20317208.57
1730756396918,0,INSERT,176,20770193.41,20317208.58,20549039.20,20552089.60,20736638.98,20770193.41,20770193.41
1730756397419,0,INSERT,176,21239955.45,20770193.41,21004883.78,21005074.43,21189623.81,21239955.45,21239955.45
1730756397920,0,INSERT,181,21709717.50,21223178.24,21468209.02,21474836.48,21659385.86,21709717.50,21709717.50
1730756398421,0,INSERT,155,22179479.55,21709717.50,21918350.30,21911044.09,22129147.90,22162702.34,22179479.55
1730756398922,0,INSERT,120,22649241.60,22162702.34,22389054.94,22380806.14,22598909.95,22649241.60,22649241.60
1730756399423,0,INSERT,118,23119003.65,22649241.60,22884549.16,22884122.62,23068672.00,23119003.65,23119003.65
1730756399924,0,INSERT,110,23588765.70,23135780.86,23362425.80,23353884.67,23538434.05,23588765.70,23588765.70
1730756400424,0,INSERT,113,24075304.96,23588765.70,23826838.85,23840423.93,24024973.31,24075304.96,24075304.96
1730756400925,0,INSERT,118,24545067.01,24075304.96,24310612.52,24310185.98,24494735.36,24545067.01,24545067.01
1730756401426,0,INSERT,110,25014829.05,24561844.22,24788336.64,24779948.03,24964497.41,24998051.84,25014829.05
1730756401927,0,INSERT,113,25501368.32,25014829.06,25253347.62,25266487.30,25451036.67,25501368.32,25501368.32
1730756402429,0,INSERT,118,25971130.37,25501368.32,25736533.70,25736249.34,25920798.72,25971130.37,25971130.37
1730756402930,0,INSERT,110,26440892.41,25987907.58,26214552.52,26206011.39,26390560.77,26440892.41,26440892.41
1730756403431,0,INSERT,113,26927431.68,26457669.63,26679410.98,26692550.66,26877100.03,26927431.68,26927431.68
1730756403932,0,INSERT,118,27397193.73,26927431.68,27162739.24,27162312.70,27346862.08,27397193.73,27397193.73
1730756404433,0,INSERT,110,27866955.77,27413970.94,27640310.84,27632074.75,27816624.13,27850178.56,27866955.77
1730756404934,0,INSERT,113,28353495.04,27883732.99,28105325.87,28118614.02,28303163.39,28353495.04,28353495.04
1730756405435,0,INSERT,118,28823257.09,28353495.04,28588802.60,28588376.06,28772925.44,28823257.09,28823257.09
1730756405935,0,INSERT,110,29293019.14,28840034.30,29066221.68,29058138.11,29242687.49,29276241.92,29293019.14
1730756406436,0,INSERT,113,29779558.40,29293019.14,29530943.81,29544677.38,29729226.75,29779558.40,29779558.40
1730756406937,0,INSERT,118,30249320.45,29779558.40,30014865.96,30014439.42,30198988.80,30249320.45,30249320.45
1730756407438,0,INSERT,110,30719082.50,30266097.66,30492742.60,30484201.47,30668750.85,30719082.50,30719082.50
1730756407939,0,INSERT,113,31205621.76,30719082.50,30957749.53,30970740.73,31155290.11,31205621.76,31205621.76
1730756408440,0,INSERT,118,31675383.81,31205621.76,31440929.32,31440502.78,31625052.16,31675383.81,31675383.81
1730756408941,0,INSERT,110,32145145.86,31692161.02,31919721.08,31910264.83,32094814.21,32145145.86,32145145.86
1730756409442,0,INSERT,113,32631685.12,32161923.07,32384406.77,32396804.09,32581353.47,32631685.12,32631685.12
1730756409943,0,INSERT,118,33101447.17,32631685.12,32866992.68,32866566.14,33051115.52,33101447.17,33101447.17
1730756410444,0,INSERT,110,33571209.22,33118224.38,33345784.44,33336328.19,33520877.57,33571209.22,33571209.22
1730756410944,0,INSERT,113,34057748.48,33587986.43,33810173.19,33822867.45,34007416.83,34057748.48,34057748.48
1730756411446,0,INSERT,118,34527510.53,34057748.48,34293482.58,34292629.50,34493956.09,34527510.53,34527510.53
1730756411947,0,INSERT,110,34997272.58,34527510.53,34771542.76,34762391.55,34963718.14,34997272.58,34997272.58
1730756412448,0,INSERT,113,35500589.05,34997272.58,35236756.20,35265708.03,35433480.19,35500589.05,35500589.05
1730756412949,0,INSERT,118,35970351.10,35467034.62,35718408.50,35735470.08,35903242.24,35970351.10,35970351.10
1730756413450,0,INSERT,110,36440113.15,35970351.10,36197301.08,36205232.13,36373004.29,36440113.15,36440113.15
1730756413951,0,INSERT,113,36909875.20,36440113.15,36662671.09,36674994.17,36876320.77,36909875.20,36909875.20
1730756414452,0,INSERT,118,37379637.25,36909875.20,37146178.02,37144756.22,37346082.81,37379637.25,37379637.25
1730756414953,0,INSERT,110,37849399.30,37379637.25,37624279.56,37614518.27,37815844.86,37849399.30,37849399.30
1730756415453,0,INSERT,113,38352715.77,37849399.30,38090367.63,38117834.75,38285606.91,38352715.77,38352715.77
1730756415954,0,INSERT,96,38822477.82,38319161.34,38565576.70,38587596.80,38788923.39,38822477.82,38822477.82
1730756416455,0,INSERT,66,39258685.44,38856032.26,39062116.57,39090913.28,39258685.44,39258685.44,39325794.30
1730756416956,0,INSERT,75,39762001.92,39292239.87,39015303.96,39560675.33,39762001.92,39762001.92,0.01
1730756417457,0,INSERT,69,40265318.40,39795556.35,40023386.08,40063991.81,40231763.97,40265318.40,40265318.40
1730756417958,0,INSERT,74,40735080.45,40265318.40,40497478.79,40500199.42,40735080.45,40735080.45,40735080.45
1730756418459,0,INSERT,77,41238396.93,40735080.45,41000683.39,41037070.34,41238396.93,41238396.93,41238396.93
1730756418960,0,INSERT,69,41741713.41,41271951.36,41486164.80,41506832.38,41674604.54,41741713.41,41741713.41
1730756419461,0,INSERT,74,42211475.45,41708158.98,41962537.85,41976594.43,42177921.02,42211475.45,42211475.45
1730756419961,0,INSERT,77,42714791.94,42211475.46,42466184.10,42479910.91,42681237.50,42714791.94,42714791.94
1730756420462,0,INSERT,66,43150999.55,42714791.94,42943063.75,42916118.53,43150999.55,43150999.55,43150999.55
1730756420963,0,INSERT,77,43654316.03,43150999.55,43416602.49,43452989.44,43654316.03,43654316.03,43654316.03
1730756421464,0,INSERT,69,44157632.51,43687870.46,43905487.98,43922751.49,44090523.65,44157632.51,44157632.51
1730756421965,0,INSERT,73,44627394.56,44124078.08,44376655.62,44392513.53,44593840.13,44627394.56,44627394.56
1730756422466,0,INSERT,77,45130711.04,44627394.56,44876002.40,44895830.02,45097156.61,45130711.04,45130711.04
1730756422967,0,INSERT,69,45600473.09,45130711.04,45363890.03,45399146.49,45566918.66,45600473.09,45600473.09
1730756423469,0,INSERT,74,46070235.13,45600473.09,45837621.30,45835354.11,46070235.13,46070235.13,46070235.13
1730756423970,0,INSERT,76,46573551.62,46103789.57,46341761.13,46372225.02,46573551.62,46573551.62,46573551.62
1730756424471,0,INSERT,70,47076868.09,46607106.05,46826168.55,46841987.07,47009759.23,47076868.09,47076868.09
1730756424972,0,INSERT,73,47546630.14,47076868.10,47305543.85,47311749.12,47513075.71,47546630.14,47546630.14
1730756425473,0,INSERT,70,48016392.19,47546630.14,47779114.42,47815065.60,47982837.76,48016392.19,48016392.19
1730756425973,0,INSERT,73,48519708.67,48016392.19,48256099.54,48284827.65,48452599.81,48519708.67,48519708.67
1730756426474,0,INSERT,73,48989470.72,48486154.24,48741489.68,48754589.70,48955916.29,48989470.72,48989470.72
1730756426975,0,INSERT,77,49492787.20,48989470.72,49242000.50,49257906.17,49459232.77,49492787.20,49492787.20
1730756427476,0,INSERT,70,49996103.68,49492787.20,49729585.62,49761222.66,49928994.81,49996103.68,49996103.68
1730756427977,0,INSERT,74,50432311.30,49962549.25,50207859.35,50230984.70,50432311.30,50432311.30,50432311.30
1730756428478,0,INSERT,69,50935627.77,50465865.73,50684455.83,50700746.75,50868518.91,50935627.77,50935627.77
1730756428979,0,INSERT,74,51405389.82,50935627.78,51162346.91,51170508.80,51405389.82,51405389.82,51405389.82
1730756429480,0,INSERT,77,51908706.30,51405389.82,51664456.19,51673825.28,51875151.87,51908706.30,51908706.30
1730756429981,0,INSERT,69,52412022.78,51908706.30,52148693.44,52177141.76,52344913.92,52412022.78,52412022.78
1730756430481,0,INSERT,74,52848230.40,52378468.35,52625592.21,52646903.81,52848230.40,52848230.40,52848230.40
1730756430982,0,INSERT,77,53385101.31,52881784.83,53128649.58,53150220.29,53351546.88,53385101.31,53385101.31
1730756431483,0,INSERT,66,53821308.93,53385101.31,53604221.92,53586427.90,53821308.93,53821308.93,53821308.93
1730756431984,0,INSERT,77,54324625.41,53821308.93,54080811.06,54089744.38,54291070.98,54324625.41,54324625.41
1730756432485,0,INSERT,69,54827941.89,54358179.84,54567044.02,54593060.86,54760833.02,54827941.89,54827941.89
1730756432986,0,INSERT,74,55264149.50,54794387.46,55041511.31,55062822.91,55264149.50,55264149.50,55264149.50
1730756433487,0,INSERT,77,55801020.41,55297703.94,55547183.32,55566139.39,55767465.98,55801020.41,55801020.41
1730756433988,0,INSERT,69,56270782.46,55801020.42,56033713.11,56069455.87,56237228.03,56270782.46,56270782.46
1730756434489,0,INSERT,74,56740544.51,56270782.46,56507477.24,56505663.49,56740544.51,56740544.51,56740544.51
1730756434989,0,INSERT,69,57243860.99,56774098.94,56986853.49,57008979.97,57176752.13,57243860.99,57243860.99
1730756435490,0,INSERT,74,57680068.61,57210306.56,57457883.86,57478742.02,57680068.61,57680068.61,57680068.61
1730756435991,0,INSERT,77,58216939.52,57713623.04,57965281.28,57982058.49,58183385.09,58216939.52,58216939.52
1730756436492,0,INSERT,69,58686701.57,58216939.52,58450118.51,58485374.98,58653147.13,58686701.57,58686701.57
1730756436993,0,INSERT,74,59156463.62,58686701.57,58925663.54,58921582.59,59156463.62,59156463.62,59156463.62
1730756437494,0,INSERT,77,59659780.09,59190018.05,59428167.36,59458453.50,59659780.09,59659780.09,59659780.09
1730756437995,0,INSERT,66,60095987.71,59693334.53,59905337.53,59894661.12,60095987.71,60095987.71,60095987.71
1730756438496,0,INSERT,77,60632858.62,60129542.14,60384250.79,60397977.60,60599304.19,60632858.62,60632858.62
1730756438997,0,INSERT,69,61102620.67,60632858.62,60866037.61,60901294.08,61069066.24,61102620.67,61102620.67
1730756439498,0,INSERT,74,61572382.72,61102620.67,61344756.71,61371056.13,61572382.72,61572382.72,61572382.72
1730756439999,0,INSERT,77,62075699.20,61605937.15,61844086.46,61874372.61,62075699.20,62075699.20,62075699.20
1730756440499,0,INSERT,69,62579015.68,62109253.63,62334651.88,62377689.09,62511906.81,62579015.68,62579015.68
1730756441000,0,INSERT,74,63048777.73,62579015.68,62809815.76,62813896.70,63048777.73,63048777.73,63048777.73
1730756441501,0,INSERT,69,63518539.77,63048777.73,63284874.49,63317213.18,63484985.34,63518539.77,63518539.77
1730756442002,0,INSERT,66,64021856.26,63518539.78,63743761.19,63753420.80,63954747.39,64021856.26,64021856.26
1730756442503,0,INSERT,52,64491618.30,64021856.26,64258027.84,64256737.28,64491618.30,64491618.30,64491618.30
1730756443004,0,INSERT,44,64961380.35,64558727.17,64766154.57,64726499.33,64961380.35,64961380.35,64961380.35
1730756443506,0,INSERT,47,65498251.26,64994934.78,65237312.01,65263370.24,65431142.40,65498251.26,65498251.26
1730756444007,0,INSERT,44,65968013.31,65498251.26,65722455.88,65733132.29,65900904.45,65968013.31,65968013.31
1730756444508,0,INSERT,52,66471329.79,65968013.31,66221607.38,66236448.77,66471329.79,66471329.79,66471329.79
1730756445008,0,INSERT,44,66941091.84,66504884.22,66730614.04,66706210.81,66941091.84,66941091.84,66941091.84
1730756445509,0,INSERT,44,67377299.45,66974646.27,67194275.28,67175972.86,67377299.45,67377299.45,67377299.45
1730756446010,0,INSERT,47,67947724.80,67444408.32,67671079.22,67712843.78,67847061.50,67947724.80,67947724.80
1730756446511,0,INSERT,52,68451041.28,67947724.80,68198092.48,68216160.25,68451041.28,68451041.28,68451041.28
1730756447012,0,INSERT,44,68920803.33,68484595.71,68695836.11,68652367.87,68920803.33,68920803.33,68920803.33
1730756447513,0,INSERT,44,69390565.38,68920803.33,69163310.36,69122129.92,69390565.38,69390565.38,69390565.38
1730756448014,0,INSERT,47,69927436.29,69390565.38,69649719.82,69726109.69,69860327.42,69927436.29,69927436.29
1730756448515,0,INSERT,52,70397198.33,69860327.42,70155864.54,70195871.74,70397198.33,70397198.33,70397198.33
1730756449016,0,INSERT,44,70866960.38,70464307.20,70673259.80,70665633.79,70866960.38,70866960.38,70866960.38
1730756449516,0,INSERT,44,71336722.43,70934069.25,71130820.24,71135395.84,71336722.43,71336722.43,71336722.43
1730756450017,0,INSERT,47,71873593.34,71336722.43,71611583.20,71672266.75,71806484.48,71873593.34,71873593.34
1730756450518,0,INSERT,52,72410464.25,71873593.34,72140738.24,72142028.80,72410464.25,72410464.25,72410464.25
1730756451019,0,INSERT,44,72880226.30,72410464.26,72636194.07,72611790.85,72880226.30,72880226.30,72880226.30
1730756451520,0,INSERT,44,73282879.49,72880226.30,73093754.51,73081552.89,73282879.49,73282879.49,73282879.49
1730756452021,0,INSERT,47,73886859.26,73349988.35,73577730.14,73618423.81,73752641.53,73886859.26,73886859.26
1730756452522,0,INSERT,44,74356621.31,73819750.40,74060732.23,74088185.86,74222403.58,74356621.31,74356621.31
1730756453023,0,INSERT,52,74826383.36,74289512.45,74556657.35,74557947.90,74826383.36,74826383.36,74826383.36
1730756453524,0,INSERT,44,75296145.41,74826383.36,75068890.39,75027709.95,75296145.41,75296145.41,75296145.41
1730756454024,0,INSERT,44,75765907.45,75296145.41,75538652.44,75497472.00,75765907.45,75765907.45,75765907.45
1730756454525,0,INSERT,47,76302778.37,75765907.46,76009355.57,76034342.91,76235669.50,76302778.37,76302778.37
1730756455026,0,INSERT,52,76772540.42,76235669.50,76531206.62,76571213.82,76772540.42,76772540.42,76772540.42
1730756455527,0,INSERT,44,77242302.46,76839649.28,77036400.27,77040975.87,77242302.46,77242302.46,77242302.46
1730756456028,0,INSERT,44,77712064.51,77242302.46,77501586.71,77510737.92,77712064.51,77712064.51,77712064.51
1730756456529,0,INSERT,47,78248935.42,77712064.51,77984069.59,78047608.83,78181826.56,78248935.42,78248935.42
1730756457030,0,INSERT,52,78785806.33,78248935.42,78501884.22,78517370.88,78785806.33,78785806.33,78785806.33
1730756457531,0,INSERT,44,79255568.38,78785806.34,79010010.95,78987132.93,79255568.38,79255568.38,79255568.38
1730756458032,0,INSERT,44,79658221.57,79255568.38,79464520.98,79456894.97,79658221.57,79658221.57,79658221.57
1730756458532,0,INSERT,47,80262201.34,79725330.43,79953072.22,79993765.89,80127983.61,80262201.34,80262201.34
1730756459033,0,INSERT,52,80731963.39,80195092.48,80464818.49,80463527.94,80731963.39,80731963.39,80731963.39
1730756459534,0,INSERT,44,81201725.44,80731963.39,80974470.42,80933289.98,81201725.44,81201725.44,81201725.44
1730756460035,0,INSERT,44,81671487.49,81201725.44,81444232.47,81403052.03,81671487.49,81671487.49,81671487.49
1730756460536,0,INSERT,44,82141249.53,81671487.49,81898742.50,81872814.08,82141249.53,82141249.53,82141249.53
1730756461037,0,INSERT,47,82678120.45,82141249.54,82384697.65,82409684.99,82611011.58,82678120.45,82678120.45
1730756461538,0,INSERT,52,83147882.50,82611011.58,82896224.26,82946555.90,83147882.50,83147882.50,83147882.50
1730756462039,0,INSERT,44,83617644.54,83147882.50,83407166.74,83416317.95,83617644.54,83617644.54,83617644.54
1730756462539,0,INSERT,44,84087406.59,83617644.54,83876928.79,83886080.00,84087406.59,84087406.59,84087406.59
1730756463040,0,INSERT,47,84624277.50,84087406.59,84346561.03,84422950.91,84557168.64,84624277.50,84624277.50
1730756463541,0,INSERT,52,85161148.42,84624277.50,84877226.30,84892712.96,85161148.42,85161148.42,85161148.42
1730756464042,0,INSERT,44,85563801.60,85161148.42,85374676.62,85362475.01,85563801.60,85563801.60,85563801.60
1730756464543,0,INSERT,44,86033563.65,85630910.46,85839863.06,85832237.06,86033563.65,86033563.65,86033563.65
1730756465044,0,INSERT,47,86637543.42,86100672.51,86328414.30,86369107.97,86503325.69,86637543.42,86637543.42
1730756465545,0,INSERT,52,87107305.47,86570434.56,86837579.46,86838870.02,87107305.47,87107305.47,87107305.47
1730756466046,0,INSERT,44,87577067.52,87107305.47,87349812.50,87308632.06,87577067.52,87577067.52,87577067.52
1730756466547,0,INSERT,44,88046829.57,87577067.52,87819574.55,87778394.11,88046829.57,88046829.57,88046829.57
1730756467048,0,INSERT,47,88583700.48,88046829.57,88290277.68,88315265.02,88516591.61,88583700.48,88583700.48
1730756467549,0,INSERT,44,89053462.53,88516591.62,88772825.46,88785027.07,88986353.66,89053462.53,89053462.53
1730756468049,0,INSERT,52,89523224.58,88986353.66,89271566.34,89321897.98,89523224.58,89523224.58,89523224.58
1730756468550,0,INSERT,44,89992986.62,89523224.58,89782508.82,89791660.03,89992986.62,89992986.62,89992986.62
1730756469051,0,INSERT,44,90462748.67,89992986.62,90240069.26,90261422.08,90462748.67,90462748.67,90462748.67
1730756469553,0,INSERT,47,90999619.58,90462748.67,90721903.11,90798292.99,90932510.72,90999619.58,90999619.58
1730756470054,0,INSERT,52,91536490.50,90999619.58,91246115.60,91268055.04,91469381.63,91536490.50,91536490.50
1730756470555,0,INSERT,44,91939143.68,91536490.50,91745443.10,91737817.09,91939143.68,91939143.68,91939143.68
1730756471056,0,INSERT,44,92408905.73,92006252.54,92215205.14,92207579.14,92408905.73,92408905.73,92408905.73
1730756471557,0,INSERT,47,92945776.64,92476014.59,92689477.89,92744450.05,92878667.78,92945776.64,92945776.64
1730756472058,0,INSERT,51,93482647.55,92945776.64,93209606.59,93214212.09,93482647.55,93482647.55,93482647.55
1730756472559,0,INSERT,44,93952409.60,93482647.55,93708377.37,93683974.14,93952409.60,93952409.60,93952409.60
1730756473060,0,INSERT,5204,94153736.19,93214212.10,93699152.30,93751083.01,94019518.46,94153736.19,94153736.19
1730756473561,0,INSERT,7622,93616865.28,91939143.68,92609845.12,92610232.32,93214212.09,93281320.96,93348429.82
1730756474061,0,INSERT,8593,92207579.14,90462748.67,91227646.07,91268055.04,91872034.81,92006252.54,92073361.41
1730756474562,0,INSERT,7321,90731184.13,89254789.12,89866792.08,89858768.89,90395639.81,90529857.53,90529857.53
1730756475063,0,INSERT,6177,89321897.98,88181047.30,88751852.89,88785027.07,89254789.12,89321897.98,89321897.98
1730756475564,0,INSERT,91,88852135.94,88315265.02,88589968.89,88650809.34,88852135.94,88852135.94,88852135.94
1730756476065,0,INSERT,97,89321897.98,88785027.07,89081482.21,89120571.39,89321897.98,89321897.98,89321897.98
1730756476566,0,INSERT,88,89791660.03,89321897.98,89568980.62,89590333.44,89791660.03,89791660.03,89791660.03
1730756477067,0,INSERT,6766,89992986.62,88650809.34,89295808.91,89321897.98,89858768.89,89925877.76,89925877.76
1730756477568,0,INSERT,8995,88986353.66,87107305.47,87891468.82,87912611.84,88583700.48,88717918.21,88717918.21
1730756478069,0,INSERT,7427,87308632.06,85899345.92,86517820.34,86637543.42,87040196.61,87174414.33,87174414.33
1730756478570,0,INSERT,3360,86369107.97,85295366.14,85625757.46,85630910.46,85899345.92,85966454.78,86033563.65
1730756479070,0,INSERT,224,86100672.51,85630910.46,85871184.16,85899345.92,86100672.51,86100672.51,86100672.51
1730756479571,0,INSERT,224,86570434.56,86033563.65,86322071.84,86369107.97,86503325.69,86570434.56,86570434.56
1730756480072,0,INSERT,223,87040196.61,86503325.70,86771008.81,86771761.15,86973087.74,87040196.61,87040196.61
1730756480573,0,INSERT,2829,87912611.84,86838870.02,87096128.55,87107305.47,87308632.06,87375740.93,87778394.11
1730756481074,0,INSERT,8527,87174414.33,85362475.01,86120413.42,86167781.38,86771761.15,86905978.88,86905978.88
1730756481575,0,INSERT,6906,85496692.73,84221624.32,84796791.79,84825604.09,85295366.14,85429583.87,85496692.73
1730756482076,0,INSERT,7504,84355842.05,82946555.90,83686148.53,83751862.27,84288733.18,84355842.05,84355842.05
1730756482577,0,INSERT,481,83886080.00,83013664.77,83253428.97,83282100.22,83416317.95,83483426.81,83886080.00
1730756483078,0,INSERT,547,83818971.14,83416317.95,83621386.45,83684753.41,83818971.14,83818971.14,83818971.14
1730756483579,0,INSERT,545,84355842.05,83751862.27,84003950.70,84020297.73,84154515.45,84221624.32,84288733.18
1730756484080,0,INSERT,1182,84557168.64,84154515.46,84430215.86,84490059.78,84557168.64,84557168.64,84557168.64
1730756484581,0,INSERT,8932,84557168.64,82879447.04,83658033.03,83684753.41,84288733.18,84422950.91,84490059.78
1730756485082,0,INSERT,7350,83080773.63,81671487.49,82282705.75,82342576.13,82812338.17,82946555.90,82946555.90
1730756485583,0,INSERT,6830,82342576.13,80664854.53,81280218.76,81335943.17,81805705.22,81872814.08,81939922.94
1730756486084,0,INSERT,1618,81134616.58,80530636.80,80690528.44,80731963.39,80799072.25,80866181.12,81067507.71
1730756486584,0,INSERT,1071,81134616.58,80799072.26,80962834.18,81000398.85,81067507.71,81134616.58,81134616.58
1730756487085,0,INSERT,1074,81403052.03,81067507.71,81220345.96,81268834.30,81335943.17,81403052.03,81403052.03
1730756487586,0,INSERT,2840,81671487.49,81201725.44,81418080.64,81470160.89,81604378.62,81671487.49,81671487.49
1730756488087,0,INSERT,8740,81470160.89,79725330.43,80468495.70,80530636.80,81067507.71,81201725.44,81268834.30
1730756488589,0,INSERT,4594,79792439.30,78987132.93,79338735.49,79389786.11,79725330.43,79725330.43,79792439.30
1730756489090,0,INSERT,4346,79993765.89,78651588.61,79062024.32,79121350.66,79322677.25,79322677.25,79725330.43
1730756489590,0,INSERT,6472,78785806.33,77712064.51,78209480.97,78248935.42,78651588.61,78718697.47,78718697.47
1730756490091,0,INSERT,1877,77846282.24,77712064.51,77783436.80,77846282.24,77846282.24,77846282.24,77846282.24
1730756490592,0,INSERT,1509,77913391.10,77779173.38,77854265.04,77913391.10,77913391.10,77913391.10,77913391.10
1730756491093,0,INSERT,5820,78181826.56,77108084.74,77668547.53,77712064.51,78114717.69,78181826.56,78181826.56
1730756491594,0,INSERT,6287,77376520.19,76168560.64,76637869.03,76638322.69,77108084.73,77175193.60,77309411.33
1730756492095,0,INSERT,1880,76302778.37,76235669.50,76269223.94,76302778.37,76302778.37,76302778.37,76302778.37
1730756492596,0,INSERT,1158,77443629.06,76235669.50,76305807.79,76302778.37,76571213.82,76571213.82,77108084.73
1730756493097,0,INSERT,8830,77510737.92,74960601.09,75747255.98,75765907.45,76369887.23,76504104.96,76571213.82
1730756493598,0,INSERT,3786,75229036.54,74557947.90,74749011.41,74759274.50,74960601.09,75027709.95,75161927.68
1730756494099,0,INSERT,1880,74759274.50,74625056.77,74701566.58,74759274.50,74759274.50,74759274.50,74759274.50
1730756494600,0,INSERT,4616,75833016.32,74155294.72,74568648.42,74625056.77,74826383.36,74893492.22,75833016.32
1730756495101,0,INSERT,7796,74490839.04,72880226.30,73541510.30,73551314.94,74088185.86,74222403.58,74222403.58
1730756495602,0,INSERT,1880,73081552.89,72880226.30,72990598.97,73014444.03,73081552.89,73081552.89,73081552.89
1730756496103,0,INSERT,3417,74155294.72,72746008.58,72987794.69,73081552.89,73081552.89,73148661.76,73819750.40
1730756496604,0,INSERT,8439,73014444.03,71336722.43,72059989.63,72074919.94,72678899.71,72746008.58,72880226.30
1730756497105,0,INSERT,3470,71605157.89,71068286.98,71169337.07,71202504.70,71336722.43,71403831.30,71403831.30
1730756497606,0,INSERT,7053,72007811.07,69927436.29,70584959.56,70665633.79,71068286.97,71135395.84,71470940.16
1730756498107,0,INSERT,4617,70262980.61,69390565.38,69679714.52,69659000.83,69927436.29,69994545.15,70128762.88
1730756498607,0,INSERT,1021,69457674.24,69323456.51,69400457.52,69457674.24,69457674.24,69457674.24,69457674.24
1730756499108,0,INSERT,6210,69860327.42,68786585.60,69343399.19,69390565.38,69793218.56,69860327.42,69860327.42
1730756499609,0,INSERT,6532,69189238.78,67847061.50,68288089.75,68283269.12,68719476.73,68853694.46,68920803.33
1730756500111,0,INSERT,2170,67880615.94,67645734.91,67754810.01,67779952.64,67847061.50,67880615.94,67880615.94
1730756500612,0,INSERT,5177,68081942.53,67175972.86,67631529.84,67645734.91,67981279.23,68081942.53,68081942.53
1730756501113,0,INSERT,7256,67243081.73,66035122.18,66586874.57,66571993.09,67108864.00,67209527.30,67209527.30
1730756501614,0,INSERT,2740,66068676.61,65800241.15,65940973.83,65968013.31,66068676.61,66068676.61,66068676.61
1730756502115,0,INSERT,4661,67142418.43,65364033.54,65798171.45,65800241.15,66135785.47,66202894.34,67108864.00
1730756502616,0,INSERT,7449,65598914.56,64223182.85,64781883.73,64793608.19,65296924.67,65397587.97,65431142.40
1730756503117,0,INSERT,2908,64256737.28,63954747.39,64094099.83,64122519.55,64223182.85,64223182.85,64256737.28
1730756503618,0,INSERT,416,64558727.17,64458063.87,64511767.02,64525172.73,64558727.17,64558727.17,64558727.17
1730756504119,0,INSERT,8242,64525172.73,63115886.59,63796338.41,63786975.23,64357400.58,64491618.30,64491618.30
1730756504620,0,INSERT,4796,63149441.02,62478352.38,62782448.17,62780342.27,63082332.16,63115886.59,63149441.02
1730756505120,0,INSERT,1376,62511906.81,62344134.66,62429142.47,62444797.95,62478352.38,62511906.81,62511906.81
1730756505621,0,INSERT,7305,62746787.84,61538828.29,62159204.24,62176362.49,62646124.54,62746787.84,62746787.84
1730756506122,0,INSERT,5806,61773709.31,60733521.92,61092443.38,61069066.24,61471719.42,61538828.29,61605937.15
1730756506623,0,INSERT,1582,61303947.26,60599304.19,60676021.25,60699967.49,60733521.92,60767076.35,61270392.83
1730756507124,0,INSERT,6770,61001957.38,59861106.69,60436614.24,60431532.03,60901294.08,61001957.38,61001957.38
1730756507625,0,INSERT,6151,60095987.71,58988691.46,59389193.99,59391344.64,59793997.82,59894661.12,59961769.98
1730756508126,0,INSERT,2244,59022245.89,58787364.86,58895459.78,58921582.59,58988691.45,59022245.89,59022245.89
1730756508627,0,INSERT,6667,61270392.83,57982058.50,58566206.99,58586038.27,59055800.32,59156463.62,59995324.41
1730756509127,0,INSERT,6360,58015612.93,57042534.40,57497581.12,57512296.45,57914949.63,58015612.93,58015612.93
1730756509628,0,INSERT,1963,57076088.83,56874762.24,56985912.36,57008979.97,57076088.83,57076088.83,57076088.83
1730756510129,0,INSERT,4278,57378078.72,56639881.22,57026361.13,57042534.40,57310969.85,57378078.72,57378078.72
1730756510630,0,INSERT,8035,56908316.67,55364812.80,55991911.61,56002347.01,56539217.92,56673435.65,56740544.51
1730756511131,0,INSERT,2958,55801020.41,55096377.34,55245591.34,55264149.50,55364812.80,55398367.23,55398367.23
1730756511632,0,INSERT,4120,56371445.76,54760833.02,55133738.68,55163486.21,55465476.09,55532584.96,56337891.33
1730756512133,0,INSERT,8104,55062822.91,53452210.18,54100851.24,54123298.81,54660169.73,54794387.45,54827941.89
1730756512634,0,INSERT,3132,54056189.95,53183774.72,53334062.58,53351546.88,53452210.17,53485764.61,53485764.61
1730756513141,0,INSERT,2840,54727278.59,53116665.86,53379193.84,53385101.31,53586427.90,53653536.77,54525952.00
1730756513642,0,INSERT,8552,53183774.72,51707379.71,52442418.74,52479131.65,53049556.99,53150220.29,53150220.29
1730756514143,0,INSERT,3556,51740934.14,51405389.82,51572765.67,51606716.41,51707379.71,51740934.14,51740934.14
1730756514644,0,INSERT,988,51875151.87,51707379.71,51737852.96,51808043.01,51875151.87,51875151.87,51875151.87
1730756515144,0,INSERT,8664,51774488.58,50264539.14,50983342.58,51002736.64,51573161.98,51707379.71,51740934.14
1730756515645,0,INSERT,4739,50465865.73,49694113.79,49931756.21,49928994.81,50197430.27,50264539.13,50398756.86
1730756516146,0,INSERT,881,50096766.98,49660559.36,49835516.34,49727668.22,50063212.54,50096766.98,50096766.98
1730756516647,0,INSERT,8901,50130321.41,48486154.24,49250994.36,49257906.17,49861885.95,49996103.68,50029658.11
1730756517148,0,INSERT,4991,48553263.10,47882174.46,48157504.34,48150609.92,48452599.81,48519708.67,48553263.10
1730756517649,0,INSERT,959,47915728.90,47781511.17,47856684.99,47882174.46,47915728.90,47915728.90,47915728.90
1730756518150,0,INSERT,3461,49123688.45,47882174.46,48062231.84,48083501.05,48184164.35,48217718.78,48217718.78
1730756518651,0,INSERT,3040,47915728.90,47714402.30,47811277.91,47815065.60,47915728.90,47915728.90,47915728.90
1730756519152,0,INSERT,2469,49928994.81,47647293.44,47686856.71,47680847.87,47747956.73,47747956.73,49928994.81
1730756519653,0,INSERT,1873,47781511.17,47647293.44,47718262.94,47747956.73,47781511.17,47781511.17,47781511.17
1730756520154,0,INSERT,1305,47982837.76,47747956.74,47843644.72,47848620.03,47949283.33,47982837.76,47982837.76
1730756520655,0,INSERT,970,48251273.22,47949283.33,48107750.19,48117055.49,48251273.22,48251273.22,48251273.22
1730756521156,0,INSERT,963,48553263.10,48217718.78,48392895.22,48419045.38,48519708.67,48553263.10,48553263.10
1730756521657,0,INSERT,970,48687480.83,47445966.85,48266735.93,48452599.81,48653926.40,48687480.83,48687480.83
1730756522158,0,INSERT,701,47479521.28,47076868.10,47272332.19,47311749.12,47412412.41,47479521.28,47479521.28
1730756522659,0,INSERT,619,47546630.14,47177531.39,47368716.13,47378857.98,47513075.71,47546630.14,47546630.14
1730756523160,0,INSERT,616,47915728.90,47513075.71,47716799.05,47747956.73,47882174.46,47915728.90,47915728.90
1730756523661,0,INSERT,616,48251273.22,47882174.46,48062910.84,48083501.05,48217718.78,48251273.22,48251273.22
1730756524162,0,INSERT,616,48586817.53,48217718.78,48405536.45,48419045.38,48553263.10,48586817.53,48586817.53
1730756524663,0,INSERT,594,48955916.29,48553263.10,48741936.17,48754589.70,48888807.42,48922361.85,48955916.29
1730756525164,0,INSERT,423,49325015.04,48922361.86,49111750.05,49123688.45,49291460.61,49325015.04,49325015.04
1730756525665,0,INSERT,396,49727668.22,49291460.61,49525324.83,49526341.63,49694113.79,49727668.22,49727668.22
1730756526165,0,INSERT,396,50130321.41,49694113.79,49928825.35,49928994.81,50096766.98,50130321.41,50130321.41
1730756526666,0,INSERT,396,50532974.59,50130321.41,50331648.00,50331648.00,50499420.16,50532974.59,50532974.59
1730756527167,0,INSERT,396,50969182.21,50532974.59,50737012.65,50767855.62,50902073.34,50935627.77,50969182.21
1730756527668,0,INSERT,393,51338280.96,50935627.78,51138363.14,51170508.80,51304726.53,51338280.96,51338280.96
1730756528169,0,INSERT,398,51774488.58,51338280.96,51541378.01,51573161.98,51707379.71,51740934.14,51774488.58
1730756528670,0,INSERT,396,52177141.76,51740934.14,51945311.14,51975815.17,52110032.90,52143587.33,52177141.76
1730756529171,0,INSERT,392,52579794.94,52143587.33,52347139.47,52378468.35,52512686.08,52579794.94,52579794.94
1730756529672,0,INSERT,279,52982448.13,52546240.51,52749792.04,52747567.10,52948893.70,52982448.13,52982448.13
1730756530173,0,INSERT,253,52915339.26,52646903.81,52789675.93,52814675.97,52881784.83,52915339.26,52915339.26
1730756530673,0,INSERT,252,52915339.26,52579794.94,52721069.75,52714012.67,52848230.40,52881784.83,52915339.26
1730756531174,0,INSERT,253,53317992.45,52881784.83,53100684.40,53116665.85,53284438.02,53317992.45,53317992.45
1730756531675,0,INSERT,253,53418655.74,53083111.42,53220976.37,53217329.15,53351546.88,53385101.31,53418655.74
1730756532176,0,INSERT,253,53854863.36,53385101.31,53402207.49,53619982.34,53821308.93,53854863.36,53854863.36
1730756532677,0,INSERT,253,54291070.98,53821308.93,54057238.53,54089744.38,54257516.54,54291070.98,54291070.98
1730756533178,0,INSERT,252,54727278.59,54257516.54,54503206.60,54525952.00,54693724.16,54727278.59,54727278.59
1730756533679,0,INSERT,245,55163486.21,54727278.59,54935834.39,54962159.62,55129931.77,55163486.21,55163486.21
1730756534180,0,INSERT,258,55599693.82,55129931.78,55374306.88,55398367.23,55566139.39,55599693.82,55599693.82
1730756534681,0,INSERT,250,56035901.44,55599693.82,55813905.32,55834574.85,56002347.01,56035901.44,56035901.44
1730756535181,0,INSERT,252,56472109.05,56035901.44,56249211.76,56270782.46,56438554.62,56472109.05,56472109.05
1730756535682,0,INSERT,253,56908316.67,56472109.06,56687295.09,56706990.08,56874762.24,56908316.67,56908316.67
1730756536183,0,INSERT,253,57344524.29,56908316.67,57124563.71,57143197.70,57310969.85,57344524.29,57344524.29
1730756536684,0,INSERT,206,57814286.34,57344524.29,57551877.65,57545850.88,57747177.47,57814286.34,57814286.34
1730756537185,0,INSERT,162,58250493.95,57780731.90,58023690.85,58049167.36,58216939.52,58250493.95,58250493.95
1730756537686,0,INSERT,165,58720256.00,58250493.95,58490764.02,58518929.41,58686701.57,58720256.00,58720256.00
1730756538187,0,INSERT,157,59190018.05,58720256.00,58949473.38,58955137.02,59122909.18,59190018.05,59190018.05
1730756538688,0,INSERT,162,59626225.66,59156463.62,59403150.83,59424899.07,59592671.23,59626225.66,59626225.66
1730756539189,0,INSERT,165,60095987.71,59626225.66,59868122.61,59894661.12,60062433.28,60095987.71,60095987.71
1730756539690,0,INSERT,157,60565749.76,60095987.71,60327556.04,60364423.17,60498640.90,60565749.76,60565749.76
1730756540191,0,INSERT,169,61035511.81,60532195.33,60789774.94,60800630.78,61001957.38,61035511.81,61035511.81
1730756540692,0,INSERT,154,61471719.42,61035511.81,61252744.07,61270392.83,61438164.99,61471719.42,61471719.42
1730756541193,0,INSERT,164,61941481.47,61471719.42,61707828.05,61740154.88,61907927.04,61941481.47,61941481.47
1730756541694,0,INSERT,165,62411243.52,61941481.47,62176464.18,62209916.93,62377689.09,62411243.52,62411243.52
1730756542194,0,INSERT,157,62881005.57,62411243.52,62634690.39,62646124.54,62813896.70,62881005.57,62881005.57
1730756542695,0,INSERT,162,63317213.18,62847451.14,63088545.94,63115886.59,63283658.75,63317213.18,63317213.18
1730756543196,0,INSERT,165,63786975.23,63317213.18,63554636.21,63585648.64,63753420.80,63786975.23,63786975.23
1730756543697,0,INSERT,165,64256737.28,63786975.23,64024194.90,64055410.69,64223182.85,64256737.28,64256737.28
1730756544198,0,INSERT,157,64726499.33,64256737.28,64482535.10,64491618.30,64659390.46,64726499.33,64726499.33
1730756544699,0,INSERT,162,65162706.94,64692944.90,64935903.84,64961380.35,65129152.51,65162706.94,65162706.94
1730756545200,0,INSERT,162,65632468.99,65162706.94,65395516.71,65397587.97,65598914.56,65632468.99,65632468.99
1730756545701,0,INSERT,165,66102231.04,65632468.99,65863384.49,65867350.02,66068676.61,66102231.04,66102231.04
1730756546202,0,INSERT,165,66571993.09,66102231.04,66333349.90,66337112.06,66538438.66,66571993.09,66571993.09
1730756546703,0,INSERT,157,67041755.13,66571993.09,66792020.40,66806874.11,66974646.27,67041755.13,67041755.13
1730756547204,0,INSERT,162,67477962.75,67008200.70,67247017.12,67276636.16,67444408.32,67477962.75,67477962.75
1730756547705,0,INSERT,110,67947724.80,67477962.75,67704912.73,67679289.34,67880615.94,67947724.80,67947724.80
1730756548205,0,INSERT,107,68451041.28,67947724.80,68194807.44,68182605.82,68383932.42,68451041.28,68451041.28
1730756548706,0,INSERT,99,68920803.33,68451041.28,68673042.83,68685922.30,68920803.33,68920803.33,68920803.33
1730756549207,0,INSERT,102,69390565.38,68853694.46,69137920.24,69189238.78,69390565.38,69390565.38,69390565.38
1730756549708,0,INSERT,107,69860327.42,69323456.51,69612275.50,69659000.83,69793218.56,69860327.42,69860327.42
1730756550209,0,INSERT,99,70330089.47,69860327.42,70090463.38,70128762.88,70330089.47,70330089.47,70330089.47
1730756550710,0,INSERT,109,70799851.52,70330089.47,70564970.50,70598524.93,70799851.52,70799851.52,70799851.52
1730756551211,0,INSERT,99,71269613.57,70799851.52,71038799.75,71068286.97,71269613.57,71269613.57,71269613.57
1730756551712,0,INSERT,110,71806484.48,71269613.57,71524627.25,71538049.02,71739375.61,71806484.48,71806484.48
1730756552213,0,INSERT,99,72276246.53,71739375.62,72001371.33,72007811.07,72209137.66,72276246.53,72276246.53
1730756552714,0,INSERT,105,72746008.58,72209137.66,72472140.50,72477573.12,72678899.71,72746008.58,72746008.58
1730756553215,0,INSERT,104,73215770.62,72678899.71,72953142.67,73014444.03,73215770.62,73215770.62,73215770.62
1730756553716,0,INSERT,105,73685532.67,73148661.76,73429560.29,73484206.08,73685532.67,73685532.67,73685532.67
1730756554216,0,INSERT,99,74155294.72,73618423.81,73901433.41,73953968.13,74088185.86,74155294.72,74155294.72
1730756554717,0,INSERT,104,74625056.77,74088185.86,74368236.31,74423730.17,74625056.77,74625056.77,74625056.77
1730756555218,0,INSERT,105,75094818.81,74557947.90,74845237.76,74893492.22,75094818.81,75094818.81,75094818.81
1730756555719,0,INSERT,104,75564580.86,75094818.82,75325828.17,75363254.27,75564580.86,75564580.86,75564580.86
1730756556220,0,INSERT,105,76034342.91,75564580.86,75802657.55,75833016.32,76034342.91,76034342.91,76034342.91
1730756556721,0,INSERT,104,76571213.82,76034342.91,76282774.76,76302778.37,76504104.96,76571213.82,76571213.82
1730756557222,0,INSERT,105,77040975.87,76504104.96,76760077.34,76772540.42,76973867.01,77040975.87,77040975.87
1730756557723,0,INSERT,99,77443629.06,76973867.01,77224338.98,77242302.46,77443629.06,77443629.06,77443629.06
1730756558224,0,INSERT,104,77980499.97,77443629.06,77692060.91,77712064.51,77913391.10,77980499.97,77980499.97
1730756558725,0,INSERT,105,78450262.02,77913391.10,78169363.49,78181826.56,78383153.15,78450262.02,78450262.02
1730756559226,0,INSERT,104,78920024.06,78383153.15,78645781.11,78651588.61,78852915.20,78920024.06,78920024.06
1730756559726,0,INSERT,105,79389786.11,78852915.20,79128061.54,79188459.52,79389786.11,79389786.11,79389786.11
1730756560227,0,INSERT,104,79859548.16,79322677.25,79606599.36,79658221.57,79859548.16,79859548.16,79859548.16
1730756560728,0,INSERT,105,80329310.21,79792439.30,80089316.13,80127983.61,80329310.21,80329310.21,80329310.21
1730756561229,0,INSERT,99,80799072.25,80329310.21,80557412.56,80597745.66,80799072.25,80799072.25,80799072.25
1730756561730,0,INSERT,104,81067507.71,80731963.39,80897799.72,80933289.98,81000398.85,81067507.71,81067507.71
1730756562231,0,INSERT,105,81335943.17,80933289.98,81113844.78,81134616.58,81268834.30,81335943.17,81335943.17
1730756562732,0,INSERT,104,81470160.89,81201725.44,81344331.78,81403052.03,81470160.89,81470160.89,81470160.89
1730756563233,0,INSERT,105,81805705.22,81403052.03,81584245.96,81604378.62,81805705.22,81805705.22,81805705.22
1730756563734,0,INSERT,104,82275467.26,81738596.35,81999288.48,82007031.81,82208358.40,82275467.26,82275467.26
1730756564235,0,INSERT,99,82745229.31,82208358.40,82470214.56,82543902.72,82678120.45,82745229.31,82745229.31
1730756564736,0,INSERT,100,83214991.36,82678120.45,82939845.02,82946555.90,83147882.50,83214991.36,83214991.36
1730756565236,0,INSERT,71,83684753.41,83147882.50,83409228.99,83416317.95,83617644.54,83684753.41,83684753.41
1730756565737,0,INSERT,66,84154515.45,83617644.54,83895231.21,83886080.00,84087406.59,84154515.45,84154515.45
1730756566238,0,INSERT,66,84624277.50,84154515.46,84382278.87,84422950.91,84624277.50,84624277.50,84624277.50
1730756566739,0,INSERT,66,84825604.09,84557168.64,84699520.78,84758495.23,84825604.09,84825604.09,84825604.09
1730756567240,0,INSERT,66,85228257.28,84825604.10,85004561.07,85026930.69,85161148.42,85228257.28,85228257.28
1730756567741,0,INSERT,66,85698019.33,85161148.42,85431617.47,85429583.87,85630910.46,85698019.33,85698019.33
1730756568242,0,INSERT,66,86167781.38,85630910.46,85908497.13,85899345.92,86100672.51,86167781.38,86167781.38
1730756568743,0,INSERT,66,86637543.42,86167781.38,86395544.79,86436216.83,86637543.42,86637543.42,86637543.42
1730756569245,0,INSERT,74,87174414.33,86637543.42,86902351.37,86905978.88,87174414.33,87174414.33,87174414.33
1730756569746,0,INSERT,65,87644176.38,87174414.34,87411360.25,87442849.79,87644176.38,87644176.38,87644176.38
1730756570247,0,INSERT,66,88113938.43,87644176.38,87892275.82,87912611.84,88113938.43,88113938.43,88113938.43
1730756570747,0,INSERT,66,88650809.34,88113938.43,88373222.68,88382373.89,88583700.48,88650809.34,88650809.34
1730756571248,0,INSERT,66,89120571.39,88583700.48,88851119.14,88852135.94,89053462.53,89120571.39,89120571.39
1730756571749,0,INSERT,66,89590333.44,89053462.53,89332065.99,89321897.98,89523224.58,89590333.44,89590333.44
1730756572250,0,INSERT,66,90060095.49,89590333.44,89817080.06,89791660.03,90060095.49,90060095.49,90060095.49
1730756572751,0,INSERT,66,90529857.53,90060095.49,90298026.91,90328530.94,90529857.53,90529857.53,90529857.53
1730756573252,0,INSERT,66,90999619.58,90529857.54,90778973.77,90798292.99,90999619.58,90999619.58,90999619.58
1730756573753,0,INSERT,66,91536490.50,90999619.58,91267038.24,91268055.04,91469381.63,91536490.50,91536490.50
1730756574254,0,INSERT,66,92006252.54,91469381.63,91747985.10,91737817.09,91939143.68,92006252.54,92006252.54
1730756574755,0,INSERT,66,92476014.59,91939143.68,92228931.96,92207579.14,92476014.59,92476014.59,92476014.59
1730756575256,0,INSERT,66,92945776.64,92476014.59,92706828.41,92744450.05,92945776.64,92945776.64,92945776.64
1730756575757,0,INSERT,66,93415538.69,92945776.64,93186758.47,93214212.09,93415538.69,93415538.69,93415538.69
1730756576258,0,INSERT,66,93885300.73,93415538.69,93664654.93,93683974.14,93885300.73,93885300.73,93885300.73
1730756576759,0,INSERT,66,94422171.65,93885300.74,94152719.39,94153736.19,94355062.78,94422171.65,94422171.65
1730756577259,0,INSERT,66,94891933.69,94355062.78,94633666.25,94623498.24,94824824.83,94891933.69,94891933.69
1730756577760,0,INSERT,66,95361695.74,94891933.70,95118680.31,95093260.29,95361695.74,95361695.74,95361695.74
1730756578261,0,INSERT,66,95831457.79,95361695.74,95598610.37,95630131.20,95831457.79,95831457.79,95831457.79
1730756578762,0,INSERT,70,96368328.70,95831457.79,96091264.97,96099893.25,96301219.84,96368328.70,96368328.70
1730756579263,0,INSERT,66,96838090.75,96301219.84,96588974.51,96636764.16,96838090.75,96838090.75,96838090.75
1730756579764,0,INSERT,66,97307852.80,96838090.75,97066870.97,97106526.21,97307852.80,97307852.80,97307852.80
1730756580265,0,INSERT,66,97844723.71,97307852.80,97551885.03,97576288.25,97777614.85,97844723.71,97844723.71
1730756580766,0,INSERT,66,98314485.76,97777614.85,98032831.89,98046050.30,98247376.89,98314485.76,98314485.76
1730756581267,0,INSERT,66,98784247.81,98247376.90,98513778.75,98515812.35,98717138.94,98784247.81,98784247.81
1730756581768,0,INSERT,66,99254009.86,98717138.94,98994725.61,99052683.26,99186900.99,99254009.86,99254009.86
1730756582269,0,INSERT,66,99723771.90,99254009.86,99482790.07,99522445.31,99723771.90,99723771.90,99723771.90
1730756582770,0,INSERT,66,100193533.95,99723771.90,99963736.93,99992207.36,100193533.95,100193533.95,100193533.95
1730756583271,0,INSERT,66,100730404.86,100193533.95,100443666.99,100461969.41,100663296.00,100730404.86,100730404.86
1730756583771,0,INSERT,66,101200166.91,100663296.00,100918513.04,100931731.45,101133058.05,101200166.91,101200166.91
1730756584272,0,INSERT,73,101669928.96,101133058.05,101422177.74,101468602.37,101669928.96,101669928.96,101669928.96
1730756584773,0,INSERT,66,102206799.87,101669928.96,101937347.62,101938364.42,102139691.01,102206799.87,102206799.87
1730756585274,0,INSERT,66,102676561.92,102139691.01,102418294.47,102408126.46,102609453.06,102676561.92,102676561.92
1730756585775,0,INSERT,66,103146323.97,102609453.06,102896190.93,102877888.51,103079215.10,103146323.97,103146323.97
1730756586276,0,INSERT,66,103616086.02,103146323.97,103373070.58,103347650.56,103616086.02,103616086.02,103616086.02
1730756586777,0,INSERT,66,104085848.06,103616086.02,103854017.44,103884521.47,104085848.06,104085848.06,104085848.06
1730756587278,0,INSERT,66,104555610.11,104085848.06,104334964.30,104354283.52,104555610.11,104555610.11,104555610.11
1730756587779,0,INSERT,66,105092481.02,104555610.11,104823028.77,104824045.57,105025372.16,105092481.02,105092481.02
1730756588280,0,INSERT,66,105562243.07,105025372.16,105303975.63,105293807.61,105495134.21,105562243.07,105562243.07
1730756588781,0,INSERT,66,106032005.12,105495134.21,105781872.08,105763569.66,105964896.25,106032005.12,106032005.12
1730756589282,0,INSERT,66,106501767.17,106032005.12,106264852.54,106300440.58,106501767.17,106501767.17,106501767.17
1730756589783,0,INSERT,66,106971529.22,106501767.17,106739698.59,106770202.62,106971529.22,106971529.22,106971529.22
1730756590284,0,INSERT,66,107441291.26,106971529.22,107220645.45,107239964.67,107441291.26,107441291.26,107441291.26
1730756590784,0,INSERT,66,107978162.17,107441291.26,107708709.92,107709726.72,107911053.31,107978162.17,107978162.17
1730756591285,0,INSERT,66,108447924.22,107911053.31,108189656.78,108179488.77,108380815.36,108447924.22,108447924.22
1730756591786,0,INSERT,67,108917686.27,108447924.22,108676795.50,108716359.68,108917686.27,108917686.27,108917686.27
1730756592287,0,INSERT,66,109454557.18,108917686.27,109165785.71,109186121.73,109454557.18,109454557.18,109454557.18
1730756592788,0,INSERT,44,109924319.23,109454557.18,109689438.21,109655883.78,109924319.23,109924319.23,109924319.23
1730756593289,0,INSERT,36,110394081.28,109924319.23,110159200.26,110192754.69,110326972.42,110394081.28,110394081.28
1730756593790,0,INSERT,44,110930952.19,110394081.28,110610659.89,110662516.73,110796734.46,110930952.19,110930952.19
1730756594291,0,INSERT,41,111333605.38,110863843.33,111103634.76,111132278.78,111333605.38,111333605.38,111333605.38
1730756594792,0,INSERT,44,111803367.42,111333605.38,111595940.03,111602040.83,111803367.42,111803367.42,111803367.42
1730756595293,0,INSERT,44,112340238.33,111870476.29,112100781.71,112071802.88,112340238.33,112340238.33,112340238.33
1730756595794,0,INSERT,44,112877109.25,112340238.34,112623925.81,112608673.79,112877109.25,112877109.25,112877109.25
1730756596295,0,INSERT,44,113346871.30,112877109.25,113111990.27,113078435.84,113346871.30,113346871.30,113346871.30
1730756596796,0,INSERT,36,113816633.34,113346871.30,113581752.32,113615306.75,113749524.48,113816633.34,113816633.34
1730756597297,0,INSERT,44,114353504.25,113816633.34,114045413.56,114085068.80,114219286.53,114353504.25,114353504.25
1730756597797,0,INSERT,41,114756157.44,114286395.39,114526186.82,114554830.85,114756157.44,114756157.44,114756157.44
1730756598298,0,INSERT,44,115225919.49,114756157.44,115027643.30,115024592.89,115225919.49,115225919.49,115225919.49
1730756598799,0,INSERT,44,115762790.40,115293028.35,115527909.38,115494354.94,115762790.40,115762790.40,115762790.40
1730756599300,0,INSERT,44,116299661.31,115762790.40,116046477.87,116031225.86,116299661.31,116299661.31,116299661.31
1730756599801,0,INSERT,44,116769423.36,116299661.31,116534542.34,116500987.90,116769423.36,116769423.36,116769423.36
1730756600302,0,INSERT,36,117239185.41,116836532.22,117009896.79,117037858.81,117172076.54,117239185.41,117239185.41
1730756600803,0,INSERT,44,117776056.32,117239185.41,117475591.63,117507620.86,117641838.59,117776056.32,117776056.32
1730756601304,0,INSERT,41,118178709.50,117708947.46,117953649.29,118044491.78,118178709.50,118178709.50,118178709.50
1730756601805,0,INSERT,44,118715580.42,118178709.50,118462396.97,118447144.96,118715580.42,118715580.42,118715580.42
1730756602306,0,INSERT,44,119185342.46,118715580.42,118950461.44,118916907.01,119185342.46,119185342.46,119185342.46
1730756602807,0,INSERT,44,119722213.38,119185342.46,119469029.93,119453777.92,119722213.38,119722213.38,119722213.38
1730756603308,0,INSERT,44,120191975.42,119722213.38,119969296.01,119923539.97,120191975.42,120191975.42,120191975.42
1730756603809,0,INSERT,36,120661737.47,120259084.29,120432448.85,120460410.88,120594628.61,120661737.47,120661737.47
1730756604310,0,INSERT,44,121198608.38,120661737.47,120902719.30,120930172.93,121064390.66,121198608.38,121198608.38
1730756604810,0,INSERT,41,121601261.57,121131499.52,121379474.96,121467043.84,121601261.57,121601261.57,121601261.57
1730756605311,0,INSERT,44,122138132.48,121601261.57,121884949.04,121869697.02,122138132.48,122138132.48,122138132.48
1730756605812,0,INSERT,44,122607894.53,122138132.48,122373013.50,122339459.07,122607894.53,122607894.53,122607894.53
1730756606313,0,INSERT,44,123144765.44,122675003.39,122896157.60,122876329.98,123144765.44,123144765.44,123144765.44
1730756606814,0,INSERT,44,123614527.49,123144765.44,123400999.28,123413200.89,123614527.49,123614527.49,123614527.49
1730756607315,0,INSERT,44,124151398.40,123681636.35,123907366.17,123882962.94,124151398.40,124151398.40,124151398.40
1730756607816,0,INSERT,36,124621160.45,124151398.40,124380687.02,124419833.86,124554051.58,124621160.45,124621160.45
1730756608317,0,INSERT,44,125090922.50,124554051.58,124820961.84,124889595.90,125023813.63,125090922.50,125090922.50
1730756608818,0,INSERT,41,125560684.54,125090922.50,125325803.52,125359357.95,125560684.54,125560684.54,125560684.54
1730756609319,0,INSERT,44,126030446.59,125560684.54,125800141.17,125762011.14,126030446.59,126030446.59,126030446.59
1730756609820,0,INSERT,44,126567317.50,126097555.46,126318709.67,126298882.05,126567317.50,126567317.50,126567317.50
1730756610321,0,INSERT,44,127037079.55,126567317.50,126820500.95,126835752.96,127037079.55,127037079.55,127037079.55
1730756610822,0,INSERT,44,127573950.46,127104188.42,127329918.23,127305515.01,127573950.46,127573950.46,127573950.46
1730756611323,0,INSERT,36,128043712.51,127573950.46,127795782.54,127842385.92,127909494.78,128043712.51,128043712.51
1730756611824,0,INSERT,44,128513474.56,127976603.65,128243513.90,128312147.97,128446365.69,128513474.56,128513474.56
1730756612325,0,INSERT,41,128983236.61,128513474.56,128748355.58,128781910.02,128983236.61,128983236.61,128983236.61
1730756612826,0,INSERT,44,129520107.52,128983236.61,129240995.65,129251672.06,129520107.52,129520107.52,129520107.52
1730756613327,0,INSERT,44,129989869.57,129520107.52,129735160.93,129721434.11,129989869.57,129989869.57,129989869.57
1730756613828,0,INSERT,39,130459631.61,129989869.57,130224750.59,130258305.02,130459631.61,130459631.61,130459631.61
1730756614329,0,INSERT,44,130929393.66,130459631.62,130703663.85,130728067.07,130929393.66,130929393.66,130929393.66
1730756614829,0,INSERT,44,131466264.58,130929393.66,131200879.52,131197829.12,131466264.58,131466264.58,131466264.58
1730756615330,0,INSERT,44,131936026.62,131466264.58,131720973.22,131734700.03,131936026.62,131936026.62,131936026.62
1730756615831,0,INSERT,38,132405788.67,131936026.62,132170907.65,132204462.08,132405788.67,132405788.67,132405788.67
1730756616332,0,INSERT,44,132942659.58,132405788.67,132671173.73,132674224.13,132942659.58,132942659.58,132942659.58
1730756616833,0,INSERT,44,133412421.63,132875550.72,133153137.38,133143986.17,133412421.63,133412421.63,133412421.63
1730756617334,0,INSERT,39,133882183.68,133412421.63,133647302.66,133680857.09,133882183.68,133882183.68,133882183.68
1730756617835,0,INSERT,44,134351945.73,133882183.68,134124690.71,134150619.14,134351945.73,134351945.73,134351945.73
1730756618336,0,INSERT,44,134888816.64,134351945.73,134623431.59,134620381.18,134888816.64,134888816.64,134888816.64
1730756618837,0,INSERT,218,135358578.69,134888816.64,135288419.42,135358578.69,135358578.69,135358578.69,135358578.69
1730756619338,0,INSERT,8017,135358578.69,132271570.94,133581791.62,133278203.90,135157252.09,135358578.69,135358578.69
1730756619839,0,INSERT,8514,132540006.40,128379256.83,130422090.67,130191196.16,132137353.22,132338679.81,132405788.67
1730756620340,0,INSERT,8607,129318780.93,125158031.36,127048711.18,126902861.82,128245039.10,128446365.69,128446365.69
1730756620840,0,INSERT,5024,126030446.59,122876329.98,124298286.61,124554051.58,125090922.50,125225140.22,125359357.95
1730756621341,0,INSERT,5311,123748745.22,120863064.06,121864446.84,122003914.75,122742112.25,122943438.85,123144765.44
1730756621843,0,INSERT,84,121601261.57,120997281.79,121301668.43,121332826.11,121534152.70,121601261.57,121601261.57
1730756622343,0,INSERT,83,122071023.61,121399934.98,121602474.38,121668370.43,121735479.30,121802588.16,122071023.61
1730756622844,0,INSERT,83,122607894.53,121735479.30,121874952.54,121936805.89,122003914.75,122003914.75,122607894.53
1730756623345,0,INSERT,1133,123211874.30,121869697.02,122134371.30,122138132.48,122339459.07,122339459.07,123144765.44
1730756623846,0,INSERT,8557,122339459.07,117708947.46,119985766.83,120259084.29,121735479.30,121936805.89,122003914.75
1730756624347,0,INSERT,8998,117843165.18,113413980.16,115648132.11,115964116.99,117507620.86,117708947.45,117776056.32
1730756624848,0,INSERT,6556,113749524.48,110595407.87,112185345.76,112138911.74,113413980.16,113548197.89,113615306.75
1730756625349,0,INSERT,1262,111266496.51,110394081.28,110518354.98,110528299.01,110662516.73,110796734.46,111199387.65
1730756625850,0,INSERT,163,111065169.92,110796734.46,110943921.08,110998061.06,111065169.92,111065169.92,111065169.92
1730756626351,0,INSERT,164,111400714.24,110930952.19,111067625.12,111065169.92,111132278.78,111199387.65,111400714.24
1730756626852,0,INSERT,163,111534931.97,111065169.92,111318989.64,111333605.38,111534931.97,111534931.97,111534931.97
1730756627354,0,INSERT,5613,112675782.66,109521666.05,110530073.21,110326972.42,111467823.10,111669149.69,112541564.93
1730756627854,0,INSERT,9032,109722992.64,107105746.94,108190143.74,108112379.90,109253230.59,109588774.91,109588774.91
1730756628355,0,INSERT,5114,107172855.81,106300440.58,106671282.93,106635984.89,107038638.08,107172855.81,107172855.81
1730756628856,0,INSERT,6290,106434658.30,105159589.89,105722546.84,105763569.66,106233331.71,106300440.58,106367549.44
1730756629357,0,INSERT,319,105763569.66,105293807.62,105525953.80,105562243.07,105763569.66,105763569.66,105763569.66
1730756629859,0,INSERT,319,106166222.85,105696460.80,105947961.26,105964896.25,106166222.85,106166222.85,106166222.85
1730756630360,0,INSERT,319,106635984.89,106099113.98,106372913.94,106434658.30,106568876.03,106635984.89,106635984.89
1730756630862,0,INSERT,847,107038638.08,106568876.03,106880892.77,106971529.22,106971529.22,107038638.08,107038638.08
1730756631363,0,INSERT,9266,106904420.35,105159589.89,106021177.61,106032005.12,106770202.62,106904420.35,106904420.35
1730756631864,0,INSERT,7616,105562243.07,103817412.61,104530118.26,104555610.11,105092481.02,105226698.75,105226698.75
1730756632365,0,INSERT,5767,104354283.52,103012106.24,103570358.51,103616086.02,104018739.20,104085848.06,104220065.79
1730756632866,0,INSERT,2255,103414759.42,102676561.92,102872189.47,102877888.51,103012106.24,103079215.10,103213432.83
1730756633367,0,INSERT,629,103414759.42,102944997.38,103182012.23,103213432.83,103347650.56,103414759.42,103414759.42
1730756633868,0,INSERT,626,103750303.74,103347650.56,103540896.26,103548977.15,103750303.74,103750303.74,103750303.74
1730756634369,0,INSERT,630,104085848.06,103683194.88,103898156.29,103951630.33,104085848.06,104085848.06,104085848.06
1730756634870,0,INSERT,5133,104287174.66,103347650.56,103844199.98,103884521.47,104220065.79,104287174.66,104287174.66
1730756635371,0,INSERT,9142,103683194.88,101737037.82,102601469.85,102609453.06,103280541.69,103414759.42,103414759.42
1730756635872,0,INSERT,6451,102206799.87,100797513.73,101309828.31,101401493.50,101737037.82,101804146.69,101938364.42
1730756636373,0,INSERT,4088,100864622.59,100193533.95,100495310.43,100529078.27,100797513.73,100864622.59,100864622.59
1730756636874,0,INSERT,1230,100998840.32,100327751.68,100482211.19,100529078.27,100596187.14,100596187.14,100596187.14
1730756637375,0,INSERT,1226,100797513.73,100529078.27,100683035.51,100730404.86,100797513.73,100797513.73,100797513.73
1730756637876,0,INSERT,656,100931731.45,100730404.86,100835364.76,100864622.59,100931731.45,100931731.45,100931731.45
1730756638377,0,INSERT,9080,102072582.14,99522445.31,100345880.82,100394860.54,100998840.32,101133058.05,101200166.91
1730756638878,0,INSERT,6423,99790880.77,98515812.35,99030057.66,99052683.26,99522445.31,99589554.17,99656663.04
1730756639378,0,INSERT,1635,99186900.99,98582921.22,98733372.31,98784247.81,98851356.67,98851356.67,99186900.99
1730756639879,0,INSERT,9421,99388227.58,97039417.34,97913181.87,97911832.58,98582921.22,98784247.81,98784247.81
1730756640380,0,INSERT,1737,97509179.39,97039417.34,97152559.72,97173635.07,97240743.94,97240743.94,97509179.39
1730756640881,0,INSERT,1717,97374961.66,97173635.07,97257433.31,97307852.80,97307852.80,97374961.66,97374961.66
1730756641382,0,INSERT,4670,98515812.35,96703873.02,97143024.01,97173635.07,97442070.53,97509179.39,98180268.03
1730756641883,0,INSERT,7657,96972308.48,95495913.47,96099871.34,96167002.11,96636764.16,96770981.89,96838090.75
1730756642384,0,INSERT,1721,96234110.97,95495913.47,95570768.66,95630131.20,95630131.20,95630131.20,95697240.06
1730756642885,0,INSERT,1684,95764348.93,95630131.20,95689190.19,95697240.06,95764348.93,95764348.93,95764348.93
1730756643386,0,INSERT,1134,95965675.52,95898566.66,95932121.09,95965675.52,95965675.52,95965675.52,95965675.52
1730756643887,0,INSERT,1722,96099893.25,95898566.66,96008232.36,96032784.38,96099893.25,96099893.25,96099893.25
1730756644388,0,INSERT,1530,97844723.71,96032784.38,96127629.25,96167002.11,96234110.97,96234110.97,96234110.97
1730756644889,0,INSERT,1286,98314485.76,96167002.11,96315570.49,96368328.70,96435437.57,96435437.57,96435437.57
1730756645389,0,INSERT,992,96770981.89,96368328.70,96555448.78,96569655.30,96703873.02,96770981.89,96770981.89
1730756645890,0,INSERT,883,97039417.34,96703873.02,96861157.05,96905199.61,97039417.34,97039417.34,97039417.34
1730756646391,0,INSERT,672,97374961.66,96972308.48,97173035.89,97173635.07,97374961.66,97374961.66,97374961.66
1730756646892,0,INSERT,565,97777614.85,97307852.80,97548316.33,97576288.25,97710505.98,97777614.85,97777614.85
1730756647393,0,INSERT,562,98113159.17,97710505.98,97746384.79,97978941.44,98113159.17,98113159.17,98113159.17
1730756647894,0,INSERT,562,98515812.35,98046050.30,98296812.96,98314485.76,98448703.49,98515812.35,98515812.35
1730756648395,0,INSERT,564,98918465.53,98448703.49,98668711.09,98717138.94,98851356.67,98918465.53,98918465.53
1730756648896,0,INSERT,564,99254009.86,98851356.67,99044711.11,99052683.26,99254009.86,99254009.86,99254009.86
1730756649397,0,INSERT,544,101334384.64,99186900.99,99415243.84,99455336.45,99589554.17,99656663.04,99656663.04
1730756649898,0,INSERT,411,100059316.22,99589554.18,99797330.40,99790880.77,99992207.36,100059316.22,100059316.22
1730756650399,0,INSERT,361,100461969.41,99992207.36,100224485.82,100260642.81,100394860.54,100461969.41,100461969.41
1730756650900,0,INSERT,361,104622718.97,100394860.54,100669151.76,100663296.00,100864622.59,100864622.59,104622718.97
1730756651401,0,INSERT,361,101334384.64,100797513.73,101063811.37,101065949.18,101267275.78,101334384.64,101334384.64
1730756651902,0,INSERT,360,101737037.82,101267275.78,101483515.45,101535711.23,101669928.96,101737037.82,101737037.82
1730756652403,0,INSERT,361,105897787.39,101669928.96,101913175.35,101938364.42,102072582.14,102139691.01,105897787.39
1730756652904,0,INSERT,360,102542344.19,102072582.14,102321963.14,102341017.60,102542344.19,102542344.19,102542344.19
1730756653405,0,INSERT,361,103012106.24,102475235.33,102742090.66,102743670.78,102944997.38,103012106.24,103012106.24
1730756653906,0,INSERT,360,107642617.86,102944997.38,103196469.20,103213432.83,103347650.56,103414759.42,107642617.86
1730756654406,0,INSERT,353,107776835.58,103347650.56,103589147.95,103616086.02,103750303.74,103817412.61,107776835.58
1730756654907,0,INSERT,261,104287174.66,103750303.74,103999583.60,104018739.20,104220065.79,104287174.66,104287174.66
1730756655408,0,INSERT,231,104689827.84,104220065.79,104457561.45,104488501.25,104689827.84,104689827.84,104689827.84
1730756655909,0,INSERT,231,105159589.89,104622718.98,104908149.53,104958263.30,105092481.02,105159589.89,105159589.89
1730756656410,0,INSERT,231,106568876.03,105092481.02,105361642.77,105360916.48,105562243.07,105629351.94,106568876.03
1730756656911,0,INSERT,230,106032005.12,105562243.07,105804126.76,105830678.53,106032005.12,106032005.12,106032005.12
1730756657412,0,INSERT,231,107105746.94,105964896.26,106257299.16,106300440.58,106434658.30,106501767.17,107105746.94
1730756657913,0,INSERT,231,106971529.22,106434658.30,106240885.09,106770202.62,106904420.35,106971529.22,0.01
1730756658414,0,INSERT,231,107441291.26,106904420.35,107150050.41,107172855.81,107374182.40,107374182.40,107441291.26
1730756658915,0,INSERT,231,107843944.45,107374182.40,107600638.50,107642617.86,107843944.45,107843944.45,107843944.45
1730756659416,0,INSERT,231,108313706.50,107776835.58,108048902.47,108112379.90,108246597.63,108313706.50,108313706.50
1730756659917,0,INSERT,231,108783468.54,108246597.63,108496875.93,108515033.09,108716359.68,108783468.54,108783468.54
1730756660418,0,INSERT,231,109186121.73,108716359.68,108947464.01,108984795.14,109186121.73,109186121.73,109186121.73
1730756660919,0,INSERT,231,109655883.78,109119012.86,109396309.01,109454557.18,109588774.91,109655883.78,109655883.78
1730756661419,0,INSERT,231,110125645.82,109588774.91,109844572.98,109857210.37,110058536.96,110125645.82,110125645.82
1730756661920,0,INSERT,231,111669149.69,110058536.96,110300390.33,110326972.42,110528299.01,110528299.01,111669149.69
1730756662421,0,INSERT,224,110998061.06,110461190.14,110738014.21,110796734.46,110930952.19,110998061.06,110998061.06
1730756662922,0,INSERT,168,112474456.06,110930952.19,111194594.16,111199387.65,111400714.24,111467823.10,112474456.06
1730756663423,0,INSERT,148,111937585.15,111400714.24,111665975.63,111669149.69,111870476.29,111937585.15,111937585.15
1730756663924,0,INSERT,148,112407347.20,111870476.29,112134377.36,112138911.74,112340238.33,112407347.20,112407347.20
1730756664425,0,INSERT,147,112877109.25,112340238.34,112600684.64,112608673.79,112810000.38,112877109.25,112877109.25
1730756664926,0,INSERT,148,113346871.30,112810000.38,113067553.32,113078435.84,113279762.43,113346871.30,113346871.30
1730756665427,0,INSERT,148,113816633.34,113279762.43,113536408.49,113548197.89,113749524.48,113816633.34,113816633.34
1730756665928,0,INSERT,148,115494354.94,113749524.48,114013878.99,114017959.94,114219286.53,114286395.39,115494354.94
1730756666429,0,INSERT,147,114756157.44,114219286.53,114470602.38,114487721.98,114689048.58,114756157.44,114756157.44
1730756666930,0,INSERT,147,116433879.04,114689048.58,114947668.79,114957484.03,115158810.62,115225919.49,116433879.04
1730756667431,0,INSERT,148,115695681.53,115158810.62,115405934.48,115427246.08,115628572.67,115695681.53,115695681.53
1730756667932,0,INSERT,148,116165443.58,115628572.67,115873882.78,115897008.13,116098334.72,116165443.58,116165443.58
1730756668433,0,INSERT,147,116635205.63,116098334.72,116340976.63,116366770.17,116568096.77,116635205.63,116635205.63
1730756668934,0,INSERT,148,117104967.68,116568096.77,116807965.61,116836532.22,117037858.81,117037858.81,117104967.68
1730756669435,0,INSERT,148,117574729.73,117037858.82,117276367.35,117306294.27,117507620.86,117507620.86,117574729.73
1730756669936,0,INSERT,148,118044491.78,117507620.86,117744769.08,117776056.32,117977382.91,117977382.91,118044491.78
1730756670436,0,INSERT,148,118447144.96,117977382.91,118212717.37,118245818.37,118447144.96,118447144.96,118447144.96
1730756670937,0,INSERT,147,120393302.02,118447144.96,118690243.40,118715580.42,118916907.01,118916907.01,120393302.02
1730756671438,0,INSERT,148,119386669.06,118849798.14,119146346.77,119185342.46,119386669.06,119386669.06,119386669.06
1730756671939,0,INSERT,148,119856431.10,119319560.19,119615201.94,119655104.51,119856431.10,119856431.10,119856431.10
1730756672440,0,INSERT,148,120326193.15,119789322.24,120083603.68,120124866.56,120326193.15,120326193.15,120326193.15
1730756672941,0,INSERT,147,120795955.20,120259084.29,120552005.41,120594628.61,120795955.20,120795955.20,120795955.20
1730756673442,0,INSERT,147,121265717.25,120728846.34,121018966.63,121064390.66,121265717.25,121265717.25,121265717.25
1730756673943,0,INSERT,148,121735479.30,121198608.38,121485181.37,121534152.70,121735479.30,121735479.30,121735479.30
1730756674444,0,INSERT,148,122205241.34,121668370.43,121954489.98,122003914.75,122205241.34,122205241.34,122205241.34
1730756674945,0,INSERT,147,122675003.39,122138132.48,122420948.41,122473676.80,122607894.53,122675003.39,122675003.39
1730756675445,0,INSERT,136,123144765.44,122607894.53,122875343.09,122876329.98,123077656.58,123144765.44,123144765.44
1730756675946,0,INSERT,102,123614527.49,123077656.58,123350697.54,123346092.03,123614527.49,123614527.49,123614527.49
1730756676447,0,INSERT,95,124084289.53,123547418.62,123843050.83,123882962.94,124084289.53,124084289.53,124084289.53
1730756676948,0,INSERT,94,124621160.45,124084289.54,124322740.18,124352724.99,124554051.58,124554051.58,124621160.45
1730756677449,0,INSERT,95,125090922.50,124554051.58,124802354.38,124822487.04,125023813.63,125090922.50,125090922.50
1730756677950,0,INSERT,94,125560684.54,125023813.63,125281540.23,125292249.09,125493575.68,125560684.54,125560684.54
1730756678451,0,INSERT,95,126030446.59,125493575.68,125761657.93,125762011.14,125963337.73,126030446.59,126030446.59
1730756678952,0,INSERT,94,126500208.64,125963337.73,126239626.35,126298882.05,126433099.78,126500208.64,126500208.64
1730756679453,0,INSERT,94,126969970.69,126433099.78,126721525.11,126768644.09,126969970.69,126969970.69,126969970.69
1730756679954,0,INSERT,95,127439732.73,126902861.82,127200613.26,127238406.14,127439732.73,127439732.73,127439732.73
1730756680455,0,INSERT,94,127976603.65,127439732.74,127680325.15,127708168.19,127909494.78,127976603.65,127976603.65
1730756680956,0,INSERT,95,128446365.69,127909494.78,128159916.81,128177930.24,128379256.83,128446365.69,128446365.69
1730756681457,0,INSERT,94,128916127.74,128379256.83,128639125.20,128647692.29,128849018.88,128916127.74,128916127.74
1730756681958,0,INSERT,95,129385889.79,128849018.88,129117807.54,129184563.20,129318780.93,129385889.79,129385889.79
1730756682458,0,INSERT,94,129855651.84,129318780.93,129597925.25,129654325.25,129788542.97,129855651.84,129855651.84
1730756682959,0,INSERT,95,130325413.89,129788542.98,130076404.68,130124087.30,130325413.89,130325413.89,130325413.89
1730756683460,0,INSERT,94,130795175.94,130258305.02,130558175.68,130593849.34,130795175.94,130795175.94,130862284.80
1730756683961,0,INSERT,94,131332046.85,130795175.94,131037910.12,131063611.39,131264937.98,131332046.85,131332046.85
1730756684462,0,INSERT,95,131801808.89,131264937.98,131517479.24,131533373.44,131734700.03,131801808.89,131801808.89
1730756684963,0,INSERT,94,132271570.94,131734700.03,131995996.25,132003135.49,132204462.08,132271570.94,132271570.94
1730756685464,0,INSERT,95,132741332.99,132204462.08,132475369.97,132540006.40,132674224.13,132741332.99,132741332.99
1730756685965,0,INSERT,94,133211095.04,132674224.13,132954796.29,133009768.45,133211095.04,133211095.04,133211095.04
1730756686466,0,INSERT,95,133680857.09,133143986.18,133433260.70,133479530.50,133680857.09,133680857.09,133680857.09
1730756686967,0,INSERT,94,134150619.14,133613748.22,133915738.11,133949292.54,134150619.14,134150619.14,134217728.00
1730756687468,0,INSERT,94,134687490.05,134150619.14,134395495.10,134419054.59,134620381.18,134687490.05,134687490.05
1730756687969,0,INSERT,95,135157252.09,134620381.18,134874335.25,134888816.64,135090143.23,135157252.09,135157252.09
1730756688469,0,INSERT,94,135627014.14,135090143.23,135352867.30,135358578.69,135559905.28,135627014.14,135627014.14
1730756688970,0,INSERT,95,136096776.19,135559905.28,135832932.40,135895449.60,136029667.33,136096776.19,136096776.19
1730756689471,0,INSERT,94,136566538.24,136029667.33,136311667.34,136365211.65,136566538.24,136566538.24,136566538.24
1730756689972,0,INSERT,95,137036300.29,136499429.38,136790823.13,136834973.69,137036300.29,137036300.29,137036300.29
1730756690473,0,INSERT,80,137438953.47,136969191.42,137235110.30,137237626.88,137438953.47,137438953.47,137438953.47
