2024-03-19 22:49:12 0 sec: 0 operations;
2024-03-19 22:49:17 5 sec: 62692 operations; [INSERT: Count=62692 Max=293601.28 Min=17.46 Avg=115.76 90=46.69 99=71.81 99.9=504.57 99.99=225968.13]
2024-03-19 22:49:22 10 sec: 116710 operations; [INSERT: Count=116710 Max=408158.21 Min=16.75 Avg=126.88 90=45.05 99=76.99 99.9=506.88 99.99=254541.82]
2024-03-19 22:49:27 15 sec: 155902 operations; [INSERT: Count=155902 Max=576716.80 Min=14.96 Avg=149.14 90=43.62 99=81.66 99.9=509.18 99.99=289406.97]
2024-03-19 22:49:32 20 sec: 202416 operations; [INSERT: Count=202416 Max=576716.80 Min=14.96 Avg=153.46 90=43.65 99=77.76 99.9=505.86 99.99=333447.17]
2024-03-19 22:49:37 25 sec: 253818 operations; [INSERT: Count=253818 Max=576716.80 Min=14.96 Avg=153.22 90=43.65 99=81.66 99.9=503.55 99.99=328204.29]
2024-03-19 22:49:42 30 sec: 300884 operations; [INSERT: Count=300884 Max=576716.80 Min=14.96 Avg=153.97 90=43.42 99=81.02 99.9=505.60 99.99=328466.43]
2024-03-19 22:49:47 35 sec: 355476 operations; [INSERT: Count=355476 Max=576716.80 Min=14.96 Avg=152.58 90=43.49 99=83.45 99.9=506.88 99.99=293601.28]
2024-03-19 22:49:52 40 sec: 405732 operations; [INSERT: Count=405732 Max=576716.80 Min=14.96 Avg=152.64 90=43.36 99=87.36 99.9=504.83 99.99=322174.97]
2024-03-19 22:49:57 45 sec: 452569 operations; [INSERT: Count=452569 Max=576716.80 Min=14.96 Avg=155.63 90=43.39 99=86.33 99.9=503.30 99.99=333447.17]
2024-03-19 22:50:02 50 sec: 501909 operations; [INSERT: Count=501909 Max=576716.80 Min=14.96 Avg=156.11 90=43.23 99=85.50 99.9=501.76 99.99=328466.43]
2024-03-19 22:50:07 55 sec: 555561 operations; [INSERT: Count=555561 Max=576716.80 Min=14.96 Avg=154.89 90=43.10 99=83.39 99.9=500.99 99.99=293601.28]
2024-03-19 22:50:12 60 sec: 612869 operations; [INSERT: Count=612869 Max=576716.80 Min=14.96 Avg=152.66 90=43.20 99=83.07 99.9=501.50 99.99=293339.14]
2024-03-19 22:50:17 65 sec: 665498 operations; [INSERT: Count=665498 Max=576716.80 Min=14.96 Avg=152.26 90=43.20 99=83.07 99.9=501.25 99.99=281018.37]
2024-03-19 22:50:22 70 sec: 718965 operations; [INSERT: Count=718965 Max=576716.80 Min=14.96 Avg=151.63 90=43.17 99=84.03 99.9=501.25 99.99=281018.37]
2024-03-19 22:50:27 75 sec: 768818 operations; [INSERT: Count=768818 Max=576716.80 Min=14.96 Avg=151.87 90=43.13 99=83.71 99.9=500.74 99.99=293339.14]
2024-03-19 22:50:32 80 sec: 827364 operations; [INSERT: Count=827364 Max=576716.80 Min=14.96 Avg=150.06 90=43.36 99=83.07 99.9=499.97 99.99=281018.37]
2024-03-19 22:50:37 85 sec: 874430 operations; [INSERT: Count=874430 Max=576716.80 Min=14.96 Avg=151.04 90=43.30 99=82.17 99.9=509.44 99.99=285212.67]
2024-03-19 22:50:42 90 sec: 928866 operations; [INSERT: Count=928866 Max=576716.80 Min=14.96 Avg=150.75 90=43.26 99=82.88 99.9=534.53 99.99=285212.67]
2024-03-19 22:50:47 95 sec: 979822 operations; [INSERT: Count=979822 Max=576716.80 Min=14.96 Avg=150.90 90=43.23 99=87.36 99.9=719.36 99.99=285212.67]
2024-03-19 22:50:52 100 sec: 1032342 operations; [INSERT: Count=1032342 Max=576716.80 Min=14.96 Avg=150.61 90=43.30 99=90.88 99.9=783.36 99.99=284950.53]
2024-03-19 22:50:57 105 sec: 1071882 operations; [INSERT: Count=1071882 Max=576716.80 Min=14.96 Avg=152.60 90=43.33 99=92.54 99.9=795.13 99.99=312999.93]
2024-03-19 22:51:02 110 sec: 1116861 operations; [INSERT: Count=1116861 Max=576716.80 Min=14.96 Avg=153.88 90=43.33 99=91.07 99.9=797.18 99.99=322174.97]
2024-03-19 22:51:07 115 sec: 1169944 operations; [INSERT: Count=1169944 Max=576716.80 Min=14.96 Avg=153.50 90=43.26 99=93.69 99.9=799.74 99.99=312999.93]
2024-03-19 22:51:12 120 sec: 1227484 operations; [INSERT: Count=1227484 Max=576716.80 Min=14.96 Avg=152.57 90=43.17 99=95.04 99.9=802.30 99.99=293339.14]
2024-03-19 22:51:17 125 sec: 1281740 operations; [INSERT: Count=1281740 Max=576716.80 Min=14.96 Avg=152.10 90=43.10 99=94.27 99.9=804.35 99.99=285212.67]
2024-03-19 22:51:22 130 sec: 1335825 operations; [INSERT: Count=1335825 Max=576716.80 Min=14.96 Avg=151.22 90=43.04 99=96.51 99.9=806.40 99.99=276037.63]
2024-03-19 22:51:27 135 sec: 1383926 operations; [INSERT: Count=1383926 Max=576716.80 Min=14.96 Avg=152.17 90=42.88 99=102.27 99.9=806.91 99.99=285212.67]
2024-03-19 22:51:32 140 sec: 1421304 operations; [INSERT: Count=1421304 Max=589824.00 Min=14.96 Avg=154.02 90=42.75 99=101.95 99.9=806.91 99.99=307757.05]
2024-03-19 22:51:37 145 sec: 1470792 operations; [INSERT: Count=1470792 Max=589824.00 Min=14.96 Avg=154.10 90=42.59 99=97.92 99.9=806.40 99.99=308019.20]
2024-03-19 22:51:42 150 sec: 1520424 operations; [INSERT: Count=1520424 Max=589824.00 Min=14.96 Avg=154.31 90=42.43 99=99.58 99.9=805.89 99.99=308281.34]
2024-03-19 22:51:47 155 sec: 1566486 operations; [INSERT: Count=1566486 Max=589824.00 Min=14.96 Avg=154.83 90=42.30 99=99.84 99.9=805.38 99.99=315359.23]
2024-03-19 22:51:52 160 sec: 1615762 operations; [INSERT: Count=1615762 Max=589824.00 Min=14.96 Avg=155.16 90=42.14 99=102.66 99.9=805.38 99.99=312999.93]
2024-03-19 22:51:57 165 sec: 1669008 operations; [INSERT: Count=1669008 Max=589824.00 Min=14.96 Avg=154.84 90=41.98 99=95.42 99.9=804.35 99.99=308019.20]
2024-03-19 22:52:02 170 sec: 1715246 operations; [INSERT: Count=1715246 Max=589824.00 Min=14.96 Avg=155.10 90=41.85 99=91.01 99.9=803.84 99.99=308281.34]
2024-03-19 22:52:07 175 sec: 1763618 operations; [INSERT: Count=1763618 Max=589824.00 Min=14.96 Avg=155.59 90=41.70 99=86.97 99.9=802.82 99.99=312999.93]
2024-03-19 22:52:12 180 sec: 1814450 operations; [INSERT: Count=1814450 Max=589824.00 Min=14.96 Avg=155.17 90=41.60 99=83.97 99.9=802.30 99.99=308281.34]
2024-03-19 22:52:17 185 sec: 1860280 operations; [INSERT: Count=1860280 Max=589824.00 Min=14.96 Avg=156.04 90=41.47 99=81.53 99.9=801.79 99.99=312999.93]
2024-03-19 22:52:22 190 sec: 1903018 operations; [INSERT: Count=1903018 Max=589824.00 Min=14.96 Avg=156.55 90=41.34 99=79.55 99.9=801.28 99.99=315359.23]
2024-03-19 22:52:27 195 sec: 1958960 operations; [INSERT: Count=1958960 Max=589824.00 Min=14.96 Avg=156.24 90=41.18 99=77.57 99.9=800.25 99.99=312999.93]
2024-03-19 22:52:32 200 sec: 2006278 operations; [INSERT: Count=2006278 Max=589824.00 Min=14.96 Avg=156.53 90=41.09 99=76.16 99.9=800.25 99.99=312999.93]
2024-03-19 22:52:37 205 sec: 2055198 operations; [INSERT: Count=2055198 Max=589824.00 Min=14.96 Avg=156.57 90=40.96 99=74.81 99.9=799.23 99.99=314310.66]
2024-03-19 22:52:42 210 sec: 2105211 operations; [INSERT: Count=2105211 Max=805306.37 Min=14.96 Avg=156.56 90=40.86 99=73.53 99.9=798.72 99.99=315359.23]
2024-03-19 22:52:47 215 sec: 2155089 operations; [INSERT: Count=2155089 Max=805306.37 Min=14.96 Avg=156.62 90=40.73 99=72.58 99.9=797.70 99.99=314310.66]
2024-03-19 22:52:52 220 sec: 2196305 operations; [INSERT: Count=2196305 Max=805306.37 Min=14.96 Avg=157.50 90=40.64 99=71.81 99.9=796.67 99.99=322174.97]
2024-03-19 22:52:57 225 sec: 2250677 operations; [INSERT: Count=2250677 Max=805306.37 Min=14.96 Avg=157.11 90=40.48 99=70.91 99.9=796.16 99.99=321650.69]
2024-03-19 22:53:02 230 sec: 2302605 operations; [INSERT: Count=2302605 Max=805306.37 Min=14.96 Avg=156.95 90=40.38 99=70.08 99.9=795.13 99.99=319029.25]
2024-03-19 22:53:07 235 sec: 2342609 operations; [INSERT: Count=2342609 Max=805306.37 Min=14.96 Avg=157.62 90=40.29 99=69.57 99.9=794.62 99.99=324796.41]
2024-03-19 22:53:12 240 sec: 2392442 operations; [INSERT: Count=2392442 Max=805306.37 Min=14.96 Avg=157.80 90=40.16 99=68.99 99.9=794.11 99.99=325058.56]
2024-03-19 22:53:17 245 sec: 2438562 operations; [INSERT: Count=2438562 Max=805306.37 Min=14.96 Avg=157.97 90=40.06 99=68.48 99.9=793.09 99.99=325058.56]
2024-03-19 22:53:22 250 sec: 2491813 operations; [INSERT: Count=2491813 Max=805306.37 Min=14.96 Avg=157.81 90=39.97 99=67.97 99.9=792.06 99.99=325058.56]
2024-03-19 22:53:27 255 sec: 2538063 operations; [INSERT: Count=2538063 Max=805306.37 Min=14.96 Avg=158.09 90=39.87 99=67.58 99.9=791.04 99.99=325058.56]
2024-03-19 22:53:32 260 sec: 2591430 operations; [INSERT: Count=2591430 Max=805306.37 Min=14.96 Avg=157.83 90=39.74 99=67.14 99.9=790.01 99.99=326369.28]
2024-03-19 22:53:37 265 sec: 2633035 operations; [INSERT: Count=2633035 Max=805306.37 Min=14.96 Avg=158.46 90=39.68 99=66.81 99.9=789.50 99.99=327155.71]
2024-03-19 22:53:42 270 sec: 2683347 operations; [INSERT: Count=2683347 Max=805306.37 Min=14.96 Avg=158.29 90=39.71 99=66.81 99.9=788.99 99.99=326631.42]
2024-03-19 22:53:47 275 sec: 2740170 operations; [INSERT: Count=2740170 Max=805306.37 Min=14.96 Avg=157.76 90=39.77 99=66.88 99.9=786.94 99.99=325058.56]
2024-03-19 22:53:52 280 sec: 2779202 operations; [INSERT: Count=2779202 Max=805306.37 Min=14.96 Avg=158.61 90=39.87 99=67.07 99.9=785.92 99.99=327680.00]
2024-03-19 22:53:57 285 sec: 2832540 operations; [INSERT: Count=2832540 Max=805306.37 Min=14.96 Avg=158.28 90=39.77 99=66.69 99.9=784.38 99.99=327680.00]
2024-03-19 22:54:02 290 sec: 2882197 operations; [INSERT: Count=2882197 Max=805306.37 Min=14.96 Avg=158.28 90=39.68 99=66.43 99.9=783.36 99.99=327680.00]
2024-03-19 22:54:07 295 sec: 2928415 operations; [INSERT: Count=2928415 Max=805306.37 Min=14.96 Avg=158.56 90=39.65 99=66.17 99.9=781.82 99.99=329252.86]
2024-03-19 22:54:13 300 sec: 2978100 operations; [INSERT: Count=2978100 Max=805306.37 Min=14.96 Avg=158.57 90=39.55 99=65.92 99.9=780.29 99.99=327680.00]
2024-03-19 22:54:18 305 sec: 3025234 operations; [INSERT: Count=3025234 Max=805306.37 Min=14.96 Avg=158.77 90=39.55 99=65.73 99.9=779.26 99.99=328204.29]
2024-03-19 22:54:23 310 sec: 3063742 operations; [INSERT: Count=3063742 Max=805306.37 Min=14.96 Avg=159.51 90=39.55 99=65.60 99.9=777.73 99.99=330563.58]
2024-03-19 22:54:28 315 sec: 3120395 operations; [INSERT: Count=3120395 Max=805306.37 Min=14.96 Avg=159.04 90=39.58 99=65.34 99.9=776.19 99.99=328466.43]
2024-03-19 22:54:33 320 sec: 3176747 operations; [INSERT: Count=3176747 Max=805306.37 Min=14.96 Avg=158.61 90=39.58 99=65.15 99.9=774.65 99.99=327155.71]
2024-03-19 22:54:38 325 sec: 3224357 operations; [INSERT: Count=3224357 Max=805306.37 Min=14.96 Avg=158.74 90=39.62 99=65.02 99.9=773.12 99.99=327680.00]
2024-03-19 22:54:43 330 sec: 3276590 operations; [INSERT: Count=3276590 Max=805306.37 Min=14.96 Avg=158.55 90=39.62 99=64.80 99.9=771.07 99.99=326631.42]
2024-03-19 22:54:48 335 sec: 3326304 operations; [INSERT: Count=3326304 Max=805306.37 Min=14.96 Avg=158.47 90=39.62 99=64.64 99.9=770.05 99.99=326631.42]
2024-03-19 22:54:53 340 sec: 3368942 operations; [INSERT: Count=3368942 Max=805306.37 Min=14.96 Avg=158.96 90=39.62 99=64.48 99.9=769.02 99.99=328204.29]
2024-03-19 22:54:58 345 sec: 3414935 operations; [INSERT: Count=3414935 Max=805306.37 Min=14.96 Avg=159.16 90=39.65 99=64.35 99.9=766.46 99.99=330563.58]
2024-03-19 22:55:03 350 sec: 3461120 operations; [INSERT: Count=3461120 Max=805306.37 Min=14.96 Avg=159.30 90=39.65 99=64.25 99.9=764.41 99.99=330563.58]
2024-03-19 22:55:08 355 sec: 3507250 operations; [INSERT: Count=3507250 Max=805306.37 Min=14.96 Avg=159.61 90=39.65 99=64.16 99.9=762.37 99.99=331087.87]
2024-03-19 22:55:13 360 sec: 3558890 operations; [INSERT: Count=3558890 Max=805306.37 Min=14.96 Avg=159.48 90=39.65 99=64.03 99.9=759.81 99.99=330563.58]
2024-03-19 22:55:18 365 sec: 3606440 operations; [INSERT: Count=3606440 Max=805306.37 Min=14.96 Avg=159.54 90=39.65 99=63.90 99.9=757.76 99.99=330563.58]
2024-03-19 22:55:23 370 sec: 3663357 operations; [INSERT: Count=3663357 Max=805306.37 Min=14.96 Avg=159.10 90=39.65 99=63.71 99.9=755.20 99.99=327680.00]
2024-03-19 22:55:28 375 sec: 3716751 operations; [INSERT: Count=3716751 Max=805306.37 Min=14.96 Avg=158.88 90=39.62 99=63.58 99.9=753.15 99.99=327155.71]
2024-03-19 22:55:33 380 sec: 3766244 operations; [INSERT: Count=3766244 Max=805306.37 Min=14.96 Avg=158.92 90=39.65 99=63.52 99.9=749.05 99.99=327680.00]
2024-03-19 22:55:38 385 sec: 3819915 operations; [INSERT: Count=3819915 Max=805306.37 Min=14.96 Avg=158.76 90=39.65 99=63.42 99.9=745.98 99.99=326631.42]
2024-03-19 22:55:43 390 sec: 3867927 operations; [INSERT: Count=3867927 Max=805306.37 Min=14.96 Avg=158.85 90=39.65 99=63.33 99.9=742.91 99.99=326631.42]
2024-03-19 22:55:48 395 sec: 3912043 operations; [INSERT: Count=3912043 Max=805306.37 Min=14.96 Avg=159.11 90=39.65 99=63.23 99.9=740.86 99.99=327680.00]
2024-03-19 22:55:53 400 sec: 3958510 operations; [INSERT: Count=3958510 Max=805306.37 Min=14.96 Avg=159.17 90=39.65 99=63.10 99.9=737.79 99.99=327155.71]
2024-03-19 22:55:58 405 sec: 4001253 operations; [INSERT: Count=4001253 Max=805306.37 Min=14.96 Avg=159.61 90=39.62 99=63.01 99.9=734.72 99.99=328466.43]
2024-03-19 22:56:03 410 sec: 4054808 operations; [INSERT: Count=4054808 Max=805306.37 Min=14.96 Avg=159.38 90=39.62 99=62.88 99.9=731.65 99.99=327680.00]
2024-03-19 22:56:08 415 sec: 4101054 operations; [INSERT: Count=4101054 Max=805306.37 Min=14.96 Avg=159.44 90=39.62 99=62.81 99.9=727.55 99.99=327680.00]
2024-03-19 22:56:13 420 sec: 4154181 operations; [INSERT: Count=4154181 Max=805306.37 Min=14.96 Avg=159.28 90=39.65 99=62.72 99.9=723.97 99.99=327680.00]
2024-03-19 22:56:18 425 sec: 4193372 operations; [INSERT: Count=4193372 Max=805306.37 Min=14.96 Avg=159.82 90=39.65 99=62.66 99.9=722.43 99.99=330563.58]
2024-03-19 22:56:23 430 sec: 4257178 operations; [INSERT: Count=4257178 Max=805306.37 Min=14.96 Avg=159.22 90=39.62 99=62.53 99.9=717.82 99.99=327155.71]
2024-03-19 22:56:28 435 sec: 4306143 operations; [INSERT: Count=4306143 Max=805306.37 Min=14.96 Avg=159.25 90=39.62 99=62.43 99.9=714.75 99.99=327155.71]
2024-03-19 22:56:33 440 sec: 4353407 operations; [INSERT: Count=4353407 Max=805306.37 Min=14.96 Avg=159.30 90=39.65 99=62.43 99.9=712.19 99.99=327155.71]
2024-03-19 22:56:38 445 sec: 4403989 operations; [INSERT: Count=4403989 Max=805306.37 Min=14.96 Avg=159.31 90=39.65 99=62.34 99.9=708.61 99.99=327155.71]
2024-03-19 22:56:43 450 sec: 4463878 operations; [INSERT: Count=4463878 Max=805306.37 Min=14.96 Avg=158.84 90=39.68 99=62.27 99.9=703.49 99.99=326631.42]
2024-03-19 22:56:48 455 sec: 4513221 operations; [INSERT: Count=4513221 Max=805306.37 Min=14.96 Avg=158.85 90=39.68 99=62.21 99.9=700.41 99.99=326369.28]
2024-03-19 22:56:53 460 sec: 4552719 operations; [INSERT: Count=4552719 Max=805306.37 Min=14.96 Avg=159.27 90=39.68 99=62.17 99.9=699.39 99.99=327155.71]
2024-03-19 22:56:58 465 sec: 4602562 operations; [INSERT: Count=4602562 Max=805306.37 Min=14.96 Avg=159.04 90=39.68 99=62.08 99.9=696.32 99.99=326631.42]
2024-03-19 22:57:03 470 sec: 4652559 operations; [INSERT: Count=4652559 Max=805306.37 Min=14.96 Avg=159.25 90=39.65 99=62.02 99.9=694.27 99.99=327155.71]
2024-03-19 22:57:08 475 sec: 4705923 operations; [INSERT: Count=4705923 Max=805306.37 Min=14.96 Avg=158.98 90=39.65 99=61.95 99.9=690.17 99.99=325844.99]
2024-03-19 22:57:13 480 sec: 4761230 operations; [INSERT: Count=4761230 Max=805306.37 Min=14.96 Avg=158.85 90=39.68 99=62.05 99.9=687.10 99.99=325582.85]
2024-03-19 22:57:18 485 sec: 4817795 operations; [INSERT: Count=4817795 Max=805306.37 Min=14.96 Avg=158.56 90=39.68 99=62.02 99.9=683.01 99.99=324009.98]
2024-03-19 22:57:23 490 sec: 4858925 operations; [INSERT: Count=4858925 Max=805306.37 Min=14.96 Avg=158.91 90=39.68 99=61.95 99.9=680.96 99.99=325058.56]
2024-03-19 22:57:28 495 sec: 4908760 operations; [INSERT: Count=4908760 Max=805306.37 Min=14.96 Avg=158.82 90=39.65 99=61.89 99.9=678.40 99.99=325582.85]
2024-03-19 22:57:33 500 sec: 4951601 operations; [INSERT: Count=4951601 Max=805306.37 Min=14.96 Avg=159.09 90=39.65 99=61.85 99.9=675.33 99.99=326631.42]
2024-03-19 22:57:38 505 sec: 5004873 operations; [INSERT: Count=5004873 Max=805306.37 Min=14.96 Avg=158.99 90=39.65 99=61.82 99.9=673.28 99.99=326631.42]
2024-03-19 22:57:43 510 sec: 5058439 operations; [INSERT: Count=5058439 Max=805306.37 Min=14.96 Avg=158.83 90=39.65 99=61.73 99.9=671.74 99.99=326631.42]
2024-03-19 22:57:48 515 sec: 5107823 operations; [INSERT: Count=5107823 Max=805306.37 Min=14.96 Avg=158.89 90=39.62 99=61.66 99.9=669.18 99.99=326369.28]
2024-03-19 22:57:53 520 sec: 5158305 operations; [INSERT: Count=5158305 Max=805306.37 Min=14.96 Avg=158.85 90=39.65 99=61.66 99.9=666.62 99.99=325058.56]
2024-03-19 22:57:58 525 sec: 5204261 operations; [INSERT: Count=5204261 Max=805306.37 Min=14.96 Avg=158.87 90=39.62 99=61.63 99.9=664.58 99.99=325582.85]
2024-03-19 22:58:03 530 sec: 5254873 operations; [INSERT: Count=5254873 Max=805306.37 Min=14.96 Avg=158.95 90=39.62 99=61.60 99.9=663.04 99.99=325844.99]
2024-03-19 22:58:08 535 sec: 5307301 operations; [INSERT: Count=5307301 Max=805306.37 Min=14.96 Avg=158.81 90=39.62 99=61.53 99.9=660.48 99.99=325058.56]
2024-03-19 22:58:13 540 sec: 5356998 operations; [INSERT: Count=5356998 Max=805306.37 Min=14.96 Avg=158.77 90=39.62 99=61.60 99.9=657.41 99.99=324796.41]
2024-03-19 22:58:18 545 sec: 5403424 operations; [INSERT: Count=5403424 Max=805306.37 Min=14.96 Avg=158.96 90=39.62 99=61.53 99.9=655.36 99.99=325058.56]
2024-03-19 22:58:23 550 sec: 5442471 operations; [INSERT: Count=5442471 Max=805306.37 Min=14.96 Avg=159.34 90=39.62 99=61.53 99.9=653.82 99.99=326631.42]
2024-03-19 22:58:28 555 sec: 5495852 operations; [INSERT: Count=5495852 Max=805306.37 Min=14.96 Avg=159.17 90=39.58 99=61.47 99.9=651.26 99.99=325058.56]
2024-03-19 22:58:33 560 sec: 5542113 operations; [INSERT: Count=5542113 Max=805306.37 Min=14.96 Avg=159.33 90=39.58 99=61.47 99.9=650.24 99.99=324796.41]
2024-03-19 22:58:38 565 sec: 5595121 operations; [INSERT: Count=5595121 Max=805306.37 Min=14.96 Avg=159.13 90=39.58 99=61.50 99.9=646.65 99.99=323747.84]
2024-03-19 22:58:43 570 sec: 5637799 operations; [INSERT: Count=5637799 Max=805306.37 Min=14.96 Avg=159.43 90=39.55 99=61.47 99.9=644.61 99.99=325844.99]
2024-03-19 22:58:48 575 sec: 5682929 operations; [INSERT: Count=5682929 Max=805306.37 Min=14.96 Avg=159.61 90=39.58 99=61.44 99.9=642.56 99.99=327155.71]
2024-03-19 22:58:53 580 sec: 5738836 operations; [INSERT: Count=5738836 Max=805306.37 Min=14.96 Avg=159.38 90=39.58 99=61.41 99.9=640.51 99.99=326631.42]
2024-03-19 22:58:58 585 sec: 5787348 operations; [INSERT: Count=5787348 Max=805306.37 Min=14.96 Avg=159.36 90=39.55 99=61.34 99.9=638.98 99.99=326369.28]
2024-03-19 22:59:03 590 sec: 5835107 operations; [INSERT: Count=5835107 Max=805306.37 Min=14.96 Avg=159.48 90=39.52 99=61.25 99.9=637.44 99.99=326631.42]
2024-03-19 22:59:08 595 sec: 5886925 operations; [INSERT: Count=5886925 Max=805306.37 Min=14.96 Avg=159.39 90=39.49 99=61.18 99.9=635.39 99.99=325844.99]
2024-03-19 22:59:13 600 sec: 5938568 operations; [INSERT: Count=5938568 Max=805306.37 Min=14.96 Avg=159.30 90=39.45 99=61.12 99.9=632.83 99.99=325844.99]
2024-03-19 22:59:18 605 sec: 5984693 operations; [INSERT: Count=5984693 Max=805306.37 Min=14.96 Avg=159.37 90=39.39 99=61.02 99.9=630.78 99.99=326631.42]
2024-03-19 22:59:23 610 sec: 6030798 operations; [INSERT: Count=6030798 Max=805306.37 Min=14.96 Avg=159.51 90=39.36 99=60.96 99.9=628.22 99.99=327155.71]
2024-03-19 22:59:28 615 sec: 6082952 operations; [INSERT: Count=6082952 Max=805306.37 Min=14.96 Avg=159.46 90=39.33 99=60.86 99.9=626.17 99.99=326631.42]
2024-03-19 22:59:33 620 sec: 6126029 operations; [INSERT: Count=6126029 Max=805306.37 Min=14.96 Avg=159.63 90=39.30 99=60.80 99.9=624.13 99.99=326631.42]
2024-03-19 22:59:38 625 sec: 6178533 operations; [INSERT: Count=6178533 Max=805306.37 Min=14.96 Avg=159.57 90=39.26 99=60.70 99.9=621.57 99.99=325582.85]
2024-03-19 22:59:43 630 sec: 6231546 operations; [INSERT: Count=6231546 Max=805306.37 Min=14.96 Avg=159.45 90=39.23 99=60.64 99.9=619.01 99.99=325320.70]
2024-03-19 22:59:44 632 sec: 6250000 operations; [INSERT: Count=6250000 Max=805306.37 Min=14.96 Avg=159.28 90=39.20 99=60.61 99.9=617.98 99.99=325058.56]
Load runtime(sec): 632.041
Load operations(ops): 6250000
Load throughput(ops/sec): 9888.6
starting client threadpool
Num_cpus: 32
Num_threads: 4
MainThread running on CPU 27
Worker thread 0 running on CPU 17
Worker thread 2 running on CPU 6
Worker thread 2 done
Worker thread 1 running on CPU 13
Worker thread 1 done
Worker thread 3 running on CPU 17
Worker thread 3 done
Worker thread 0 done
