timestamp,client_id,op_type,count,max,min,avg,50p,90p,99p,99.9p
1730699931349,0,INSERT,495,9986.05,53.15,364.55,58.66,69.89,8138.75,9986.05
1730699931850,0,INSERT,1251,184.83,53.57,59.31,58.34,62.78,79.42,121.60
1730699932350,0,INSERT,1235,292.86,53.76,62.00,59.84,67.65,88.58,186.88
1730699932851,0,INSERT,1194,236.29,55.14,67.17,64.48,77.18,98.56,156.41
1730699933352,0,INSERT,1182,507.65,52.51,64.37,61.57,74.88,93.95,114.50
1730699933853,0,INSERT,1249,120.64,53.06,60.21,59.07,64.25,82.30,113.41
1730699934355,0,INSERT,1254,100.16,53.28,61.97,59.94,72.32,86.08,99.84
1730699934856,0,INSERT,1165,776.19,53.28,65.11,61.60,75.90,92.93,248.83
1730699935356,0,INSERT,1251,803.33,52.51,60.54,59.17,64.06,79.04,88.51
1730699935857,0,INSERT,1252,144.77,52.58,59.96,58.94,64.25,80.96,118.46
1730699936358,0,INSERT,1136,212.22,51.74,61.65,58.88,72.83,98.94,155.78
1730699936859,0,INSERT,1251,124.67,52.03,58.77,57.60,63.23,76.16,109.44
1730699937360,0,INSERT,1251,99.39,52.70,58.58,57.34,62.59,77.44,94.72
1730699937861,0,INSERT,1190,772.10,52.06,60.39,57.41,69.31,83.97,210.30
1730699938361,0,INSERT,1228,93.69,51.62,58.40,56.70,67.26,78.85,88.70
1730699938862,0,INSERT,1246,144.25,52.00,59.85,58.46,64.89,86.78,114.30
1730699939363,0,INSERT,1204,994.82,49.66,59.40,56.96,66.81,79.30,94.02
1730699939864,0,INSERT,1198,1479.68,49.79,57.31,54.21,59.62,76.48,881.15
1730699940365,0,INSERT,1251,87.68,50.02,56.31,55.01,61.57,74.17,82.69
1730699940866,0,INSERT,1246,315.39,51.23,60.34,58.91,65.98,87.68,130.62
1730699941366,0,INSERT,1160,832.51,52.96,66.85,64.03,77.76,98.05,105.15
1730699941868,0,INSERT,845,160169.98,52.90,11061.74,59.07,41025.54,149815.30,159776.77
1730699942369,0,INSERT,276,547356.67,162529.28,355435.09,354942.97,509870.08,544210.94,548929.54
1730699942870,0,INSERT,278,937426.94,549978.11,744070.28,743964.67,898629.63,933232.64,937426.94
1730699943371,0,INSERT,277,1325400.06,939524.10,1132696.78,1132462.08,1286602.75,1321205.76,1325400.06
1730699943872,0,INSERT,277,1713373.18,1327497.22,1520607.44,1521483.77,1675624.45,1709178.88,1713373.18
1730699944373,0,INSERT,283,2527068.16,1715470.34,1930094.95,1912602.62,2084569.09,2516582.40,2527068.16
1730699944874,0,INSERT,275,2491416.58,2113929.22,2302484.15,2304770.05,2457862.14,2489319.42,2491416.58
1730699945375,0,INSERT,275,2877292.54,2499805.18,2687713.82,2688548.86,2843738.11,2875195.39,2877292.54
1730699945876,0,INSERT,201,3303014.40,2889875.46,3078394.81,3076521.98,3254779.90,3300917.25,3303014.40
1730699946376,0,INSERT,184,3735027.71,3305111.55,3521061.22,3521118.21,3705667.58,3732930.56,3735027.71
1730699946877,0,INSERT,176,4158652.42,3749707.78,3955931.69,3946840.06,4129292.29,4158652.42,4158652.42
1730699947378,0,INSERT,176,4584374.27,4175429.63,4381051.81,4374659.07,4555014.14,4584374.27,4584374.27
1730699947879,0,INSERT,176,5012193.28,4601151.49,4806148.10,4798283.78,4982833.15,5012193.28,5012193.28
1730699948380,0,INSERT,176,5435817.98,5024776.19,5231417.16,5221908.48,5406457.86,5435817.98,5435817.98
1730699948881,0,INSERT,181,5880414.21,5448400.90,5662692.75,5666504.70,5834276.86,5880414.21,5880414.21
1730699949382,0,INSERT,176,6304038.91,5884608.51,6095300.79,6094323.71,6262095.87,6304038.91,6304038.91
1730699949883,0,INSERT,176,6731857.92,6312427.52,6520450.70,6517948.42,6689914.88,6731857.92,6731857.92
1730699950385,0,INSERT,182,7168065.54,6736052.22,6952819.39,6954156.03,7130316.80,7168065.54,7168065.54
1730699950886,0,INSERT,176,7591690.24,7176454.14,7385168.43,7381975.04,7553941.50,7591690.24,7591690.24
1730699951386,0,INSERT,176,8019509.25,7600078.85,7810246.84,7805599.74,7977566.21,8015314.94,8019509.25
1730699951887,0,INSERT,181,8455716.86,8027897.86,8241332.31,8246001.66,8413773.82,8455716.86,8455716.86
1730699952388,0,INSERT,176,8883535.87,8464105.47,8672450.37,8673820.67,8841592.83,8883535.87,8883535.87
1730699952889,0,INSERT,176,9311354.88,8883535.87,9097207.06,9101639.68,9269411.84,9311354.88,9311354.88
1730699953390,0,INSERT,182,9747562.49,9311354.88,9529458.69,9529458.69,9705619.46,9747562.49,9747562.49
1730699953891,0,INSERT,176,10175381.50,9747562.50,9961900.96,9957277.70,10133438.46,10166992.89,10175381.50
1730699954392,0,INSERT,176,10594811.90,10175381.50,10387050.87,10385096.70,10561257.47,10594811.90,10594811.90
1730699954893,0,INSERT,176,11022630.91,10603200.51,10812200.77,10812915.71,10980687.87,11022630.91,11022630.91
1730699955393,0,INSERT,181,11458838.53,11022630.91,11243260.57,11249123.33,11416895.49,11458838.53,11458838.53
1730699955894,0,INSERT,176,11878268.93,11458838.53,11672176.08,11676942.34,11836325.89,11878268.93,11878268.93
1730699956395,0,INSERT,176,12306087.94,11878268.93,12093560.65,12096372.73,12264144.89,12306087.94,12306087.94
1730699956896,0,INSERT,138,12750684.16,12306087.94,12516411.01,12515803.13,12708741.12,12750684.16,12750684.16
1730699957397,0,INSERT,115,13212057.60,12767461.38,12988446.49,12993953.79,13170114.56,13212057.60,13212057.60
1730699957898,0,INSERT,110,13656653.82,13220446.21,13437482.37,13430161.41,13606322.18,13656653.82,13656653.82
1730699958399,0,INSERT,116,14109638.65,13665042.43,13888642.22,13891534.85,14067695.62,14109638.65,14109638.65
1730699958900,0,INSERT,115,14571012.10,14126415.87,14349005.76,14352908.29,14529069.05,14571012.10,14571012.10
1730699959401,0,INSERT,110,15015608.32,14587789.31,14798648.41,14797504.51,14973665.28,15015608.32,15015608.32
1730699959901,0,INSERT,116,15476981.76,15023996.93,15249259.98,15250489.34,15426650.11,15468593.15,15476981.76
1730699960403,0,INSERT,115,15938355.20,15485370.37,15709929.76,15711862.78,15888023.55,15938355.20,15938355.20
1730699960904,0,INSERT,110,16374562.81,15946743.81,16159051.85,16156459.01,16332619.78,16374562.81,16374562.81
1730699961405,0,INSERT,116,16835936.25,16382951.42,16609877.73,16609443.84,16785604.61,16835936.25,16835936.25
1730699961906,0,INSERT,115,17297309.70,16852713.47,17072093.81,17079205.89,17263755.26,17297309.70,17297309.70
1730699962407,0,INSERT,110,17733517.31,17297309.70,17519684.07,17515413.50,17699962.88,17733517.31,17733517.31
1730699962908,0,INSERT,116,18203279.36,17733517.31,17971869.48,17985175.55,18152947.71,18203279.36,18203279.36
1730699963409,0,INSERT,115,18656264.19,18203279.36,18432251.89,18438160.38,18622709.76,18656264.19,18656264.19
1730699963910,0,INSERT,116,19126026.24,18656264.19,18893459.31,18907922.43,19075694.59,19126026.24,19126026.24
1730699964410,0,INSERT,110,19562233.86,19126026.24,19344435.09,19344130.05,19511902.21,19562233.86,19562233.86
1730699964911,0,INSERT,115,20015218.69,19562233.86,19792665.27,19797114.88,19981664.25,20015218.69,20015218.69
1730699965412,0,INSERT,116,20484980.73,20031995.90,20255161.80,20266876.93,20434649.09,20484980.73,20484980.73
1730699965913,0,INSERT,110,20921188.35,20484980.74,20704914.79,20703084.54,20870856.70,20921188.35,20921188.35
1730699966414,0,INSERT,115,21390950.40,20921188.35,21154829.32,21156069.38,21340618.75,21390950.40,21390950.40
1730699966915,0,INSERT,116,21843935.23,21390950.40,21615273.35,21625831.42,21793603.58,21843935.23,21843935.23
1730699967416,0,INSERT,110,22280142.85,21843935.23,22066157.08,22062039.04,22246588.41,22280142.85,22280142.85
1730699967917,0,INSERT,115,22749904.89,22280142.85,22515826.26,22531801.09,22699573.25,22749904.89,22749904.89
1730699968417,0,INSERT,116,23202889.73,22749904.90,22976686.57,22984785.92,23152558.08,23202889.73,23202889.73
1730699968918,0,INSERT,110,23639097.34,23202889.73,23427856.94,23420993.54,23605542.91,23639097.34,23639097.34
1730699969419,0,INSERT,115,24108859.39,23655874.56,23877406.76,23890755.58,24058527.74,24108859.39,24108859.39
1730699969920,0,INSERT,116,24561844.22,24108859.39,24337376.64,24343740.41,24528289.79,24561844.22,24561844.22
1730699970421,0,INSERT,110,24998051.84,24561844.22,24779795.51,24779948.03,24947720.19,24981274.62,24998051.84
1730699970922,0,INSERT,115,25451036.67,24998051.84,25218854.59,25232932.86,25400705.02,25451036.67,25451036.67
1730699971423,0,INSERT,116,25904021.50,25451036.67,25674202.57,25685917.70,25853689.86,25904021.50,25904021.50
1730699971924,0,INSERT,110,26340229.12,25904021.50,26118312.31,26122125.31,26289897.47,26323451.90,26340229.12
1730699972424,0,INSERT,115,26793213.95,26340229.12,26561615.43,26575110.14,26742882.30,26793213.95,26793213.95
1730699972926,0,INSERT,116,27246198.78,26793213.95,27018115.43,27028094.98,27195867.14,27246198.78,27246198.78
1730699973427,0,INSERT,110,27682406.40,27246198.78,27469793.32,27464302.59,27648851.97,27682406.40,27682406.40
1730699973928,0,INSERT,110,28152168.45,27699183.62,27912254.26,27900510.21,28101836.80,28152168.45,28152168.45
1730699974429,0,INSERT,77,28605153.28,28168945.66,28373213.72,28387049.47,28571598.85,28605153.28,28605153.28
1730699974930,0,INSERT,73,29108469.76,28621930.50,28860343.57,28856811.52,29074915.33,29108469.76,29108469.76
1730699975431,0,INSERT,71,29561454.59,29125246.98,29342996.34,29360128.00,29527900.16,29561454.59,29561454.59
1730699975932,0,INSERT,72,30031216.64,29578231.81,29805190.26,29813112.83,29997662.21,30031216.64,30031216.64
1730699976432,0,INSERT,71,30500978.69,30047993.86,30267869.91,30282874.88,30450647.04,30484201.47,30500978.69
1730699976933,0,INSERT,72,30953963.52,30500978.69,30731432.39,30735859.71,30920409.09,30953963.52,30953963.52
1730699977434,0,INSERT,77,31457280.00,30970740.74,31213356.71,31239176.19,31423725.57,31457280.00,31457280.00
1730699977935,0,INSERT,71,31910264.83,31474057.22,31692515.47,31708938.24,31876710.40,31910264.83,31910264.83
1730699978436,0,INSERT,72,32380026.88,31927042.05,32156097.65,32161923.07,32346472.45,32380026.88,32380026.88
1730699978937,0,INSERT,71,32849788.93,32396804.10,32618570.54,32631685.12,32799457.28,32849788.93,32849788.93
1730699979438,0,INSERT,77,33336328.19,32849788.93,33097416.28,33084669.95,33302773.76,33336328.19,33336328.19
1730699979939,0,INSERT,72,33806090.24,33353105.41,33579131.79,33587986.43,33772535.81,33806090.24,33806090.24
1730699980439,0,INSERT,71,34259075.07,33822867.46,34041798.31,34057748.48,34225520.64,34259075.07,34259075.07
1730699980940,0,INSERT,72,34728837.12,34275852.29,34508053.62,34527510.53,34695282.69,34728837.12,34728837.12
1730699981441,0,INSERT,77,35232153.60,34728837.12,34988775.03,35030827.01,35198599.17,35232153.60,35232153.60
1730699981942,0,INSERT,71,35701915.65,35232153.60,35467743.52,35500589.05,35668361.22,35701915.65,35701915.65
1730699982443,0,INSERT,72,36171677.70,35701915.65,35928408.06,35936796.67,36138123.26,36171677.70,36171677.70
1730699982944,0,INSERT,71,36641439.74,36171677.70,36391671.89,36406558.72,36574330.88,36641439.74,36641439.74
1730699983445,0,INSERT,72,37077647.36,36607885.31,36856747.35,36876320.77,37044092.93,37077647.36,37077647.36
1730699983946,0,INSERT,77,37580963.84,37077647.36,37338456.81,37379637.25,37547409.41,37580963.84,37580963.84
1730699984446,0,INSERT,71,38050725.89,37580963.84,37817498.96,37849399.30,38017171.45,38050725.89,38050725.89
1730699984947,0,INSERT,72,38520487.94,38050725.89,38279082.44,38285606.91,38486933.50,38520487.94,38520487.94
1730699985448,0,INSERT,71,38990249.98,38520487.94,38740954.73,38755368.96,38923141.12,38990249.98,38990249.98
1730699985949,0,INSERT,77,39460012.03,38956695.55,39222734.26,39225131.01,39426457.60,39460012.03,39460012.03
1730699986450,0,INSERT,72,39929774.08,39460012.03,39707009.93,39728447.49,39896219.65,39929774.08,39929774.08
1730699986951,0,INSERT,71,40399536.13,39929774.08,40166781.79,40198209.53,40365981.70,40399536.13,40399536.13
1730699987452,0,INSERT,72,40869298.17,40399536.13,40628358.71,40634417.15,40835743.74,40869298.17,40869298.17
1730699987953,0,INSERT,77,41372614.66,40869298.18,41110497.89,41137733.63,41339060.22,41372614.66,41372614.66
1730699988455,0,INSERT,71,41808822.27,41372614.66,41590718.46,41607495.68,41775267.84,41808822.27,41808822.27
1730699988955,0,INSERT,72,42278584.32,41808822.27,42057218.28,42077257.73,42245029.89,42278584.32,42278584.32
1730699989456,0,INSERT,71,42748346.37,42278584.32,42518427.62,42547019.77,42714791.94,42748346.37,42748346.37
1730699989957,0,INSERT,72,43218108.41,42748346.37,42978567.05,42983227.39,43184553.98,43218108.41,43218108.41
1730699990458,0,INSERT,77,43721424.90,43218108.42,43459743.90,43486543.87,43687870.46,43721424.90,43721424.90
1730699990959,0,INSERT,71,44157632.51,43721424.90,43939528.70,43956305.92,44124078.08,44157632.51,44157632.51
1730699991460,0,INSERT,72,44627394.56,44157632.51,44406494.55,44426067.97,44593840.13,44627394.56,44627394.56
1730699991961,0,INSERT,71,45097156.61,44627394.56,44868655.65,44895830.02,45063602.17,45097156.61,45097156.61
1730699992462,0,INSERT,77,45600473.09,45097156.61,45346635.99,45332037.63,45566918.66,45600473.09,45600473.09
1730699992963,0,INSERT,72,46070235.13,45600473.09,45826033.44,45835354.11,46036680.70,46070235.13,46070235.13
1730699993463,0,INSERT,71,46539997.18,46070235.14,46288811.54,46305116.16,46472888.32,46506442.75,46539997.18
1730699993964,0,INSERT,72,46976204.80,46506442.75,46755770.82,46774878.21,46942650.37,46976204.80,46976204.80
1730699994465,0,INSERT,77,47479521.28,46976204.80,47235271.16,47278194.69,47445966.85,47479521.28,47479521.28
1730699994966,0,INSERT,71,47949283.33,47479521.28,47711803.02,47714402.30,47915728.90,47949283.33,47949283.33
1730699995467,0,INSERT,72,48419045.38,47949283.33,48173911.61,48184164.35,48385490.94,48419045.38,48419045.38
1730699995968,0,INSERT,71,48888807.42,48419045.38,48637621.78,48653926.40,48821698.56,48855252.99,48888807.42
1730699996469,0,INSERT,72,49325015.04,48855252.99,49104115.03,49123688.45,49291460.61,49325015.04,49325015.04
1730699996970,0,INSERT,77,49828331.52,49325015.04,49585388.72,49627004.93,49794777.09,49828331.52,49828331.52
1730699997470,0,INSERT,71,50298093.57,49828331.52,50062976.25,50096766.98,50264539.13,50298093.57,50298093.57
1730699997971,0,INSERT,72,50767855.62,50298093.57,50524585.98,50532974.59,50734301.18,50767855.62,50767855.62
1730699998472,0,INSERT,71,51237617.66,50767855.62,50987377.22,51002736.64,51170508.80,51237617.66,51237617.66
1730699998973,0,INSERT,77,51707379.71,51204063.23,51468358.86,51472498.69,51673825.28,51707379.71,51707379.71
1730699999474,0,INSERT,72,52177141.76,51707379.71,51946921.07,51975815.17,52143587.33,52177141.76,52177141.76
1730699999975,0,INSERT,73,52646903.81,52177141.76,52419147.36,52445577.22,52613349.38,52646903.81,52646903.81
1730700000476,0,INSERT,70,53116665.85,52646903.81,52881305.48,52915339.26,53083111.42,53116665.85,53116665.85
1730700000976,0,INSERT,73,53586427.90,53116665.86,53343503.01,53351546.88,53552873.47,53586427.90,53586427.90
1730700001477,0,INSERT,55,54056189.95,53586427.90,53822834.13,53854863.36,54056189.95,54056189.95,54056189.95
1730700001978,0,INSERT,44,54525952.00,54089744.38,54303272.59,54291070.98,54492397.57,54525952.00,54525952.00
1730700002479,0,INSERT,48,55029268.48,54559506.43,54783202.65,54794387.45,54962159.62,55029268.48,55029268.48
1730700002980,0,INSERT,44,55499030.53,55029268.48,55258048.70,55264149.50,55431921.66,55499030.53,55499030.53
1730700003481,0,INSERT,51,56002347.01,55499030.53,55748714.98,55767465.98,56002347.01,56002347.01,56002347.01
1730700003982,0,INSERT,44,56438554.62,56035901.44,56241803.64,56203673.60,56438554.62,56438554.62,56438554.62
1730700004483,0,INSERT,48,56975425.53,56472109.06,56719572.99,56740544.51,56908316.67,56975425.53,56975425.53
1730700004984,0,INSERT,44,57411633.15,56975425.54,57188953.74,57210306.56,57344524.29,57411633.15,57411633.15
1730700005484,0,INSERT,51,57914949.63,57445187.58,57683687.22,57680068.61,57914949.63,57914949.63,57914949.63
1730700005985,0,INSERT,44,58384711.68,57948504.06,58176521.68,58149830.66,58384711.68,58384711.68,58384711.68
1730700006486,0,INSERT,44,58820919.30,58418266.11,58629506.51,58619592.70,58820919.30,58820919.30,58820919.30
1730700006987,0,INSERT,48,59357790.21,58854473.73,59110326.27,59122909.18,59290681.34,59357790.21,59357790.21
1730700007488,0,INSERT,51,59861106.69,59357790.21,59616027.75,59626225.66,59861106.69,59861106.69,59861106.69
1730700007989,0,INSERT,44,60297314.30,59894661.12,60105901.52,60095987.71,60297314.30,60297314.30,60297314.30
1730700008490,0,INSERT,44,60767076.35,60364423.17,60567274.96,60532195.33,60767076.35,60767076.35,60767076.35
1730700008991,0,INSERT,48,61303947.26,60800630.78,61042502.31,61069066.24,61236838.40,61303947.26,61303947.26
1730700009491,0,INSERT,51,61807263.74,61303947.26,61553631.71,61572382.72,61807263.74,61807263.74,61807263.74
1730700009992,0,INSERT,44,62243471.36,61840818.18,62046720.37,62008590.34,62243471.36,62243471.36,62243471.36
1730700010493,0,INSERT,44,62713233.41,62277025.79,62501230.41,62478352.38,62713233.41,62713233.41,62713233.41
1730700010994,0,INSERT,48,63216549.89,62746787.84,62974678.36,63015223.30,63149441.02,63216549.89,63216549.89
1730700011495,0,INSERT,44,63686311.94,63250104.32,63453718.71,63451430.91,63619203.07,63686311.94,63686311.94
1730700011996,0,INSERT,51,64189628.41,63686311.94,63943233.62,63954747.39,64189628.41,64189628.41,64189628.41
1730700012497,0,INSERT,44,64625836.03,64223182.85,64434423.25,64424509.44,64625836.03,64625836.03,64625836.03
1730700012998,0,INSERT,48,65162706.94,64659390.46,64913844.91,64927825.92,65095598.08,65162706.94,65162706.94
1730700013499,0,INSERT,44,65632468.99,65162706.94,65383098.55,65397587.97,65531805.70,65632468.99,65632468.99
1730700014000,0,INSERT,51,66102231.04,65632468.99,65874916.21,65900904.45,66102231.04,66102231.04,66102231.04
1730700014501,0,INSERT,44,66571993.09,66169339.90,66372191.70,66337112.06,66571993.09,66571993.09,66571993.09
1730700015002,0,INSERT,44,67041755.13,66605547.52,66824413.93,66806874.11,67041755.13,67041755.13,67041755.13
1730700015503,0,INSERT,48,67545071.61,67075309.57,67301102.93,67343745.02,67477962.75,67545071.61,67545071.61
1730700016004,0,INSERT,51,68048388.09,67545071.62,67813178.11,67813507.07,68048388.09,68048388.09,68048388.09
1730700016505,0,INSERT,44,68518150.14,68081942.53,68303859.34,68283269.12,68518150.14,68518150.14,68518150.14
1730700017006,0,INSERT,44,68987912.19,68551704.58,68757606.77,68719476.73,68987912.19,68987912.19,68987912.19
1730700017507,0,INSERT,48,69524783.10,68987912.19,69243764.74,69256347.65,69457674.24,69524783.10,69524783.10
1730700018007,0,INSERT,51,69994545.15,69457674.24,69739926.23,69793218.56,69994545.15,69994545.15,69994545.15
1730700018508,0,INSERT,44,70464307.20,69994545.15,70243152.99,70262980.61,70464307.20,70464307.20,70464307.20
1730700019009,0,INSERT,44,70934069.25,70464307.20,70697663.02,70665633.79,70934069.25,70934069.25,70934069.25
1730700019510,0,INSERT,48,71470940.16,70934069.25,71164755.97,71202504.70,71336722.43,71470940.16,71470940.16
1730700020011,0,INSERT,44,71873593.34,71403831.30,71646338.33,71672266.75,71806484.48,71873593.34,71873593.34
1730700020512,0,INSERT,46,72343355.39,71873593.34,72115613.61,72142028.80,72343355.39,72410464.25,72410464.25
1730700021013,0,INSERT,46,72880226.30,72343355.39,72622003.07,72611790.85,72813117.44,72880226.30,72880226.30
1730700021514,0,INSERT,50,73349988.35,72880226.30,73121818.21,73148661.76,73349988.35,73349988.35,73349988.35
1730700022014,0,INSERT,44,73819750.40,73349988.35,73595545.79,73618423.81,73819750.40,73819750.40,73819750.40
1730700022515,0,INSERT,44,74289512.45,73819750.40,74059207.03,74088185.86,74289512.45,74289512.45,74289512.45
1730700023016,0,INSERT,49,74826383.36,74289512.45,74546306.57,74557947.90,74759274.50,74826383.36,74826383.36
1730700023517,0,INSERT,44,75229036.54,74759274.50,75013983.14,75027709.95,75229036.54,75229036.54,75229036.54
1730700024018,0,INSERT,50,75765907.45,75229036.54,75508209.42,75564580.86,75765907.45,75765907.45,75765907.45
1730700024519,0,INSERT,44,76235669.50,75765907.46,75994687.67,75967234.05,76235669.50,76235669.50,76235669.50
1730700025020,0,INSERT,49,76772540.42,76235669.50,76471920.10,76504104.96,76705431.55,76772540.42,76772540.42
1730700025521,0,INSERT,44,77175193.60,76705431.55,76954039.39,76973867.01,77175193.60,77175193.60,77175193.60
1730700026021,0,INSERT,50,77712064.51,77175193.60,77439602.52,77443629.06,77712064.51,77712064.51,77712064.51
1730700026522,0,INSERT,44,78181826.56,77712064.51,77933218.72,77913391.10,78181826.56,78181826.56,78181826.56
1730700027023,0,INSERT,49,78651588.61,78181826.56,78408490.17,78450262.02,78584479.74,78651588.61,78651588.61
1730700027524,0,INSERT,44,79121350.66,78651588.61,78884944.43,78920024.06,79121350.66,79121350.66,79121350.66
1730700028025,0,INSERT,50,79658221.57,79121350.66,79384417.40,79389786.11,79658221.57,79658221.57,79658221.57
1730700028526,0,INSERT,44,80060874.75,79658221.57,79861073.36,79859548.16,80060874.75,80060874.75,80060874.75
1730700029027,0,INSERT,44,80530636.80,80060874.75,80315583.39,80329310.21,80530636.80,80530636.80,80530636.80
1730700029528,0,INSERT,49,81067507.71,80530636.80,80802496.18,80866181.12,81000398.85,81067507.71,81067507.71
1730700030029,0,INSERT,44,81537269.76,81067507.71,81282561.12,81268834.30,81537269.76,81537269.76,81537269.76
1730700030529,0,INSERT,50,82007031.81,81470160.90,81760071.19,81805705.22,82007031.81,82007031.81,82007031.81
1730700031030,0,INSERT,44,82476793.86,82007031.81,82252589.24,82275467.26,82476793.86,82476793.86,82476793.86
1730700031531,0,INSERT,49,83013664.77,82476793.86,82733587.98,82745229.31,82946555.90,83013664.77,83013664.77
1730700032032,0,INSERT,44,83483426.81,83013664.77,83221092.17,83214991.36,83483426.81,83483426.81,83483426.81
1730700032533,0,INSERT,50,83953188.86,83416317.95,83695490.83,83751862.27,83953188.86,83953188.86,83953188.86
1730700033034,0,INSERT,44,84422950.91,83953188.86,84185019.49,84221624.32,84422950.91,84422950.91,84422950.91
1730700033535,0,INSERT,49,84959821.82,84422950.91,84674266.76,84691386.37,84892712.96,84959821.82,84959821.82
1730700034036,0,INSERT,44,85362475.01,84892712.96,85141320.80,85161148.42,85362475.01,85362475.01,85362475.01
1730700034537,0,INSERT,50,85899345.92,85362475.01,85634937.00,85698019.33,85899345.92,85899345.92,85899345.92
1730700035037,0,INSERT,44,86369107.97,85899345.92,86128126.14,86100672.51,86369107.97,86369107.97,86369107.97
1730700035538,0,INSERT,248,86838870.02,86369107.97,86748987.26,86838870.02,86838870.02,86838870.02,86838870.02
1730700036039,0,INSERT,7612,86771761.15,84087406.59,85458752.25,85496692.73,86503325.69,86771761.15,86771761.15
1730700036540,0,INSERT,8175,84422950.91,81268834.30,82693307.94,82745229.31,83886080.00,84154515.45,84154515.45
1730700037041,0,INSERT,8332,81805705.22,78316044.29,79787002.61,79792439.30,81000398.85,81268834.30,81335943.17
1730700037542,0,INSERT,7229,78920024.06,75833016.32,77111266.70,77108084.73,78114717.69,78316044.29,78383153.15
1730700038043,0,INSERT,4804,76369887.23,74222403.58,75051555.67,75094818.81,75765907.45,75900125.18,76034342.91
1730700038544,0,INSERT,95,74960601.09,74423730.18,74682629.11,74692165.63,74893492.22,74960601.09,74960601.09
1730700039044,0,INSERT,107,75363254.27,74893492.22,75154087.86,75229036.54,75363254.27,75363254.27,75363254.27
1730700039545,0,INSERT,113,75833016.32,75363254.27,75599916.95,75631689.73,75833016.32,75833016.32,75833016.32
1730700040046,0,INSERT,8302,75900125.18,72880226.30,74398772.40,74423730.17,75564580.86,75833016.32,75833016.32
1730700040547,0,INSERT,8534,73484206.08,69927436.29,71463504.58,71470940.16,72678899.71,72947335.17,73014444.03
1730700041048,0,INSERT,8016,70464307.20,67209527.30,68606605.55,68618813.44,69726109.69,69994545.15,70061654.02
1730700041549,0,INSERT,2689,67243081.73,66303557.63,66721241.06,66706210.81,67108864.00,67209527.30,67243081.73
1730700042050,0,INSERT,356,66974646.27,66571993.09,66769455.27,66773319.68,66941091.84,66941091.84,66974646.27
1730700042550,0,INSERT,437,67276636.16,66941091.84,67106752.45,67108864.00,67243081.73,67276636.16,67276636.16
1730700043051,0,INSERT,9135,68451041.28,64055410.69,65681838.69,65699577.85,66974646.27,67276636.16,67310190.59
1730700043552,0,INSERT,9314,64256737.28,60800630.78,62447912.85,62478352.38,63753420.80,64055410.69,64122519.55
1730700044053,0,INSERT,7705,61136175.10,58183385.09,59533402.47,59559116.80,60632858.62,60800630.78,60834185.22
1730700044554,0,INSERT,1344,58418266.11,58015612.93,58120820.05,58149830.66,58183385.09,58216939.52,58216939.52
1730700045055,0,INSERT,1071,58250493.95,58149830.66,58191922.51,58216939.52,58250493.95,58250493.95,58250493.95
1730700045555,0,INSERT,1093,58317602.81,58216939.52,58261515.48,58284048.38,58317602.81,58317602.81,58317602.81
1730700046056,0,INSERT,9065,59290681.34,55096377.34,56701619.67,56706990.08,57982058.49,58284048.38,58317602.81
1730700046557,0,INSERT,7885,55499030.53,52412022.78,53755406.49,53754200.06,54861496.32,55096377.34,55163486.21
1730700047058,0,INSERT,1277,52445577.22,52378468.35,52410380.53,52412022.78,52445577.22,52445577.22,52445577.22
1730700047559,0,INSERT,4622,52445577.22,51036291.07,51829448.92,51875151.87,52445577.22,52445577.22,52445577.22
1730700048059,0,INSERT,3146,51069845.50,50264539.14,50567659.59,50499420.16,50969182.21,51036291.07,51069845.50
1730700048560,0,INSERT,2059,51271172.09,49928994.82,50119003.51,50130321.41,50264539.13,50298093.57,51069845.50
1730700049061,0,INSERT,1496,49962549.25,49828331.52,49876958.53,49895440.38,49928994.81,49962549.25,49962549.25
1730700049562,0,INSERT,1386,49861885.95,49761222.66,49782622.66,49828331.52,49861885.95,49861885.95,49861885.95
1730700050063,0,INSERT,1187,49828331.52,49761222.66,49782748.94,49794777.09,49828331.52,49828331.52,49828331.52
1730700050564,0,INSERT,1120,49861885.95,49794777.09,49821620.63,49828331.52,49861885.95,49861885.95,49861885.95
1730700051065,0,INSERT,900,49996103.68,49828331.52,49920941.75,49962549.25,49962549.25,49962549.25,49996103.68
1730700051566,0,INSERT,1213,49996103.68,49928994.82,49957655.32,49962549.25,49996103.68,49996103.68,49996103.68
1730700052067,0,INSERT,1463,49996103.68,49828331.52,49910015.81,49928994.81,49962549.25,49962549.25,49962549.25
1730700052567,0,INSERT,1225,49895440.38,49828331.52,49859133.12,49861885.95,49895440.38,49895440.38,49895440.38
1730700053068,0,INSERT,1349,49895440.38,49794777.09,49810325.79,49861885.95,49895440.38,49895440.38,49895440.38
1730700053569,0,INSERT,1558,49828331.52,49694113.79,49749260.43,49761222.66,49828331.52,49828331.52,49828331.52
1730700054070,0,INSERT,1314,49727668.22,49660559.36,49681115.92,49694113.79,49727668.22,49727668.22,49727668.22
1730700054571,0,INSERT,1501,49694113.79,49526341.63,49628200.91,49660559.36,49694113.79,49694113.79,49694113.79
1730700055072,0,INSERT,1628,49593450.49,49392123.90,49482667.28,49492787.20,49559896.06,49593450.49,49593450.49
1730700055573,0,INSERT,1419,49425678.34,49325015.04,49382312.60,49392123.90,49425678.34,49425678.34,49425678.34
1730700056074,0,INSERT,1755,49861885.95,49123688.45,49241109.84,49257906.17,49325015.04,49358569.47,49861885.95
1730700056574,0,INSERT,1669,49157242.88,48955916.29,49044748.08,49056579.58,49123688.45,49157242.88,49157242.88
1730700057076,0,INSERT,1680,48989470.72,48754589.70,48871231.29,48888807.42,48955916.29,48989470.72,48989470.72
1730700057577,0,INSERT,1385,48788144.13,48687480.83,48738297.02,48754589.70,48788144.13,48788144.13,48788144.13
1730700058078,0,INSERT,1072,48821698.56,48721035.26,48761663.67,48788144.13,48821698.56,48821698.56,48821698.56
1730700058579,0,INSERT,1071,48888807.42,48788144.13,48829515.40,48855252.99,48888807.42,48888807.42,48888807.42
1730700059080,0,INSERT,1028,49023025.15,48855252.99,48897065.47,48922361.85,48955916.29,48955916.29,49023025.15
1730700059580,0,INSERT,751,49157242.88,48922361.86,48967687.04,49023025.15,49123688.45,49157242.88,49157242.88
1730700060081,0,INSERT,685,49392123.90,49123688.45,49257391.84,49257906.17,49358569.47,49392123.90,49392123.90
1730700060582,0,INSERT,688,50197430.27,49358569.47,49483764.57,49492787.20,49593450.49,49593450.49,50197430.27
1730700061083,0,INSERT,688,49828331.52,49559896.06,49705526.20,49727668.22,49794777.09,49828331.52,49828331.52
1730700061584,0,INSERT,688,50063212.54,49794777.09,49928994.82,49928994.81,50029658.11,50063212.54,50063212.54
1730700062085,0,INSERT,602,50331648.00,50029658.11,50154610.81,50163875.84,50298093.57,50298093.57,50331648.00
1730700062586,0,INSERT,443,52244250.62,50298093.57,50494383.21,50499420.16,50600083.45,52177141.76,52244250.62
1730700063086,0,INSERT,440,50969182.21,50600083.46,50788827.14,50801410.05,50935627.77,50969182.21,50969182.21
1730700063587,0,INSERT,440,51304726.53,50935627.78,51112474.88,51136954.37,51271172.09,51271172.09,51304726.53
1730700064088,0,INSERT,440,51606716.41,51271172.10,51435588.81,51438944.26,51573161.98,51606716.41,51606716.41
1730700064589,0,INSERT,440,51942260.73,51573161.98,51759694.12,51774488.58,51908706.30,51942260.73,51942260.73
1730700065090,0,INSERT,440,52244250.62,51908706.30,52082274.23,52110032.90,52210696.19,52244250.62,52244250.62
1730700065591,0,INSERT,440,52579794.94,52244250.62,52407523.44,52412022.78,52546240.51,52579794.94,52579794.94
1730700066092,0,INSERT,435,52915339.26,52546240.51,52728475.79,52747567.10,52881784.83,52915339.26,52915339.26
1730700066593,0,INSERT,364,53250883.58,52881784.83,53050017.90,53049556.99,53217329.15,53250883.58,53250883.58
1730700067094,0,INSERT,286,53653536.77,53217329.15,53440595.18,53452210.17,53619982.34,53653536.77,53653536.77
1730700067595,0,INSERT,279,54022635.52,53619982.34,53829186.40,53854863.36,53989081.09,54022635.52,54022635.52
1730700068096,0,INSERT,282,54425288.70,54022635.52,54215514.01,54223962.11,54391734.27,54425288.70,54425288.70
1730700068597,0,INSERT,282,54794387.45,54391734.27,54603174.79,54626615.30,54760833.02,54794387.45,54794387.45
1730700069098,0,INSERT,279,55197040.64,54794387.46,54989881.11,54995714.05,55163486.21,55197040.64,55197040.64
1730700069598,0,INSERT,282,55566139.39,55163486.21,55375521.66,55398367.23,55566139.39,55566139.39,55566139.39
1730700070099,0,INSERT,286,55968792.58,55566139.39,55766644.72,55767465.98,55935238.14,55968792.58,55968792.58
1730700070600,0,INSERT,279,56371445.76,55935238.14,56155145.95,56170119.17,56337891.33,56371445.76,56371445.76
1730700071101,0,INSERT,282,56740544.51,56337891.33,56541240.70,56572772.35,56706990.08,56740544.51,56740544.51
1730700071602,0,INSERT,279,57143197.70,56706990.08,56927258.69,56941871.10,57109643.26,57143197.70,57143197.70
1730700072103,0,INSERT,282,57512296.45,57109643.26,57313349.60,57344524.29,57478742.02,57512296.45,57512296.45
1730700072604,0,INSERT,286,57914949.63,57478742.02,57704002.54,57713623.04,57881395.20,57914949.63,57914949.63
1730700073105,0,INSERT,279,58284048.38,57881395.20,58092523.53,58116276.22,58250493.95,58284048.38,58284048.38
1730700073606,0,INSERT,220,58720256.00,58284048.38,58471190.60,58485374.98,58653147.13,58720256.00,58720256.00
1730700074106,0,INSERT,183,59122909.18,58686701.57,58912873.11,58921582.59,59089354.75,59122909.18,59122909.18
1730700074607,0,INSERT,176,59559116.80,59122909.18,59340250.39,59357790.21,59525562.37,59559116.80,59559116.80
1730700075108,0,INSERT,180,59995324.41,59525562.37,59762866.77,59793997.82,59961769.98,59995324.41,59995324.41
1730700075609,0,INSERT,183,60431532.03,59961769.98,60194725.75,60196651.01,60397977.60,60431532.03,60431532.03
1730700076110,0,INSERT,177,60867739.65,60397977.60,60625215.67,60632858.62,60800630.78,60867739.65,60867739.65
1730700076611,0,INSERT,177,61270392.83,60834185.22,61051151.59,61069066.24,61236838.40,61270392.83,61270392.83
1730700077112,0,INSERT,182,61706600.45,61236838.40,61477987.83,61505273.85,61673046.02,61706600.45,61706600.45
1730700077613,0,INSERT,178,62109253.63,61673046.02,61904533.90,61907927.04,62075699.20,62109253.63,62109253.63
1730700078114,0,INSERT,180,62545461.25,62109253.63,62330153.64,62344134.66,62511906.81,62545461.25,62545461.25
1730700078614,0,INSERT,183,62981668.86,62545461.25,62761548.12,62780342.27,62948114.43,62981668.86,62981668.86
1730700079115,0,INSERT,180,63417876.48,62981668.86,63193248.20,63216549.89,63384322.05,63417876.48,63417876.48
1730700079616,0,INSERT,183,63854084.09,63384322.05,63623695.33,63652757.50,63820529.66,63854084.09,63854084.09
1730700080117,0,INSERT,176,64256737.28,63820529.66,64050072.48,64055410.69,64223182.85,64256737.28,64256737.28
1730700080618,0,INSERT,180,64692944.90,64256737.28,64474281.85,64491618.30,64659390.46,64692944.90,64692944.90
1730700081119,0,INSERT,182,65129152.51,64659390.46,64904042.83,64927825.92,65095598.08,65129152.51,65129152.51
1730700081620,0,INSERT,181,65565360.13,65095598.08,65336318.69,65364033.53,65531805.70,65565360.13,65565360.13
1730700082121,0,INSERT,181,66001567.74,65531805.70,65767239.82,65800241.15,65968013.31,66001567.74,66001567.74
1730700082622,0,INSERT,176,66404220.93,65968013.31,66192408.58,66202894.34,66370666.49,66404220.93,66404220.93
1730700083122,0,INSERT,181,66840428.54,66404220.93,66618246.30,66639101.95,66806874.11,66840428.54,66840428.54
1730700083623,0,INSERT,182,67276636.16,66806874.11,67048392.28,67075309.57,67243081.73,67276636.16,67276636.16
1730700084124,0,INSERT,176,67679289.34,67243081.73,67473577.80,67477962.75,67645734.91,67679289.34,67679289.34
1730700084625,0,INSERT,132,68149051.39,67679289.34,67893580.15,67880615.94,68081942.53,68149051.39,68149051.39
1730700085126,0,INSERT,115,68585259.01,68115496.96,68362194.98,68383932.42,68551704.58,68585259.01,68585259.01
1730700085627,0,INSERT,116,69055021.06,68585259.01,68821730.97,68853694.46,69055021.06,69055021.06,69055021.06
1730700086128,0,INSERT,115,69524783.10,69055021.06,69270644.75,69323456.51,69457674.24,69524783.10,69524783.10
1730700086629,0,INSERT,116,69994545.15,69457674.24,69730737.89,69793218.56,69927436.29,69994545.15,69994545.15
1730700087130,0,INSERT,115,70464307.20,69927436.29,70184492.41,70195871.74,70397198.33,70464307.20,70464307.20
1730700087631,0,INSERT,116,70866960.38,70397198.34,70634971.98,70665633.79,70866960.38,70866960.38,70866960.38
1730700088131,0,INSERT,115,71336722.43,70866960.38,71095422.30,71135395.84,71269613.57,71336722.43,71336722.43
1730700088632,0,INSERT,116,71806484.48,71269613.57,71549040.99,71605157.89,71739375.61,71806484.48,71806484.48
1730700089133,0,INSERT,115,72276246.53,71739375.62,72002850.85,72007811.07,72209137.66,72276246.53,72276246.53
1730700089634,0,INSERT,116,72678899.71,72209137.66,72459060.33,72477573.12,72678899.71,72678899.71,72678899.71
1730700090135,0,INSERT,115,73148661.76,72678899.71,72913780.74,72947335.17,73148661.76,73148661.76,73148661.76
1730700090636,0,INSERT,116,73618423.81,73148661.76,73367922.62,73417097.22,73551314.94,73618423.81,73618423.81
1730700091137,0,INSERT,115,74088185.86,73551314.94,73827628.40,73886859.26,74021076.99,74088185.86,74088185.86
1730700091638,0,INSERT,116,74557947.90,74021076.99,74278520.48,74289512.45,74490839.04,74557947.90,74557947.90
1730700092139,0,INSERT,111,74960601.09,74490839.04,74726324.65,74759274.50,74893492.22,74960601.09,74960601.09
1730700092639,0,INSERT,121,75430363.14,74893492.22,75182725.88,75229036.54,75363254.27,75430363.14,75430363.14
1730700093140,0,INSERT,110,75900125.18,75430363.14,75637790.53,75631689.73,75833016.32,75900125.18,75900125.18
1730700093641,0,INSERT,121,76369887.23,75833016.32,76093964.42,76101451.78,76302778.37,76369887.23,76369887.23
1730700094142,0,INSERT,110,76772540.42,76302778.37,76549861.00,76571213.82,76772540.42,76772540.42,76772540.42
1730700094643,0,INSERT,116,77242302.46,76772540.42,76998962.34,77040975.87,77242302.46,77242302.46,77242302.46
1730700095144,0,INSERT,110,77712064.51,77242302.46,77458881.07,77443629.06,77644955.65,77712064.51,77712064.51
1730700095645,0,INSERT,114,78181826.56,77644955.65,77901617.62,77913391.10,78114717.69,78181826.56,78181826.56
1730700096147,0,INSERT,117,78584479.74,78114717.70,78351893.04,78383153.15,78584479.74,78584479.74,78584479.74
1730700096647,0,INSERT,114,79054241.79,78584479.74,78813474.03,78852915.20,79054241.79,79054241.79,79054241.79
1730700097148,0,INSERT,117,79524003.84,78987132.93,79266179.61,79322677.25,79456894.97,79524003.84,79524003.84
1730700097649,0,INSERT,114,79993765.89,79456894.98,79717088.99,79725330.43,79926657.02,79993765.89,79993765.89
1730700098150,0,INSERT,117,80396419.07,79926657.02,80176451.13,80195092.48,80396419.07,80396419.07,80396419.07
1730700098651,0,INSERT,114,80866181.12,80396419.07,80631300.10,80664854.53,80866181.12,80866181.12,80866181.12
1730700099152,0,INSERT,117,81335943.17,80799072.26,81086149.06,81134616.58,81268834.30,81335943.17,81335943.17
1730700099653,0,INSERT,114,81805705.22,81268834.30,81542567.83,81604378.62,81738596.35,81805705.22,81805705.22
1730700100154,0,INSERT,117,82275467.26,81738596.35,81997567.74,82007031.81,82208358.40,82275467.26,82275467.26
1730700100655,0,INSERT,114,82678120.45,82208358.40,82448537.49,82476793.86,82678120.45,82678120.45,82678120.45
1730700101156,0,INSERT,117,83147882.50,82678120.45,82908986.41,82946555.90,83080773.63,83147882.50,83147882.50
1730700101656,0,INSERT,92,83617644.54,83080773.63,83357232.97,83416317.95,83617644.54,83617644.54,83617644.54
1730700102157,0,INSERT,74,84087406.59,83617644.54,83852525.57,83886080.00,84087406.59,84087406.59,84087406.59
1730700102658,0,INSERT,77,84557168.64,84087406.59,84322287.62,84355842.05,84557168.64,84557168.64,84557168.64
1730700103159,0,INSERT,69,85026930.69,84557168.64,84771625.23,84825604.09,84959821.82,85026930.69,85026930.69
1730700103660,0,INSERT,74,85496692.73,85026930.69,85256370.45,85295366.14,85496692.73,85496692.73,85496692.73
1730700104161,0,INSERT,77,85966454.78,85496692.74,85731573.76,85765128.19,85966454.78,85966454.78,85966454.78
1730700104662,0,INSERT,69,86436216.83,85966454.78,86177993.59,86234890.24,86369107.97,86436216.83,86436216.83
1730700105163,0,INSERT,74,86905978.88,86369107.97,86652960.33,86704652.29,86905978.88,86905978.88,86905978.88
1730700105663,0,INSERT,77,87375740.93,86905978.88,87140859.90,87174414.33,87375740.93,87375740.93,87375740.93
1730700106164,0,INSERT,77,87845502.97,87375740.93,87610621.95,87644176.38,87845502.97,87845502.97,87845502.97
1730700106665,0,INSERT,69,88315265.02,87845502.98,88089137.33,88113938.43,88315265.02,88315265.02,88315265.02
1730700107166,0,INSERT,74,88785027.07,88315265.02,88555587.31,88583700.48,88785027.07,88785027.07,88785027.07
1730700107667,0,INSERT,77,89254789.12,88785027.07,89019908.10,89053462.53,89254789.12,89254789.12,89254789.12
1730700108168,0,INSERT,69,89724551.17,89254789.12,89487724.96,89523224.58,89724551.17,89724551.17,89724551.17
1730700108669,0,INSERT,74,90194313.22,89724551.17,89962152.82,89992986.62,90194313.22,90194313.22,90194313.22
1730700109170,0,INSERT,77,90664075.26,90194313.22,90429194.24,90462748.67,90664075.26,90664075.26,90664075.26
1730700109671,0,INSERT,69,91133837.31,90664075.26,90884367.40,90932510.72,91133837.31,91133837.31,91133837.31
1730700110171,0,INSERT,74,91603599.36,91133837.31,91365997.71,91402272.77,91603599.36,91603599.36,91603599.36
1730700110672,0,INSERT,77,92073361.41,91603599.36,91838480.38,91872034.81,92073361.41,92073361.41,92073361.41
1730700111173,0,INSERT,77,92610232.32,92073361.41,92310857.06,92341796.86,92543123.45,92610232.32,92610232.32
1730700111674,0,INSERT,69,93079994.37,92543123.46,92806209.65,92811558.91,93012885.50,93079994.37,93079994.37
1730700112175,0,INSERT,74,93482647.55,93012885.50,93255928.42,93281320.96,93482647.55,93482647.55,93482647.55
1730700112676,0,INSERT,77,93952409.60,93482647.55,93717528.58,93751083.01,93952409.60,93952409.60,93952409.60
1730700113177,0,INSERT,69,94422171.65,93952409.60,94202852.10,94220845.06,94422171.65,94422171.65,94422171.65
1730700113678,0,INSERT,74,94891933.69,94422171.65,94665214.56,94690607.10,94891933.69,94891933.69,94891933.69
1730700114178,0,INSERT,77,95361695.74,94891933.70,95126814.72,95160369.15,95361695.74,95361695.74,95361695.74
1730700114679,0,INSERT,77,95898566.66,95361695.74,95627080.80,95697240.06,95831457.79,95898566.66,95898566.66
1730700115180,0,INSERT,69,96368328.70,95831457.79,96106215.10,96167002.11,96301219.84,96368328.70,96368328.70
1730700115681,0,INSERT,74,96770981.89,96301219.84,96544262.75,96569655.30,96770981.89,96770981.89,96770981.89
1730700116182,0,INSERT,77,97307852.80,96770981.89,97025908.42,97039417.34,97240743.94,97307852.80,97307852.80
1730700116683,0,INSERT,69,97777614.85,97240743.94,97510638.28,97576288.25,97710505.98,97777614.85,97777614.85
1730700117184,0,INSERT,74,98180268.03,97710505.98,97953548.90,97978941.44,98180268.03,98180268.03,98180268.03
1730700117684,0,INSERT,77,98717138.94,98180268.03,98424736.04,98448703.49,98650030.08,98717138.94,98717138.94
1730700118185,0,INSERT,77,99186900.99,98650030.08,98938946.81,98985574.40,99186900.99,99186900.99,99186900.99
1730700118686,0,INSERT,69,99656663.04,99186900.99,99398439.80,99455336.45,99589554.17,99656663.04,99656663.04
1730700119187,0,INSERT,74,100059316.22,99589554.18,99832597.09,99857989.63,100059316.22,100059316.22,100059316.22
1730700119688,0,INSERT,77,100596187.14,100059316.22,100343003.69,100394860.54,100596187.14,100596187.14,100596187.14
1730700120189,0,INSERT,69,101065949.18,100596187.14,100807725.95,100864622.59,100998840.32,101065949.18,101065949.18
1730700120690,0,INSERT,74,101468602.37,100998840.32,101241883.23,101267275.78,101468602.37,101468602.37,101468602.37
1730700121191,0,INSERT,77,102005473.28,101468602.37,101739216.68,101804146.69,101938364.42,102005473.28,102005473.28
1730700121692,0,INSERT,77,102475235.33,101938364.42,102237739.67,102273908.73,102475235.33,102475235.33,102475235.33
1730700122193,0,INSERT,67,102944997.38,102475235.33,102686774.14,102743670.78,102877888.51,102944997.38,102944997.38
1730700122694,0,INSERT,74,103414759.42,102877888.51,103145417.09,103146323.97,103414759.42,103414759.42,103414759.42
1730700123194,0,INSERT,77,103884521.47,103347650.56,103644411.19,103683194.88,103884521.47,103884521.47,103884521.47
1730700123695,0,INSERT,69,104354283.52,103884521.47,104096060.28,104152956.93,104287174.66,104354283.52,104354283.52
1730700124196,0,INSERT,74,104824045.57,104287174.66,104544727.59,104555610.11,104824045.57,104824045.57,104824045.57
1730700124697,0,INSERT,77,105293807.61,104756936.70,105048468.07,105092481.02,105293807.61,105293807.61,105293807.61
1730700125198,0,INSERT,69,105763569.66,105293807.62,105505346.43,105562243.07,105696460.80,105763569.66,105763569.66
1730700125699,0,INSERT,74,106233331.71,105696460.80,105944038.10,105964896.25,106166222.85,106233331.71,106233331.71
1730700126200,0,INSERT,77,106703093.76,106166222.85,106454268.04,106501767.17,106703093.76,106703093.76,106703093.76
1730700126701,0,INSERT,77,107172855.81,106703093.76,106937974.78,106971529.22,107172855.81,107172855.81,107172855.81
1730700127201,0,INSERT,69,107642617.86,107172855.81,107384394.62,107441291.26,107575508.99,107642617.86,107642617.86
1730700127702,0,INSERT,74,108112379.90,107575508.99,107862081.98,107911053.31,108112379.90,108112379.90,108112379.90
1730700128203,0,INSERT,69,108582141.95,108112379.90,108323918.71,108380815.36,108515033.09,108582141.95,108582141.95
1730700128704,0,INSERT,52,109051904.00,108582141.95,108796374.09,108783468.54,109051904.00,109051904.00,109051904.00
1730700129205,0,INSERT,47,109588774.91,109051904.00,109283929.33,109320339.45,109454557.18,109588774.91,109588774.91
1730700129706,0,INSERT,52,110058536.96,109521666.05,109788810.95,109790101.50,110058536.96,110058536.96,110058536.96
1730700130207,0,INSERT,44,110461190.14,110058536.96,110272065.16,110259863.55,110461190.14,110461190.14,110461190.14
1730700130707,0,INSERT,44,110930952.19,110528299.01,110726575.20,110729625.60,110930952.19,110930952.19,110930952.19
1730700131208,0,INSERT,47,111467823.10,110930952.19,111195818.03,111266496.51,111400714.24,111467823.10,111467823.10
1730700131709,0,INSERT,52,111937585.15,111400714.24,111703994.68,111736258.56,111937585.15,111937585.15,111937585.15
1730700132210,0,INSERT,44,112407347.20,111937585.15,112192293.79,112206020.61,112407347.20,112407347.20,112407347.20
1730700132711,0,INSERT,47,112944218.11,112407347.20,112662218.10,112675782.66,112877109.25,112944218.11,112944218.11
1730700133212,0,INSERT,52,113413980.16,112877109.25,113154578.59,113212653.57,113413980.16,113413980.16,113413980.16
1730700133713,0,INSERT,43,113816633.34,113413980.16,113642618.50,113615306.75,113816633.34,113816633.34,113816633.34
1730700134214,0,INSERT,47,114353504.25,113883742.21,114101489.05,114152177.66,114286395.39,114353504.25,114353504.25
1730700134714,0,INSERT,52,114890375.17,114353504.26,114611615.27,114621939.71,114890375.17,114890375.17,114890375.17
1730700135215,0,INSERT,44,115293028.35,114890375.17,115099327.77,115091701.76,115293028.35,115293028.35,115293028.35
1730700135716,0,INSERT,47,115829899.26,115293028.35,115567889.12,115628572.67,115762790.40,115829899.26,115829899.26
1730700136217,0,INSERT,44,116299661.31,115829899.26,116038851.86,116031225.86,116232552.45,116299661.31,116299661.31
1730700136718,0,INSERT,51,116769423.36,116232552.45,116510856.85,116568096.77,116769423.36,116769423.36,116769423.36
1730700137219,0,INSERT,44,117239185.41,116769423.36,117002779.18,116970749.95,117239185.41,117239185.41,117239185.41
1730700137720,0,INSERT,48,117708947.45,117239185.41,117464279.72,117507620.86,117641838.59,117708947.45,117708947.45
1730700138220,0,INSERT,51,118245818.37,117708947.46,117972777.40,117977382.91,118245818.37,118245818.37,118245818.37
1730700138721,0,INSERT,44,118648471.55,118245818.37,118451720.56,118447144.96,118648471.55,118648471.55,118648471.55
1730700139222,0,INSERT,48,119185342.46,118648471.55,118919703.21,118984015.87,119118233.60,119185342.46,119185342.46
1730700139723,0,INSERT,51,119655104.51,119185342.46,119425486.93,119453777.92,119655104.51,119655104.51,119655104.51
1730700140224,0,INSERT,44,120124866.56,119655104.51,119911338.36,119923539.97,120124866.56,120124866.56,120124866.56
1730700140726,0,INSERT,44,120594628.61,120124866.56,120364323.19,120326193.15,120594628.61,120594628.61,120594628.61
1730700141227,0,INSERT,48,121131499.52,120594628.61,120832305.83,120863064.06,120997281.79,121131499.52,121131499.52
1730700141728,0,INSERT,51,121601261.57,121064390.66,121338747.48,121399934.97,121601261.57,121601261.57,121601261.57
1730700142229,0,INSERT,44,122071023.61,121601261.57,121834617.39,121802588.16,122071023.61,122071023.61,122071023.61
1730700142729,0,INSERT,48,122540785.66,122071023.62,122296117.93,122339459.07,122473676.80,122540785.66,122540785.66
1730700143230,0,INSERT,51,123077656.58,122540785.66,122804615.61,122809221.12,123077656.58,123077656.58,123077656.58
1730700143731,0,INSERT,44,123480309.76,123077656.58,123283558.77,123278983.17,123480309.76,123480309.76,123480309.76
1730700144232,0,INSERT,48,124017180.67,123480309.76,123751541.42,123815854.08,123950071.81,124017180.67,124017180.67
1730700144733,0,INSERT,44,124486942.72,124017180.67,124226133.27,124218507.26,124419833.86,124486942.72,124486942.72
1730700145234,0,INSERT,51,124956704.77,124419833.86,124698138.26,124755378.17,124956704.77,124956704.77,124956704.77
1730700145735,0,INSERT,44,125426466.81,124956704.77,125190060.59,125158031.36,125426466.81,125426466.81,125426466.81
1730700146236,0,INSERT,48,125896228.86,125426466.82,125651561.13,125694902.27,125829120.00,125896228.86,125896228.86
1730700146737,0,INSERT,51,126433099.78,125896228.86,126160058.81,126164664.32,126433099.78,126433099.78,126433099.78
1730700147237,0,INSERT,44,126835752.96,126433099.78,126640527.17,126634426.37,126835752.96,126835752.96,126835752.96
1730700147738,0,INSERT,48,127372623.87,126835752.96,127116771.33,127171297.28,127305515.01,127372623.87,127372623.87
1730700148239,0,INSERT,51,127909494.78,127372623.87,127619347.64,127641059.33,127842385.92,127842385.92,127909494.78
1730700148740,0,INSERT,44,128312147.97,127909494.78,128113871.78,128110821.38,128312147.97,128312147.97,128312147.97
1730700149241,0,INSERT,44,128781910.02,128312147.97,128562281.01,128580583.42,128781910.02,128781910.02,128781910.02
1730700149742,0,INSERT,48,129318780.93,128781910.02,129037762.56,129050345.47,129251672.06,129318780.93,129318780.93
1730700150243,0,INSERT,51,129788542.97,129251672.06,129529976.47,129587216.38,129788542.97,129788542.97,129788542.97
1730700150744,0,INSERT,44,130258305.02,129788542.98,130021898.80,129989869.57,130258305.02,130258305.02,130258305.02
1730700151244,0,INSERT,48,130728067.07,130258305.02,130483399.34,130526740.48,130660958.21,130728067.07,130728067.07
1730700151745,0,INSERT,51,131264937.98,130728067.07,130991897.02,130996502.53,131264937.98,131264937.98,131264937.98
1730700152246,0,INSERT,44,131667591.17,131264937.98,131470840.18,131466264.58,131667591.17,131667591.17,131667591.17
1730700152747,0,INSERT,48,132204462.08,131667591.17,131938822.83,132003135.49,132137353.22,132204462.08,132204462.08
1730700153248,0,INSERT,44,132674224.13,132204462.08,132413414.68,132405788.67,132607115.26,132674224.13,132674224.13
1730700153749,0,INSERT,51,133143986.17,132607115.26,132885419.67,132942659.58,133143986.17,133143986.17,133143986.17
1730700154250,0,INSERT,44,133613748.22,133143986.18,133380392.40,133345312.77,133613748.22,133613748.22,133613748.22
1730700154751,0,INSERT,48,134150619.14,133613748.22,133850027.35,133882183.68,134016401.41,134150619.14,134150619.14
1730700155251,0,INSERT,51,134620381.18,134083510.27,134353919.52,134351945.73,134620381.18,134620381.18,134620381.18
1730700155752,0,INSERT,44,135090143.23,134620381.18,134846111.00,134821707.78,135090143.23,135090143.23,135090143.23
1730700156253,0,INSERT,48,135559905.28,135090143.23,135315237.55,135358578.69,135492796.41,135559905.28,135559905.28
1730700156754,0,INSERT,51,136096776.19,135559905.28,135823735.23,135828340.74,136096776.19,136096776.19,136096776.19
1730700157255,0,INSERT,5652,136230993.92,134217728.00,135217593.08,135224360.96,136029667.33,136230993.92,136230993.92
1730700157756,0,INSERT,8025,134955925.50,131466264.58,132884523.36,132942659.58,134016401.41,134284836.86,134284836.86
1730700158257,0,INSERT,8632,131600482.30,128513474.56,130013698.81,130056978.43,131264937.98,131533373.44,131533373.44
1730700158758,0,INSERT,7474,128580583.42,126030446.59,127265975.60,127305515.01,128312147.97,128580583.42,128580583.42
1730700159258,0,INSERT,7042,126365990.91,123144765.44,124827652.19,124889595.90,125829120.00,126030446.59,126097555.45
1730700159759,0,INSERT,92,123346092.03,123144765.44,123260017.62,123278983.17,123346092.03,123346092.03,123346092.03
1730700160260,0,INSERT,112,123413200.89,123211874.30,123308942.48,123346092.03,123346092.03,123413200.89,123413200.89
1730700160761,0,INSERT,3766,125493575.68,121399934.98,122191812.45,122205241.34,122809221.12,123278983.17,125158031.36
1730700161262,0,INSERT,8472,121735479.30,114219286.53,117564622.21,117440512.00,119722213.38,121399934.97,121467043.84
1730700161763,0,INSERT,8499,114286395.39,110125645.82,111984776.00,111870476.29,113615306.75,114286395.39,114286395.39
1730700162264,0,INSERT,6782,110662516.73,107307073.54,108731145.79,108783468.54,109924319.23,110192754.69,110259863.55
1730700162764,0,INSERT,226,107843944.45,107441291.26,107641430.09,107642617.86,107843944.45,107843944.45,107843944.45
1730700163265,0,INSERT,255,108246597.63,107776835.58,108023296.18,108045271.04,108179488.77,108246597.63,108246597.63
1730700163766,0,INSERT,3596,109521666.05,106971529.22,107784478.54,107843944.45,108380815.36,108447924.22,108984795.14
1730700164267,0,INSERT,9089,107642617.86,103548977.15,105242356.01,105226698.75,106703093.76,107038638.08,107038638.08
1730700164768,0,INSERT,7687,104152956.93,100797513.73,102185766.73,102206799.87,103347650.56,103548977.15,103683194.88
1730700165269,0,INSERT,6880,100864622.59,98381594.62,99610077.00,99656663.04,100663296.00,100864622.59,100864622.59
1730700165770,0,INSERT,555,98784247.81,98448703.49,98588785.68,98650030.08,98717138.94,98784247.81,98784247.81
1730700166270,0,INSERT,556,99052683.26,98717138.94,98861736.82,98918465.53,98985574.40,99052683.26,99052683.26
1730700166771,0,INSERT,589,100059316.22,98985574.40,99140357.75,99186900.99,99254009.86,99723771.90,99992207.36
1730700167272,0,INSERT,547,99589554.17,99254009.86,99396386.16,99455336.45,99522445.31,99589554.17,99589554.17
1730700167773,0,INSERT,484,99857989.63,99522445.31,99702280.43,99723771.90,99857989.63,99857989.63,99857989.63
1730700168274,0,INSERT,553,100126425.09,99790880.77,99977948.24,99992207.36,100126425.09,100126425.09,100126425.09
1730700168775,0,INSERT,645,100394860.54,100059316.22,100230938.04,100260642.81,100327751.68,100394860.54,100394860.54
1730700169276,0,INSERT,530,100663296.00,100327751.68,100491851.85,100529078.27,100663296.00,100663296.00,100663296.00
1730700169777,0,INSERT,598,100931731.45,100596187.14,100773273.74,100797513.73,100931731.45,100931731.45,100931731.45
1730700170278,0,INSERT,3749,101669928.96,99790880.77,100505591.06,100529078.27,100998840.32,101065949.18,101669928.96
1730700170779,0,INSERT,9227,100260642.81,96502546.43,98203244.69,98247376.89,99522445.31,99857989.63,99925098.50
1730700171279,0,INSERT,8988,96838090.75,93348429.82,94956105.47,95026151.42,96234110.97,96569655.30,96569655.30
1730700171780,0,INSERT,8443,93683974.14,90395639.81,91888023.15,91939143.68,93079994.37,93348429.82,93482647.55
1730700172281,0,INSERT,833,90596966.40,90395639.81,90479868.28,90529857.53,90596966.40,90596966.40,90596966.40
1730700172782,0,INSERT,5849,91469381.63,88650809.34,89688621.71,89724551.17,90529857.53,90664075.26,91066728.45
1730700173283,0,INSERT,2148,88852135.94,88181047.30,88340516.68,88315265.02,88583700.48,88717918.21,88785027.07
1730700173784,0,INSERT,1239,88852135.94,88248156.16,88283871.91,88315265.02,88315265.02,88315265.02,88852135.94
1730700174285,0,INSERT,1085,88315265.02,88248156.16,88281710.59,88315265.02,88315265.02,88315265.02,88315265.02
1730700174786,0,INSERT,979,88449482.75,88248156.16,88358004.94,88382373.89,88449482.75,88449482.75,88449482.75
1730700175286,0,INSERT,743,88650809.34,88382373.89,88502636.95,88516591.61,88650809.34,88650809.34,88650809.34
1730700175787,0,INSERT,807,92945776.64,88583700.48,88736670.44,88785027.07,88785027.07,90194313.22,90932510.72
1730700176288,0,INSERT,1074,88919244.80,88785027.07,88825267.40,88852135.94,88852135.94,88919244.80,88919244.80
1730700176789,0,INSERT,1136,88919244.80,88852135.94,88885690.37,88919244.80,88919244.80,88919244.80,88919244.80
1730700177290,0,INSERT,968,89053462.53,88852135.94,88934011.52,88986353.66,89053462.53,89053462.53,89053462.53
1730700177791,0,INSERT,951,89187680.25,88986353.66,89067822.84,89120571.39,89120571.39,89187680.25,89187680.25
1730700178292,0,INSERT,1114,89187680.25,89053462.53,89153945.10,89187680.25,89187680.25,89187680.25,89187680.25
1730700178792,0,INSERT,1252,89187680.25,89120571.39,89154125.82,89187680.25,89187680.25,89187680.25,89187680.25
1730700179293,0,INSERT,946,89321897.98,89120571.39,89224143.21,89254789.12,89321897.98,89321897.98,89321897.98
1730700179794,0,INSERT,1126,89389006.85,89254789.12,89310395.31,89321897.98,89389006.85,89389006.85,89389006.85
1730700180295,0,INSERT,1414,89389006.85,89187680.26,89290858.95,89321897.98,89321897.98,89389006.85,89389006.85
1730700180796,0,INSERT,1261,89254789.12,89187680.26,89221234.69,89254789.12,89254789.12,89254789.12,89254789.12
1730700181297,0,INSERT,1327,89254789.12,89187680.26,89221234.69,89254789.12,89254789.12,89254789.12,89254789.12
1730700181798,0,INSERT,1367,89254789.12,89120571.39,89174008.11,89187680.25,89254789.12,89254789.12,89254789.12
1730700182298,0,INSERT,1008,89254789.12,89120571.39,89175763.11,89187680.25,89254789.12,89254789.12,89254789.12
1730700182799,0,INSERT,868,89456115.71,89187680.26,89313857.29,89321897.98,89389006.85,89389006.85,89456115.71
1730700183300,0,INSERT,879,89590333.44,89321897.98,89465162.81,89523224.58,89523224.58,89590333.44,89590333.44
1730700183801,0,INSERT,864,89724551.17,89523224.58,89610450.56,89657442.30,89724551.17,89724551.17,89724551.17
1730700184302,0,INSERT,769,89925877.76,89657442.30,89760287.29,89791660.03,89858768.89,89925877.76,89925877.76
1730700184803,0,INSERT,558,90194313.22,89858768.90,90006215.97,90060095.49,90127204.35,90194313.22,90194313.22
1730700185304,0,INSERT,557,90462748.67,90127204.35,90280639.07,90328530.94,90395639.81,90462748.67,90462748.67
1730700185804,0,INSERT,558,91200946.17,90395639.81,90567019.97,90596966.40,90731184.13,91200946.17,91200946.17
1730700186306,0,INSERT,561,90999619.58,90664075.26,90831608.18,90865401.86,90999619.58,90999619.58,90999619.58
1730700186806,0,INSERT,560,91268055.04,90932510.72,91107340.67,91133837.31,91268055.04,91268055.04,91268055.04
1730700187307,0,INSERT,556,91536490.50,91200946.18,91382840.17,91402272.77,91536490.50,91536490.50,91536490.50
1730700187808,0,INSERT,484,91872034.81,91469381.63,91657258.72,91670708.22,91804925.95,91872034.81,91872034.81
1730700188309,0,INSERT,352,92207579.14,91804925.95,92001676.94,92006252.54,92207579.14,92207579.14,92207579.14
1730700188810,0,INSERT,363,92543123.45,92140470.27,92356864.01,92408905.73,92543123.45,92543123.45,92543123.45
1730700189311,0,INSERT,351,92945776.64,92476014.59,92714337.10,92744450.05,92878667.78,92945776.64,92945776.64
1730700189812,0,INSERT,357,93281320.96,92878667.78,93067493.70,93079994.37,93214212.09,93281320.96,93281320.96
1730700190313,0,INSERT,358,93616865.28,93214212.10,93422287.07,93482647.55,93616865.28,93616865.28,93616865.28
1730700190814,0,INSERT,357,94019518.46,93549756.42,93778246.12,93818191.87,93952409.60,94019518.46,94019518.46
1730700191314,0,INSERT,358,94355062.78,93952409.60,94137615.07,94153736.19,94287953.92,94355062.78,94355062.78
1730700191815,0,INSERT,359,94690607.10,94287953.92,94492925.70,94556389.38,94690607.10,94690607.10,94690607.10
1730700192316,0,INSERT,354,95093260.29,94623498.24,94848576.85,94891933.69,95026151.42,95026151.42,95093260.29
1730700192817,0,INSERT,359,95428804.61,95026151.42,95208130.47,95227478.02,95361695.74,95428804.61,95428804.61
1730700193318,0,INSERT,297,95764348.93,95361695.74,95554774.95,95563022.33,95764348.93,95764348.93,95764348.93
1730700193819,0,INSERT,231,96234110.97,95764348.93,95969597.47,96032784.38,96167002.11,96234110.97,96234110.97
1730700194320,0,INSERT,226,96636764.16,96167002.11,96377533.90,96435437.57,96569655.30,96636764.16,96636764.16
1730700194821,0,INSERT,231,97039417.34,96569655.30,96785943.39,96838090.75,96972308.48,97039417.34,97039417.34
1730700195322,0,INSERT,225,97442070.53,96972308.48,97193469.47,97240743.94,97374961.66,97442070.53,97442070.53
1730700195822,0,INSERT,226,97844723.71,97374961.66,97597774.87,97643397.12,97777614.85,97844723.71,97844723.71
1730700196323,0,INSERT,227,98247376.89,97777614.85,98008357.00,98046050.30,98180268.03,98247376.89,98247376.89
1730700196824,0,INSERT,231,98650030.08,98180268.03,98416892.14,98448703.49,98582921.22,98650030.08,98650030.08
1730700197325,0,INSERT,228,99052683.26,98582921.22,98825749.34,98851356.67,98985574.40,99052683.26,99052683.26
1730700197826,0,INSERT,231,99455336.45,98985574.40,99236433.72,99254009.86,99455336.45,99455336.45,99455336.45
1730700198327,0,INSERT,223,99857989.63,99388227.58,99641164.80,99656663.04,99857989.63,99857989.63,99857989.63
1730700198828,0,INSERT,228,100260642.81,99790880.77,100044893.70,100059316.22,100260642.81,100260642.81,100260642.81
1730700199329,0,INSERT,231,100663296.00,100193533.95,100453399.23,100461969.41,100663296.00,100663296.00,100663296.00
1730700199830,0,INSERT,231,101133058.05,100663296.00,100867091.97,100931731.45,101065949.18,101065949.18,101133058.05
1730700200331,0,INSERT,223,101535711.23,101065949.18,101272843.10,101334384.64,101468602.37,101535711.23,101535711.23
1730700200832,0,INSERT,228,101938364.42,101468602.37,101676698.71,101737037.82,101871255.55,101938364.42,101938364.42
1730700201333,0,INSERT,231,102341017.60,101871255.55,102086381.59,102139691.01,102273908.73,102341017.60,102341017.60
1730700201834,0,INSERT,209,102743670.78,102273908.74,102492413.91,102542344.19,102676561.92,102743670.78,102743670.78
1730700202335,0,INSERT,143,103146323.97,102676561.92,102926929.60,102944997.38,103146323.97,103146323.97,103146323.97
1730700202836,0,INSERT,150,103616086.02,103146323.97,103375836.28,103414759.42,103616086.02,103616086.02,103616086.02
1730700203337,0,INSERT,144,104085848.06,103548977.15,103821140.88,103884521.47,104018739.20,104085848.06,104085848.06
1730700203838,0,INSERT,146,104488501.25,104018739.20,104243967.58,104287174.66,104421392.38,104488501.25,104488501.25
1730700204338,0,INSERT,151,104958263.30,104421392.38,104694494.35,104756936.70,104891154.43,104958263.30,104958263.30
1730700204839,0,INSERT,143,105360916.48,104891154.43,105141522.12,105159589.89,105360916.48,105360916.48,105360916.48
1730700205340,0,INSERT,143,105830678.53,105360916.48,105580310.84,105629351.94,105763569.66,105830678.53,105830678.53
1730700205841,0,INSERT,146,106300440.58,105763569.66,106019134.93,106032005.12,106233331.71,106300440.58,106300440.58
1730700206342,0,INSERT,151,106703093.76,106233331.71,106469990.45,106501767.17,106703093.76,106703093.76,106703093.76
1730700206843,0,INSERT,143,107172855.81,106635984.90,106912632.98,106971529.22,107105746.94,107172855.81,107172855.81
1730700207344,0,INSERT,146,107575508.99,107105746.94,107343385.87,107374182.40,107575508.99,107575508.99,107575508.99
1730700207845,0,INSERT,151,108045271.04,107508400.13,107781502.09,107843944.45,107978162.17,108045271.04,108045271.04
1730700208345,0,INSERT,143,108447924.22,107978162.18,108228529.86,108246597.63,108447924.22,108447924.22,108447924.22
1730700208846,0,INSERT,143,108917686.27,108447924.22,108667318.59,108716359.68,108850577.41,108917686.27,108917686.27
1730700209347,0,INSERT,146,109387448.32,108850577.41,109106142.67,109119012.86,109320339.45,109387448.32,109387448.32
1730700209848,0,INSERT,151,109790101.50,109320339.46,109559220.35,109588774.91,109790101.50,109790101.50,109790101.50
1730700210349,0,INSERT,143,110259863.55,109790101.50,110003395.06,110058536.96,110192754.69,110259863.55,110259863.55
1730700210850,0,INSERT,146,110662516.73,110192754.69,110438207.66,110461190.14,110662516.73,110662516.73,110662516.73
1730700211350,0,INSERT,151,111132278.78,110595407.87,110874731.85,110930952.19,111065169.92,111132278.78,111132278.78
1730700211851,0,INSERT,143,111534931.97,111065169.92,111315537.60,111333605.38,111534931.97,111534931.97,111534931.97
1730700212352,0,INSERT,143,112004694.02,111534931.97,111754326.33,111803367.42,111937585.15,112004694.02,112004694.02
1730700212853,0,INSERT,146,112474456.06,111937585.15,112193150.41,112206020.61,112407347.20,112474456.06,112474456.06
1730700213354,0,INSERT,151,112877109.25,112407347.20,112646228.09,112675782.66,112877109.25,112877109.25,112877109.25
1730700213855,0,INSERT,143,113346871.30,112877109.25,113093218.56,113145544.70,113279762.43,113346871.30,113346871.30
1730700214356,0,INSERT,146,113749524.48,113279762.43,113525675.05,113548197.89,113749524.48,113749524.48,113749524.48
1730700214857,0,INSERT,151,114219286.53,113749524.48,113968850.47,114017959.94,114152177.66,114219286.53,114219286.53
1730700215358,0,INSERT,124,114689048.58,114152177.66,114395176.70,114420613.12,114621939.71,114689048.58,114689048.58
1730700215858,0,INSERT,96,115091701.76,114621939.71,114858917.89,114890375.17,115091701.76,115091701.76,115091701.76
1730700216359,0,INSERT,91,115561463.81,115091701.76,115328057.70,115360137.22,115561463.81,115561463.81,115561463.81
1730700216860,0,INSERT,96,116031225.86,115561463.81,115785160.02,115829899.26,116031225.86,116031225.86,116031225.86
1730700217361,0,INSERT,91,116500987.90,116031225.86,116255044.98,116299661.31,116500987.90,116500987.90,116500987.90
1730700217862,0,INSERT,96,116970749.95,116433879.04,116711402.15,116769423.36,116970749.95,116970749.95,116970749.95
1730700218363,0,INSERT,91,117440512.00,116903641.09,117176132.57,117239185.41,117373403.14,117440512.00,117440512.00
1730700218864,0,INSERT,96,117910274.05,117373403.14,117641139.54,117641838.59,117843165.18,117910274.05,117910274.05
1730700219365,0,INSERT,91,118380036.09,117843165.18,118096482.71,118111600.64,118312927.23,118380036.09,118380036.09
1730700219866,0,INSERT,96,118782689.28,118312927.23,118565284.52,118581362.69,118782689.28,118782689.28,118782689.28
1730700220366,0,INSERT,91,119319560.19,118782689.28,119025682.36,119051124.73,119252451.33,119319560.19,119319560.19
1730700220867,0,INSERT,96,119722213.38,119252451.33,119489429.50,119520886.78,119722213.38,119722213.38,119722213.38
1730700221368,0,INSERT,91,120191975.42,119722213.38,119951932.18,119990648.83,120191975.42,120191975.42,120191975.42
1730700221869,0,INSERT,96,120661737.47,120124866.56,120414972.59,120460410.88,120661737.47,120661737.47,120661737.47
1730700222370,0,INSERT,91,121131499.52,120661737.47,120874494.69,120930172.93,121064390.66,121131499.52,121131499.52
1730700222871,0,INSERT,96,121601261.57,121064390.66,121332127.06,121332826.11,121534152.70,121601261.57,121601261.57
1730700223372,0,INSERT,91,122071023.61,121534152.70,121783782.93,121802588.16,122003914.75,122071023.61,122071023.61
1730700223873,0,INSERT,96,122473676.80,122003914.75,122240892.93,122272350.21,122473676.80,122473676.80,122473676.80
1730700224374,0,INSERT,91,122943438.85,122473676.80,122702658.14,122742112.25,122943438.85,122943438.85,122943438.85
1730700224874,0,INSERT,94,123413200.89,122876329.98,123163327.47,123211874.30,123413200.89,123413200.89,123413200.89
1730700225375,0,INSERT,96,123882962.94,123346092.03,123623615.15,123681636.35,123882962.94,123882962.94,123882962.94
1730700225876,0,INSERT,91,124352724.99,123815854.08,124085395.73,124151398.40,124285616.13,124352724.99,124352724.99
1730700226377,0,INSERT,96,124822487.04,124285616.13,124553352.53,124554051.58,124755378.17,124822487.04,124822487.04
1730700226878,0,INSERT,91,125292249.09,124755378.18,125007220.78,125023813.63,125225140.22,125292249.09,125292249.09
1730700227379,0,INSERT,96,125694902.27,125225140.22,125477497.51,125493575.68,125694902.27,125694902.27,125694902.27
1730700227880,0,INSERT,91,126231773.18,125694902.27,125937157.90,125963337.73,126164664.32,126231773.18,126231773.18
1730700228381,0,INSERT,96,126634426.37,126164664.32,126401642.50,126433099.78,126634426.37,126634426.37,126634426.37
1730700228882,0,INSERT,91,127104188.42,126634426.37,126865620.09,126902861.82,127104188.42,127104188.42,127104188.42
1730700229382,0,INSERT,96,127573950.46,127104188.42,127327884.63,127372623.87,127573950.46,127573950.46,127573950.46
1730700229883,0,INSERT,91,128043712.51,127573950.46,127792607.37,127842385.92,128043712.51,128043712.51,128043712.51
1730700230384,0,INSERT,96,128513474.56,127976603.65,128254126.76,128312147.97,128513474.56,128513474.56,128513474.56
1730700230885,0,INSERT,91,128983236.61,128446365.70,128712957.50,128781910.02,128916127.74,128983236.61,128983236.61
1730700231386,0,INSERT,96,129452998.66,128916127.74,129183864.15,129184563.20,129385889.79,129452998.66,129452998.66
1730700231887,0,INSERT,91,129922760.70,129385889.79,129636257.48,129654325.25,129855651.84,129922760.70,129922760.70
1730700232388,0,INSERT,96,130325413.89,129855651.84,130108009.13,130124087.30,130325413.89,130325413.89,130325413.89
1730700232889,0,INSERT,91,130795175.94,130325413.89,130564719.67,130593849.34,130795175.94,130795175.94,130795175.94
1730700233390,0,INSERT,96,131264937.98,130795175.94,131031455.06,131063611.39,131264937.98,131264937.98,131264937.98
1730700233891,0,INSERT,92,131734700.03,131264937.98,131499089.56,131533373.44,131734700.03,131734700.03,131734700.03
1730700234391,0,INSERT,95,132204462.08,131734700.03,131959691.33,132003135.49,132204462.08,132204462.08,132204462.08
1730700234892,0,INSERT,92,132674224.13,132204462.08,132425483.66,132472897.53,132674224.13,132674224.13,132674224.13
1730700235393,0,INSERT,95,133143986.17,132607115.26,132885793.65,132942659.58,133143986.17,133143986.17,133143986.17
1730700235894,0,INSERT,92,133613748.22,133076877.31,133346771.66,133412421.63,133546639.36,133613748.22,133613748.22
1730700236395,0,INSERT,84,134016401.41,133546639.36,133784716.04,133815074.81,134016401.41,134016401.41,134016401.41
1730700236896,0,INSERT,66,134553272.32,134016401.41,134268568.05,134284836.86,134486163.46,134553272.32,134553272.32
1730700237397,0,INSERT,59,135023034.37,134553272.32,134767679.45,134821707.78,134955925.50,135023034.37,135023034.37
1730700237898,0,INSERT,62,135492796.41,135023034.37,135250338.58,135291469.82,135492796.41,135492796.41,135492796.41
1730700238399,0,INSERT,55,135962558.46,135492796.42,135717916.15,135761231.87,135962558.46,135962558.46,135962558.46
1730700238899,0,INSERT,66,136432320.51,135895449.60,136195405.89,136230993.92,136432320.51,136432320.51,136432320.51
1730700239400,0,INSERT,55,136902082.56,136432320.51,136679403.15,136700755.97,136902082.56,136902082.56,136902082.56
1730700239901,0,INSERT,59,137371844.61,136902082.56,137129001.52,137170518.01,137304735.74,137371844.61,137371844.61
1730700240402,0,INSERT,7,137438953.47,137371844.61,137405399.04,137438953.47,137438953.47,137438953.47,137438953.47
1730700293470,0,INSERT,1349,137438953.47,136969191.42,137208387.65,137237626.88,137438953.47,137438953.47,137438953.47
1730700293971,0,INSERT,2262,137036300.29,134486163.46,135831426.20,136230993.92,136902082.56,137036300.29,137036300.29
1730700294472,0,INSERT,1859,134553272.32,134150619.14,134350916.89,134419054.59,134486163.46,134553272.32,134553272.32
1730700294973,0,INSERT,5320,134217728.00,129452998.66,131872081.61,131936026.62,134083510.27,134217728.00,134217728.00
1730700295473,0,INSERT,4518,130325413.89,127842385.92,128620391.25,128647692.29,129385889.79,129520107.52,129654325.25
1730700295974,0,INSERT,2366,129385889.79,127372623.87,127653170.69,127708168.19,127909494.78,127909494.78,129184563.20
1730700296475,0,INSERT,2102,127439732.73,126969970.69,127193422.13,127238406.14,127372623.87,127439732.73,127439732.73
1730700296976,0,INSERT,1950,127037079.55,125158031.36,126637248.38,126835752.96,126969970.69,127037079.55,127037079.55
1730700297477,0,INSERT,1374,125225140.22,124554051.58,125083351.99,125158031.36,125158031.36,125225140.22,125225140.22
1730700297978,0,INSERT,1341,124621160.45,124419833.86,124546670.11,124621160.45,124621160.45,124621160.45,124621160.45
1730700298479,0,INSERT,1428,124486942.72,124218507.26,124357236.51,124352724.99,124486942.72,124486942.72,124486942.72
1730700298979,0,INSERT,1082,124352724.99,124218507.26,124267257.33,124285616.13,124352724.99,124352724.99,124352724.99
1730700299480,0,INSERT,986,124419833.86,124285616.13,124324955.81,124352724.99,124352724.99,124419833.86,124419833.86
1730700299981,0,INSERT,988,124486942.72,124352724.99,124411954.68,124419833.86,124486942.72,124486942.72,124486942.72
1730700300482,0,INSERT,880,124621160.45,124419833.86,124498152.95,124554051.58,124621160.45,124621160.45,124621160.45
1730700300983,0,INSERT,659,124822487.04,124554051.58,124673757.91,124688269.31,124822487.04,124822487.04,124822487.04
1730700301484,0,INSERT,634,125023813.63,124755378.18,124898804.85,124956704.77,125023813.63,125023813.63,125023813.63
1730700301985,0,INSERT,633,125829120.00,124956704.77,125121084.38,125158031.36,125225140.22,125225140.22,125225140.22
1730700302485,0,INSERT,634,125426466.81,125158031.36,125313842.48,125359357.95,125426466.81,125426466.81,125426466.81
1730700302986,0,INSERT,632,125694902.27,125359357.95,125528722.89,125560684.54,125627793.41,125694902.27,125694902.27
1730700303487,0,INSERT,570,125963337.73,125627793.41,125760951.52,125762011.14,125896228.86,125963337.73,125963337.73
1730700303988,0,INSERT,432,126231773.18,125896228.86,126050362.27,126097555.45,126231773.18,126231773.18,126231773.18
1730700304489,0,INSERT,404,126567317.50,126164664.32,126381771.46,126433099.78,126567317.50,126567317.50,126567317.50
1730700304990,0,INSERT,406,126902861.82,126500208.64,126706824.60,126768644.09,126902861.82,126902861.82,126902861.82
1730700305491,0,INSERT,405,127238406.14,126835752.96,127031859.97,127037079.55,127171297.28,127238406.14,127238406.14
1730700305992,0,INSERT,405,129989869.57,127171297.28,127357130.84,127372623.87,127506841.60,127573950.46,129989869.57
1730700306492,0,INSERT,407,127842385.92,127506841.60,127666864.09,127708168.19,127842385.92,127842385.92,127842385.92
1730700306993,0,INSERT,404,128110821.38,127775277.06,127952849.77,127976603.65,128110821.38,128110821.38,128110821.38
1730700307494,0,INSERT,405,128446365.69,128043712.51,128268485.78,128312147.97,128446365.69,128446365.69,128446365.69
1730700307995,0,INSERT,405,128781910.02,128379256.83,128596739.26,128647692.29,128781910.02,128781910.02,128781910.02
1730700308496,0,INSERT,316,132338679.81,128714801.15,128951593.50,128983236.61,129117454.33,129184563.20,132338679.81
1730700308997,0,INSERT,260,129520107.52,129117454.34,129318264.71,129318780.93,129520107.52,129520107.52,129520107.52
1730700309498,0,INSERT,260,129922760.70,129452998.66,129708528.56,129721434.11,129922760.70,129922760.70,129922760.70
1730700309999,0,INSERT,258,130325413.89,129855651.84,130094954.77,130124087.30,130258305.02,130325413.89,130325413.89
1730700310500,0,INSERT,260,130728067.07,130258305.02,130479506.16,130526740.48,130660958.21,130728067.07,130728067.07
1730700311001,0,INSERT,259,131063611.39,130660958.21,130863450.78,130929393.66,131063611.39,131063611.39,131063611.39
1730700311501,0,INSERT,260,131466264.58,130996502.53,131248676.99,131264937.98,131466264.58,131466264.58,131466264.58
1730700312002,0,INSERT,260,131868917.76,131399155.71,131632229.96,131667591.17,131801808.89,131868917.76,131868917.76
1730700312503,0,INSERT,259,132204462.08,131801808.90,132013888.45,132070244.35,132204462.08,132204462.08,132204462.08
1730700313004,0,INSERT,259,132607115.26,132204462.08,132382339.44,132405788.67,132540006.40,132607115.26,132607115.26
1730700313505,0,INSERT,260,132942659.58,132540006.40,132743397.88,132808441.86,132942659.58,132942659.58,132942659.58
1730700314006,0,INSERT,259,133345312.77,132875550.72,133119465.63,133143986.17,133278203.90,133345312.77,133345312.77
1730700314507,0,INSERT,259,133747965.95,133278203.90,133506866.35,133546639.36,133680857.09,133747965.95,133747965.95
1730700315008,0,INSERT,260,134150619.14,133680857.09,133891991.90,133949292.54,134083510.27,134083510.27,134150619.14
1730700315508,0,INSERT,259,134486163.46,134083510.27,134277970.51,134284836.86,134486163.46,134486163.46,134486163.46
1730700316009,0,INSERT,208,134888816.64,134419054.59,134659420.48,134687490.05,134888816.64,134888816.64,134888816.64
1730700316510,0,INSERT,165,135358578.69,134821707.78,135090346.59,135157252.09,135291469.82,135358578.69,135358578.69
1730700317011,0,INSERT,165,135761231.87,135291469.82,135516648.36,135559905.28,135694123.01,135761231.87,135761231.87
1730700317512,0,INSERT,166,136163885.06,135694123.01,135941132.14,135962558.46,136163885.06,136163885.06,136163885.06
1730700318013,0,INSERT,166,136633647.10,136096776.19,136367637.27,136432320.51,136566538.24,136633647.10,136633647.10
1730700318514,0,INSERT,166,137036300.29,136566538.24,136793333.86,136834973.69,136969191.42,137036300.29,137036300.29
1730700319015,0,INSERT,166,137438953.47,136969191.42,137217413.37,137237626.88,137438953.47,137438953.47,137438953.47
1730700319516,0,INSERT,3,137438953.47,137371844.61,137405399.04,137438953.47,137438953.47,137438953.47,137438953.47
