timestamp,client_id,op_type,count,max,min,avg,50p,90p,99p,99.9p
1730757085547,0,INSERT,1402,8175.61,50.85,264.36,56.38,68.61,6033.41,8007.68
1730757086048,0,INSERT,2252,246.66,51.81,58.91,57.53,63.36,83.78,123.39
1730757086549,0,INSERT,2065,854.01,51.49,61.23,57.89,68.42,89.41,403.20
1730757087049,0,INSERT,2216,251.78,51.58,60.18,58.24,66.75,90.24,134.78
1730757087550,0,INSERT,2038,239.36,51.74,59.31,57.28,66.30,84.03,102.40
1730757088051,0,INSERT,2179,769.53,51.97,61.05,58.75,65.98,87.68,228.99
1730757088552,0,INSERT,2140,822.27,51.14,59.36,56.90,64.93,86.72,145.92
1730757089054,0,INSERT,2152,773.63,51.42,59.95,57.57,66.56,86.53,132.86
1730757089555,0,INSERT,2185,89.86,51.36,57.79,56.45,62.85,81.79,88.51
1730757090056,0,INSERT,2108,1028.61,51.26,60.69,57.66,68.16,89.28,141.06
1730757090557,0,INSERT,2197,1426.43,50.37,58.64,56.35,63.74,87.55,115.20
1730757091058,0,INSERT,2083,225.02,44.13,55.03,53.98,63.62,82.62,192.25
1730757091559,0,INSERT,2243,107.20,44.48,51.69,49.92,58.43,71.74,105.02
1730757092059,0,INSERT,2022,969.22,45.73,56.96,55.13,65.66,80.45,96.70
1730757092560,0,INSERT,2252,208.90,44.61,53.64,53.60,58.49,68.29,84.35
1730757093061,0,INSERT,2064,816.13,44.93,56.24,53.92,63.77,84.29,255.62
1730757093562,0,INSERT,2193,268.29,44.29,53.80,52.86,60.58,78.02,115.33
1730757094063,0,INSERT,2118,784.38,44.42,56.15,54.75,62.08,79.68,117.82
1730757094564,0,INSERT,2151,822.27,49.50,57.16,55.30,62.46,77.06,121.53
1730757095065,0,INSERT,2150,3035.14,50.11,58.96,55.71,62.98,78.78,132.48
1730757095566,0,INSERT,2119,285.95,45.12,57.03,55.13,64.64,87.10,106.50
1730757096067,0,INSERT,2198,814.08,44.42,53.36,52.22,58.88,76.22,119.36
1730757096569,0,INSERT,2096,816.13,44.70,54.58,52.48,60.99,80.89,317.95
1730757097069,0,INSERT,1835,80412.67,44.67,7602.86,53.82,37847.04,76677.12,80412.67
1730757097570,0,INSERT,1025,524025.85,81330.18,202389.45,201588.73,299892.73,332136.45,335806.46
1730757098071,0,INSERT,768,653262.85,335020.03,480834.73,471334.91,615514.11,649592.83,653262.85
1730757098572,0,INSERT,677,973602.81,654311.42,818206.41,824180.73,941621.25,970981.38,973602.81
1730757099073,0,INSERT,679,1998585.85,974127.10,1147255.65,1138753.53,1267728.38,1990197.25,1992294.40
1730757099574,0,INSERT,673,1630535.68,1294991.36,1458663.48,1459617.79,1595932.67,1626341.38,1630535.68
1730757100133,0,INSERT,760,2017460.22,1677721.60,1827774.21,1823473.66,1978662.91,2013265.92,2017460.22
1730757100634,0,INSERT,576,2388656.13,2017460.22,2189399.38,2185232.38,2344615.94,2382364.67,2388656.13
1730757101135,0,INSERT,433,2789212.16,2386558.98,2587902.52,2587885.57,2749366.27,2785017.85,2789212.16
1730757101636,0,INSERT,435,3191865.34,2789212.16,2989779.44,2990538.75,3152019.46,3187671.04,3191865.34
1730757102138,0,INSERT,435,3594518.53,3191865.34,3392389.23,3393191.94,3554672.64,3590324.22,3594518.53
1730757102639,0,INSERT,433,3995074.56,3594518.53,3794244.41,3795845.12,3955228.67,3990880.25,3995074.56
1730757103140,0,INSERT,434,4395630.59,3995074.56,4195403.31,4196401.15,4357881.86,4395630.59,4395630.59
1730757103641,0,INSERT,433,4798283.78,4395630.59,4596768.30,4596957.18,4760535.04,4794089.47,4798283.78
1730757104142,0,INSERT,434,5196742.66,4794089.47,4996624.10,4999610.37,5158993.92,5192548.35,5196742.66
1730757104642,0,INSERT,434,5595201.54,5192548.35,5395181.45,5398069.25,5557452.80,5595201.54,5595201.54
1730757105143,0,INSERT,359,6010437.63,5595201.54,5790073.11,5788139.52,5960105.98,6006243.33,6010437.63
1730757105644,0,INSERT,277,6446645.25,6010437.63,6227504.22,6228541.44,6400507.90,6438256.64,6446645.25
1730757106145,0,INSERT,278,6878658.56,6442450.94,6662048.41,6660554.75,6836715.52,6874464.25,6878658.56
1730757106646,0,INSERT,277,8522825.73,6878658.56,7107864.50,7100956.67,7277117.44,7319060.48,8522825.73
1730757107147,0,INSERT,276,7751073.79,7314866.18,7533182.74,7532969.98,7709130.75,7746879.49,7751073.79
1730757107648,0,INSERT,279,9252634.62,7746879.49,7978430.63,7973371.90,8145338.37,8187281.41,9252634.62
1730757108150,0,INSERT,277,8623489.02,8187281.41,8404317.71,8405385.21,8577351.68,8615100.41,8623489.02
1730757108651,0,INSERT,279,10401873.92,8615100.42,8830423.05,8849981.44,8959033.34,8992587.78,10401873.92
1730757109152,0,INSERT,280,10787749.89,8992587.78,9234898.71,9219080.19,9395240.96,9445572.61,10787749.89
1730757109653,0,INSERT,274,9856614.40,9428795.39,9646195.05,9655287.81,9823059.97,9856614.40,9856614.40
1730757110154,0,INSERT,278,10301210.62,9865003.01,10080541.95,10083106.81,10259267.58,10292822.02,10301210.62
1730757110654,0,INSERT,278,10745806.85,10301210.62,10518922.16,10519314.43,10695475.20,10729029.63,10745806.85
1730757111155,0,INSERT,283,11182014.46,10737418.24,10960575.96,10972299.26,11148460.03,11182014.46,11182014.46
1730757111656,0,INSERT,245,11626610.69,11182014.46,11387638.08,11383341.05,11576279.04,11626610.69,11626610.69
1730757112157,0,INSERT,187,12087984.13,11618222.08,11839309.00,11836325.89,12037652.48,12079595.52,12087984.13
1730757112658,0,INSERT,176,12540968.96,12079595.52,12306516.90,12314476.54,12490637.31,12540968.96,12540968.96
1730757113159,0,INSERT,183,13002342.40,12540968.96,12772526.63,12775849.98,12968787.97,13002342.40,13002342.40
1730757113660,0,INSERT,176,13463715.84,13010731.01,13237509.40,13228834.81,13421772.80,13455327.23,13463715.84
1730757114161,0,INSERT,176,13916700.67,13472104.45,13693449.31,13690208.26,13874757.63,13916700.67,13916700.67
1730757114662,0,INSERT,176,14369685.50,13925089.28,14148245.32,14143193.09,14327742.46,14369685.50,14369685.50
1730757115163,0,INSERT,180,14831058.94,14378074.11,14599113.93,14604566.53,14780727.29,14831058.94,14831058.94
1730757115663,0,INSERT,176,15275655.17,14831058.94,15051688.87,15057551.36,15233712.13,15275655.17,15275655.17
1730757116165,0,INSERT,183,15737028.61,15275655.17,15511521.74,15510536.19,15703474.18,15737028.61,15737028.61
1730757116666,0,INSERT,172,16198402.05,15753805.82,15971421.92,15971909.63,16148070.40,16190013.44,16198402.05
1730757117167,0,INSERT,177,16651386.88,16190013.44,16419467.94,16424894.46,16601055.23,16642998.27,16651386.88
1730757117668,0,INSERT,178,17104371.71,16642998.27,16873826.37,16877879.30,17054040.06,17095983.10,17104371.71
1730757118169,0,INSERT,178,17565745.15,17095983.10,17330439.98,17330864.13,17515413.50,17565745.15,17565745.15
1730757118670,0,INSERT,177,18052284.41,17548967.94,17790057.48,17800626.18,17985175.55,18018729.98,18052284.41
1730757119171,0,INSERT,178,18488492.03,18018729.98,18248898.31,18253611.01,18438160.38,18488492.03,18488492.03
1730757119672,0,INSERT,177,18941476.86,18471714.82,18710554.51,18723373.05,18907922.43,18941476.86,18941476.86
1730757120173,0,INSERT,177,19411238.91,18941476.86,19171665.95,19176357.89,19360907.26,19411238.91,19411238.91
1730757120674,0,INSERT,178,19864223.74,19394461.70,19632076.09,19646119.93,19830669.31,19864223.74,19864223.74
1730757121175,0,INSERT,178,20333985.79,19864223.74,20094580.57,20099104.77,20283654.14,20333985.79,20333985.79
1730757121676,0,INSERT,174,20786970.62,20317208.58,20554210.86,20568866.82,20736638.98,20786970.62,20786970.62
1730757122177,0,INSERT,129,21256732.67,20786970.62,21009171.19,21005074.43,21206401.02,21256732.67,21256732.67
1730757122677,0,INSERT,114,21743271.93,21256732.67,21495881.58,21508390.91,21692940.29,21743271.93,21743271.93
1730757123178,0,INSERT,114,22213033.98,21726494.72,21971677.54,21978152.96,22162702.34,22213033.98,22213033.98
1730757123679,0,INSERT,114,22984785.92,22196256.77,22452624.40,22464692.22,22649241.60,22699573.25,22984785.92
1730757124180,0,INSERT,113,23169335.30,22682796.03,22923987.07,22934454.27,23119003.65,23169335.30,23169335.30
1730757124681,0,INSERT,114,23639097.34,23152558.08,23398182.41,23404216.32,23588765.70,23639097.34,23639097.34
1730757125182,0,INSERT,114,24125636.61,23622320.13,23873978.37,23873978.37,24075304.96,24108859.39,24125636.61
1730757125683,0,INSERT,114,24595398.66,24108859.39,24352129.02,24360517.63,24545067.01,24595398.66,24595398.66
1730757126185,0,INSERT,114,25065160.70,24578621.44,24827189.14,24830279.68,25031606.27,25065160.70,25065160.70
1730757126686,0,INSERT,113,25551699.97,25065160.70,25302194.56,25316818.94,25501368.32,25534922.75,25551699.97
1730757127187,0,INSERT,114,26021462.02,25534922.75,25778045.22,25786580.99,25971130.37,26021462.02,26021462.02
1730757127688,0,INSERT,114,26491224.06,26004684.80,26252663.83,26256343.04,26457669.63,26491224.06,26491224.06
1730757128188,0,INSERT,113,26977763.33,26491224.06,26728257.92,26742882.30,26927431.68,26960986.11,26977763.33
1730757128689,0,INSERT,114,27447525.38,26960986.11,27203225.56,27212644.35,27397193.73,27447525.38,27447525.38
1730757129190,0,INSERT,114,27917287.42,27430748.16,27678138.51,27682406.40,27883732.99,27917287.42,27917287.42
1730757129691,0,INSERT,114,28403826.69,27917287.42,28156436.34,28168945.66,28353495.04,28403826.69,28403826.69
1730757130192,0,INSERT,113,28873588.73,28387049.47,28630319.10,28638707.71,28823257.09,28873588.73,28873588.73
1730757130693,0,INSERT,114,29343350.78,28856811.52,29104201.87,29108469.76,29309796.35,29343350.78,29343350.78
1730757131194,0,INSERT,114,29829890.05,29343350.78,29582499.70,29595009.02,29779558.40,29829890.05,29829890.05
1730757131695,0,INSERT,113,30299652.09,29813112.83,30056085.52,30064771.07,30249320.45,30299652.09,30299652.09
1730757132196,0,INSERT,114,30769414.14,30282874.88,30530265.23,30534533.12,30735859.71,30769414.14,30769414.14
1730757132697,0,INSERT,114,31255953.41,30769414.14,31008563.06,31021072.38,31205621.76,31255953.41,31255953.41
1730757133198,0,INSERT,114,32497467.39,31239176.19,31548966.01,31524388.86,31708938.24,32497467.39,32497467.39
1730757133698,0,INSERT,113,32195477.50,31725715.46,31948496.10,31960596.48,32145145.86,32195477.50,32195477.50
1730757134199,0,INSERT,118,32665239.55,32195477.50,32430927.25,32430358.53,32614907.90,32665239.55,32665239.55
1730757134700,0,INSERT,110,33135001.60,32682016.77,32909424.30,32900120.57,33084669.95,33135001.60,33135001.60
1730757135201,0,INSERT,113,33621540.86,33151778.82,33374707.93,33386659.84,33571209.22,33621540.86,33621540.86
1730757135702,0,INSERT,118,34091302.91,33621540.86,33856990.61,33856421.89,34040971.26,34091302.91,34091302.91
1730757136203,0,INSERT,110,34561064.96,34108080.13,34337012.87,34326183.94,34527510.53,34561064.96,34561064.96
1730757136704,0,INSERT,115,35064381.44,34561064.96,34812154.48,34829500.41,35030827.01,35064381.44,35064381.44
1730757137205,0,INSERT,111,35534143.49,35030827.01,35296692.98,35299262.46,35467034.62,35534143.49,35534143.49
1730757137706,0,INSERT,110,36003905.53,35534143.49,35762008.59,35769024.51,35936796.67,36003905.53,36003905.53
1730757138207,0,INSERT,113,36507222.02,36003905.54,36228839.01,36238786.56,36440113.15,36507222.02,36507222.02
1730757138708,0,INSERT,85,36943429.63,36473667.58,36702824.62,36708548.61,36943429.63,36943429.63,36943429.63
1730757139209,0,INSERT,77,37446746.11,36976984.06,37216876.46,37245419.52,37446746.11,37446746.11,37446746.11
1730757139709,0,INSERT,66,37916508.16,37480300.54,37697387.55,37681627.13,37882953.73,37916508.16,37916508.16
1730757140210,0,INSERT,77,38419824.64,37916508.16,38171216.80,38184943.62,38386270.21,38419824.64,38419824.64
1730757140711,0,INSERT,69,38889586.69,38419824.64,38658352.88,38688260.09,38856032.26,38889586.69,38889586.69
1730757141212,0,INSERT,74,39359348.73,38889586.69,39131722.72,39158022.14,39359348.73,39359348.73,39359348.73
1730757141713,0,INSERT,77,39862665.22,39392903.17,39635845.97,39661338.62,39862665.22,39862665.22,39862665.22
1730757142214,0,INSERT,66,40332427.26,39896219.65,40113815.06,40097546.24,40332427.26,40332427.26,40332427.26
1730757142715,0,INSERT,77,40835743.74,40332427.26,40589750.54,40600862.72,40802189.31,40835743.74,40835743.74
1730757143216,0,INSERT,69,41339060.22,40835743.74,41075730.88,41104179.20,41271951.36,41339060.22,41339060.22
1730757143717,0,INSERT,74,41775267.84,41305505.79,41549455.58,41573941.25,41775267.84,41775267.84,41775267.84
1730757144217,0,INSERT,77,42312138.75,41808822.27,42054815.48,42077257.73,42278584.32,42312138.75,42312138.75
1730757144718,0,INSERT,69,42781900.80,42312138.75,42540454.78,42580574.21,42748346.37,42781900.80,42781900.80
1730757145220,0,INSERT,74,43251662.85,42781900.80,43017688.70,43016781.82,43251662.85,43251662.85,43251662.85
1730757145721,0,INSERT,77,43754979.33,43285217.28,43518573.10,43553652.73,43754979.33,43754979.33,43754979.33
1730757146222,0,INSERT,66,44191186.94,43788533.76,43996469.56,43989860.35,44191186.94,44191186.94,44191186.94
1730757146723,0,INSERT,77,44728057.85,44224741.38,44472041.90,44493176.83,44694503.42,44728057.85,44728057.85
1730757147224,0,INSERT,69,45197819.90,44728057.86,44959777.96,44996493.31,45164265.47,45197819.90,45197819.90
1730757147725,0,INSERT,74,45667581.95,45197819.90,45433607.80,45432700.93,45667581.95,45667581.95,45667581.95
1730757148226,0,INSERT,77,46170898.43,45701136.38,45937542.61,45969571.84,46170898.43,46170898.43,46170898.43
1730757148727,0,INSERT,69,46674214.91,46204452.86,46423042.97,46439333.89,46607106.05,46674214.91,46674214.91
1730757149227,0,INSERT,74,47143976.96,46674214.91,46900934.05,46909095.94,47143976.96,47143976.96,47143976.96
1730757149728,0,INSERT,69,47613739.01,47143976.96,47377155.95,47412412.41,47580184.58,47613739.01,47613739.01
1730757150229,0,INSERT,74,48083501.05,47613739.01,47850887.22,47848620.03,48083501.05,48083501.05,48083501.05
1730757150730,0,INSERT,77,48586817.53,48117055.49,48355204.80,48385490.94,48586817.53,48586817.53,48586817.53
1730757151231,0,INSERT,69,49090134.02,48620371.97,48839934.66,48855252.99,49023025.15,49090134.02,49090134.02
1730757151732,0,INSERT,74,49559896.06,49090134.02,49319120.34,49325015.04,49559896.06,49559896.06,49559896.06
1730757152233,0,INSERT,77,50063212.54,49559896.06,49819398.20,49828331.52,50029658.11,50063212.54,50063212.54
1730757152734,0,INSERT,66,50499420.16,50096766.98,50297585.17,50298093.57,50499420.16,50499420.16,50499420.16
1730757153235,0,INSERT,77,51002736.64,50532974.59,50771123.90,50801410.05,51002736.64,51002736.64,51002736.64
1730757153736,0,INSERT,69,51506053.12,51036291.07,51260230.43,51304726.53,51438944.26,51506053.12,51506053.12
1730757154236,0,INSERT,74,51975815.17,51506053.12,51736853.20,51740934.14,51975815.17,51975815.17,51975815.17
1730757154737,0,INSERT,77,52479131.65,51975815.17,52236624.62,52244250.62,52445577.22,52479131.65,52479131.65
1730757155238,0,INSERT,69,52982448.13,52512686.08,52725926.93,52747567.10,52915339.26,52982448.13,52982448.13
1730757155739,0,INSERT,74,53418655.74,52948893.70,53197377.87,53217329.15,53418655.74,53418655.74,53418655.74
1730757156240,0,INSERT,69,53921972.22,53452210.18,53677608.43,53720645.63,53854863.36,53921972.22,53921972.22
1730757156741,0,INSERT,74,54391734.27,53921972.22,54152772.30,54156853.25,54391734.27,54391734.27,54391734.27
1730757157242,0,INSERT,77,54895050.75,54391734.27,54655158.35,54693724.16,54861496.32,54895050.75,54895050.75
1730757157743,0,INSERT,69,55398367.23,54928605.18,55141846.03,55163486.21,55331258.37,55398367.23,55398367.23
1730757158244,0,INSERT,74,55834574.85,55364812.80,55616017.60,55633248.26,55834574.85,55834574.85,55834574.85
1730757158745,0,INSERT,77,56371445.76,55868129.28,56122837.92,56136564.73,56337891.33,56371445.76,56371445.76
1730757159246,0,INSERT,66,56807653.38,56371445.76,56596158.77,56572772.35,56807653.38,56807653.38,56807653.38
1730757159746,0,INSERT,77,57310969.85,56807653.38,57073256.32,57109643.26,57310969.85,57310969.85,57310969.85
1730757160247,0,INSERT,69,57814286.34,57344524.29,57558737.73,57579405.31,57747177.47,57814286.34,57814286.34
1730757160748,0,INSERT,74,58284048.38,57780731.90,58035110.77,58049167.36,58250493.95,58284048.38,58284048.38
1730757161249,0,INSERT,77,58787364.86,58284048.38,58538757.03,58552483.84,58753810.43,58787364.86,58787364.86
1730757161750,0,INSERT,66,59257126.91,58787364.86,59018178.68,58988691.45,59223572.48,59223572.48,59257126.91
1730757162251,0,INSERT,55,59760443.39,59257126.91,59506344.83,59525562.37,59760443.39,59760443.39,59760443.39
1730757162752,0,INSERT,44,60230205.44,59793997.82,60019727.64,59995324.41,60230205.44,60230205.44,60230205.44
1730757163253,0,INSERT,44,60666413.05,60263759.87,60481863.68,60465086.46,60666413.05,60666413.05,60666413.05
1730757163754,0,INSERT,47,61236838.40,60733521.92,60960192.82,61001957.38,61136175.10,61236838.40,61236838.40
1730757164254,0,INSERT,52,61740154.88,61236838.40,61484624.97,61505273.85,61706600.45,61740154.88,61740154.88
1730757164755,0,INSERT,44,62176362.49,61773709.31,61982661.91,61941481.47,62176362.49,62176362.49,62176362.49
1730757165257,0,INSERT,44,62646124.54,62243471.36,62452423.96,62411243.52,62646124.54,62646124.54,62646124.54
1730757165758,0,INSERT,46,63182995.45,62713233.41,62929878.33,62981668.86,63115886.59,63182995.45,63182995.45
1730757166259,0,INSERT,52,63686311.94,63182995.46,63441751.75,63451430.91,63686311.94,63686311.94,63686311.94
1730757166760,0,INSERT,44,64156073.98,63719866.37,63945596.18,63921192.96,64156073.98,64156073.98,64156073.98
1730757167261,0,INSERT,44,64625836.03,64189628.42,64414595.63,64390955.01,64625836.03,64625836.03,64625836.03
1730757167762,0,INSERT,47,65162706.94,64659390.46,64886061.36,64927825.92,65062043.65,65162706.94,65162706.94
1730757168263,0,INSERT,52,65666023.42,65162706.94,65413074.63,65431142.40,65666023.42,65666023.42,65666023.42
1730757168764,0,INSERT,44,66102231.04,65699577.86,65912343.46,65900904.45,66102231.04,66102231.04,66102231.04
1730757169265,0,INSERT,44,66571993.09,66169339.90,66378292.50,66337112.06,66571993.09,66571993.09,66571993.09
1730757169765,0,INSERT,44,67041755.13,66639101.95,66848054.55,66806874.11,67041755.13,67041755.13,67041755.13
1730757170266,0,INSERT,47,67578626.05,67108864.00,67320542.49,67343745.02,67511517.18,67578626.05,67578626.05
1730757170767,0,INSERT,52,68081942.53,67578626.05,67843189.84,67847061.50,68081942.53,68081942.53,68081942.53
1730757171268,0,INSERT,44,68551704.58,68149051.39,68351903.19,68316823.55,68551704.58,68551704.58,68551704.58
1730757171769,0,INSERT,44,69055021.06,68585259.01,68812895.33,68786585.60,69055021.06,69055021.06,69055021.06
1730757172270,0,INSERT,47,69591891.97,69055021.06,69298469.17,69323456.51,69524783.10,69591891.97,69591891.97
1730757172771,0,INSERT,52,70061654.02,69524783.10,69806124.11,69860327.42,70061654.02,70061654.02,70061654.02
1730757173272,0,INSERT,44,70531416.06,70061654.02,70320938.26,70330089.47,70531416.06,70531416.06,70531416.06
1730757173773,0,INSERT,44,71001178.11,70531416.06,70784599.51,70799851.52,71001178.11,71001178.11,71001178.11
1730757174274,0,INSERT,47,71538049.02,71001178.11,71260332.55,71336722.43,71470940.16,71538049.02,71538049.02
1730757174774,0,INSERT,52,72074919.94,71538049.02,71781963.93,71806484.48,72007811.07,72007811.07,72074919.94
1730757175275,0,INSERT,44,72477573.12,72074919.94,72283872.54,72276246.53,72477573.12,72477573.12,72477573.12
1730757175776,0,INSERT,44,72947335.17,72544681.98,72753634.58,72746008.58,72947335.17,72947335.17,72947335.17
1730757176277,0,INSERT,47,73484206.08,73014444.03,73226479.49,73282879.49,73417097.22,73484206.08,73484206.08
1730757176778,0,INSERT,44,73953968.13,73484206.08,73708410.69,73752641.53,73886859.26,73953968.13,73953968.13
1730757177279,0,INSERT,52,74490839.04,73953968.13,74221113.03,74222403.58,74490839.04,74490839.04,74490839.04
1730757177780,0,INSERT,44,74960601.09,74490839.04,74716568.86,74692165.63,74960601.09,74960601.09,74960601.09
1730757178281,0,INSERT,44,75430363.14,74960601.09,75186330.90,75161927.68,75430363.14,75430363.14,75430363.14
1730757178782,0,INSERT,47,75967234.05,75430363.14,75662388.46,75698798.59,75833016.32,75967234.05,75967234.05
1730757179282,0,INSERT,52,76436996.09,75900125.18,76181466.19,76235669.50,76436996.09,76436996.09,76436996.09
1730757179783,0,INSERT,44,76906758.14,76436996.10,76696280.34,76705431.55,76906758.14,76906758.14,76906758.14
1730757180284,0,INSERT,43,77376520.19,76906758.14,77149442.52,77242302.46,77376520.19,77376520.19,77376520.19
1730757180785,0,INSERT,48,77913391.10,77376520.19,77632372.74,77644955.65,77846282.24,77913391.10,77913391.10
1730757181286,0,INSERT,51,78383153.15,77913391.10,78153535.57,78181826.56,78383153.15,78383153.15,78383153.15
1730757181787,0,INSERT,44,78852915.20,78450262.02,78656164.21,78651588.61,78852915.20,78852915.20,78852915.20
1730757182288,0,INSERT,44,79322677.25,78852915.20,79119825.45,79121350.66,79322677.25,79322677.25,79322677.25
1730757182789,0,INSERT,48,79859548.16,79322677.25,79599501.31,79658221.57,79792439.30,79859548.16,79859548.16
1730757183290,0,INSERT,51,80396419.07,79859548.16,80123378.11,80127983.61,80396419.07,80396419.07,80396419.07
1730757183790,0,INSERT,44,80866181.12,80396419.07,80629774.89,80597745.66,80866181.12,80866181.12,80866181.12
1730757184291,0,INSERT,44,81335943.17,80866181.12,81088860.53,81067507.71,81335943.17,81335943.17,81335943.17
1730757184792,0,INSERT,48,81872814.08,81335943.17,81576416.60,81604378.62,81805705.22,81872814.08,81872814.08
1730757185293,0,INSERT,44,82342576.13,81805705.22,82054313.05,82074140.67,82208358.40,82342576.13,82342576.13
1730757185794,0,INSERT,51,82812338.17,82275467.26,82553771.67,82611011.58,82812338.17,82812338.17,82812338.17
1730757186295,0,INSERT,44,83282100.22,82812338.18,83054845.21,83013664.77,83282100.22,83282100.22,83282100.22
1730757186796,0,INSERT,47,83818971.14,83282100.22,83541254.67,83617644.54,83751862.27,83818971.14,83818971.14
1730757187297,0,INSERT,44,84288733.18,83751862.27,84009621.32,84020297.73,84221624.32,84288733.18,84288733.18
1730757187798,0,INSERT,52,84758495.23,84221624.32,84515870.88,84557168.64,84758495.23,84758495.23,84758495.23
1730757188299,0,INSERT,44,85228257.28,84758495.23,85017779.48,85026930.69,85228257.28,85228257.28,85228257.28
1730757188799,0,INSERT,44,85698019.33,85228257.28,85487541.53,85496692.73,85698019.33,85698019.33,85698019.33
1730757189300,0,INSERT,47,86234890.24,85698019.33,85965740.86,86033563.65,86167781.38,86234890.24,86234890.24
1730757189802,0,INSERT,52,86771761.15,86234890.24,86487839.04,86503325.69,86771761.15,86771761.15,86771761.15
1730757190303,0,INSERT,44,87241523.20,86771761.15,86986814.56,86973087.74,87174414.33,87241523.20,87241523.20
1730757190804,0,INSERT,44,87644176.38,87241523.20,87450475.80,87442849.79,87644176.38,87644176.38,87644176.38
1730757191305,0,INSERT,47,88248156.16,87711285.25,87939027.03,87979720.70,88113938.43,88248156.16,88248156.16
1730757191806,0,INSERT,52,88717918.21,88181047.30,88448192.20,88449482.75,88717918.21,88717918.21,88717918.21
1730757192307,0,INSERT,44,89187680.25,88717918.21,88960425.24,88919244.80,89187680.25,89187680.25,89187680.25
1730757192808,0,INSERT,44,89657442.30,89187680.26,89430187.29,89389006.85,89657442.30,89657442.30,89657442.30
1730757193309,0,INSERT,47,90194313.22,89657442.30,89900890.42,89925877.76,90127204.35,90194313.22,90194313.22
1730757193810,0,INSERT,52,90664075.26,90127204.35,90422741.46,90462748.67,90664075.26,90664075.26,90664075.26
1730757194311,0,INSERT,44,91133837.31,90731184.13,90927935.12,90932510.72,91133837.31,91133837.31,91133837.31
1730757194811,0,INSERT,44,91603599.36,91133837.31,91393121.56,91402272.77,91603599.36,91603599.36,91603599.36
1730757195312,0,INSERT,47,92140470.27,91603599.36,91878460.13,91939143.68,92073361.41,92140470.27,92140470.27
1730757195813,0,INSERT,44,92610232.32,92140470.27,92347897.67,92408905.73,92543123.45,92610232.32,92610232.32
1730757196314,0,INSERT,52,93147103.23,92610232.32,92863181.12,92878667.78,93147103.23,93147103.23,93147103.23
1730757196815,0,INSERT,44,93549756.42,93147103.23,93360631.44,93348429.82,93549756.42,93549756.42,93549756.42
1730757197316,0,INSERT,44,94019518.46,93616865.28,93825817.88,93818191.87,94019518.46,94019518.46,94019518.46
1730757197817,0,INSERT,47,94623498.24,94086627.33,94314369.11,94355062.78,94489280.51,94623498.24,94623498.24
1730757198318,0,INSERT,52,95093260.29,94556389.38,94823534.28,94824824.83,95093260.29,95093260.29,95093260.29
1730757198819,0,INSERT,44,95563022.33,95093260.29,95335767.32,95294586.88,95563022.33,95563022.33,95563022.33
1730757199320,0,INSERT,44,96032784.38,95563022.34,95800953.76,95764348.93,96032784.38,96032784.38,96032784.38
1730757199821,0,INSERT,47,96569655.30,96032784.38,96276232.50,96301219.84,96502546.43,96569655.30,96569655.30
1730757200321,0,INSERT,38,96972308.48,96502546.43,96758619.73,96770981.89,96972308.48,96972308.48,96972308.48
1730757200822,0,INSERT,33,97576288.25,97039417.34,97323104.81,97374961.66,97576288.25,97576288.25,97576288.25
1730757201323,0,INSERT,25,98046050.30,97643397.12,97797747.51,97844723.71,98046050.30,98046050.30,98046050.30
1730757201824,0,INSERT,30,98448703.49,98046050.30,98245139.93,98247376.89,98448703.49,98448703.49,98448703.49
1730757202325,0,INSERT,33,98985574.40,98515812.35,98783231.01,98851356.67,98985574.40,98985574.40,98985574.40
1730757202826,0,INSERT,25,99522445.31,99052683.26,99266089.45,99321118.72,99522445.31,99522445.31,99522445.31
1730757203327,0,INSERT,30,99925098.50,99455336.45,99696928.36,99723771.90,99925098.50,99925098.50,99925098.50
1730757203828,0,INSERT,30,100394860.54,99992207.36,100220377.50,100260642.81,100394860.54,100394860.54,100394860.54
1730757204329,0,INSERT,33,100931731.45,100461969.41,100729388.06,100797513.73,100931731.45,100931731.45,100931731.45
1730757204830,0,INSERT,32,101468602.37,100998840.32,101260984.32,101334384.64,101468602.37,101468602.37,101468602.37
1730757205330,0,INSERT,25,102005473.28,101535711.23,101749117.42,101804146.69,102005473.28,102005473.28,102005473.28
1730757205831,0,INSERT,30,102408126.46,101938364.42,102184430.25,102206799.87,102408126.46,102408126.46,102408126.46
1730757206332,0,INSERT,33,102944997.38,102475235.33,102720284.36,102743670.78,102944997.38,102944997.38,102944997.38
1730757206833,0,INSERT,25,103481868.29,103012106.24,103225512.43,103280541.69,103481868.29,103481868.29,103481868.29
1730757207334,0,INSERT,30,103884521.47,103414759.42,103656351.33,103683194.88,103884521.47,103884521.47,103884521.47
1730757207835,0,INSERT,33,104421392.38,103951630.34,104174309.75,104220065.79,104421392.38,104421392.38,104421392.38
1730757208336,0,INSERT,33,104958263.30,104488501.25,104733550.28,104756936.70,104958263.30,104958263.30,104958263.30
1730757208837,0,INSERT,25,105428025.34,105025372.16,105209250.45,105293807.61,105428025.34,105428025.34,105428025.34
1730757209338,0,INSERT,30,105897787.39,105428025.34,105669617.25,105696460.80,105897787.39,105897787.39,105897787.39
1730757209839,0,INSERT,33,106434658.30,105964896.26,106187575.67,106233331.71,106434658.30,106434658.30,106434658.30
1730757210339,0,INSERT,25,106904420.35,106501767.17,106656117.56,106703093.76,106904420.35,106904420.35,106904420.35
1730757210840,0,INSERT,30,107307073.53,106904420.35,107128116.57,107172855.81,107307073.53,107307073.53,107307073.53
1730757211341,0,INSERT,33,107911053.31,107374182.40,107643634.66,107709726.72,107843944.45,107911053.31,107911053.31
1730757211842,0,INSERT,33,108447924.22,107911053.31,108194740.78,108246597.63,108447924.22,108447924.22,108447924.22
1730757212343,0,INSERT,25,108917686.27,108515033.09,108669383.48,108716359.68,108917686.27,108917686.27,108917686.27
1730757212844,0,INSERT,30,109320339.45,108917686.27,109132434.64,109186121.73,109320339.45,109320339.45,109320339.45
1730757213345,0,INSERT,33,109857210.37,109387448.32,109654866.98,109722992.64,109857210.37,109857210.37,109857210.37
1730757213846,0,INSERT,25,110394081.28,109924319.23,110137725.42,110192754.69,110394081.28,110394081.28,110394081.28
1730757214347,0,INSERT,30,110796734.46,110394081.28,110593170.91,110595407.87,110796734.46,110796734.46,110796734.46
1730757214848,0,INSERT,33,111333605.38,110863843.33,111108892.36,111132278.78,111333605.38,111333605.38,111333605.38
1730757215349,0,INSERT,33,111870476.29,111400714.24,111664065.69,111736258.56,111870476.29,111870476.29,111870476.29
1730757215849,0,INSERT,25,112407347.20,111937585.15,112150991.34,112206020.61,112407347.20,112407347.20,112407347.20
1730757216350,0,INSERT,30,112810000.38,112340238.34,112581830.25,112608673.79,112810000.38,112810000.38,112810000.38
1730757216854,0,INSERT,33,113346871.30,112877109.25,113122158.28,113145544.70,113346871.30,113346871.30,113346871.30
1730757217355,0,INSERT,25,113816633.34,113413980.16,113597858.45,113682415.61,113816633.34,113816633.34,113816633.34
1730757217856,0,INSERT,30,114286395.39,113816633.34,114058225.25,114085068.80,114286395.39,114286395.39,114286395.39
1730757218357,0,INSERT,33,114823266.30,114353504.26,114576183.67,114621939.71,114823266.30,114823266.30,114823266.30
1730757218858,0,INSERT,33,115360137.22,114890375.17,115113054.58,115158810.62,115360137.22,115360137.22,115360137.22
1730757219358,0,INSERT,22,115695681.53,115427246.08,115585867.03,115561463.81,115695681.53,115695681.53,115695681.53
1730757219859,0,INSERT,33,116232552.45,115762790.40,116030209.06,116098334.72,116232552.45,116232552.45,116232552.45
1730757220360,0,INSERT,33,116836532.22,116299661.31,116583348.78,116635205.63,116836532.22,116836532.22,116836532.22
1730757220861,0,INSERT,25,117306294.27,116903641.09,117057991.48,117104967.68,117306294.27,117306294.27,117306294.27
1730757221362,0,INSERT,30,117708947.45,117306294.27,117505383.90,117507620.86,117708947.45,117708947.45,117708947.45
1730757221863,0,INSERT,33,118245818.37,117776056.32,118043474.98,118111600.64,118245818.37,118245818.37,118245818.37
1730757222364,0,INSERT,25,118782689.28,118312927.23,118526333.42,118581362.69,118782689.28,118782689.28,118782689.28
1730757222865,0,INSERT,30,119185342.46,118715580.42,118977304.99,118984015.87,119185342.46,119185342.46,119185342.46
1730757223366,0,INSERT,33,119722213.38,119252451.33,119497500.36,119520886.78,119722213.38,119722213.38,119722213.38
1730757223866,0,INSERT,33,120259084.29,119789322.24,120056740.90,120124866.56,120259084.29,120259084.29,120259084.29
1730757224367,0,INSERT,25,120795955.20,120326193.15,120539599.34,120594628.61,120795955.20,120795955.20,120795955.20
1730757224868,0,INSERT,30,121198608.38,120728846.34,120970438.25,120997281.79,121198608.38,121198608.38,121198608.38
1730757225369,0,INSERT,33,121735479.30,121265717.25,121510766.28,121534152.70,121735479.30,121735479.30,121735479.30
1730757225870,0,INSERT,25,122205241.34,121802588.16,121986466.45,122071023.61,122205241.34,122205241.34,122205241.34
1730757226371,0,INSERT,30,122675003.39,122205241.34,122446833.25,122473676.80,122675003.39,122675003.39,122675003.39
1730757226872,0,INSERT,33,123211874.30,122742112.26,122964791.67,123010547.71,123211874.30,123211874.30,123211874.30
1730757227373,0,INSERT,33,123748745.22,123278983.17,123501662.58,123547418.62,123748745.22,123748745.22,123748745.22
1730757227874,0,INSERT,25,124218507.26,123815854.08,123999732.37,124084289.53,124218507.26,124218507.26,124218507.26
1730757228374,0,INSERT,30,124688269.31,124218507.26,124446677.40,124486942.72,124621160.45,124688269.31,124688269.31
1730757228875,0,INSERT,33,125225140.22,124688269.31,124971956.78,125023813.63,125225140.22,125225140.22,125225140.22
1730757229376,0,INSERT,25,125694902.27,125292249.09,125446599.48,125493575.68,125694902.27,125694902.27,125694902.27
1730757229877,0,INSERT,30,126097555.45,125694902.27,125911887.60,125963337.73,126097555.45,126097555.45,126097555.45
1730757230378,0,INSERT,33,126634426.37,126164664.32,126432082.98,126500208.64,126634426.37,126634426.37,126634426.37
1730757230879,0,INSERT,33,127238406.14,126701535.23,126985222.70,127037079.55,127238406.14,127238406.14,127238406.14
1730757231380,0,INSERT,25,127708168.19,127305515.01,127459865.40,127506841.60,127708168.19,127708168.19,127708168.19
1730757231881,0,INSERT,30,128110821.38,127708168.19,127907257.82,127909494.78,128110821.38,128110821.38,128110821.38
1730757232381,0,INSERT,33,128647692.29,128177930.24,128445348.90,128513474.56,128647692.29,128647692.29,128647692.29
1730757232882,0,INSERT,7549,128781910.02,127372623.87,128074423.72,128110821.38,128580583.42,128714801.15,128714801.15
1730757233383,0,INSERT,7957,127708168.19,126097555.46,126778300.32,126835752.96,127372623.87,127439732.73,127506841.60
1730757233884,0,INSERT,8561,126365990.91,124621160.45,125410032.39,125426466.81,126030446.59,126164664.32,126231773.18
1730757234385,0,INSERT,8342,125090922.50,123211874.30,123985507.80,124017180.67,124621160.45,124688269.31,124755378.17
1730757234886,0,INSERT,2978,123681636.35,122675003.39,122945388.11,123010547.71,123211874.30,123278983.17,123480309.76
1730757235387,0,INSERT,58,123547418.62,123010547.71,123270883.82,123278983.17,123480309.76,123547418.62,123547418.62
1730757235888,0,INSERT,324,124352724.99,123480309.76,123935456.07,124017180.67,124017180.67,124084289.53,124352724.99
1730757236389,0,INSERT,8636,124017180.67,122406567.94,123192246.51,123211874.30,123815854.08,123950071.81,123950071.81
1730757236889,0,INSERT,9192,122607894.53,120863064.06,121665816.27,121668370.43,122339459.07,122473676.80,122540785.66
1730757237390,0,INSERT,7862,121198608.38,119520886.78,120234960.77,120259084.29,120795955.20,120863064.06,120930172.93
1730757237891,0,INSERT,114,120124866.56,119587995.65,119838182.20,119856431.10,120057757.69,120124866.56,120124866.56
1730757238392,0,INSERT,114,120594628.61,120057757.70,120313646.71,120326193.15,120527519.74,120594628.61,120594628.61
1730757238893,0,INSERT,3752,120997281.79,120191975.42,120520312.28,120527519.74,120795955.20,120863064.06,120997281.79
1730757239394,0,INSERT,8990,120393302.02,118648471.55,119444095.53,119453777.92,120057757.69,120259084.29,120259084.29
1730757239895,0,INSERT,8820,118849798.14,117104967.68,117932837.63,117977382.91,118581362.69,118715580.42,118715580.42
1730757240395,0,INSERT,4519,117239185.41,116366770.18,116775430.34,116836532.22,117104967.68,117172076.54,117172076.54
1730757240896,0,INSERT,224,117104967.68,116568096.77,116859001.71,116903641.09,117037858.81,117104967.68,117104967.68
1730757241397,0,INSERT,225,117574729.73,117037858.82,117307934.71,117373403.14,117507620.86,117574729.73,117574729.73
1730757241898,0,INSERT,7096,118178709.50,116366770.18,117022827.60,117037858.81,117507620.86,117641838.59,117776056.32
1730757242399,0,INSERT,9233,116903641.09,114823266.30,115641174.20,115695681.53,116299661.31,116433879.04,116433879.04
1730757242900,0,INSERT,7616,115225919.49,113615306.75,114268887.20,114353504.25,114756157.44,114890375.17,114890375.17
1730757243401,0,INSERT,2206,113883742.21,113279762.43,113467460.39,113481089.02,113615306.75,113682415.61,113816633.34
1730757243902,0,INSERT,440,114085068.80,113615306.75,113830360.16,113883742.21,114017959.94,114085068.80,114085068.80
1730757244402,0,INSERT,1363,114420613.12,114017959.94,114278889.80,114353504.25,114420613.12,114420613.12,114420613.12
1730757244903,0,INSERT,9283,114286395.39,112608673.79,113435915.01,113481089.02,114085068.80,114219286.53,114286395.39
1730757245404,0,INSERT,7834,112810000.38,111333605.38,111967055.52,112004694.02,112541564.93,112675782.66,112675782.66
1730757245905,0,INSERT,6813,111534931.97,110192754.69,110777699.11,110796734.46,111266496.51,111400714.24,111467823.10
1730757246406,0,INSERT,860,110662516.73,110259863.55,110464623.62,110528299.01,110595407.87,110662516.73,110662516.73
1730757246907,0,INSERT,864,110998061.06,110595407.87,110770092.87,110796734.46,110930952.19,110930952.19,110930952.19
1730757247408,0,INSERT,5272,111669149.69,110192754.69,110662446.79,110662516.73,110998061.06,111065169.92,111602040.83
1730757247909,0,INSERT,9069,110528299.01,108582141.95,109428657.33,109454557.18,110125645.82,110259863.55,110259863.55
1730757248409,0,INSERT,8137,108850577.41,107239964.67,107980659.60,108045271.04,108515033.09,108649250.81,108716359.68
1730757248910,0,INSERT,3022,107709726.72,106971529.22,107122579.68,107105746.94,107307073.53,107307073.53,107508400.13
1730757249411,0,INSERT,1690,107239964.67,107105746.94,107175733.04,107239964.67,107239964.67,107239964.67,107239964.67
1730757249912,0,INSERT,2223,108380815.36,107172855.81,107352892.59,107374182.40,107508400.13,107575508.99,108380815.36
1730757250413,0,INSERT,8531,107575508.99,105763569.66,106522688.05,106568876.03,107172855.81,107239964.67,107239964.67
1730757250914,0,INSERT,5531,105897787.39,104958263.30,105372242.84,105360916.48,105763569.66,105830678.53,105830678.53
1730757251415,0,INSERT,3078,105226698.75,104824045.57,105058708.85,105092481.02,105159589.89,105226698.75,105226698.75
1730757251916,0,INSERT,7400,104891154.43,103683194.88,104276790.92,104287174.66,104824045.57,104891154.43,104891154.43
1730757252416,0,INSERT,2366,103750303.74,103616086.02,103715359.48,103750303.74,103750303.74,103750303.74,103750303.74
1730757252917,0,INSERT,925,104354283.52,103616086.02,103650438.50,103683194.88,103683194.88,103683194.88,103750303.74
1730757253418,0,INSERT,5951,105159589.89,103079215.10,103625203.39,103616086.02,104085848.06,104152956.93,105025372.16
1730757253919,0,INSERT,6043,103146323.97,102273908.74,102662052.95,102676561.92,103079215.10,103146323.97,103146323.97
1730757254420,0,INSERT,2363,102341017.60,102206799.87,102243417.60,102273908.73,102273908.73,102341017.60,102341017.60
1730757254921,0,INSERT,2008,103616086.02,102206799.87,102357236.41,102408126.46,102542344.19,102542344.19,103616086.02
1730757255422,0,INSERT,8308,102609453.06,100864622.59,101598490.49,101669928.96,102206799.87,102341017.60,102341017.60
1730757255923,0,INSERT,3527,101065949.18,100596187.14,100698981.48,100663296.00,100931731.45,100931731.45,100998840.32
1730757256425,0,INSERT,1949,101669928.96,100596187.14,100633425.84,100663296.00,100663296.00,100663296.00,101401493.50
1730757256926,0,INSERT,4167,101200166.91,100193533.95,100613012.61,100663296.00,100931731.45,100998840.32,101200166.91
1730757257426,0,INSERT,7383,100596187.14,99052683.26,99653031.73,99723771.90,100193533.95,100260642.81,100327751.68
1730757257927,0,INSERT,2367,99254009.86,99052683.26,99086521.21,99119792.13,99119792.13,99119792.13,99186900.99
1730757258428,0,INSERT,800,99119792.13,98985574.40,99070047.68,99119792.13,99119792.13,99119792.13,99119792.13
1730757258929,0,INSERT,6653,99522445.31,98381594.62,98927290.08,98985574.40,99388227.58,99522445.31,99522445.31
1730757259430,0,INSERT,4993,98448703.49,97710505.98,98016850.62,98046050.30,98314485.76,98381594.62,98448703.49
1730757259931,0,INSERT,2592,97777614.85,97576288.26,97691263.62,97710505.98,97777614.85,97777614.85,97777614.85
1730757260432,0,INSERT,5464,97844723.71,96905199.62,97374519.84,97442070.53,97777614.85,97844723.71,97844723.71
1730757260932,0,INSERT,6889,97509179.39,95831457.79,96328724.83,96368328.70,96838090.75,96905199.61,97106526.21
1730757261433,0,INSERT,2389,95898566.66,95697240.06,95802931.61,95831457.79,95898566.66,95898566.66,95898566.66
1730757261934,0,INSERT,257,96301219.84,96234110.98,96267665.41,96301219.84,96301219.84,96301219.84,96301219.84
1730757262435,0,INSERT,2958,97106526.21,96099893.25,96197062.71,96234110.97,96301219.84,96301219.84,96301219.84
1730757262936,0,INSERT,2474,97240743.94,96032784.38,96074815.44,96099893.25,96167002.11,96167002.11,96167002.11
1730757263437,0,INSERT,2266,97777614.85,96032784.38,96067079.21,96099893.25,96099893.25,96099893.25,96099893.25
1730757263938,0,INSERT,1564,96234110.97,96032784.38,96124019.87,96167002.11,96234110.97,96234110.97,96234110.97
1730757264438,0,INSERT,1463,96435437.57,96167002.11,96283353.19,96301219.84,96368328.70,96435437.57,96435437.57
1730757264939,0,INSERT,934,96703873.02,96368328.70,96507001.20,96502546.43,96636764.16,96703873.02,96703873.02
1730757265440,0,INSERT,775,97039417.34,96636764.16,96832851.93,96838090.75,96972308.48,97039417.34,97039417.34
1730757265941,0,INSERT,776,100260642.81,96972308.48,97164208.70,97173635.07,97307852.80,97374961.66,97374961.66
1730757266442,0,INSERT,776,97710505.98,97307852.80,97487543.91,97509179.39,97643397.12,97710505.98,97710505.98
1730757266943,0,INSERT,710,98046050.30,97643397.12,97809373.41,97844723.71,97978941.44,98046050.30,98046050.30
1730757267444,0,INSERT,522,98381594.62,97978941.44,98173582.86,98180268.03,98381594.62,98381594.62,98381594.62
1730757267945,0,INSERT,496,98784247.81,98314485.76,98572638.41,98582921.22,98784247.81,98784247.81,98784247.81
1730757268445,0,INSERT,496,99186900.99,98717138.94,98962417.12,98985574.40,99119792.13,99186900.99,99186900.99
1730757268946,0,INSERT,494,99589554.17,99119792.13,99350869.41,99388227.58,99522445.31,99589554.17,99589554.17
1730757269447,0,INSERT,498,99992207.36,99522445.31,99739942.71,99790880.77,99925098.50,99992207.36,99992207.36
1730757269948,0,INSERT,495,100327751.68,99925098.50,100129882.21,100193533.95,100327751.68,100327751.68,100327751.68
1730757270449,0,INSERT,458,100730404.86,100260642.82,100511495.16,100529078.27,100730404.86,100730404.86,100730404.86
1730757270950,0,INSERT,339,101200166.91,100663296.00,100925891.60,100931731.45,101133058.05,101200166.91,101200166.91
1730757271451,0,INSERT,316,101602820.09,101133058.05,101363479.31,101401493.50,101535711.23,101602820.09,101602820.09
1730757271951,0,INSERT,318,105159589.89,101535711.23,101802458.41,101804146.69,102005473.28,102005473.28,105159589.89
1730757272452,0,INSERT,318,103951630.33,102005473.28,102229169.49,102273908.73,102408126.46,102475235.33,103951630.33
1730757272953,0,INSERT,318,102877888.51,102408126.46,102652504.03,102676561.92,102877888.51,102877888.51,102877888.51
1730757273454,0,INSERT,317,103347650.56,102810779.65,103083131.55,103146323.97,103280541.69,103347650.56,103347650.56
1730757273955,0,INSERT,317,103750303.74,103280541.70,103511823.82,103548977.15,103683194.88,103750303.74,103750303.74
1730757274456,0,INSERT,319,104220065.79,103683194.88,103941427.26,103951630.33,104152956.93,104220065.79,104220065.79
1730757274957,0,INSERT,316,104622718.97,104152956.93,104371910.22,104421392.38,104555610.11,104622718.97,104622718.97
1730757275458,0,INSERT,316,105025372.16,104555610.11,104800472.52,104824045.57,105025372.16,105025372.16,105025372.16
1730757275958,0,INSERT,310,105495134.21,104958263.30,105226482.27,105226698.75,105428025.34,105495134.21,105495134.21
1730757276459,0,INSERT,229,105897787.39,105428025.34,105657045.33,105696460.80,105897787.39,105897787.39,105897787.39
1730757276960,0,INSERT,203,106367549.44,105830678.53,106125064.95,106166222.85,106367549.44,106367549.44,106367549.44
1730757277461,0,INSERT,204,110058536.96,106300440.58,106597824.95,106635984.89,106770202.62,106837311.49,110058536.96
1730757277962,0,INSERT,203,107307073.53,106770202.62,107035166.93,107038638.08,107239964.67,107307073.53,107307073.53
1730757278463,0,INSERT,203,107776835.58,107239964.67,107490636.02,107508400.13,107709726.72,107776835.58,107776835.58
1730757278964,0,INSERT,202,108179488.77,107709726.72,107946921.84,107978162.17,108179488.77,108179488.77,108179488.77
1730757279465,0,INSERT,203,108649250.81,108112379.90,108402799.30,108447924.22,108649250.81,108649250.81,108649250.81
1730757279966,0,INSERT,203,109119012.86,108582141.95,108856693.24,108917686.27,109051904.00,109119012.86,109119012.86
1730757280467,0,INSERT,204,109588774.91,109051904.00,109312115.33,109320339.45,109521666.05,109588774.91,109588774.91
1730757280967,0,INSERT,203,110058536.96,109521666.05,109768117.57,109790101.50,109991428.09,109991428.09,110058536.96
1730757281468,0,INSERT,203,110461190.14,109991428.10,110223333.85,110259863.55,110461190.14,110461190.14,110461190.14
1730757281969,0,INSERT,203,110930952.19,110394081.28,110679293.95,110729625.60,110863843.33,110930952.19,110930952.19
1730757282470,0,INSERT,202,111400714.24,110863843.33,111135419.35,111199387.65,111333605.38,111400714.24,111400714.24
1730757282971,0,INSERT,203,111870476.29,111333605.38,111588982.70,111602040.83,111803367.42,111870476.29,111870476.29
1730757283472,0,INSERT,203,112273129.47,111803367.42,112043537.82,112071802.88,112273129.47,112273129.47,112273129.47
1730757283973,0,INSERT,204,112742891.52,112206020.61,112501431.20,112541564.93,112742891.52,112742891.52,112742891.52
1730757284474,0,INSERT,203,113212653.57,112675782.66,112956615.07,113011326.97,113145544.70,113212653.57,113212653.57
1730757284974,0,INSERT,203,113682415.61,113145544.70,113410509.01,113413980.16,113615306.75,113682415.61,113682415.61
1730757285475,0,INSERT,200,114152177.66,113615306.75,113861596.28,113883742.21,114085068.80,114152177.66,114152177.66
1730757285976,0,INSERT,150,119990648.83,114085068.80,114354399.04,114353504.25,114554830.85,114621939.71,119990648.83
1730757286477,0,INSERT,130,115091701.76,114554830.85,114798487.65,114823266.30,115024592.89,115091701.76,115091701.76
1730757286978,0,INSERT,130,115561463.81,115024592.90,115269798.36,115293028.35,115494354.94,115561463.81,115561463.81
1730757287479,0,INSERT,130,116031225.86,115494354.94,115741109.07,115762790.40,115964116.99,116031225.86,116031225.86
1730757287980,0,INSERT,130,116500987.90,115964116.99,116212419.79,116232552.45,116433879.04,116500987.90,116500987.90
1730757288481,0,INSERT,130,116970749.95,116433879.04,116684246.72,116702314.50,116903641.09,116970749.95,116970749.95
1730757288982,0,INSERT,130,117440512.00,116903641.09,117155041.22,117172076.54,117373403.14,117440512.00,117440512.00
1730757289482,0,INSERT,130,117910274.05,117373403.14,117626351.93,117641838.59,117843165.18,117910274.05,117910274.05
1730757289983,0,INSERT,130,118380036.09,117843165.18,118098178.87,118111600.64,118312927.23,118380036.09,118380036.09
1730757290484,0,INSERT,130,118849798.14,118312927.23,118573103.14,118581362.69,118782689.28,118849798.14,118849798.14
1730757290985,0,INSERT,130,119319560.19,118782689.28,119044930.07,119051124.73,119252451.33,119319560.19,119319560.19
1730757291486,0,INSERT,130,119789322.24,119252451.33,119516240.79,119520886.78,119722213.38,119789322.24,119789322.24
1730757291987,0,INSERT,130,120259084.29,119722213.38,119988067.72,119990648.83,120191975.42,120259084.29,120259084.29
1730757292488,0,INSERT,130,120728846.33,120191975.42,120459378.44,120460410.88,120661737.47,120728846.33,120728846.33
1730757292989,0,INSERT,130,121198608.38,120661737.47,120931205.37,120930172.93,121131499.52,121198608.38,121198608.38
1730757293490,0,INSERT,130,121668370.43,121131499.52,121402516.09,121467043.84,121601261.57,121668370.43,121668370.43
1730757293990,0,INSERT,130,127305515.01,121601261.57,121916673.23,121936805.89,122071023.61,122138132.48,127305515.01
1730757294491,0,INSERT,130,122607894.53,122071023.62,122345653.74,122406567.94,122540785.66,122607894.53,122607894.53
1730757294992,0,INSERT,130,129654325.25,122540785.66,122868070.43,122876329.98,123010547.71,123077656.58,129654325.25
1730757295493,0,INSERT,130,123547418.62,123010547.71,123287242.72,123346092.03,123480309.76,123547418.62,123547418.62
1730757295994,0,INSERT,130,129587216.38,123480309.76,123802948.53,123815854.08,123950071.81,124017180.67,129587216.38
1730757296495,0,INSERT,130,124486942.72,123950071.81,124231412.81,124285616.13,124419833.86,124486942.72,124486942.72
1730757296996,0,INSERT,130,124956704.77,124419833.86,124702723.53,124755378.17,124889595.90,124956704.77,124956704.77
1730757297497,0,INSERT,131,125426466.81,124889595.90,125175192.79,125225140.22,125426466.81,125426466.81,125426466.81
1730757297997,0,INSERT,130,125896228.86,125359357.95,125648958.51,125694902.27,125896228.86,125896228.86,125896228.86
1730757298498,0,INSERT,130,126365990.91,125829120.00,126120785.45,126164664.32,126365990.91,126365990.91,126365990.91
1730757298999,0,INSERT,130,126835752.96,126298882.05,126591579.94,126634426.37,126835752.96,126835752.96,126835752.96
1730757299500,0,INSERT,130,127305515.01,126768644.10,127063406.88,127104188.42,127305515.01,127305515.01,127305515.01
1730757300001,0,INSERT,130,127775277.06,127238406.14,127534717.59,127573950.46,127775277.06,127775277.06,127775277.06
1730757300502,0,INSERT,99,128312147.97,127708168.19,127998634.34,128043712.51,128245039.10,128245039.10,128312147.97
1730757301004,0,INSERT,84,128781910.02,128245039.10,128493501.68,128513474.56,128714801.15,128781910.02,128781910.02
1730757301505,0,INSERT,83,129251672.06,128714801.15,128975555.47,128983236.61,129184563.20,129251672.06,129251672.06
1730757302006,0,INSERT,83,136633647.10,129184563.20,129540725.30,129520107.52,129654325.25,129721434.11,136633647.10
1730757302506,0,INSERT,83,130191196.16,129654325.25,129936910.16,129989869.57,130191196.16,130191196.16,130191196.16
1730757303007,0,INSERT,83,130660958.21,130124087.30,130417991.78,130459631.61,130660958.21,130660958.21,130660958.21
1730757303508,0,INSERT,84,131197829.12,130660958.21,130903828.38,130929393.66,131130720.25,131197829.12,131197829.12
1730757304009,0,INSERT,83,131667591.17,131130720.26,131386623.33,131399155.71,131600482.30,131667591.17,131667591.17
1730757304510,0,INSERT,83,132137353.22,131600482.30,131866896.41,131868917.76,132070244.35,132137353.22,132137353.22
1730757305011,0,INSERT,83,132607115.26,132070244.35,132349864.62,132405788.67,132607115.26,132607115.26,132607115.26
1730757305512,0,INSERT,83,133076877.31,132540006.40,132833102.34,132875550.72,133076877.31,133076877.31,133076877.31
1730757306013,0,INSERT,82,133613748.22,133076877.31,133318305.54,133345312.77,133546639.36,133613748.22,133613748.22
1730757306514,0,INSERT,83,136230993.92,133546639.36,133856714.65,133815074.81,134016401.41,136230993.92,136230993.92
1730757307015,0,INSERT,83,134553272.32,134016401.41,134277155.73,134284836.86,134486163.46,134553272.32,134553272.32
1730757307516,0,INSERT,83,135023034.37,134486163.46,134763088.59,134821707.78,134955925.50,135023034.37,135023034.37
1730757308016,0,INSERT,83,135492796.41,134955925.50,135244170.20,135291469.82,135492796.41,135492796.41,135492796.41
1730757308517,0,INSERT,83,135962558.46,135425687.55,135724443.28,135761231.87,135962558.46,135962558.46,135962558.46
1730757309018,0,INSERT,83,136499429.38,135962558.46,136206333.43,136230993.92,136432320.51,136499429.38,136499429.38
1730757309519,0,INSERT,84,136969191.42,136432320.51,136689571.16,136700755.97,136902082.56,136969191.42,136969191.42
1730757310020,0,INSERT,83,137438953.47,136902082.56,137173347.91,137237626.88,137371844.61,137438953.47,137438953.47
1730757310521,0,INSERT,4,137438953.47,137371844.61,137405399.04,137438953.47,137438953.47,137438953.47,137438953.47
