timestamp,client_id,op_type,count,max,min,avg,50p,90p,99p,99.9p
1730535337525,0,INSERT,26,5435.39,74.05,346.74,142.21,161.41,5435.39,5435.39
1730535337525,1,INSERT,26,5476.35,116.86,370.36,146.81,159.10,5476.35,5476.35
1730535338027,0,INSERT,50,200.32,125.95,146.63,145.53,160.00,200.32,200.32
1730535338027,1,INSERT,50,201.09,128.06,149.50,146.69,169.34,201.09,201.09
1730535338529,0,INSERT,50,201.47,71.74,120.56,116.48,161.28,201.47,201.47
1730535338529,1,INSERT,50,224.77,74.75,121.47,107.26,162.43,224.77,224.77
1730535339031,0,INSERT,50,121.02,88.26,96.11,94.08,103.10,121.02,121.02
1730535339031,1,INSERT,50,123.58,87.49,98.50,95.81,106.30,123.58,123.58
1730535339533,0,INSERT,50,134.14,66.75,86.61,84.80,104.64,134.14,134.14
1730535339533,1,INSERT,50,134.78,66.62,84.52,82.37,101.57,134.78,134.78
1730535340034,0,INSERT,50,103.10,66.88,75.98,72.89,86.85,103.10,103.10
1730535340034,1,INSERT,51,185.22,69.06,87.28,85.38,103.42,123.65,185.22
1730535340536,0,INSERT,51,127.49,66.56,84.44,83.07,95.68,118.97,127.49
1730535340536,1,INSERT,50,105.92,68.80,80.37,78.33,92.35,105.92,105.92
1730535341038,0,INSERT,50,121.73,67.65,81.10,78.78,90.37,121.73,121.73
1730535341038,1,INSERT,50,117.25,67.52,80.48,77.95,90.43,117.25,117.25
1730535341540,0,INSERT,50,120.25,67.90,83.27,81.66,95.30,120.25,120.25
1730535341540,1,INSERT,50,95.30,67.39,76.20,74.37,84.73,95.30,95.30
1730535342042,0,INSERT,50,106.11,66.69,78.06,74.11,87.94,106.11,106.11
1730535342042,1,INSERT,50,113.47,68.29,80.48,79.61,89.41,113.47,113.47
1730535342543,0,INSERT,50,111.36,69.12,81.03,79.10,91.71,111.36,111.36
1730535342543,1,INSERT,50,114.62,69.18,79.94,76.22,91.01,114.62,114.62
1730535343045,0,INSERT,51,93.25,69.95,80.06,79.23,88.96,92.29,93.25
1730535343045,1,INSERT,51,113.86,67.46,78.75,75.52,88.51,112.06,113.86
1730535343547,0,INSERT,50,102.21,68.35,78.94,75.52,93.63,102.21,102.21
1730535343547,1,INSERT,50,133.12,68.48,88.47,85.89,103.74,133.12,133.12
1730535344049,0,INSERT,50,143.87,68.22,81.36,78.14,94.46,143.87,143.87
1730535344049,1,INSERT,50,105.22,65.86,80.65,78.91,92.61,105.22,105.22
1730535344551,0,INSERT,50,128.13,66.88,83.29,76.61,106.81,128.13,128.13
1730535344551,1,INSERT,50,122.94,67.14,84.74,83.52,100.35,122.94,122.94
1730535345052,0,INSERT,50,108.93,68.35,77.85,75.39,89.22,108.93,108.93
1730535345052,1,INSERT,50,125.57,70.53,83.82,81.98,93.44,125.57,125.57
1730535345554,0,INSERT,50,141.57,65.73,87.70,86.97,105.98,141.57,141.57
1730535345554,1,INSERT,50,129.79,68.35,82.86,79.49,104.13,129.79,135.17
1730535346057,0,INSERT,51,114.43,68.93,88.41,90.17,98.50,108.22,114.43
1730535346057,1,INSERT,50,100.93,66.88,76.66,75.33,86.78,100.93,100.93
1730535346559,0,INSERT,50,130.56,73.98,91.11,90.56,106.62,130.56,130.56
1730535346559,1,INSERT,50,113.98,69.31,82.22,76.73,96.06,113.98,113.98
1730535347062,0,INSERT,50,116.03,68.42,86.16,86.27,100.03,116.03,116.03
1730535347062,1,INSERT,50,131.97,69.95,79.23,76.61,86.85,131.97,131.97
1730535347564,0,INSERT,50,116.99,71.55,90.01,89.73,100.67,116.99,116.99
1730535347564,1,INSERT,50,111.17,71.49,79.55,77.44,86.21,111.17,111.17
1730535348066,0,INSERT,51,152.57,71.04,104.22,99.45,122.56,140.03,152.57
1730535348066,1,INSERT,51,171.65,72.64,106.97,108.29,128.45,141.06,171.65
1730535348568,0,INSERT,50,142.97,76.80,108.58,104.89,131.46,142.97,142.97
1730535348568,1,INSERT,50,131.84,78.14,104.07,103.55,118.14,131.84,131.84
1730535349069,0,INSERT,50,112.06,73.15,88.69,86.02,104.70,112.06,112.06
1730535349069,1,INSERT,50,132.99,75.65,92.00,88.89,111.23,132.99,132.99
1730535349571,0,INSERT,50,104.32,73.66,84.48,81.15,97.66,104.32,104.32
1730535349571,1,INSERT,50,131.20,71.42,83.96,80.25,95.23,131.20,131.20
1730535350073,0,INSERT,50,120.38,72.58,84.52,83.07,93.18,120.38,120.38
1730535350073,1,INSERT,50,142.85,69.63,85.22,82.81,95.17,142.85,142.85
1730535350575,0,INSERT,50,129.53,69.89,85.69,79.81,99.01,129.53,129.53
1730535350575,1,INSERT,51,151.55,71.17,87.00,84.93,99.45,105.92,151.55
1730535351077,0,INSERT,51,121.02,73.15,89.59,89.22,103.49,112.13,121.02
1730535351077,1,INSERT,50,100.61,69.50,80.93,78.91,95.23,100.61,100.61
1730535351578,0,INSERT,50,118.14,72.45,81.91,79.55,91.71,118.14,118.14
1730535351578,1,INSERT,50,125.69,72.13,91.38,92.22,103.23,125.69,125.69
1730535352080,0,INSERT,50,103.74,73.09,80.87,77.12,92.29,103.74,103.74
1730535352080,1,INSERT,50,113.66,70.08,92.16,91.07,100.29,113.66,113.66
1730535352582,0,INSERT,50,112.25,68.61,79.91,76.42,94.59,112.25,112.25
1730535352582,1,INSERT,50,120.64,71.81,88.40,87.81,97.66,120.64,120.64
1730535353084,0,INSERT,50,100.86,67.97,75.88,73.02,90.75,100.86,100.86
1730535353084,1,INSERT,50,93.38,69.89,75.58,74.17,80.13,93.38,93.38
1730535353586,0,INSERT,51,104.00,68.42,80.56,80.32,89.47,95.30,104.00
1730535353586,1,INSERT,51,228.22,69.63,86.17,81.60,100.03,111.17,228.22
1730535354087,0,INSERT,50,94.14,66.30,75.21,73.98,83.01,94.14,94.14
1730535354087,1,INSERT,50,113.28,74.56,89.68,89.66,94.97,113.28,113.28
1730535354589,0,INSERT,50,122.94,68.67,77.42,74.94,79.49,122.94,122.94
1730535354589,1,INSERT,50,96.32,74.37,86.70,86.72,90.94,96.32,96.32
1730535355091,0,INSERT,50,110.27,68.29,74.98,73.02,79.55,110.27,110.27
1730535355091,1,INSERT,50,112.64,73.09,87.99,86.78,98.17,112.64,112.64
1730535355593,0,INSERT,50,102.53,71.23,80.22,77.82,90.43,102.53,102.53
1730535355593,1,INSERT,50,107.97,69.18,80.08,75.52,93.82,107.97,107.97
1730535356094,0,INSERT,50,117.50,66.11,77.15,72.96,95.04,117.50,117.50
1730535356094,1,INSERT,50,114.05,67.46,79.92,75.26,95.55,114.05,182.40
1730535356596,0,INSERT,51,128.13,67.46,80.65,76.48,101.38,105.92,128.13
1730535356596,1,INSERT,50,126.97,66.94,80.55,74.94,100.93,126.97,126.97
1730535357098,0,INSERT,50,102.78,68.61,74.01,73.09,77.95,102.78,102.78
1730535357098,1,INSERT,50,101.69,68.80,75.00,73.34,78.72,101.69,101.69
1730535357601,0,INSERT,50,108.80,66.82,79.26,75.07,93.76,108.80,108.80
1730535357601,1,INSERT,50,120.51,69.12,80.76,74.69,100.67,120.51,120.51
1730535358103,0,INSERT,50,101.50,63.71,74.50,72.00,86.21,101.50,101.50
1730535358103,1,INSERT,50,100.22,67.26,76.60,73.09,92.73,100.22,100.22
1730535358605,0,INSERT,50,97.22,67.84,75.06,73.28,84.29,97.22,97.22
1730535358605,1,INSERT,51,130.43,68.86,75.63,73.41,79.49,97.22,130.43
1730535359108,0,INSERT,51,110.27,66.11,73.92,72.13,79.42,101.89,110.27
1730535359108,1,INSERT,50,94.02,68.29,74.26,72.32,80.00,94.02,94.02
1730535359610,0,INSERT,50,105.02,67.39,78.53,74.75,92.48,105.02,105.02
1730535359610,1,INSERT,50,92.61,67.84,73.78,73.15,77.57,92.61,92.61
1730535360111,0,INSERT,50,149.25,68.22,86.25,73.98,115.71,149.25,149.25
1730535360111,1,INSERT,50,137.22,68.86,86.12,76.35,115.07,137.22,137.22
1730535360613,0,INSERT,50,146.05,80.06,105.10,102.91,117.44,146.05,146.05
1730535360613,1,INSERT,50,178.30,79.94,104.65,101.31,120.70,178.30,178.30
1730535361115,0,INSERT,50,129.92,68.48,95.72,96.70,108.73,129.92,129.92
1730535361115,1,INSERT,51,162.30,71.49,97.08,98.30,111.49,126.46,162.30
1730535361617,0,INSERT,51,114.56,66.82,80.60,78.14,92.29,95.36,114.56
1730535361617,1,INSERT,50,101.06,70.14,78.76,77.95,82.17,101.06,101.06
1730535362119,0,INSERT,50,104.83,69.95,80.56,78.46,90.88,104.83,104.83
1730535362119,1,INSERT,50,117.31,68.99,79.86,77.89,88.51,117.31,117.31
1730535362620,0,INSERT,50,109.06,70.34,82.32,79.10,98.88,109.06,109.06
1730535362620,1,INSERT,50,116.99,68.42,80.56,76.99,92.73,116.99,116.99
1730535363122,0,INSERT,50,123.14,69.95,82.39,80.77,95.30,123.14,123.14
1730535363122,1,INSERT,50,105.34,68.16,76.59,74.56,84.35,105.34,105.34
1730535363624,0,INSERT,50,109.63,70.21,82.75,83.07,90.43,109.63,109.63
1730535363624,1,INSERT,50,91.26,67.07,76.01,74.88,83.20,91.26,91.26
1730535364126,0,INSERT,51,134.53,74.05,86.89,85.25,96.51,104.13,134.53
1730535364126,1,INSERT,51,161.79,71.42,80.18,77.69,87.10,112.13,161.79
1730535364627,0,INSERT,50,117.06,75.26,85.78,83.45,96.70,117.06,117.06
1730535364627,1,INSERT,50,104.13,68.86,77.18,75.71,83.45,104.13,104.13
1730535365129,0,INSERT,50,113.73,75.26,87.14,84.61,97.41,113.73,113.73
1730535365129,1,INSERT,50,115.58,68.67,78.02,76.35,83.71,115.58,115.58
1730535365631,0,INSERT,50,121.34,74.56,86.07,84.93,90.69,121.34,121.34
1730535365631,1,INSERT,50,99.33,68.99,75.99,74.75,80.32,99.33,99.33
1730535366133,0,INSERT,50,124.22,75.07,88.06,86.91,93.69,124.22,124.22
1730535366133,1,INSERT,50,110.46,68.48,78.66,76.99,86.46,110.46,110.46
1730535366635,0,INSERT,50,123.97,74.05,87.67,85.63,95.30,123.97,123.97
1730535366635,1,INSERT,51,153.60,69.18,79.08,76.22,88.13,102.72,153.60
1730535367136,0,INSERT,51,111.17,72.32,87.62,86.27,95.55,110.72,111.17
1730535367136,1,INSERT,50,95.42,69.06,76.01,75.90,79.30,95.42,95.42
1730535367638,0,INSERT,50,103.74,71.36,86.00,86.85,96.25,103.74,103.74
1730535367638,1,INSERT,50,113.73,68.61,81.48,78.27,104.58,113.73,113.73
1730535368140,0,INSERT,50,125.44,69.95,86.17,85.69,92.42,125.44,125.44
1730535368140,1,INSERT,50,108.42,69.38,77.64,74.94,84.93,108.42,108.42
1730535368642,0,INSERT,50,115.07,72.06,87.37,87.30,94.21,115.07,115.07
1730535368642,1,INSERT,50,109.82,68.42,77.14,75.33,82.75,109.82,109.82
1730535369144,0,INSERT,50,132.35,74.11,88.07,86.72,96.32,132.35,132.35
1730535369144,1,INSERT,50,107.07,70.53,77.05,74.56,81.92,107.07,107.07
1730535369645,0,INSERT,51,106.56,68.35,88.91,87.87,101.76,104.51,106.56
1730535369645,1,INSERT,51,113.47,67.65,79.16,76.29,88.32,108.22,113.47
1730535370147,0,INSERT,50,115.01,71.74,85.80,85.82,93.95,115.01,115.01
1730535370147,1,INSERT,50,116.35,69.31,79.90,75.71,96.13,116.35,116.35
1730535370649,0,INSERT,50,129.66,68.54,85.94,82.05,101.31,129.66,129.66
1730535370649,1,INSERT,50,113.92,68.22,83.18,79.49,95.17,113.92,113.92
1730535371151,0,INSERT,50,107.58,66.69,83.16,82.50,93.18,107.58,107.58
1730535371151,1,INSERT,50,123.14,68.74,78.37,75.90,87.94,123.14,123.14
1730535371653,0,INSERT,50,134.27,69.31,89.33,87.68,102.85,134.27,134.27
1730535371653,1,INSERT,50,108.42,69.18,81.30,78.97,94.46,108.42,108.42
1730535372155,0,INSERT,50,126.27,70.72,85.99,81.41,97.60,126.27,126.27
1730535372155,1,INSERT,50,158.85,68.48,85.97,82.75,112.45,150.14,158.85
1730535372656,0,INSERT,51,125.95,70.72,84.01,80.25,102.53,122.75,125.95
1730535372656,1,INSERT,50,121.86,70.72,85.76,85.12,95.74,121.86,121.86
1730535373158,0,INSERT,50,116.73,71.87,87.82,84.67,102.33,116.73,116.73
1730535373158,1,INSERT,50,119.87,71.30,85.95,83.78,97.09,119.87,119.87
1730535373660,0,INSERT,50,119.49,71.49,84.33,80.64,96.51,119.49,119.49
1730535373660,1,INSERT,50,119.74,71.62,88.76,86.46,100.93,119.74,119.74
1730535374164,0,INSERT,50,147.84,66.69,85.19,81.60,98.17,147.84,147.84
1730535374164,1,INSERT,50,172.54,70.34,93.83,87.55,117.63,172.54,172.54
1730535374666,0,INSERT,51,113.09,75.65,85.15,83.78,95.17,106.30,113.09
1730535374666,1,INSERT,51,177.92,77.50,92.48,85.18,109.89,145.28,177.92
1730535375168,0,INSERT,50,145.28,68.74,82.34,77.89,96.51,145.28,145.28
1730535375168,1,INSERT,50,145.41,67.90,84.04,80.64,95.10,145.41,145.41
1730535375670,0,INSERT,50,161.53,69.95,110.18,104.06,141.95,161.53,161.53
1730535375670,1,INSERT,50,143.23,71.42,102.44,100.35,129.79,143.23,143.23
1730535376171,0,INSERT,50,151.55,93.12,110.27,108.80,126.53,151.55,151.55
1730535376171,1,INSERT,50,165.76,89.73,110.57,107.97,129.34,165.76,165.76
1730535376673,0,INSERT,50,146.30,70.14,95.80,91.78,120.06,146.30,146.30
1730535376673,1,INSERT,50,134.14,69.70,96.04,91.52,121.28,134.14,134.14
1730535377175,0,INSERT,50,328.45,64.45,86.92,78.91,89.60,328.45,328.45
1730535377175,1,INSERT,51,324.86,66.24,82.51,71.10,97.98,142.34,324.86
1730535377677,0,INSERT,50,102.21,66.18,76.69,75.26,85.76,102.21,102.21
1730535377677,1,INSERT,50,94.02,66.82,72.68,69.82,78.72,94.02,94.02
1730535378179,0,INSERT,50,92.35,67.33,77.97,75.90,87.23,92.35,92.35
1730535378179,1,INSERT,50,97.34,66.18,72.59,69.44,85.57,97.34,97.34
1730535378681,0,INSERT,51,176.90,67.20,79.69,76.99,92.03,95.94,176.90
1730535378681,1,INSERT,50,85.31,63.14,69.61,69.25,72.51,85.31,85.31
1730535379182,0,INSERT,50,93.44,68.10,78.53,78.66,86.78,93.44,93.44
1730535379182,1,INSERT,50,93.50,59.14,67.28,65.34,75.01,93.50,93.50
1730535379684,0,INSERT,50,105.79,71.23,79.60,79.23,87.23,105.79,105.79
1730535379684,1,INSERT,50,87.68,59.49,67.80,65.38,77.57,87.68,87.68
1730535380186,0,INSERT,50,100.73,61.31,73.74,73.34,78.59,100.73,100.73
1730535380186,1,INSERT,51,145.02,60.99,70.13,67.58,77.63,92.09,145.02
1730535380688,0,INSERT,50,77.25,62.78,68.69,67.65,73.98,77.25,77.25
1730535380688,1,INSERT,50,96.00,60.54,67.57,65.09,75.33,96.00,96.00
1730535381190,0,INSERT,50,99.78,62.62,68.43,67.33,72.38,99.78,99.78
1730535381190,1,INSERT,50,101.44,61.41,66.68,64.96,69.95,101.44,101.44
1730535381691,0,INSERT,51,99.01,60.90,70.22,68.48,76.16,92.42,99.01
1730535381691,1,INSERT,50,82.37,61.34,66.59,66.17,69.50,82.37,82.37
1730535382193,0,INSERT,50,121.98,64.29,72.84,69.95,78.08,121.98,121.98
1730535382193,1,INSERT,50,95.04,61.18,70.59,68.67,80.77,95.04,95.04
1730535382695,0,INSERT,50,79.74,63.58,68.92,67.14,75.71,79.74,79.74
1730535382695,1,INSERT,51,134.66,60.77,67.40,65.18,72.00,82.88,134.66
1730535383197,0,INSERT,50,107.97,63.58,71.65,68.16,76.09,107.97,107.97
1730535383197,1,INSERT,50,77.25,58.34,65.08,64.06,70.02,77.25,77.25
1730535383699,0,INSERT,50,106.56,64.06,71.91,69.06,80.83,106.56,106.56
1730535383699,1,INSERT,50,90.94,61.57,68.17,66.56,73.47,90.94,90.94
1730535384200,0,INSERT,51,120.58,64.16,73.41,71.55,81.02,91.71,120.58
1730535384200,1,INSERT,50,104.64,61.09,70.68,68.22,83.84,104.64,104.64
1730535384702,0,INSERT,50,121.53,64.86,72.98,70.21,80.00,121.53,121.53
1730535384702,1,INSERT,50,81.86,60.70,66.28,65.66,70.27,81.86,81.86
1730535385204,0,INSERT,50,161.53,61.70,70.61,67.33,76.86,161.53,161.53
1730535385204,1,INSERT,50,78.78,60.70,65.18,64.06,69.06,78.78,78.78
1730535385706,0,INSERT,50,90.37,62.75,68.86,66.88,77.25,90.37,90.37
1730535385706,1,INSERT,51,88.38,58.75,69.04,69.18,74.24,80.64,88.38
1730535386207,0,INSERT,50,89.60,61.38,69.34,65.98,77.69,89.60,89.60
1730535386207,1,INSERT,50,93.69,59.58,67.33,65.34,73.34,93.69,93.69
1730535386709,0,INSERT,50,123.14,61.57,72.00,67.01,88.38,123.14,123.14
1730535386709,1,INSERT,50,91.78,61.15,67.48,66.30,74.43,91.78,91.78
1730535387211,0,INSERT,51,91.01,61.92,68.25,66.50,72.32,89.47,91.01
1730535387211,1,INSERT,50,99.71,62.40,68.84,66.75,75.58,99.71,99.71
1730535387713,0,INSERT,50,84.09,59.46,68.77,68.61,73.15,84.09,84.09
1730535387713,1,INSERT,50,96.45,61.02,71.78,69.12,85.57,96.45,96.45
1730535388215,0,INSERT,50,91.07,60.99,66.48,65.38,70.27,91.07,91.07
1730535388215,1,INSERT,50,89.15,61.47,66.17,66.05,74.30,89.15,118.21
1730535388716,0,INSERT,50,98.81,60.42,68.94,66.05,76.29,98.81,98.81
1730535388716,1,INSERT,50,91.20,60.80,68.75,66.50,78.21,91.20,91.20
1730535389218,0,INSERT,50,74.05,56.70,65.18,64.77,68.48,74.05,74.05
1730535389218,1,INSERT,50,91.33,59.62,67.96,66.05,73.41,91.33,91.33
1730535389720,0,INSERT,50,95.36,62.14,68.77,67.45,73.73,95.36,95.36
1730535389720,1,INSERT,50,101.06,63.49,71.63,68.22,85.76,101.06,101.06
1730535390222,0,INSERT,51,92.86,59.84,65.67,65.50,75.01,92.86,0.01
1730535390222,1,INSERT,50,96.38,61.15,70.58,68.09,88.00,96.38,96.38
1730535390724,0,INSERT,50,97.98,61.31,69.50,68.03,76.48,97.98,97.98
1730535390724,1,INSERT,50,105.34,62.72,71.31,68.35,79.04,105.34,105.34
1730535391225,0,INSERT,50,78.53,61.12,66.65,66.50,70.53,78.53,78.53
1730535391225,1,INSERT,51,136.83,62.78,70.34,68.35,74.56,93.12,136.83
1730535391727,0,INSERT,50,85.25,59.84,69.28,68.16,75.84,85.25,85.25
1730535391727,1,INSERT,50,86.59,60.80,67.98,67.07,72.89,86.59,86.59
1730535392229,0,INSERT,50,95.55,59.07,69.23,67.90,73.53,95.55,95.55
1730535392229,1,INSERT,50,81.92,60.42,66.82,66.62,72.06,81.92,81.92
1730535392731,0,INSERT,51,107.14,64.38,75.45,73.22,84.48,106.37,107.14
1730535392731,1,INSERT,50,105.02,61.57,73.82,71.04,81.28,105.02,105.02
1730535393232,0,INSERT,50,76.54,61.57,68.56,68.99,73.53,76.54,76.54
1730535393232,1,INSERT,50,99.52,61.92,70.51,68.09,76.93,99.52,99.52
1730535393734,0,INSERT,50,82.11,62.66,68.52,67.45,74.30,82.11,82.11
1730535393734,1,INSERT,51,122.24,63.55,70.64,67.39,79.17,91.97,122.24
1730535394238,0,INSERT,50,93.31,62.08,68.11,66.17,74.62,93.31,93.31
1730535394238,1,INSERT,50,94.21,62.56,69.71,66.69,78.33,94.21,94.21
1730535394740,0,INSERT,50,92.35,60.22,68.57,67.58,80.25,88.89,92.35
1730535394740,1,INSERT,50,95.94,62.78,67.94,66.94,72.00,95.94,95.94
1730535395242,0,INSERT,50,95.30,61.54,69.16,67.78,76.16,95.30,95.30
1730535395242,1,INSERT,50,102.72,62.21,70.42,67.84,78.91,102.72,102.72
1730535395744,0,INSERT,50,89.98,60.58,71.23,71.42,76.99,89.98,89.98
1730535395744,1,INSERT,50,85.12,60.29,68.15,67.07,73.28,85.12,85.12
1730535396246,0,INSERT,50,152.32,63.52,97.13,99.78,116.09,152.32,152.32
1730535396246,1,INSERT,51,157.06,62.53,92.27,95.17,107.97,120.32,157.06
1730535396747,0,INSERT,50,150.53,82.11,99.02,97.86,111.23,150.53,150.53
1730535396747,1,INSERT,50,184.57,82.37,97.69,94.21,104.06,184.57,184.57
1730535397249,0,INSERT,50,113.86,69.57,84.75,80.77,97.73,113.86,113.86
1730535397249,1,INSERT,50,121.22,66.82,84.17,76.80,108.48,121.22,121.22
1730535397751,0,INSERT,51,100.29,68.10,78.88,77.95,85.38,93.82,100.29
1730535397751,1,INSERT,50,224.51,68.16,79.66,74.50,88.70,224.51,224.51
1730535398253,0,INSERT,50,107.65,68.16,79.76,78.66,89.53,107.65,107.65
1730535398253,1,INSERT,50,101.44,66.94,75.13,73.79,81.98,101.44,101.44
1730535398755,0,INSERT,50,110.40,68.86,79.39,78.53,85.06,110.40,110.40
1730535398755,1,INSERT,50,104.25,66.05,74.02,71.30,83.01,104.25,104.25
1730535399257,0,INSERT,50,115.45,68.22,84.14,81.22,104.32,115.45,115.45
1730535399257,1,INSERT,51,153.34,67.78,76.68,73.34,82.37,94.40,153.34
1730535399758,0,INSERT,50,99.84,67.71,78.87,77.44,88.00,99.84,99.84
1730535399758,1,INSERT,50,102.21,70.14,76.63,75.14,81.73,102.21,102.21
1730535400260,0,INSERT,50,123.78,65.98,79.98,80.32,90.50,110.72,123.78
1730535400260,1,INSERT,50,107.97,68.10,75.91,73.86,80.38,107.97,107.97
1730535400762,0,INSERT,50,167.81,72.32,85.54,83.45,91.65,167.81,167.81
1730535400762,1,INSERT,50,97.22,68.35,76.21,75.14,81.41,97.22,97.22
1730535401264,0,INSERT,50,106.88,68.22,80.78,79.10,90.37,106.88,106.88
1730535401264,1,INSERT,50,104.32,67.01,76.74,75.52,86.21,104.32,104.32
1730535401766,0,INSERT,50,93.63,67.71,77.07,76.73,86.08,93.63,93.63
1730535401766,1,INSERT,51,142.72,66.30,76.17,73.15,82.75,100.09,142.72
1730535402267,0,INSERT,50,96.58,65.25,75.12,74.30,81.34,96.58,96.58
1730535402267,1,INSERT,50,100.73,64.51,74.53,71.74,90.75,100.73,100.73
1730535402769,0,INSERT,50,99.26,67.26,74.35,72.77,81.22,99.26,99.26
1730535402769,1,INSERT,50,104.00,67.46,74.48,72.51,78.14,104.00,104.00
1730535403271,0,INSERT,51,94.40,68.48,75.59,73.66,89.09,93.06,94.40
1730535403271,1,INSERT,50,107.65,65.54,73.17,71.61,78.46,107.65,107.65
1730535403773,0,INSERT,50,105.53,66.82,76.14,74.17,89.98,105.53,105.53
1730535403773,1,INSERT,50,94.91,66.82,72.35,71.23,76.48,94.91,94.91
1730535404275,0,INSERT,50,99.65,64.99,75.38,73.22,84.09,99.65,99.65
1730535404275,1,INSERT,50,95.74,66.24,72.41,70.59,77.63,95.74,95.74
1730535404776,0,INSERT,50,158.21,66.88,78.14,73.22,85.63,158.21,158.21
1730535404776,1,INSERT,51,155.78,67.33,73.86,71.10,78.91,85.69,155.78
1730535405278,0,INSERT,50,98.30,66.50,74.10,72.25,84.48,98.30,98.30
1730535405278,1,INSERT,50,104.13,67.39,75.38,72.25,83.26,104.13,104.13
1730535405780,0,INSERT,50,92.48,65.06,74.11,73.41,79.10,92.48,92.48
1730535405780,1,INSERT,50,109.95,69.82,78.36,74.43,93.31,109.95,109.95
1730535406282,0,INSERT,51,96.58,66.18,71.93,70.59,76.29,81.73,96.58
1730535406282,1,INSERT,50,103.17,67.33,73.93,72.00,79.36,103.17,103.17
1730535406784,0,INSERT,50,90.50,68.67,75.04,73.47,80.83,90.50,90.50
1730535406784,1,INSERT,50,104.83,67.33,74.73,73.79,79.36,104.83,104.83
1730535407285,0,INSERT,50,145.41,66.69,75.05,72.00,80.77,145.41,145.41
1730535407285,1,INSERT,51,162.94,66.18,74.44,71.30,76.48,107.90,162.94
1730535407787,0,INSERT,50,98.05,68.35,76.80,74.50,85.25,98.05,98.05
1730535407787,1,INSERT,50,103.36,67.58,76.52,74.37,87.55,103.36,103.36
1730535408289,0,INSERT,50,103.04,66.75,74.98,72.19,88.70,103.04,103.04
1730535408289,1,INSERT,50,99.14,70.02,76.05,73.66,84.09,99.14,99.14
1730535408791,0,INSERT,51,84.67,67.46,73.14,72.58,77.18,81.41,84.67
1730535408791,1,INSERT,50,95.17,67.07,73.10,72.06,77.63,95.17,95.17
1730535409293,0,INSERT,50,103.74,66.88,73.74,72.06,78.40,103.74,103.74
1730535409293,1,INSERT,50,106.37,66.75,74.89,70.72,93.06,106.37,106.37
1730535409794,0,INSERT,50,108.54,64.99,75.46,73.98,81.66,108.54,108.54
1730535409794,1,INSERT,50,104.45,68.54,76.01,74.11,81.86,104.45,104.45
1730535410296,0,INSERT,50,103.61,68.93,74.68,73.09,79.87,103.61,103.61
1730535410296,1,INSERT,51,116.48,69.31,79.27,75.39,99.26,108.54,116.48
1730535410798,0,INSERT,50,84.67,67.71,73.46,73.28,77.31,84.67,84.67
1730535410798,1,INSERT,50,105.41,68.54,76.60,74.88,81.79,105.41,105.41
1730535411300,0,INSERT,50,102.08,69.38,76.34,74.81,82.81,102.08,102.08
1730535411300,1,INSERT,50,99.45,66.82,74.88,73.02,81.15,99.45,99.45
1730535411802,0,INSERT,50,118.02,70.46,77.71,76.73,85.12,106.88,118.02
1730535411802,1,INSERT,50,113.86,68.42,75.88,73.92,80.19,113.86,113.86
1730535412303,0,INSERT,50,117.25,69.63,78.14,75.84,82.81,117.25,117.25
1730535412303,1,INSERT,50,110.14,69.25,77.63,74.69,95.17,110.14,110.14
1730535412805,0,INSERT,50,115.45,66.69,77.95,74.50,92.22,115.45,115.45
1730535412805,1,INSERT,50,135.68,68.99,77.05,75.01,98.69,122.56,135.68
1730535413307,0,INSERT,50,105.15,68.35,75.23,74.24,78.02,105.15,105.15
1730535413307,1,INSERT,50,103.87,70.34,76.85,74.56,82.11,103.87,103.87
1730535413809,0,INSERT,50,91.39,69.38,75.62,74.37,80.58,91.39,91.39
1730535413809,1,INSERT,50,94.97,69.18,74.58,73.60,79.42,94.97,94.97
1730535414310,0,INSERT,50,103.61,66.69,75.79,74.43,83.33,103.61,103.61
1730535414310,1,INSERT,50,100.73,67.14,76.30,73.79,92.93,100.73,100.73
1730535414812,0,INSERT,51,108.35,68.54,77.01,75.20,83.58,100.09,108.35
1730535414812,1,INSERT,50,95.04,67.52,73.79,73.02,77.38,95.04,95.04
1730535415314,0,INSERT,50,105.47,67.46,75.89,73.73,81.86,105.47,105.47
1730535415314,1,INSERT,50,106.50,67.14,75.47,74.11,79.10,106.50,106.50
1730535415816,0,INSERT,50,118.91,69.18,79.00,76.93,89.22,118.91,118.91
1730535415816,1,INSERT,51,121.79,67.26,75.19,73.53,79.23,95.74,121.79
1730535416318,0,INSERT,50,124.22,68.54,76.11,74.56,80.96,124.22,124.22
1730535416318,1,INSERT,50,100.03,68.67,77.61,75.20,86.59,100.03,100.03
1730535416822,0,INSERT,50,199.55,67.46,79.50,75.97,87.81,90.62,199.55
1730535416822,1,INSERT,50,165.89,67.14,75.86,71.04,92.54,165.89,165.89
1730535417324,0,INSERT,50,113.53,67.97,77.57,73.66,86.78,113.53,113.53
1730535417324,1,INSERT,50,96.64,66.11,72.00,69.57,77.44,96.64,96.64
1730535417825,0,INSERT,50,113.73,66.30,79.05,76.67,91.84,113.73,113.73
1730535417825,1,INSERT,51,146.81,66.88,73.96,70.14,86.59,98.56,146.81
1730535418327,0,INSERT,50,95.23,67.33,77.31,76.73,85.63,95.23,95.23
1730535418327,1,INSERT,50,103.61,60.64,69.85,68.99,73.15,103.61,103.61
1730535418829,0,INSERT,50,92.73,69.06,77.74,76.99,86.08,92.73,92.73
1730535418829,1,INSERT,50,88.00,59.39,64.78,62.91,69.50,88.00,88.00
1730535419331,0,INSERT,50,99.39,67.20,76.03,73.22,86.97,99.39,99.39
1730535419331,1,INSERT,50,95.23,57.54,67.22,64.77,76.03,95.23,95.23
1730535419833,0,INSERT,50,82.24,60.99,68.57,66.50,74.81,82.24,82.24
1730535419833,1,INSERT,50,79.68,60.99,65.65,64.86,70.46,79.68,79.68
1730535420334,0,INSERT,50,90.94,61.06,67.31,67.01,75.90,89.34,90.94
1730535420334,1,INSERT,50,93.25,60.35,66.63,65.60,70.97,93.25,93.25
1730535420836,0,INSERT,50,89.92,61.57,68.52,66.88,76.09,89.92,89.92
1730535420836,1,INSERT,51,96.51,61.02,66.77,64.80,69.82,91.33,96.51
1730535421338,0,INSERT,50,101.12,60.83,67.73,66.05,71.94,101.12,101.12
1730535421338,1,INSERT,50,89.41,60.03,67.52,65.60,77.89,89.41,89.41
1730535421840,0,INSERT,50,97.41,58.18,68.26,65.79,74.81,97.41,97.41
1730535421840,1,INSERT,50,85.25,60.54,64.90,63.55,69.25,85.25,85.25
1730535422342,0,INSERT,50,90.81,60.29,66.96,65.92,72.70,90.81,90.81
1730535422342,1,INSERT,50,106.56,61.47,69.46,67.01,77.82,106.56,106.56
1730535422843,0,INSERT,50,80.83,60.10,66.92,66.05,72.89,80.83,80.83
1730535422843,1,INSERT,50,86.66,60.00,64.97,63.77,68.29,86.66,86.66
1730535423345,0,INSERT,51,84.61,59.84,66.45,65.86,69.76,75.78,84.61
1730535423345,1,INSERT,50,98.11,61.22,67.38,65.92,84.35,98.11,128.70
1730535423847,0,INSERT,50,99.39,60.93,68.54,65.15,80.19,99.39,99.39
1730535423847,1,INSERT,50,90.05,61.22,67.89,64.77,79.87,90.05,90.05
1730535424349,0,INSERT,50,91.90,57.09,66.36,64.45,70.21,91.90,91.90
1730535424349,1,INSERT,50,92.86,60.06,67.53,64.96,72.70,92.86,92.86
1730535424851,0,INSERT,50,147.46,61.31,68.62,65.31,70.91,147.46,147.46
1730535424851,1,INSERT,50,120.19,61.66,70.93,66.75,89.73,120.19,120.19
1730535425352,0,INSERT,50,117.89,68.16,92.87,92.03,103.74,117.89,117.89
1730535425352,1,INSERT,50,128.38,70.40,94.31,92.03,107.39,128.38,128.38
1730535425854,0,INSERT,50,125.06,69.70,91.99,90.81,97.79,125.06,125.06
1730535425854,1,INSERT,50,140.80,68.10,95.25,93.76,104.83,140.80,140.80
1730535426356,0,INSERT,51,101.25,66.05,74.85,73.15,79.49,99.01,101.25
1730535426356,1,INSERT,51,122.05,66.05,75.96,72.58,87.81,103.17,122.05
1730535426858,0,INSERT,50,109.89,66.30,72.98,72.00,77.25,109.89,109.89
1730535426858,1,INSERT,50,111.81,66.62,76.01,72.25,91.84,111.81,111.81
1730535427359,0,INSERT,50,89.92,67.78,73.98,73.09,80.58,89.92,89.92
1730535427359,1,INSERT,50,100.93,65.31,72.57,69.82,79.49,100.93,100.93
1730535427861,0,INSERT,50,86.85,65.79,71.78,70.21,77.18,86.85,86.85
1730535427861,1,INSERT,50,112.70,65.98,74.16,71.17,93.63,112.70,112.70
1730535428363,0,INSERT,50,95.10,63.04,72.40,70.91,77.38,95.10,95.10
1730535428363,1,INSERT,50,101.76,66.50,77.68,75.71,83.78,101.76,101.76
1730535428865,0,INSERT,50,85.31,64.38,71.97,71.42,75.26,79.94,85.31
1730535428865,1,INSERT,50,90.30,65.86,70.69,69.82,73.60,90.30,90.30
1730535429367,0,INSERT,50,82.56,65.50,70.71,70.91,73.98,82.56,82.56
1730535429367,1,INSERT,51,176.51,65.60,76.50,73.66,81.34,105.47,176.51
1730535429868,0,INSERT,50,88.13,60.35,69.27,68.22,74.62,88.13,88.13
1730535429868,1,INSERT,50,106.17,65.92,73.48,72.96,77.12,106.17,106.17
1730535430370,0,INSERT,50,140.41,62.62,73.86,70.46,80.38,140.41,140.41
1730535430370,1,INSERT,50,111.30,64.61,79.34,74.75,100.54,111.30,111.30
1730535430872,0,INSERT,50,86.46,66.50,73.01,71.87,78.46,86.46,86.46
1730535430872,1,INSERT,50,94.27,66.50,72.06,70.59,77.06,94.27,94.27
1730535431374,0,INSERT,50,81.34,64.61,70.94,70.66,75.26,81.34,81.34
1730535431374,1,INSERT,50,125.63,67.07,79.12,75.01,97.47,125.63,125.63
1730535431876,0,INSERT,51,89.92,61.25,71.76,71.23,75.97,83.52,89.92
1730535431876,1,INSERT,51,174.21,69.82,76.98,73.47,80.51,99.90,174.21
1730535432377,0,INSERT,50,98.30,65.79,74.35,71.42,84.09,98.30,98.30
1730535432377,1,INSERT,50,118.91,67.52,80.22,75.26,101.95,118.91,118.91
1730535432879,0,INSERT,50,93.06,67.58,74.82,73.60,80.77,93.06,93.06
1730535432879,1,INSERT,50,95.94,70.91,77.58,76.86,83.07,95.94,95.94
1730535433381,0,INSERT,50,112.64,70.78,77.61,75.58,81.86,112.64,112.64
1730535433381,1,INSERT,50,100.42,71.68,78.05,77.12,82.05,100.42,100.42
1730535433883,0,INSERT,50,90.94,66.82,73.14,72.38,77.25,90.94,90.94
1730535433883,1,INSERT,50,92.54,68.35,75.45,74.43,81.79,92.54,92.54
1730535434385,0,INSERT,50,108.09,65.22,73.78,74.43,81.47,97.41,108.09
1730535434385,1,INSERT,50,109.76,63.14,73.66,72.89,79.04,109.76,109.76
1730535434886,0,INSERT,50,106.50,65.06,75.15,71.49,91.52,106.50,106.50
1730535434886,1,INSERT,51,142.21,59.33,66.91,64.89,70.66,72.89,142.21
1730535435388,0,INSERT,50,102.02,65.44,73.42,72.83,77.82,102.02,102.02
1730535435388,1,INSERT,50,111.81,62.75,72.09,70.91,76.93,111.81,111.81
1730535435890,0,INSERT,50,85.38,65.66,71.88,71.04,75.90,85.38,85.38
1730535435890,1,INSERT,50,100.29,69.76,76.06,74.11,82.43,100.29,100.29
1730535436392,0,INSERT,50,97.22,68.74,77.21,73.92,92.80,97.22,97.22
1730535436392,1,INSERT,50,95.17,69.50,75.22,73.79,80.96,95.17,95.17
1730535436894,0,INSERT,50,100.09,66.50,77.66,77.38,82.43,100.09,100.09
1730535436894,1,INSERT,50,103.74,69.82,78.11,76.80,83.65,103.74,103.74
1730535437395,0,INSERT,51,105.34,70.78,79.51,77.89,84.67,101.89,105.34
1730535437395,1,INSERT,50,102.33,70.98,77.93,77.95,85.57,102.33,143.10
1730535437897,0,INSERT,50,99.58,67.71,75.61,72.25,91.84,99.58,99.58
1730535437897,1,INSERT,50,98.30,66.24,74.34,72.45,78.59,98.30,98.30
1730535438399,0,INSERT,50,94.27,65.73,72.47,71.30,78.85,94.27,94.27
1730535438399,1,INSERT,50,97.47,62.78,71.83,70.02,75.90,97.47,97.47
1730535438901,0,INSERT,50,84.61,66.75,72.08,71.42,75.20,84.61,84.61
1730535438901,1,INSERT,50,88.38,64.70,69.92,69.18,74.05,88.38,88.38
1730535439403,0,INSERT,50,89.15,64.26,71.22,70.21,75.07,89.15,89.15
1730535439403,1,INSERT,50,104.06,65.98,73.22,70.33,79.42,104.06,104.06
1730535439904,0,INSERT,50,76.73,61.79,66.69,66.30,69.82,76.73,76.73
1730535439904,1,INSERT,50,98.69,65.98,73.13,71.81,79.74,98.69,98.69
1730535440406,0,INSERT,51,99.78,66.75,75.13,73.28,84.86,95.94,99.78
1730535440406,1,INSERT,51,106.05,63.55,74.49,73.02,82.75,94.66,106.05
1730535440908,0,INSERT,50,100.16,67.84,75.87,73.22,88.25,100.16,100.16
1730535440908,1,INSERT,50,85.50,67.20,71.21,70.14,74.69,85.50,85.50
1730535441410,0,INSERT,50,97.22,67.14,73.65,71.68,78.53,97.22,97.22
1730535441410,1,INSERT,50,84.35,67.52,70.91,70.40,74.17,84.35,84.35
1730535441911,0,INSERT,50,98.88,67.52,74.77,72.70,80.32,98.88,98.88
1730535441911,1,INSERT,50,85.12,66.62,70.91,70.66,73.66,85.12,85.12
1730535442413,0,INSERT,50,99.14,65.47,73.54,70.97,78.46,99.14,99.14
1730535442413,1,INSERT,50,97.28,66.82,72.83,70.46,80.89,97.28,97.28
1730535442915,0,INSERT,51,93.25,66.30,73.83,73.02,79.04,84.80,93.25
1730535442915,1,INSERT,50,90.88,66.62,71.41,70.46,75.71,90.88,90.88
1730535443417,0,INSERT,50,100.03,66.56,74.46,73.02,79.04,100.03,100.03
1730535443417,1,INSERT,51,168.70,66.05,75.13,71.49,81.15,112.19,168.70
1730535443919,0,INSERT,50,102.21,67.14,74.39,72.70,80.38,102.21,102.21
1730535443919,1,INSERT,50,89.22,65.86,70.69,69.95,73.60,89.22,89.22
1730535444420,0,INSERT,50,89.92,67.84,72.24,71.17,75.33,89.92,89.92
1730535444420,1,INSERT,50,103.49,62.59,70.96,69.44,74.81,103.49,103.49
1730535444922,0,INSERT,50,93.76,67.26,72.16,71.68,74.88,93.76,93.76
1730535444922,1,INSERT,50,81.09,61.28,67.58,67.14,72.70,81.09,81.09
1730535445424,0,INSERT,50,97.73,65.79,72.76,71.36,76.99,97.73,97.73
1730535445424,1,INSERT,50,102.27,66.50,73.36,71.55,77.89,102.27,102.27
1730535445926,0,INSERT,51,86.02,66.62,72.67,71.81,76.61,82.94,86.02
1730535445926,1,INSERT,51,142.72,65.15,73.31,71.42,74.24,96.38,142.72
1730535446428,0,INSERT,50,103.55,66.82,74.51,73.02,78.66,103.55,103.55
1730535446428,1,INSERT,50,105.60,65.86,72.87,70.78,75.78,105.60,105.60
1730535446929,0,INSERT,50,84.73,67.07,72.19,71.17,76.16,84.73,84.73
1730535446929,1,INSERT,50,101.76,66.18,72.33,71.10,75.52,101.76,101.76
1730535447431,0,INSERT,50,96.83,66.88,75.07,73.22,84.22,96.83,96.83
1730535447431,1,INSERT,50,108.86,68.10,74.62,71.81,82.69,108.86,108.86
1730535447933,0,INSERT,50,104.00,67.52,78.43,73.41,94.08,104.00,104.00
1730535447933,1,INSERT,50,117.31,68.42,82.95,80.13,102.85,117.31,117.31
1730535448435,0,INSERT,50,99.84,66.24,74.91,72.58,81.09,95.10,99.84
1730535448435,1,INSERT,50,106.43,67.20,78.41,76.48,84.22,106.43,106.43
1730535448937,0,INSERT,50,88.64,66.75,72.97,71.94,78.40,88.64,88.64
1730535448937,1,INSERT,51,173.95,66.05,78.64,77.18,83.01,92.86,173.95
1730535449439,0,INSERT,50,95.87,65.98,73.42,73.34,76.93,95.87,95.87
1730535449439,1,INSERT,50,104.89,67.71,79.71,77.50,91.58,104.89,104.89
1730535449940,0,INSERT,50,101.82,67.78,74.29,72.58,79.10,101.82,101.82
1730535449940,1,INSERT,50,106.30,70.21,81.45,80.38,96.19,106.30,106.30
1730535450442,0,INSERT,50,95.04,68.22,75.25,74.30,80.25,95.04,95.04
1730535450442,1,INSERT,50,103.87,71.30,81.03,80.06,87.42,103.87,103.87
1730535450944,0,INSERT,50,94.33,67.01,74.96,73.86,79.68,94.33,94.33
1730535450944,1,INSERT,50,103.23,68.29,78.08,78.21,83.58,103.23,103.23
1730535451446,0,INSERT,51,86.72,68.48,74.75,73.73,80.89,82.43,86.72
1730535451446,1,INSERT,51,141.57,69.12,81.30,78.78,88.13,110.97,141.57
1730535451948,0,INSERT,50,91.01,69.18,77.16,76.35,83.97,91.01,91.01
1730535451948,1,INSERT,50,104.45,72.00,80.90,79.36,88.89,104.45,104.45
1730535452450,0,INSERT,50,107.14,68.16,78.38,75.58,90.94,107.14,107.14
1730535452450,1,INSERT,50,120.06,68.67,82.12,78.85,98.11,120.06,120.06
1730535452951,0,INSERT,50,90.24,70.08,75.82,74.05,83.39,90.24,90.24
1730535452951,1,INSERT,50,99.20,67.90,77.71,77.95,83.14,99.20,99.20
1730535453453,0,INSERT,50,98.50,68.10,75.20,73.28,82.43,98.50,98.50
1730535453453,1,INSERT,50,100.61,69.25,80.14,79.30,87.17,100.61,100.61
1730535453955,0,INSERT,50,92.48,67.58,75.70,75.39,80.64,86.21,92.48
1730535453955,1,INSERT,50,106.75,65.50,78.89,78.14,85.25,106.75,106.75
1730535454457,0,INSERT,50,111.94,68.67,77.47,75.84,81.73,111.94,111.94
1730535454457,1,INSERT,51,173.69,69.06,81.54,79.23,90.56,97.34,173.69
1730535454959,0,INSERT,50,107.58,68.93,77.34,76.22,84.61,107.58,107.58
1730535454959,1,INSERT,50,106.56,69.18,78.89,77.69,86.33,106.56,106.56
1730535455461,0,INSERT,50,88.89,67.39,75.17,74.69,79.23,88.89,88.89
1730535455461,1,INSERT,50,107.52,68.80,80.42,81.02,88.38,107.52,107.52
1730535455962,0,INSERT,50,181.12,68.61,77.68,74.37,81.66,181.12,181.12
1730535455962,1,INSERT,50,164.74,65.98,79.45,77.18,85.38,164.74,164.74
1730535456464,0,INSERT,50,91.01,65.79,75.55,75.52,83.14,91.01,91.01
1730535456464,1,INSERT,50,105.73,64.06,75.05,71.94,87.68,105.73,105.73
1730535456966,0,INSERT,50,95.17,65.98,75.32,75.20,82.81,95.17,95.17
1730535456966,1,INSERT,51,106.50,64.90,70.66,68.35,76.09,92.86,106.50
1730535457468,0,INSERT,50,90.30,64.61,74.46,73.53,85.38,90.30,90.30
1730535457468,1,INSERT,50,89.41,59.71,66.64,64.48,71.36,89.41,89.41
1730535457970,0,INSERT,50,96.25,65.66,79.30,78.08,89.22,96.25,96.25
1730535457970,1,INSERT,50,89.22,60.67,70.50,65.18,83.97,89.22,89.22
1730535458472,0,INSERT,51,91.78,58.98,70.37,69.31,74.50,88.06,91.78
1730535458472,1,INSERT,50,130.50,59.90,66.30,64.35,68.86,130.50,130.50
1730535458973,0,INSERT,50,88.70,60.00,65.89,64.70,72.70,88.70,88.70
1730535458973,1,INSERT,50,83.45,60.67,64.93,64.09,69.31,83.45,83.45
1730535459475,0,INSERT,50,92.99,60.80,65.60,63.97,70.78,92.99,92.99
1730535459475,1,INSERT,50,97.41,60.13,67.68,64.86,84.16,97.41,112.00
1730535459977,0,INSERT,50,100.09,58.88,66.51,64.86,69.18,100.09,100.09
1730535459977,1,INSERT,50,74.56,61.18,64.74,64.32,66.94,74.56,74.56
1730535460479,0,INSERT,50,75.78,60.99,65.33,64.22,70.14,75.78,75.78
1730535460479,1,INSERT,50,84.29,60.58,66.50,65.06,71.10,84.29,84.29
1730535460981,0,INSERT,51,90.94,60.83,68.76,67.01,83.20,90.37,90.94
1730535460981,1,INSERT,50,81.22,61.18,66.20,65.12,69.76,81.22,81.22
1730535461483,0,INSERT,50,79.74,60.70,65.06,64.54,67.97,79.74,79.74
1730535461483,1,INSERT,50,89.34,61.73,66.57,64.51,70.02,89.34,89.34
1730535461984,0,INSERT,50,72.13,59.36,64.18,63.74,66.94,72.13,72.13
1730535461984,1,INSERT,50,86.91,61.95,69.39,65.86,84.09,86.91,86.91
1730535462486,0,INSERT,50,85.06,59.30,65.53,64.51,69.95,85.06,85.06
1730535462486,1,INSERT,51,104.00,61.06,70.09,66.24,86.14,93.63,104.00
1730535462988,0,INSERT,50,84.54,58.88,65.35,62.88,75.90,84.54,84.54
1730535462988,1,INSERT,50,94.78,60.74,68.20,64.64,82.24,94.78,94.78
1730535463490,0,INSERT,50,98.94,60.96,67.76,64.83,84.67,98.94,98.94
1730535463490,1,INSERT,50,86.53,60.54,65.56,64.16,70.27,86.53,86.53
1730535463992,0,INSERT,51,84.61,58.37,64.89,63.65,67.58,82.81,84.61
1730535463992,1,INSERT,50,87.17,60.58,66.03,64.19,69.63,87.17,87.17
1730535464493,0,INSERT,50,86.21,60.93,66.06,64.80,69.63,86.21,86.21
1730535464493,1,INSERT,50,82.37,62.11,66.59,65.06,71.04,82.37,82.37
1730535464995,0,INSERT,50,74.94,60.90,64.81,64.29,68.42,74.94,74.94
1730535464995,1,INSERT,50,84.16,60.42,64.56,63.77,66.62,84.16,84.16
1730535465497,0,INSERT,50,91.71,61.57,70.22,66.94,86.66,91.71,91.71
1730535465497,1,INSERT,51,149.12,60.99,67.87,65.31,72.00,88.25,149.12
1730535465999,0,INSERT,50,74.56,60.99,64.64,63.94,67.52,74.56,74.56
1730535465999,1,INSERT,50,85.82,60.70,65.45,64.58,67.78,85.82,85.82
1730535466500,0,INSERT,50,85.89,60.83,65.30,66.24,71.36,85.89,87.55
1730535466500,1,INSERT,50,92.73,62.24,68.47,66.62,72.51,92.73,92.73
1730535467002,0,INSERT,50,91.58,61.60,67.30,65.44,70.27,91.58,91.58
1730535467002,1,INSERT,50,86.33,60.64,65.32,64.22,67.84,86.33,86.33
1730535467504,0,INSERT,50,92.35,60.83,68.52,65.98,81.79,92.35,92.35
1730535467504,1,INSERT,50,82.75,61.28,65.69,63.90,70.91,82.75,82.75
1730535468006,0,INSERT,50,74.37,59.58,66.02,65.28,69.18,74.37,74.37
1730535468006,1,INSERT,51,143.36,60.26,66.44,64.38,67.90,84.16,143.36
1730535468508,0,INSERT,50,99.65,60.96,68.18,65.79,76.22,99.65,99.65
1730535468508,1,INSERT,50,91.01,61.41,67.55,65.66,70.91,91.01,91.01
1730535469009,0,INSERT,50,80.83,60.96,65.92,64.99,70.85,80.83,80.83
1730535469009,1,INSERT,50,89.92,63.01,70.27,66.75,88.06,89.92,89.92
1730535469511,0,INSERT,51,74.43,60.13,66.00,65.60,70.66,72.32,74.43
1730535469511,1,INSERT,50,93.12,61.63,70.76,68.42,84.67,93.12,93.12
1730535470013,0,INSERT,50,89.02,59.94,67.00,65.31,73.28,89.02,89.02
1730535470013,1,INSERT,50,95.30,62.11,68.03,66.88,71.94,95.30,95.30
1730535470515,0,INSERT,50,84.80,60.10,66.77,66.24,70.72,84.80,84.80
1730535470515,1,INSERT,50,99.45,62.66,69.71,67.52,75.07,99.45,99.45
1730535471017,0,INSERT,50,75.97,60.45,65.61,64.93,69.95,75.97,75.97
1730535471017,1,INSERT,51,121.60,61.63,68.40,66.30,71.04,88.96,121.60
1730535471519,0,INSERT,50,84.73,61.34,66.23,65.60,69.57,84.73,84.73
1730535471519,1,INSERT,50,93.18,61.44,66.81,65.79,69.76,93.18,93.18
1730535472020,0,INSERT,50,75.71,61.25,65.57,64.99,70.08,75.71,75.71
1730535472020,1,INSERT,50,89.53,61.82,65.71,65.25,68.09,89.53,89.53
1730535472522,0,INSERT,50,85.63,62.05,67.61,66.37,73.41,85.63,85.63
1730535472522,1,INSERT,50,96.32,62.14,67.45,65.73,71.81,96.32,96.32
1730535473024,0,INSERT,50,87.36,61.25,67.36,66.17,72.06,87.36,87.36
1730535473024,1,INSERT,50,85.69,60.35,65.69,65.02,68.42,85.69,85.69
1730535473526,0,INSERT,50,82.30,60.77,66.41,66.50,69.31,82.30,82.30
1730535473526,1,INSERT,51,144.13,62.43,68.75,66.56,70.40,86.02,144.13
1730535474028,0,INSERT,50,89.66,61.12,66.41,65.50,68.54,89.66,89.66
1730535474028,1,INSERT,50,78.33,61.28,66.31,66.11,69.06,78.33,78.33
1730535474529,0,INSERT,50,88.96,59.39,66.72,65.92,69.76,88.96,88.96
1730535474529,1,INSERT,50,91.78,61.73,66.83,65.47,70.02,91.78,91.78
1730535475031,0,INSERT,51,78.14,61.22,65.05,64.73,68.03,71.30,78.14
1730535475031,1,INSERT,50,93.31,61.44,67.47,65.73,70.33,93.31,93.31
1730535475533,0,INSERT,50,96.32,61.50,67.18,65.98,69.76,96.32,96.32
1730535475533,1,INSERT,50,87.30,60.74,67.24,65.31,73.86,87.30,87.30
1730535476035,0,INSERT,50,71.36,59.36,65.08,64.80,68.09,71.36,71.36
1730535476035,1,INSERT,50,90.56,61.18,66.06,64.13,69.95,90.56,90.56
1730535476537,0,INSERT,50,89.02,61.60,65.75,64.35,69.63,89.02,89.02
1730535476537,1,INSERT,51,103.23,62.37,71.38,68.67,85.25,98.30,103.23
1730535477038,0,INSERT,50,70.02,60.77,65.31,65.09,68.42,70.02,70.02
1730535477038,1,INSERT,50,87.04,63.46,70.87,70.53,75.39,87.04,87.04
1730535477540,0,INSERT,50,91.01,61.18,66.97,65.25,70.97,91.01,91.01
1730535477540,1,INSERT,50,92.86,62.02,68.20,66.17,73.41,92.86,92.86
1730535478042,0,INSERT,51,72.70,59.71,65.66,65.60,69.57,72.06,72.70
1730535478042,1,INSERT,50,78.53,60.35,65.18,64.77,68.42,78.53,78.53
1730535478544,0,INSERT,50,95.74,62.05,69.93,66.43,84.42,95.74,95.74
1730535478544,1,INSERT,50,101.44,61.98,70.89,67.71,83.39,101.44,101.44
1730535479046,0,INSERT,50,87.68,61.70,68.13,65.50,81.28,87.68,87.68
1730535479046,1,INSERT,50,98.37,61.76,69.40,67.26,78.21,98.37,111.87
1730535479547,0,INSERT,50,92.54,61.98,67.88,66.24,72.19,92.54,92.54
1730535479547,1,INSERT,50,92.16,62.34,69.07,68.09,73.66,92.16,92.16
1730535480049,0,INSERT,50,100.48,59.36,68.32,66.94,73.60,100.48,100.48
1730535480049,1,INSERT,50,94.97,61.82,69.24,68.09,73.22,94.97,94.97
1730535480551,0,INSERT,51,96.38,61.76,70.68,67.78,80.06,94.40,96.38
1730535480551,1,INSERT,50,89.92,62.43,68.82,67.58,73.98,89.92,89.92
1730535481053,0,INSERT,50,78.08,62.37,68.16,67.20,72.64,78.08,78.08
1730535481053,1,INSERT,50,82.24,63.01,68.49,67.65,73.02,82.24,82.24
1730535481554,0,INSERT,50,90.50,60.51,67.89,67.33,71.10,90.50,90.50
1730535481554,1,INSERT,50,84.54,62.91,67.35,66.37,70.33,84.54,84.54
1730535482056,0,INSERT,50,97.98,61.25,67.20,66.75,70.53,97.98,97.98
1730535482056,1,INSERT,51,138.75,62.43,68.48,66.43,71.49,84.03,138.75
1730535482558,0,INSERT,50,88.96,62.27,68.01,66.43,73.53,88.96,88.96
1730535482558,1,INSERT,50,99.26,63.14,70.60,68.22,82.17,99.26,99.26
1730535483060,0,INSERT,50,75.45,61.31,67.33,66.94,72.06,75.45,75.45
1730535483060,1,INSERT,50,93.76,62.11,71.55,68.93,85.06,93.76,93.76
1730535483562,0,INSERT,51,83.45,61.15,67.90,67.45,72.32,75.07,83.45
1730535483562,1,INSERT,50,89.86,61.86,70.04,67.84,79.68,89.86,89.86
1730535484063,0,INSERT,50,77.38,60.35,66.16,65.73,70.85,77.38,77.38
1730535484063,1,INSERT,50,96.96,62.72,67.98,66.17,71.68,96.96,96.96
1730535484565,0,INSERT,50,97.47,58.82,69.65,68.03,78.91,97.47,97.47
1730535484565,1,INSERT,50,84.99,61.73,67.86,67.52,72.58,84.99,84.99
1730535485067,0,INSERT,50,91.52,62.34,67.50,65.98,73.09,91.52,91.52
1730535485067,1,INSERT,51,155.90,62.56,70.49,67.39,78.46,87.87,155.90
1730535485569,0,INSERT,50,83.78,57.82,66.92,66.17,71.36,83.78,83.78
1730535485569,1,INSERT,50,93.38,62.37,68.19,65.79,75.78,93.38,93.38
1730535486071,0,INSERT,50,71.61,61.60,64.13,65.38,68.42,71.61,93.69
1730535486071,1,INSERT,50,94.08,61.41,69.51,67.71,81.86,94.08,94.08
1730535486572,0,INSERT,50,89.09,62.69,69.02,67.26,74.88,89.09,89.09
1730535486572,1,INSERT,50,80.19,61.86,66.75,66.30,69.63,80.19,80.19
1730535487074,0,INSERT,50,94.72,61.15,68.99,65.92,84.48,94.72,94.72
1730535487074,1,INSERT,50,91.26,62.24,70.01,67.97,78.08,91.26,91.26
1730535487576,0,INSERT,50,101.63,61.02,71.32,68.35,80.38,101.63,101.63
1730535487576,1,INSERT,51,137.60,63.01,78.78,73.60,102.72,111.10,137.60
1730535488078,0,INSERT,50,88.25,61.47,67.26,66.50,71.68,88.25,88.25
1730535488078,1,INSERT,50,85.25,61.66,67.11,65.92,71.10,85.25,85.25
1730535488580,0,INSERT,50,85.95,58.56,67.85,67.07,73.41,85.95,85.95
1730535488580,1,INSERT,50,107.20,65.60,74.45,72.64,78.46,107.20,107.20
1730535489081,0,INSERT,51,93.18,62.30,68.97,66.75,74.94,86.91,93.18
1730535489081,1,INSERT,50,94.85,67.39,73.61,72.58,76.35,94.85,94.85
1730535489583,0,INSERT,50,83.33,63.20,69.83,69.31,76.09,83.33,83.33
1730535489583,1,INSERT,50,84.73,68.61,72.34,71.81,75.33,84.73,84.73
1730535490085,0,INSERT,50,81.28,67.39,72.47,72.19,76.54,81.28,81.28
1730535490085,1,INSERT,50,99.01,67.84,74.10,72.70,77.18,99.01,99.01
1730535490587,0,INSERT,50,94.53,64.74,74.71,74.69,78.59,94.53,94.53
1730535490587,1,INSERT,51,95.74,67.71,75.62,74.30,81.22,95.23,95.74
1730535491089,0,INSERT,50,80.45,66.43,71.24,71.10,75.14,80.45,80.45
1730535491089,1,INSERT,50,105.53,67.39,73.76,71.94,77.95,105.53,105.53
1730535491590,0,INSERT,50,85.76,66.18,72.40,72.00,75.97,85.76,85.76
1730535491590,1,INSERT,50,95.87,67.65,73.25,72.32,75.78,95.87,95.87
1730535492092,0,INSERT,51,97.79,66.62,72.55,71.49,78.33,80.77,97.79
1730535492092,1,INSERT,50,98.88,66.88,73.94,72.38,79.42,98.88,98.88
1730535492594,0,INSERT,50,95.87,67.20,73.48,71.81,77.63,95.87,95.87
1730535492594,1,INSERT,50,94.08,67.33,74.58,73.09,79.36,94.08,94.08
1730535493096,0,INSERT,50,102.14,68.22,75.10,74.37,79.55,102.14,102.14
1730535493096,1,INSERT,50,112.51,68.29,76.26,75.58,83.26,112.51,126.08
1730535493598,0,INSERT,50,116.42,69.38,78.55,76.61,83.78,116.42,116.42
1730535493598,1,INSERT,50,96.83,71.04,77.08,75.84,81.73,96.83,96.83
1730535494099,0,INSERT,50,99.65,71.23,76.91,75.39,81.98,99.65,99.65
1730535494099,1,INSERT,50,106.11,70.98,76.58,74.88,81.47,106.11,106.11
1730535494601,0,INSERT,51,122.43,67.71,78.10,77.12,84.22,86.78,122.43
1730535494601,1,INSERT,50,94.02,69.95,76.44,75.39,80.83,94.02,94.02
1730535495103,0,INSERT,50,110.27,69.76,77.70,76.48,81.79,110.27,110.27
1730535495103,1,INSERT,50,116.29,69.57,81.67,78.08,97.92,116.29,116.29
1730535495605,0,INSERT,50,200.06,71.68,84.20,80.64,89.41,200.06,200.06
1730535495605,1,INSERT,50,168.96,67.01,80.09,79.17,87.68,168.96,168.96
1730535496107,0,INSERT,50,106.43,67.84,79.24,79.49,87.42,106.43,106.43
1730535496107,1,INSERT,51,150.78,66.30,75.01,70.27,90.50,109.57,150.78
1730535496611,0,INSERT,50,91.97,67.65,76.33,76.99,83.58,91.97,91.97
1730535496611,1,INSERT,50,91.97,65.25,70.13,68.54,75.78,91.97,91.97
1730535497113,0,INSERT,51,95.30,66.75,73.27,71.94,80.45,83.33,95.30
1730535497113,1,INSERT,50,84.93,58.56,64.70,62.85,68.35,84.93,84.93
1730535497614,0,INSERT,50,107.45,65.79,77.33,74.24,87.61,107.45,107.45
1730535497614,1,INSERT,50,88.25,60.70,65.62,63.65,74.17,88.25,88.25
1730535498116,0,INSERT,50,84.54,60.22,69.44,68.48,76.99,84.54,84.54
1730535498116,1,INSERT,51,128.51,60.48,68.41,64.61,82.17,84.99,128.51
1730535498618,0,INSERT,50,85.76,59.26,66.55,64.03,72.96,85.76,85.76
1730535498618,1,INSERT,50,75.33,59.81,63.99,63.26,66.75,75.33,75.33
1730535499120,0,INSERT,50,87.10,59.23,64.38,64.29,67.45,87.10,87.10
1730535499120,1,INSERT,50,81.28,60.19,63.78,63.01,66.75,81.28,81.28
1730535499621,0,INSERT,50,90.62,57.86,65.88,65.25,68.35,90.62,90.62
1730535499621,1,INSERT,50,90.17,60.26,66.14,64.96,70.08,90.17,90.17
1730535500123,0,INSERT,51,97.34,61.73,68.08,65.22,83.84,88.58,97.34
1730535500123,1,INSERT,50,87.04,60.74,65.26,63.94,68.93,87.04,87.04
1730535500625,0,INSERT,50,79.68,58.50,65.49,65.15,68.86,79.68,79.68
1730535500625,1,INSERT,50,89.53,61.86,67.25,65.73,72.06,89.53,89.53
1730535501127,0,INSERT,50,91.07,58.05,65.09,63.13,70.27,91.07,91.07
1730535501127,1,INSERT,51,87.94,60.74,65.41,64.35,67.97,85.95,87.94
1730535501629,0,INSERT,50,93.31,61.54,70.86,68.54,85.69,93.31,93.31
1730535501629,1,INSERT,50,81.47,61.15,67.01,65.86,72.13,81.47,81.47
1730535502130,0,INSERT,50,90.37,63.14,68.68,68.03,72.70,90.37,90.37
1730535502130,1,INSERT,50,87.10,64.48,68.72,67.65,72.38,87.10,87.10
1730535502632,0,INSERT,50,75.52,61.76,66.57,67.97,72.58,73.79,75.52
1730535502632,1,INSERT,50,93.06,62.14,68.27,67.45,73.53,93.06,93.06
1730535503134,0,INSERT,50,99.58,59.78,65.56,63.97,68.86,99.58,99.58
1730535503134,1,INSERT,50,93.06,60.96,67.32,65.73,72.00,93.06,93.06
1730535503636,0,INSERT,50,89.73,59.81,67.20,65.66,71.10,89.73,89.73
1730535503636,1,INSERT,50,92.54,62.02,66.45,65.73,81.66,92.54,106.17
1730535504138,0,INSERT,50,98.50,60.42,68.66,65.31,84.67,98.50,98.50
1730535504138,1,INSERT,50,95.36,61.92,66.90,64.70,71.61,95.36,95.36
1730535504639,0,INSERT,50,75.90,60.80,65.72,64.80,69.95,75.90,75.90
1730535504639,1,INSERT,50,89.98,60.86,68.06,66.62,72.77,89.98,89.98
1730535505141,0,INSERT,50,204.80,60.96,67.93,64.19,69.25,204.80,204.80
1730535505141,1,INSERT,50,89.47,61.02,67.98,65.22,81.79,89.47,89.47
1730535505643,0,INSERT,51,98.94,61.12,68.71,66.05,82.37,94.85,98.94
1730535505643,1,INSERT,50,101.31,61.22,69.43,65.28,88.25,101.31,101.31
1730535506145,0,INSERT,50,87.30,60.58,65.69,65.09,68.86,87.30,87.30
1730535506145,1,INSERT,50,220.41,61.70,68.48,64.45,69.18,220.41,220.41
1730535506647,0,INSERT,50,77.25,61.02,65.98,64.54,72.77,77.25,77.25
1730535506647,1,INSERT,51,131.84,60.80,70.35,65.66,82.88,102.02,131.84
1730535507148,0,INSERT,50,76.86,59.97,65.33,65.06,70.14,76.86,76.86
1730535507148,1,INSERT,50,95.49,61.57,67.30,64.96,70.97,95.49,95.49
1730535507650,0,INSERT,50,77.44,61.63,65.92,65.25,70.33,77.44,77.44
1730535507650,1,INSERT,50,91.07,60.93,67.15,64.58,75.14,91.07,91.07
1730535508152,0,INSERT,50,86.27,59.23,65.36,64.45,68.93,86.27,86.27
1730535508152,1,INSERT,50,90.75,61.38,65.55,64.61,67.45,90.75,90.75
1730535508654,0,INSERT,51,98.17,59.71,67.45,65.38,73.28,82.62,98.17
1730535508654,1,INSERT,50,83.90,58.82,66.21,64.58,72.19,83.90,83.90
1730535509156,0,INSERT,50,91.01,60.26,68.01,65.38,79.30,91.01,91.01
1730535509156,1,INSERT,50,86.21,61.15,64.92,63.58,67.26,86.21,86.21
1730535509657,0,INSERT,50,78.14,59.84,66.39,65.34,71.68,78.14,78.14
1730535509657,1,INSERT,51,137.47,61.15,69.30,65.31,74.56,91.97,137.47
1730535510159,0,INSERT,50,92.67,61.02,67.29,64.48,78.40,92.67,92.67
1730535510159,1,INSERT,50,87.87,61.66,66.50,64.32,69.76,87.87,87.87
1730535510661,0,INSERT,50,99.52,60.03,71.32,68.54,84.86,99.52,99.52
1730535510661,1,INSERT,50,80.64,60.80,67.20,65.41,73.53,80.64,80.64
1730535511163,0,INSERT,51,94.97,61.06,69.40,65.92,83.45,88.77,94.97
1730535511163,1,INSERT,50,85.57,60.77,65.34,63.65,70.33,85.57,85.57
1730535511664,0,INSERT,50,79.17,61.86,67.14,66.37,71.87,79.17,79.17
1730535511664,1,INSERT,50,84.80,62.72,67.77,66.43,74.37,84.80,84.80
1730535512166,0,INSERT,50,79.81,61.50,66.22,65.28,69.38,79.81,79.81
1730535512166,1,INSERT,51,125.57,61.44,68.05,65.50,70.08,93.25,125.57
1730535512668,0,INSERT,50,96.32,61.98,69.63,67.33,79.36,96.32,96.32
1730535512668,1,INSERT,50,79.23,59.39,65.94,64.70,73.22,79.23,79.23
1730535513170,0,INSERT,50,89.41,59.23,66.86,66.05,70.72,89.41,89.41
1730535513170,1,INSERT,50,78.46,60.54,65.33,64.64,69.69,78.46,78.46
1730535513672,0,INSERT,50,132.61,61.15,73.96,67.07,96.45,132.61,132.61
1730535513672,1,INSERT,50,124.35,61.57,73.48,65.44,95.68,124.35,124.35
1730535514174,0,INSERT,51,118.66,85.50,96.47,95.23,104.32,115.90,118.66
1730535514174,1,INSERT,50,124.09,85.31,97.28,95.81,104.38,124.09,124.09
1730535514675,0,INSERT,50,147.20,68.99,92.58,93.82,102.33,147.20,147.20
1730535514675,1,INSERT,50,113.92,67.97,91.97,92.22,107.33,113.92,113.92
1730535515177,0,INSERT,50,97.47,68.35,74.95,73.41,82.50,97.47,97.47
1730535515177,1,INSERT,51,133.76,65.31,76.41,73.53,84.48,104.32,133.76
1730535515679,0,INSERT,50,115.26,66.82,77.62,74.17,89.47,115.26,115.26
1730535515679,1,INSERT,50,89.15,67.39,74.31,73.66,81.22,89.15,89.15
1730535516181,0,INSERT,50,102.33,68.10,75.57,74.43,80.19,102.33,102.33
1730535516181,1,INSERT,50,95.42,65.38,72.60,70.97,77.12,95.42,95.42
1730535516682,0,INSERT,50,86.27,65.98,72.48,72.83,81.22,84.73,86.27
1730535516682,1,INSERT,50,93.69,65.34,74.29,72.96,82.94,93.69,93.69
1730535517184,0,INSERT,50,99.45,65.73,72.73,71.30,77.44,99.45,99.45
1730535517184,1,INSERT,50,107.97,67.65,75.37,72.25,83.14,107.97,107.97
1730535517686,0,INSERT,50,84.29,67.39,73.79,72.25,78.46,84.29,84.29
1730535517686,1,INSERT,50,92.09,66.88,73.29,73.86,82.11,92.09,130.50
1730535518188,0,INSERT,50,102.27,66.37,73.67,71.87,78.14,102.27,102.27
1730535518188,1,INSERT,50,88.00,67.39,73.96,73.09,77.89,88.00,88.00
1730535518690,0,INSERT,50,92.73,61.02,71.26,69.89,79.17,92.73,92.73
1730535518690,1,INSERT,50,99.26,66.30,75.08,73.34,81.73,99.26,99.26
1730535519191,0,INSERT,50,95.23,60.74,69.82,69.38,75.01,95.23,95.23
1730535519191,1,INSERT,50,96.51,68.61,74.59,73.02,81.98,96.51,96.51
1730535519693,0,INSERT,51,85.76,65.60,73.49,72.51,79.68,84.22,85.76
1730535519693,1,INSERT,50,89.53,67.46,73.43,72.51,78.33,89.53,89.53
1730535520195,0,INSERT,50,100.03,67.71,75.76,73.53,89.47,100.03,100.03
1730535520195,1,INSERT,50,93.63,67.78,73.31,70.78,79.04,93.63,93.63
1730535520697,0,INSERT,50,91.39,67.97,75.75,74.75,80.38,91.39,91.39
1730535520697,1,INSERT,51,112.51,65.98,74.79,73.28,81.98,88.96,112.51
1730535521199,0,INSERT,50,99.84,65.66,73.65,73.53,78.14,99.84,99.84
1730535521199,1,INSERT,50,98.17,66.82,73.17,72.06,77.38,98.17,98.17
1730535521700,0,INSERT,50,88.19,61.38,73.33,72.19,80.13,88.19,88.19
1730535521700,1,INSERT,50,101.38,66.62,74.01,72.45,80.38,101.38,101.38
1730535522202,0,INSERT,50,98.24,66.37,73.51,71.81,79.10,98.24,98.24
1730535522202,1,INSERT,50,94.66,65.73,72.75,71.30,76.22,94.66,94.66
1730535522704,0,INSERT,51,86.27,67.97,73.36,72.19,78.53,81.53,86.27
1730535522704,1,INSERT,50,88.19,66.30,73.40,72.19,80.70,88.19,88.19
1730535523206,0,INSERT,50,100.67,66.69,73.58,71.49,77.18,100.67,100.67
1730535523206,1,INSERT,50,94.53,66.88,71.23,70.33,74.94,94.53,94.53
1730535523708,0,INSERT,50,102.08,67.14,74.67,72.38,83.65,102.08,102.08
1730535523708,1,INSERT,51,145.92,61.76,71.90,68.42,81.98,101.69,145.92
1730535524209,0,INSERT,50,103.94,67.90,74.57,72.32,78.53,103.94,103.94
1730535524209,1,INSERT,50,92.09,61.92,70.18,69.89,74.50,92.09,92.09
1730535524711,0,INSERT,50,82.24,68.16,73.70,72.77,79.61,82.24,82.24
1730535524711,1,INSERT,50,88.51,66.24,74.00,72.64,81.47,88.51,88.51
1730535525213,0,INSERT,51,105.47,67.01,73.58,72.32,76.48,97.15,105.47
1730535525213,1,INSERT,50,84.67,67.52,71.30,70.46,75.01,84.67,84.67
1730535525715,0,INSERT,50,84.16,65.66,73.00,71.81,80.51,84.16,84.16
1730535525715,1,INSERT,50,88.38,66.88,73.58,71.87,80.64,88.38,88.38
1730535526216,0,INSERT,50,101.95,66.69,71.83,71.17,74.94,101.95,101.95
1730535526216,1,INSERT,51,128.38,66.30,73.61,70.91,76.54,96.58,128.38
1730535526718,0,INSERT,50,88.25,69.25,74.83,73.22,79.68,88.25,88.25
1730535526718,1,INSERT,50,87.49,65.92,73.22,72.51,82.05,87.49,87.49
1730535527220,0,INSERT,50,79.49,66.69,71.70,71.36,75.45,79.49,79.49
1730535527220,1,INSERT,50,102.14,66.75,74.10,70.46,87.36,102.14,102.14
1730535527722,0,INSERT,50,101.06,65.54,73.82,72.58,78.33,101.06,101.06
1730535527722,1,INSERT,50,102.08,65.54,73.82,71.30,81.09,102.08,102.08
1730535528224,0,INSERT,51,94.08,65.60,72.17,71.55,76.42,88.13,94.08
1730535528224,1,INSERT,50,95.10,65.28,71.19,70.46,74.69,95.10,95.10
1730535528725,0,INSERT,50,84.42,62.72,69.17,68.29,74.88,84.42,84.42
1730535528725,1,INSERT,50,90.30,67.07,72.98,71.49,78.53,90.30,90.30
1730535529227,0,INSERT,50,104.25,63.07,71.39,70.33,74.43,104.25,104.25
1730535529227,1,INSERT,51,141.69,65.18,72.39,70.53,76.61,77.69,141.69
1730535529729,0,INSERT,50,101.38,67.20,75.55,72.89,85.82,101.38,101.38
1730535529729,1,INSERT,50,84.09,65.79,71.37,69.76,78.46,84.09,84.09
1730535530231,0,INSERT,50,101.12,66.50,74.48,72.58,82.37,101.12,101.12
1730535530231,1,INSERT,50,98.56,65.66,72.35,72.13,75.07,98.56,98.56
1730535530733,0,INSERT,50,104.77,69.31,75.22,74.17,85.38,102.27,104.77
1730535530733,1,INSERT,50,92.61,66.94,73.91,71.94,82.17,92.61,92.61
1730535531234,0,INSERT,50,93.31,67.33,72.82,71.87,77.06,93.31,93.31
1730535531234,1,INSERT,50,95.87,66.37,74.17,72.00,85.82,95.87,95.87
1730535531736,0,INSERT,50,83.14,66.50,73.21,72.51,78.33,83.14,83.14
1730535531736,1,INSERT,50,90.24,67.97,71.47,70.97,80.83,90.24,125.82
1730535532238,0,INSERT,50,101.82,67.39,74.15,72.51,78.46,101.82,101.82
1730535532238,1,INSERT,50,101.76,67.01,73.57,72.83,77.89,101.76,101.76
1730535532740,0,INSERT,50,86.85,67.33,73.35,72.58,79.42,86.85,86.85
1730535532740,1,INSERT,50,96.45,67.46,73.23,71.49,79.68,96.45,96.45
1730535533242,0,INSERT,50,97.09,64.74,72.36,71.04,75.26,97.09,97.09
1730535533242,1,INSERT,50,100.09,66.05,73.76,71.55,77.95,100.09,100.09
1730535533743,0,INSERT,51,95.42,67.20,73.35,72.19,77.44,83.26,95.42
1730535533743,1,INSERT,50,95.17,67.65,72.73,71.23,78.40,95.17,95.17
1730535534245,0,INSERT,50,96.89,67.71,73.83,71.87,78.72,96.89,96.89
1730535534245,1,INSERT,50,105.09,67.84,75.14,72.13,82.30,105.09,105.09
1730535534747,0,INSERT,50,86.53,68.03,75.00,74.37,82.24,86.53,86.53
1730535534747,1,INSERT,51,113.86,68.86,78.88,76.03,98.37,105.86,113.86
1730535535249,0,INSERT,50,179.84,64.16,75.30,71.94,84.42,179.84,179.84
1730535535249,1,INSERT,50,149.63,63.71,73.07,70.08,79.10,149.63,149.63
1730535535750,0,INSERT,50,94.97,65.22,73.64,72.89,80.51,94.97,94.97
1730535535750,1,INSERT,50,100.86,65.18,69.96,67.90,76.16,100.86,100.86
1730535536252,0,INSERT,50,87.23,65.25,72.47,70.14,80.00,87.23,87.23
1730535536252,1,INSERT,50,91.58,65.41,71.10,68.54,82.94,91.58,91.58
1730535536754,0,INSERT,50,91.39,66.69,75.42,74.05,84.67,91.39,91.39
1730535536754,1,INSERT,50,91.26,64.83,72.04,69.44,80.45,91.26,91.26
1730535537256,0,INSERT,50,87.55,65.41,74.89,74.24,83.84,87.55,87.55
1730535537256,1,INSERT,50,82.30,60.00,65.99,63.20,73.92,82.30,82.30
1730535537758,0,INSERT,51,99.33,63.26,73.28,71.61,82.75,88.06,99.33
1730535537758,1,INSERT,51,153.60,60.96,69.15,65.73,74.69,93.38,153.60
1730535538259,0,INSERT,50,90.56,60.61,67.74,67.71,70.97,90.56,90.56
1730535538259,1,INSERT,50,95.36,60.77,69.50,66.62,82.50,95.36,95.36
1730535538761,0,INSERT,50,82.30,60.19,66.39,65.53,71.36,82.30,82.30
1730535538761,1,INSERT,50,92.35,59.84,68.69,66.17,77.25,92.35,92.35
1730535539263,0,INSERT,50,89.79,57.31,66.07,65.38,70.66,89.79,89.79
1730535539263,1,INSERT,50,88.77,60.35,66.16,64.38,70.91,88.77,88.77
1730535539765,0,INSERT,50,78.53,60.38,65.21,64.83,68.99,78.53,78.53
1730535539765,1,INSERT,50,84.67,61.06,66.31,64.96,72.38,84.67,84.67
1730535540267,0,INSERT,50,94.27,61.28,68.47,65.31,81.98,94.27,94.27
1730535540267,1,INSERT,51,128.77,59.97,69.25,65.22,84.09,93.69,128.77
1730535540768,0,INSERT,51,79.30,60.22,67.24,67.01,72.06,79.10,79.30
1730535540768,1,INSERT,50,80.51,60.51,67.15,65.47,73.60,80.51,80.51
1730535541270,0,INSERT,50,89.34,57.60,65.11,63.81,70.53,89.34,89.34
1730535541270,1,INSERT,50,92.35,59.65,66.74,65.53,72.00,92.35,92.35
1730535541772,0,INSERT,50,92.29,62.43,70.10,68.99,75.01,92.29,92.29
1730535541772,1,INSERT,50,79.23,60.96,67.08,66.62,71.42,79.23,79.23
1730535542274,0,INSERT,50,87.81,64.35,69.41,67.90,72.70,87.81,87.81
1730535542274,1,INSERT,50,92.86,60.80,67.00,65.38,70.72,92.86,92.86
1730535542776,0,INSERT,50,88.96,60.48,66.58,65.06,71.04,88.96,88.96
1730535542776,1,INSERT,50,87.42,59.68,66.64,65.31,72.13,87.42,87.42
1730535543277,0,INSERT,51,94.27,60.86,65.08,63.84,66.94,86.78,94.27
1730535543277,1,INSERT,51,138.24,60.00,66.13,64.06,69.38,73.47,138.24
1730535543779,0,INSERT,50,89.15,60.22,68.21,65.50,80.64,89.15,89.15
1730535543779,1,INSERT,50,90.88,60.32,67.18,64.86,76.22,90.88,90.88
1730535544281,0,INSERT,50,89.66,60.48,64.77,63.58,66.37,89.66,89.66
1730535544281,1,INSERT,50,80.51,61.15,65.52,64.77,69.57,80.51,80.51
1730535544783,0,INSERT,50,74.81,61.22,65.95,65.38,70.78,74.81,74.81
1730535544783,1,INSERT,50,97.66,61.15,68.47,66.81,72.77,97.66,97.66
1730535545284,0,INSERT,50,88.00,59.42,65.80,64.67,69.76,88.00,88.00
1730535545284,1,INSERT,50,90.37,61.22,67.82,66.50,74.43,90.37,90.37
1730535545786,0,INSERT,50,76.73,59.65,64.85,63.97,68.80,76.73,76.73
1730535545786,1,INSERT,50,147.07,59.39,67.41,65.44,74.30,119.23,147.07
1730535546288,0,INSERT,51,89.34,59.36,65.61,64.35,67.90,83.84,89.34
1730535546288,1,INSERT,50,93.38,60.06,66.95,64.54,75.07,93.38,93.38
1730535546790,0,INSERT,50,74.75,60.13,65.42,64.25,70.66,74.75,74.75
1730535546790,1,INSERT,50,93.57,62.21,68.06,65.25,75.58,93.57,93.57
1730535547292,0,INSERT,50,71.04,59.52,63.81,63.33,66.11,71.04,71.04
1730535547292,1,INSERT,50,95.23,60.42,67.99,64.32,82.30,95.23,95.23
1730535547793,0,INSERT,50,87.81,61.38,68.71,66.50,80.32,87.81,87.81
1730535547793,1,INSERT,50,89.28,61.73,67.17,64.99,75.58,89.28,89.28
1730535548295,0,INSERT,50,86.40,57.34,65.33,64.38,68.48,86.40,86.40
1730535548295,1,INSERT,50,92.16,60.45,66.53,64.86,73.98,92.16,92.16
1730535548797,0,INSERT,50,75.90,60.93,65.82,64.89,70.97,75.90,75.90
1730535548797,1,INSERT,51,105.73,61.82,68.00,65.66,73.66,86.08,105.73
1730535549299,0,INSERT,51,88.96,56.58,65.68,63.97,69.25,84.93,88.96
1730535549299,1,INSERT,50,95.87,60.67,66.74,65.25,70.02,95.87,95.87
1730535549800,0,INSERT,50,75.39,61.02,65.58,64.32,69.95,75.39,75.39
1730535549800,1,INSERT,50,106.75,61.70,67.32,65.47,71.23,106.75,106.75
1730535550302,0,INSERT,50,99.58,60.29,66.57,65.25,70.78,99.58,99.58
1730535550302,1,INSERT,50,107.39,61.44,71.91,69.82,82.37,107.39,107.39
1730535550804,0,INSERT,50,96.58,59.04,66.80,65.53,71.81,96.58,96.58
1730535550804,1,INSERT,50,96.77,62.72,71.06,69.63,75.39,96.77,96.77
1730535551306,0,INSERT,50,79.87,60.13,64.95,64.89,67.84,79.87,79.87
1730535551306,1,INSERT,50,96.00,64.67,72.08,69.12,84.22,96.00,96.00
1730535551808,0,INSERT,51,86.40,61.57,67.26,65.41,72.89,85.50,86.40
1730535551808,1,INSERT,51,162.94,59.01,70.74,67.78,74.37,81.22,162.94
1730535552309,0,INSERT,50,91.01,60.38,67.58,64.93,82.81,91.01,91.01
1730535552309,1,INSERT,50,104.51,61.34,71.73,69.06,82.11,104.51,104.51
1730535552811,0,INSERT,50,92.54,61.38,69.40,67.39,73.60,92.54,92.54
1730535552811,1,INSERT,50,95.17,63.14,70.75,70.27,76.22,95.17,95.17
1730535553313,0,INSERT,50,102.40,62.82,69.21,66.81,74.62,102.40,102.40
1730535553313,1,INSERT,50,98.30,65.31,73.81,72.19,80.64,98.30,98.30
1730535553815,0,INSERT,50,94.85,61.82,67.96,65.98,74.17,94.85,94.85
1730535553815,1,INSERT,50,103.55,64.38,70.71,68.93,76.93,103.55,103.55
1730535554317,0,INSERT,50,85.06,59.36,65.14,64.13,68.16,85.06,85.06
1730535554317,1,INSERT,50,86.66,64.45,72.00,68.16,77.95,86.66,172.80
1730535554818,0,INSERT,51,77.18,61.63,65.80,65.50,70.27,74.69,77.18
1730535554818,1,INSERT,50,88.64,63.90,69.08,68.16,73.47,88.64,88.64
1730535555320,0,INSERT,50,70.33,59.97,64.81,64.51,68.67,70.33,70.33
1730535555320,1,INSERT,50,88.19,64.38,70.39,69.18,77.44,88.19,88.19
1730535555822,0,INSERT,50,78.40,57.12,65.82,64.96,70.02,78.40,78.40
1730535555822,1,INSERT,50,94.85,65.79,70.27,69.06,75.26,94.85,94.85
1730535556324,0,INSERT,50,89.66,61.76,66.55,64.77,68.80,89.66,89.66
1730535556324,1,INSERT,50,103.61,64.70,71.12,68.67,78.08,103.61,103.61
1730535556825,0,INSERT,50,75.14,61.06,65.97,65.66,70.40,75.14,75.14
1730535556825,1,INSERT,50,106.69,64.83,71.76,69.82,77.57,106.69,106.69
1730535557327,0,INSERT,50,87.17,57.57,64.97,64.96,73.66,84.61,87.17
1730535557327,1,INSERT,51,113.66,62.40,71.29,68.42,77.89,101.63,113.66
1730535557829,0,INSERT,50,75.45,59.90,64.72,63.68,68.86,75.45,75.45
1730535557829,1,INSERT,50,91.65,60.99,70.27,67.58,84.93,91.65,91.65
1730535558331,0,INSERT,50,96.13,59.94,66.12,65.31,69.69,96.13,96.13
1730535558331,1,INSERT,50,91.84,61.31,70.45,68.16,81.15,91.84,91.84
1730535558833,0,INSERT,50,75.26,58.05,66.59,65.92,72.96,75.26,75.26
1730535558833,1,INSERT,50,91.90,65.25,71.53,71.42,76.22,91.90,91.90
1730535559334,0,INSERT,50,90.17,60.54,68.38,66.69,74.56,90.17,90.17
1730535559334,1,INSERT,50,101.50,60.32,70.78,69.38,77.44,101.50,101.50
1730535559836,0,INSERT,50,89.09,62.18,68.42,66.81,73.92,89.09,89.09
1730535559836,1,INSERT,50,93.31,62.43,67.38,66.24,71.23,93.31,93.31
1730535560338,0,INSERT,51,89.92,61.41,69.64,67.20,85.12,88.89,89.92
1730535560338,1,INSERT,51,161.53,61.41,70.94,66.43,80.06,99.26,161.53
1730535560840,0,INSERT,50,102.72,60.90,69.12,67.39,78.02,102.72,102.72
1730535560840,1,INSERT,50,91.20,61.06,68.64,67.52,73.28,91.20,91.20
1730535561341,0,INSERT,50,94.08,58.24,67.47,66.05,71.68,94.08,94.08
1730535561341,1,INSERT,50,92.61,61.89,69.82,68.22,77.06,92.61,92.61
1730535561843,0,INSERT,50,78.97,61.76,67.05,66.43,73.02,78.97,78.97
1730535561843,1,INSERT,50,86.91,61.60,69.17,67.90,74.37,86.91,86.91
1730535562345,0,INSERT,50,104.64,61.06,70.73,68.29,81.73,104.64,104.64
1730535562345,1,INSERT,50,99.20,58.27,69.53,68.29,75.65,99.20,99.20
1730535562847,0,INSERT,50,87.49,60.42,69.23,66.94,76.54,87.49,87.49
1730535562847,1,INSERT,51,126.85,60.45,67.77,65.79,71.10,81.98,126.85
1730535563349,0,INSERT,51,97.41,62.34,69.46,67.26,77.18,95.04,97.41
1730535563349,1,INSERT,50,102.59,61.34,71.20,69.38,83.52,102.59,102.59
1730535563850,0,INSERT,50,78.14,59.39,66.77,66.30,71.87,78.14,78.14
1730535563850,1,INSERT,50,91.84,61.89,69.32,67.78,74.94,91.84,91.84
1730535564352,0,INSERT,50,85.31,61.18,67.49,66.17,72.64,85.31,85.31
1730535564352,1,INSERT,50,95.36,62.27,71.29,67.90,80.32,95.36,95.36
1730535564854,0,INSERT,50,80.77,60.83,67.31,66.17,73.02,80.77,80.77
1730535564854,1,INSERT,50,156.03,61.82,72.15,69.50,85.89,156.03,156.03
1730535565356,0,INSERT,50,86.85,59.52,67.31,65.66,72.96,86.85,86.85
1730535565356,1,INSERT,50,103.55,61.73,69.85,67.26,75.58,103.55,103.55
1730535565858,0,INSERT,51,91.58,61.02,68.21,67.39,73.41,78.59,91.58
1730535565858,1,INSERT,51,119.87,61.70,70.40,68.48,75.20,95.23,119.87
1730535566359,0,INSERT,50,105.86,60.32,69.27,66.05,79.61,105.86,105.86
1730535566359,1,INSERT,50,84.22,61.41,69.87,66.62,82.50,84.22,84.22
1730535566861,0,INSERT,50,100.61,64.10,73.15,71.49,84.86,100.61,100.61
1730535566861,1,INSERT,50,92.93,64.96,74.23,73.60,81.73,92.93,92.93
1730535567363,0,INSERT,50,91.33,62.43,71.94,70.53,79.04,91.33,91.33
1730535567363,1,INSERT,50,102.97,63.49,75.22,73.60,82.81,102.97,102.97
1730535567865,0,INSERT,50,76.93,61.02,67.33,66.62,74.11,76.93,76.93
1730535567865,1,INSERT,50,83.65,62.85,68.92,68.03,73.86,83.65,83.65
1730535568366,0,INSERT,50,88.19,59.39,67.35,65.86,72.77,88.19,88.19
1730535568366,1,INSERT,50,104.06,67.07,76.09,74.75,92.54,104.06,122.88
1730535568868,0,INSERT,51,77.63,60.35,66.92,66.30,73.22,76.48,77.63
1730535568868,1,INSERT,50,100.73,68.54,74.18,72.19,78.91,100.73,100.73
1730535569370,0,INSERT,50,89.15,61.50,72.29,70.40,81.41,89.15,89.15
1730535569370,1,INSERT,50,102.72,65.79,75.45,72.32,89.86,102.72,102.72
1730535569872,0,INSERT,50,82.56,65.92,71.36,70.85,74.81,82.56,82.56
1730535569872,1,INSERT,50,99.39,65.86,75.21,72.89,87.23,99.39,99.39
1730535570374,0,INSERT,50,95.61,67.46,72.84,71.55,77.25,95.61,95.61
1730535570374,1,INSERT,50,100.16,69.06,75.51,73.28,82.37,100.16,100.16
1730535570875,0,INSERT,50,89.86,65.60,72.34,71.61,75.71,89.86,89.86
1730535570875,1,INSERT,50,89.79,67.39,72.09,71.36,75.78,89.79,89.79
1730535571377,0,INSERT,50,865.79,66.69,89.41,71.68,82.69,865.79,865.79
1730535571377,1,INSERT,51,131.58,66.24,73.68,71.61,78.59,95.81,131.58
1730535571879,0,INSERT,51,91.01,66.37,71.60,70.40,76.80,83.78,91.01
1730535571879,1,INSERT,50,97.66,67.52,73.69,72.51,77.25,97.66,97.66
1730535572381,0,INSERT,50,104.25,66.24,73.13,71.17,78.72,104.25,104.25
1730535572381,1,INSERT,50,96.96,66.62,74.64,73.41,83.78,96.96,96.96
1730535572883,0,INSERT,50,97.53,67.20,72.68,71.10,78.66,97.53,97.53
1730535572883,1,INSERT,50,93.69,67.20,72.71,71.87,76.48,93.69,93.69
1730535573384,0,INSERT,50,94.59,67.14,72.43,71.55,75.58,94.59,94.59
1730535573384,1,INSERT,50,98.43,66.94,72.85,72.13,78.33,98.43,98.43
1730535573886,0,INSERT,50,79.61,63.36,70.83,70.08,75.90,79.61,79.61
1730535573886,1,INSERT,50,103.49,67.26,74.22,72.19,79.68,103.49,103.49
1730535574388,0,INSERT,51,107.45,65.09,76.50,73.47,85.31,99.97,107.45
1730535574388,1,INSERT,51,155.39,67.01,78.14,74.75,84.93,99.39,155.39
1730535574890,0,INSERT,50,175.23,65.22,76.97,72.45,87.10,175.23,175.23
1730535574890,1,INSERT,50,152.83,64.64,71.10,67.58,75.33,152.83,152.83
1730535575392,0,INSERT,50,95.23,64.80,75.09,74.50,85.50,95.23,95.23
1730535575392,1,INSERT,50,96.32,64.70,73.06,69.18,88.83,96.32,96.32
1730535575893,0,INSERT,50,93.06,64.51,73.06,71.23,82.30,93.06,93.06
1730535575893,1,INSERT,50,92.48,65.73,70.80,68.73,74.62,92.48,92.48
1730535576395,0,INSERT,21,86.21,65.98,73.19,69.95,83.71,86.21,86.21
1730535576395,1,INSERT,22,96.45,65.50,74.46,70.27,90.62,96.45,96.45
1730535638525,0,INSERT,5851,61975035.90,3909091.33,32910981.53,32916897.79,56170119.17,61371056.13,61907927.04
1730535638525,1,INSERT,5860,61975035.90,3785359.36,32860389.49,32866566.14,56136564.73,61371056.13,61907927.04
1730535639027,0,INSERT,264,3862953.98,1246756.86,2555719.31,2552233.98,3605004.29,3831496.70,3862953.98
1730535639027,1,INSERT,252,3909091.33,1271922.69,2522320.44,2518679.55,3521118.21,3739222.02,3909091.33
